[0.012s] Invoking command in '/home/cuadriga/cuadriga_ws/Cuadriga/src/Cuadriga/build/fixposition_driver_ros2': CMAKE_PREFIX_PATH=/home/cuadriga/cuadriga_ws/Cuadriga/src/Cuadriga/install/fixposition_driver_lib:/home/cuadriga/cuadriga_ws/Cuadriga/src/Cuadriga/install/fixposition_gnss_tf:/home/cuadriga/tfgcuadriga/install/udp_driver:/home/cuadriga/tfgcuadriga/install/serial_driver:/home/cuadriga/tfgcuadriga/install/joy:/home/cuadriga/tfgcuadriga/install/io_context:/home/cuadriga/tfgcuadriga/install/fixposition_odometry_converter_ros2:/home/cuadriga/tfgcuadriga/install/fixposition_driver_ros2:/home/cuadriga/tfgcuadriga/install/fixposition_driver_lib:/home/cuadriga/tfgcuadriga/install/fixposition_gnss_tf:/home/cuadriga/tfgcuadriga/install/cuadriga:/home/cuadriga/tfgcuadriga/install/cuadriga_interfaces:/home/cuadriga/tfgcuadriga/install/asio_cmake_module:/home/cuadriga/tfgcuadriga/install/gpx_loader:/opt/ros/humble LD_LIBRARY_PATH=/home/cuadriga/cuadriga_ws/Cuadriga/src/Cuadriga/install/fixposition_driver_lib/lib:/home/cuadriga/cuadriga_ws/Cuadriga/src/Cuadriga/install/fixposition_gnss_tf/lib:${LD_LIBRARY_PATH} PKG_CONFIG_PATH=/home/cuadriga/cuadriga_ws/Cuadriga/src/Cuadriga/install/fixposition_driver_lib/lib/x86_64-linux-gnu/pkgconfig:/home/cuadriga/cuadriga_ws/Cuadriga/src/Cuadriga/install/fixposition_driver_lib/lib/pkgconfig:/home/cuadriga/cuadriga_ws/Cuadriga/src/Cuadriga/install/fixposition_gnss_tf/lib/x86_64-linux-gnu/pkgconfig:/home/cuadriga/cuadriga_ws/Cuadriga/src/Cuadriga/install/fixposition_gnss_tf/lib/pkgconfig:${PKG_CONFIG_PATH} /usr/bin/cmake /home/cuadriga/cuadriga_ws/Cuadriga/src/Cuadriga/src/Fixposition_driver_pkg-main/fixposition_driver-main/fixposition_driver_ros2 -DCMAKE_INSTALL_PREFIX=/home/cuadriga/cuadriga_ws/Cuadriga/src/Cuadriga/install/fixposition_driver_ros2
[0.068s] -- The C compiler identification is GNU 11.4.0
[0.124s] -- The CXX compiler identification is GNU 11.4.0
[0.131s] -- Detecting C compiler ABI info
[0.201s] -- Detecting C compiler ABI info - done
[0.209s] -- Check for working C compiler: /usr/bin/cc - skipped
[0.209s] -- Detecting C compile features
[0.209s] -- Detecting C compile features - done
[0.212s] -- Detecting CXX compiler ABI info
[0.293s] -- Detecting CXX compiler ABI info - done
[0.301s] -- Check for working CXX compiler: /usr/bin/c++ - skipped
[0.301s] -- Detecting CXX compile features
[0.301s] -- Detecting CXX compile features - done
[0.317s] -- Found Boost: /usr/lib/x86_64-linux-gnu/cmake/Boost-1.74.0/BoostConfig.cmake (found suitable version "1.74.0", minimum required is "1.65.0") found components: date_time 
[0.327s] -- Found ament_cmake: 1.3.12 (/opt/ros/humble/share/ament_cmake/cmake)
[0.476s] -- Found Python3: /usr/bin/python3 (found version "3.10.12") found components: Interpreter 
[0.588s] -- Found nav_msgs: 4.9.0 (/opt/ros/humble/share/nav_msgs/cmake)
[0.633s] -- Found rosidl_generator_c: 3.1.7 (/opt/ros/humble/share/rosidl_generator_c/cmake)
[0.640s] -- Found rosidl_adapter: 3.1.7 (/opt/ros/humble/share/rosidl_adapter/cmake)
[0.650s] -- Found rosidl_generator_cpp: 3.1.7 (/opt/ros/humble/share/rosidl_generator_cpp/cmake)
[0.664s] -- Using all available rosidl_typesupport_c: rosidl_typesupport_fastrtps_c;rosidl_typesupport_introspection_c
[0.684s] -- Using all available rosidl_typesupport_cpp: rosidl_typesupport_fastrtps_cpp;rosidl_typesupport_introspection_cpp
[0.754s] -- Found sensor_msgs: 4.9.0 (/opt/ros/humble/share/sensor_msgs/cmake)
[0.773s] -- Found rosidl_default_generators: 1.2.0 (/opt/ros/humble/share/rosidl_default_generators/cmake)
[0.785s] -- Found rclcpp: 16.0.16 (/opt/ros/humble/share/rclcpp/cmake)
[0.834s] -- Found rmw_implementation_cmake: 6.1.2 (/opt/ros/humble/share/rmw_implementation_cmake/cmake)
[0.838s] -- Found rmw_cyclonedds_cpp: 1.3.4 (/opt/ros/humble/share/rmw_cyclonedds_cpp/cmake)
[0.867s] -- Using RMW implementation 'rmw_cyclonedds_cpp' as default
[0.879s] -- Looking for pthread.h
[0.954s] -- Looking for pthread.h - found
[0.954s] -- Performing Test CMAKE_HAVE_LIBC_PTHREAD
[1.033s] -- Performing Test CMAKE_HAVE_LIBC_PTHREAD - Success
[1.034s] -- Found Threads: TRUE  
[1.091s] -- Found tf2: 0.25.17 (/opt/ros/humble/share/tf2/cmake)
[1.106s] -- Found tf2_ros: 0.25.17 (/opt/ros/humble/share/tf2_ros/cmake)
[1.237s] -- Found tf2_eigen: 0.25.17 (/opt/ros/humble/share/tf2_eigen/cmake)
[1.542s] -- Found ament_cmake_ros: 0.10.0 (/opt/ros/humble/share/ament_cmake_ros/cmake)
[1.984s] -- Using all available rosidl_typesupport_c: rosidl_typesupport_fastrtps_c;rosidl_typesupport_introspection_c
[2.161s] -- Using all available rosidl_typesupport_cpp: rosidl_typesupport_fastrtps_cpp;rosidl_typesupport_introspection_cpp
[2.184s] -- Found PythonInterp: /usr/bin/python3 (found suitable version "3.10.12", minimum required is "3.6") 
[2.187s] -- Found python_cmake_module: 0.10.0 (/opt/ros/humble/share/python_cmake_module/cmake)
[2.214s] -- Found PythonLibs: /usr/lib/x86_64-linux-gnu/libpython3.10.so (found suitable version "3.10.12", minimum required is "3.5") 
[2.215s] -- Using PYTHON_EXECUTABLE: /usr/bin/python3
[2.215s] -- Using PYTHON_INCLUDE_DIRS: /usr/include/python3.10
[2.215s] -- Using PYTHON_LIBRARIES: /usr/lib/x86_64-linux-gnu/libpython3.10.so
[2.236s] -- Found PythonExtra: .so  
[2.322s] -- Configuring done
[2.385s] -- Generating done
[2.400s] -- Build files have been written to: /home/cuadriga/cuadriga_ws/Cuadriga/src/Cuadriga/build/fixposition_driver_ros2
[2.411s] Invoked command in '/home/cuadriga/cuadriga_ws/Cuadriga/src/Cuadriga/build/fixposition_driver_ros2' returned '0': CMAKE_PREFIX_PATH=/home/cuadriga/cuadriga_ws/Cuadriga/src/Cuadriga/install/fixposition_driver_lib:/home/cuadriga/cuadriga_ws/Cuadriga/src/Cuadriga/install/fixposition_gnss_tf:/home/cuadriga/tfgcuadriga/install/udp_driver:/home/cuadriga/tfgcuadriga/install/serial_driver:/home/cuadriga/tfgcuadriga/install/joy:/home/cuadriga/tfgcuadriga/install/io_context:/home/cuadriga/tfgcuadriga/install/fixposition_odometry_converter_ros2:/home/cuadriga/tfgcuadriga/install/fixposition_driver_ros2:/home/cuadriga/tfgcuadriga/install/fixposition_driver_lib:/home/cuadriga/tfgcuadriga/install/fixposition_gnss_tf:/home/cuadriga/tfgcuadriga/install/cuadriga:/home/cuadriga/tfgcuadriga/install/cuadriga_interfaces:/home/cuadriga/tfgcuadriga/install/asio_cmake_module:/home/cuadriga/tfgcuadriga/install/gpx_loader:/opt/ros/humble LD_LIBRARY_PATH=/home/cuadriga/cuadriga_ws/Cuadriga/src/Cuadriga/install/fixposition_driver_lib/lib:/home/cuadriga/cuadriga_ws/Cuadriga/src/Cuadriga/install/fixposition_gnss_tf/lib:${LD_LIBRARY_PATH} PKG_CONFIG_PATH=/home/cuadriga/cuadriga_ws/Cuadriga/src/Cuadriga/install/fixposition_driver_lib/lib/x86_64-linux-gnu/pkgconfig:/home/cuadriga/cuadriga_ws/Cuadriga/src/Cuadriga/install/fixposition_driver_lib/lib/pkgconfig:/home/cuadriga/cuadriga_ws/Cuadriga/src/Cuadriga/install/fixposition_gnss_tf/lib/x86_64-linux-gnu/pkgconfig:/home/cuadriga/cuadriga_ws/Cuadriga/src/Cuadriga/install/fixposition_gnss_tf/lib/pkgconfig:${PKG_CONFIG_PATH} /usr/bin/cmake /home/cuadriga/cuadriga_ws/Cuadriga/src/Cuadriga/src/Fixposition_driver_pkg-main/fixposition_driver-main/fixposition_driver_ros2 -DCMAKE_INSTALL_PREFIX=/home/cuadriga/cuadriga_ws/Cuadriga/src/Cuadriga/install/fixposition_driver_ros2
[2.412s] Invoking command in '/home/cuadriga/cuadriga_ws/Cuadriga/src/Cuadriga/build/fixposition_driver_ros2': CMAKE_PREFIX_PATH=/home/cuadriga/cuadriga_ws/Cuadriga/src/Cuadriga/install/fixposition_driver_lib:/home/cuadriga/cuadriga_ws/Cuadriga/src/Cuadriga/install/fixposition_gnss_tf:/home/cuadriga/tfgcuadriga/install/udp_driver:/home/cuadriga/tfgcuadriga/install/serial_driver:/home/cuadriga/tfgcuadriga/install/joy:/home/cuadriga/tfgcuadriga/install/io_context:/home/cuadriga/tfgcuadriga/install/fixposition_odometry_converter_ros2:/home/cuadriga/tfgcuadriga/install/fixposition_driver_ros2:/home/cuadriga/tfgcuadriga/install/fixposition_driver_lib:/home/cuadriga/tfgcuadriga/install/fixposition_gnss_tf:/home/cuadriga/tfgcuadriga/install/cuadriga:/home/cuadriga/tfgcuadriga/install/cuadriga_interfaces:/home/cuadriga/tfgcuadriga/install/asio_cmake_module:/home/cuadriga/tfgcuadriga/install/gpx_loader:/opt/ros/humble LD_LIBRARY_PATH=/home/cuadriga/cuadriga_ws/Cuadriga/src/Cuadriga/install/fixposition_driver_lib/lib:/home/cuadriga/cuadriga_ws/Cuadriga/src/Cuadriga/install/fixposition_gnss_tf/lib:${LD_LIBRARY_PATH} PKG_CONFIG_PATH=/home/cuadriga/cuadriga_ws/Cuadriga/src/Cuadriga/install/fixposition_driver_lib/lib/x86_64-linux-gnu/pkgconfig:/home/cuadriga/cuadriga_ws/Cuadriga/src/Cuadriga/install/fixposition_driver_lib/lib/pkgconfig:/home/cuadriga/cuadriga_ws/Cuadriga/src/Cuadriga/install/fixposition_gnss_tf/lib/x86_64-linux-gnu/pkgconfig:/home/cuadriga/cuadriga_ws/Cuadriga/src/Cuadriga/install/fixposition_gnss_tf/lib/pkgconfig:${PKG_CONFIG_PATH} /usr/bin/cmake --build /home/cuadriga/cuadriga_ws/Cuadriga/src/Cuadriga/build/fixposition_driver_ros2 -- -j8 -l8
[2.457s] [  2%] [34m[1mGenerating C code for ROS interfaces[0m
[2.468s] [  4%] [34m[1mGenerating C++ code for ROS interfaces[0m
[2.488s] [  4%] Built target ament_cmake_python_copy_fixposition_driver_ros2
[2.890s] running egg_info
[2.892s] creating fixposition_driver_ros2.egg-info
[2.892s] writing fixposition_driver_ros2.egg-info/PKG-INFO
[2.892s] writing dependency_links to fixposition_driver_ros2.egg-info/dependency_links.txt
[2.892s] writing top-level names to fixposition_driver_ros2.egg-info/top_level.txt
[2.893s] writing manifest file 'fixposition_driver_ros2.egg-info/SOURCES.txt'
[2.896s] reading manifest file 'fixposition_driver_ros2.egg-info/SOURCES.txt'
[2.897s] writing manifest file 'fixposition_driver_ros2.egg-info/SOURCES.txt'
[2.940s] [  4%] Built target ament_cmake_python_build_fixposition_driver_ros2_egg
[2.974s] [  6%] [32mBuilding C object CMakeFiles/fixposition_driver_ros2__rosidl_generator_c.dir/rosidl_generator_c/fixposition_driver_ros2/msg/detail/vrtk__functions.c.o[0m
[2.980s] [  9%] [32mBuilding C object CMakeFiles/fixposition_driver_ros2__rosidl_generator_c.dir/rosidl_generator_c/fixposition_driver_ros2/msg/detail/speed__functions.c.o[0m
[2.998s] [  9%] Built target fixposition_driver_ros2__cpp
[3.016s] [ 11%] [34m[1mGenerating C++ type support dispatch for ROS interfaces[0m
[3.017s] [ 13%] [34m[1mGenerating C++ type support for eProsima Fast-RTPS[0m
[3.017s] [ 16%] [34m[1mGenerating C++ introspection for ROS interfaces[0m
[3.151s] [ 18%] [32m[1mLinking C shared library libfixposition_driver_ros2__rosidl_generator_c.so[0m
[3.214s] [ 18%] Built target fixposition_driver_ros2__rosidl_generator_c
[3.233s] [ 20%] [34m[1mGenerating C type support for eProsima Fast-RTPS[0m
[3.233s] [ 25%] [34m[1mGenerating C introspection for ROS interfaces[0m
[3.233s] [ 25%] [34m[1mGenerating C type support dispatch for ROS interfaces[0m
[3.856s] [ 27%] [32mBuilding CXX object CMakeFiles/fixposition_driver_ros2__rosidl_typesupport_cpp.dir/rosidl_typesupport_cpp/fixposition_driver_ros2/msg/vrtk__type_support.cpp.o[0m
[3.869s] [ 30%] [32mBuilding CXX object CMakeFiles/fixposition_driver_ros2__rosidl_typesupport_cpp.dir/rosidl_typesupport_cpp/fixposition_driver_ros2/msg/speed__type_support.cpp.o[0m
[3.904s] [ 32%] [32mBuilding CXX object CMakeFiles/fixposition_driver_ros2__rosidl_typesupport_introspection_cpp.dir/rosidl_typesupport_introspection_cpp/fixposition_driver_ros2/msg/detail/vrtk__type_support.cpp.o[0m
[3.910s] [ 34%] [32mBuilding CXX object CMakeFiles/fixposition_driver_ros2__rosidl_typesupport_introspection_cpp.dir/rosidl_typesupport_introspection_cpp/fixposition_driver_ros2/msg/detail/speed__type_support.cpp.o[0m
[3.962s] [ 37%] [32mBuilding CXX object CMakeFiles/fixposition_driver_ros2__rosidl_typesupport_fastrtps_cpp.dir/rosidl_typesupport_fastrtps_cpp/fixposition_driver_ros2/msg/detail/dds_fastrtps/vrtk__type_support.cpp.o[0m
[4.080s] [ 39%] [32mBuilding CXX object CMakeFiles/fixposition_driver_ros2__rosidl_typesupport_c.dir/rosidl_typesupport_c/fixposition_driver_ros2/msg/vrtk__type_support.cpp.o[0m
[4.190s] [ 41%] [32mBuilding CXX object CMakeFiles/fixposition_driver_ros2__rosidl_typesupport_c.dir/rosidl_typesupport_c/fixposition_driver_ros2/msg/speed__type_support.cpp.o[0m
[4.299s] [ 44%] [32m[1mLinking CXX shared library libfixposition_driver_ros2__rosidl_typesupport_c.so[0m
[4.338s] [ 46%] [32mBuilding C object CMakeFiles/fixposition_driver_ros2__rosidl_typesupport_introspection_c.dir/rosidl_typesupport_introspection_c/fixposition_driver_ros2/msg/detail/vrtk__type_support.c.o[0m
[4.423s] [ 48%] [32mBuilding CXX object CMakeFiles/fixposition_driver_ros2__rosidl_typesupport_fastrtps_c.dir/rosidl_typesupport_fastrtps_c/fixposition_driver_ros2/msg/detail/vrtk__type_support_c.cpp.o[0m
[4.442s] [ 48%] Built target fixposition_driver_ros2__rosidl_typesupport_c
[4.472s] [ 51%] [32mBuilding CXX object CMakeFiles/fixposition_driver_ros2__rosidl_typesupport_fastrtps_cpp.dir/rosidl_typesupport_fastrtps_cpp/fixposition_driver_ros2/msg/detail/dds_fastrtps/speed__type_support.cpp.o[0m
[4.504s] [ 53%] [32mBuilding C object CMakeFiles/fixposition_driver_ros2__rosidl_typesupport_introspection_c.dir/rosidl_typesupport_introspection_c/fixposition_driver_ros2/msg/detail/speed__type_support.c.o[0m
[4.513s] [ 55%] [32mBuilding CXX object CMakeFiles/fixposition_driver_ros2__rosidl_typesupport_fastrtps_c.dir/rosidl_typesupport_fastrtps_c/fixposition_driver_ros2/msg/detail/speed__type_support_c.cpp.o[0m
[4.592s] [ 58%] [32m[1mLinking C shared library libfixposition_driver_ros2__rosidl_typesupport_introspection_c.so[0m
[4.668s] [ 60%] [32m[1mLinking CXX shared library libfixposition_driver_ros2__rosidl_typesupport_cpp.so[0m
[4.680s] [ 60%] Built target fixposition_driver_ros2__rosidl_typesupport_introspection_c
[4.823s] [ 60%] Built target fixposition_driver_ros2__rosidl_typesupport_cpp
[4.899s] [ 62%] [32mBuilding CXX object CMakeFiles/fixposition_driver_ros2_exec.dir/src/fixposition_driver_node.cpp.o[0m
[4.899s] [ 67%] [32mBuilding CXX object CMakeFiles/fixposition_driver_ros2_exec.dir/src/data_to_ros2.cpp.o[0m
[4.900s] [ 65%] [32mBuilding CXX object CMakeFiles/fixposition_driver_ros2_exec.dir/src/params.cpp.o[0m
[5.032s] [ 69%] [32m[1mLinking CXX shared library libfixposition_driver_ros2__rosidl_typesupport_introspection_cpp.so[0m
[5.275s] [ 69%] Built target fixposition_driver_ros2__rosidl_typesupport_introspection_cpp
[5.355s] [ 72%] [32m[1mLinking CXX shared library libfixposition_driver_ros2__rosidl_typesupport_fastrtps_cpp.so[0m
[5.445s] [ 72%] Built target fixposition_driver_ros2__rosidl_typesupport_fastrtps_cpp
[5.566s] [ 74%] [32m[1mLinking CXX shared library libfixposition_driver_ros2__rosidl_typesupport_fastrtps_c.so[0m
[5.652s] [ 74%] Built target fixposition_driver_ros2__rosidl_typesupport_fastrtps_c
[5.677s] [ 74%] Built target fixposition_driver_ros2
[5.702s] [ 76%] [34m[1mGenerating Python code for ROS interfaces[0m
[6.859s] [ 76%] Built target fixposition_driver_ros2__py
[6.890s] [ 79%] [32mBuilding C object CMakeFiles/fixposition_driver_ros2__rosidl_generator_py.dir/rosidl_generator_py/fixposition_driver_ros2/msg/_vrtk_s.c.o[0m
[6.892s] [ 81%] [32mBuilding C object CMakeFiles/fixposition_driver_ros2__rosidl_generator_py.dir/rosidl_generator_py/fixposition_driver_ros2/msg/_speed_s.c.o[0m
[7.132s] [ 83%] [32m[1mLinking C shared library rosidl_generator_py/fixposition_driver_ros2/libfixposition_driver_ros2__rosidl_generator_py.so[0m
[7.184s] [ 83%] Built target fixposition_driver_ros2__rosidl_generator_py
[7.213s] [ 86%] [32mBuilding C object CMakeFiles/fixposition_driver_ros2__rosidl_typesupport_c__pyext.dir/rosidl_generator_py/fixposition_driver_ros2/_fixposition_driver_ros2_s.ep.rosidl_typesupport_c.c.o[0m
[7.215s] [ 88%] [32mBuilding C object CMakeFiles/fixposition_driver_ros2__rosidl_typesupport_introspection_c__pyext.dir/rosidl_generator_py/fixposition_driver_ros2/_fixposition_driver_ros2_s.ep.rosidl_typesupport_introspection_c.c.o[0m
[7.217s] [ 90%] [32mBuilding C object CMakeFiles/fixposition_driver_ros2__rosidl_typesupport_fastrtps_c__pyext.dir/rosidl_generator_py/fixposition_driver_ros2/_fixposition_driver_ros2_s.ep.rosidl_typesupport_fastrtps_c.c.o[0m
[7.374s] [ 93%] [32m[1mLinking C shared library rosidl_generator_py/fixposition_driver_ros2/fixposition_driver_ros2_s__rosidl_typesupport_c.cpython-310-x86_64-linux-gnu.so[0m
[7.427s] [ 93%] Built target fixposition_driver_ros2__rosidl_typesupport_c__pyext
[7.453s] [ 95%] [32m[1mLinking C shared library rosidl_generator_py/fixposition_driver_ros2/fixposition_driver_ros2_s__rosidl_typesupport_introspection_c.cpython-310-x86_64-linux-gnu.so[0m
[7.462s] [ 97%] [32m[1mLinking C shared library rosidl_generator_py/fixposition_driver_ros2/fixposition_driver_ros2_s__rosidl_typesupport_fastrtps_c.cpython-310-x86_64-linux-gnu.so[0m
[7.518s] [ 97%] Built target fixposition_driver_ros2__rosidl_typesupport_fastrtps_c__pyext
[7.522s] [ 97%] Built target fixposition_driver_ros2__rosidl_typesupport_introspection_c__pyext
[21.814s] [100%] [32m[1mLinking CXX executable fixposition_driver_ros2_exec[0m
[22.036s] [100%] Built target fixposition_driver_ros2_exec
[22.048s] Invoked command in '/home/cuadriga/cuadriga_ws/Cuadriga/src/Cuadriga/build/fixposition_driver_ros2' returned '0': CMAKE_PREFIX_PATH=/home/cuadriga/cuadriga_ws/Cuadriga/src/Cuadriga/install/fixposition_driver_lib:/home/cuadriga/cuadriga_ws/Cuadriga/src/Cuadriga/install/fixposition_gnss_tf:/home/cuadriga/tfgcuadriga/install/udp_driver:/home/cuadriga/tfgcuadriga/install/serial_driver:/home/cuadriga/tfgcuadriga/install/joy:/home/cuadriga/tfgcuadriga/install/io_context:/home/cuadriga/tfgcuadriga/install/fixposition_odometry_converter_ros2:/home/cuadriga/tfgcuadriga/install/fixposition_driver_ros2:/home/cuadriga/tfgcuadriga/install/fixposition_driver_lib:/home/cuadriga/tfgcuadriga/install/fixposition_gnss_tf:/home/cuadriga/tfgcuadriga/install/cuadriga:/home/cuadriga/tfgcuadriga/install/cuadriga_interfaces:/home/cuadriga/tfgcuadriga/install/asio_cmake_module:/home/cuadriga/tfgcuadriga/install/gpx_loader:/opt/ros/humble LD_LIBRARY_PATH=/home/cuadriga/cuadriga_ws/Cuadriga/src/Cuadriga/install/fixposition_driver_lib/lib:/home/cuadriga/cuadriga_ws/Cuadriga/src/Cuadriga/install/fixposition_gnss_tf/lib:${LD_LIBRARY_PATH} PKG_CONFIG_PATH=/home/cuadriga/cuadriga_ws/Cuadriga/src/Cuadriga/install/fixposition_driver_lib/lib/x86_64-linux-gnu/pkgconfig:/home/cuadriga/cuadriga_ws/Cuadriga/src/Cuadriga/install/fixposition_driver_lib/lib/pkgconfig:/home/cuadriga/cuadriga_ws/Cuadriga/src/Cuadriga/install/fixposition_gnss_tf/lib/x86_64-linux-gnu/pkgconfig:/home/cuadriga/cuadriga_ws/Cuadriga/src/Cuadriga/install/fixposition_gnss_tf/lib/pkgconfig:${PKG_CONFIG_PATH} /usr/bin/cmake --build /home/cuadriga/cuadriga_ws/Cuadriga/src/Cuadriga/build/fixposition_driver_ros2 -- -j8 -l8
[22.050s] Invoking command in '/home/cuadriga/cuadriga_ws/Cuadriga/src/Cuadriga/build/fixposition_driver_ros2': CMAKE_PREFIX_PATH=/home/cuadriga/cuadriga_ws/Cuadriga/src/Cuadriga/install/fixposition_driver_lib:/home/cuadriga/cuadriga_ws/Cuadriga/src/Cuadriga/install/fixposition_gnss_tf:/home/cuadriga/tfgcuadriga/install/udp_driver:/home/cuadriga/tfgcuadriga/install/serial_driver:/home/cuadriga/tfgcuadriga/install/joy:/home/cuadriga/tfgcuadriga/install/io_context:/home/cuadriga/tfgcuadriga/install/fixposition_odometry_converter_ros2:/home/cuadriga/tfgcuadriga/install/fixposition_driver_ros2:/home/cuadriga/tfgcuadriga/install/fixposition_driver_lib:/home/cuadriga/tfgcuadriga/install/fixposition_gnss_tf:/home/cuadriga/tfgcuadriga/install/cuadriga:/home/cuadriga/tfgcuadriga/install/cuadriga_interfaces:/home/cuadriga/tfgcuadriga/install/asio_cmake_module:/home/cuadriga/tfgcuadriga/install/gpx_loader:/opt/ros/humble LD_LIBRARY_PATH=/home/cuadriga/cuadriga_ws/Cuadriga/src/Cuadriga/install/fixposition_driver_lib/lib:/home/cuadriga/cuadriga_ws/Cuadriga/src/Cuadriga/install/fixposition_gnss_tf/lib:${LD_LIBRARY_PATH} PKG_CONFIG_PATH=/home/cuadriga/cuadriga_ws/Cuadriga/src/Cuadriga/install/fixposition_driver_lib/lib/x86_64-linux-gnu/pkgconfig:/home/cuadriga/cuadriga_ws/Cuadriga/src/Cuadriga/install/fixposition_driver_lib/lib/pkgconfig:/home/cuadriga/cuadriga_ws/Cuadriga/src/Cuadriga/install/fixposition_gnss_tf/lib/x86_64-linux-gnu/pkgconfig:/home/cuadriga/cuadriga_ws/Cuadriga/src/Cuadriga/install/fixposition_gnss_tf/lib/pkgconfig:${PKG_CONFIG_PATH} /usr/bin/cmake --install /home/cuadriga/cuadriga_ws/Cuadriga/src/Cuadriga/build/fixposition_driver_ros2
[22.057s] -- Install configuration: "Release"
[22.057s] -- Installing: /home/cuadriga/cuadriga_ws/Cuadriga/src/Cuadriga/install/fixposition_driver_ros2/share/ament_index/resource_index/rosidl_interfaces/fixposition_driver_ros2
[22.057s] -- Installing: /home/cuadriga/cuadriga_ws/Cuadriga/src/Cuadriga/install/fixposition_driver_ros2/include/fixposition_driver_ros2/fixposition_driver_ros2
[22.057s] -- Installing: /home/cuadriga/cuadriga_ws/Cuadriga/src/Cuadriga/install/fixposition_driver_ros2/include/fixposition_driver_ros2/fixposition_driver_ros2/msg
[22.057s] -- Installing: /home/cuadriga/cuadriga_ws/Cuadriga/src/Cuadriga/install/fixposition_driver_ros2/include/fixposition_driver_ros2/fixposition_driver_ros2/msg/vrtk.h
[22.058s] -- Installing: /home/cuadriga/cuadriga_ws/Cuadriga/src/Cuadriga/install/fixposition_driver_ros2/include/fixposition_driver_ros2/fixposition_driver_ros2/msg/detail
[22.058s] -- Installing: /home/cuadriga/cuadriga_ws/Cuadriga/src/Cuadriga/install/fixposition_driver_ros2/include/fixposition_driver_ros2/fixposition_driver_ros2/msg/detail/vrtk__type_support.h
[22.058s] -- Installing: /home/cuadriga/cuadriga_ws/Cuadriga/src/Cuadriga/install/fixposition_driver_ros2/include/fixposition_driver_ros2/fixposition_driver_ros2/msg/detail/speed__functions.h
[22.058s] -- Installing: /home/cuadriga/cuadriga_ws/Cuadriga/src/Cuadriga/install/fixposition_driver_ros2/include/fixposition_driver_ros2/fixposition_driver_ros2/msg/detail/vrtk__functions.c
[22.058s] -- Installing: /home/cuadriga/cuadriga_ws/Cuadriga/src/Cuadriga/install/fixposition_driver_ros2/include/fixposition_driver_ros2/fixposition_driver_ros2/msg/detail/vrtk__functions.h
[22.058s] -- Installing: /home/cuadriga/cuadriga_ws/Cuadriga/src/Cuadriga/install/fixposition_driver_ros2/include/fixposition_driver_ros2/fixposition_driver_ros2/msg/detail/speed__functions.c
[22.058s] -- Installing: /home/cuadriga/cuadriga_ws/Cuadriga/src/Cuadriga/install/fixposition_driver_ros2/include/fixposition_driver_ros2/fixposition_driver_ros2/msg/detail/vrtk__struct.h
[22.058s] -- Installing: /home/cuadriga/cuadriga_ws/Cuadriga/src/Cuadriga/install/fixposition_driver_ros2/include/fixposition_driver_ros2/fixposition_driver_ros2/msg/detail/speed__struct.h
[22.058s] -- Installing: /home/cuadriga/cuadriga_ws/Cuadriga/src/Cuadriga/install/fixposition_driver_ros2/include/fixposition_driver_ros2/fixposition_driver_ros2/msg/detail/speed__type_support.h
[22.059s] -- Installing: /home/cuadriga/cuadriga_ws/Cuadriga/src/Cuadriga/install/fixposition_driver_ros2/include/fixposition_driver_ros2/fixposition_driver_ros2/msg/speed.h
[22.059s] -- Installing: /home/cuadriga/cuadriga_ws/Cuadriga/src/Cuadriga/install/fixposition_driver_ros2/include/fixposition_driver_ros2/fixposition_driver_ros2/msg/rosidl_generator_c__visibility_control.h
[22.059s] -- Installing: /home/cuadriga/cuadriga_ws/Cuadriga/src/Cuadriga/install/fixposition_driver_ros2/share/fixposition_driver_ros2/environment/library_path.sh
[22.059s] -- Installing: /home/cuadriga/cuadriga_ws/Cuadriga/src/Cuadriga/install/fixposition_driver_ros2/share/fixposition_driver_ros2/environment/library_path.dsv
[22.059s] -- Installing: /home/cuadriga/cuadriga_ws/Cuadriga/src/Cuadriga/install/fixposition_driver_ros2/lib/libfixposition_driver_ros2__rosidl_generator_c.so
[22.059s] -- Set runtime path of "/home/cuadriga/cuadriga_ws/Cuadriga/src/Cuadriga/install/fixposition_driver_ros2/lib/libfixposition_driver_ros2__rosidl_generator_c.so" to ""
[22.059s] -- Up-to-date: /home/cuadriga/cuadriga_ws/Cuadriga/src/Cuadriga/install/fixposition_driver_ros2/include/fixposition_driver_ros2/fixposition_driver_ros2
[22.060s] -- Up-to-date: /home/cuadriga/cuadriga_ws/Cuadriga/src/Cuadriga/install/fixposition_driver_ros2/include/fixposition_driver_ros2/fixposition_driver_ros2/msg
[22.060s] -- Up-to-date: /home/cuadriga/cuadriga_ws/Cuadriga/src/Cuadriga/install/fixposition_driver_ros2/include/fixposition_driver_ros2/fixposition_driver_ros2/msg/detail
[22.060s] -- Installing: /home/cuadriga/cuadriga_ws/Cuadriga/src/Cuadriga/install/fixposition_driver_ros2/include/fixposition_driver_ros2/fixposition_driver_ros2/msg/detail/speed__rosidl_typesupport_fastrtps_c.h
[22.060s] -- Installing: /home/cuadriga/cuadriga_ws/Cuadriga/src/Cuadriga/install/fixposition_driver_ros2/include/fixposition_driver_ros2/fixposition_driver_ros2/msg/detail/vrtk__rosidl_typesupport_fastrtps_c.h
[22.060s] -- Installing: /home/cuadriga/cuadriga_ws/Cuadriga/src/Cuadriga/install/fixposition_driver_ros2/include/fixposition_driver_ros2/fixposition_driver_ros2/msg/rosidl_typesupport_fastrtps_c__visibility_control.h
[22.060s] -- Installing: /home/cuadriga/cuadriga_ws/Cuadriga/src/Cuadriga/install/fixposition_driver_ros2/lib/libfixposition_driver_ros2__rosidl_typesupport_fastrtps_c.so
[22.060s] -- Set runtime path of "/home/cuadriga/cuadriga_ws/Cuadriga/src/Cuadriga/install/fixposition_driver_ros2/lib/libfixposition_driver_ros2__rosidl_typesupport_fastrtps_c.so" to ""
[22.060s] -- Up-to-date: /home/cuadriga/cuadriga_ws/Cuadriga/src/Cuadriga/install/fixposition_driver_ros2/include/fixposition_driver_ros2/fixposition_driver_ros2
[22.061s] -- Up-to-date: /home/cuadriga/cuadriga_ws/Cuadriga/src/Cuadriga/install/fixposition_driver_ros2/include/fixposition_driver_ros2/fixposition_driver_ros2/msg
[22.061s] -- Up-to-date: /home/cuadriga/cuadriga_ws/Cuadriga/src/Cuadriga/install/fixposition_driver_ros2/include/fixposition_driver_ros2/fixposition_driver_ros2/msg/detail
[22.061s] -- Installing: /home/cuadriga/cuadriga_ws/Cuadriga/src/Cuadriga/install/fixposition_driver_ros2/include/fixposition_driver_ros2/fixposition_driver_ros2/msg/detail/vrtk__struct.hpp
[22.061s] -- Installing: /home/cuadriga/cuadriga_ws/Cuadriga/src/Cuadriga/install/fixposition_driver_ros2/include/fixposition_driver_ros2/fixposition_driver_ros2/msg/detail/speed__traits.hpp
[22.061s] -- Installing: /home/cuadriga/cuadriga_ws/Cuadriga/src/Cuadriga/install/fixposition_driver_ros2/include/fixposition_driver_ros2/fixposition_driver_ros2/msg/detail/speed__type_support.hpp
[22.061s] -- Installing: /home/cuadriga/cuadriga_ws/Cuadriga/src/Cuadriga/install/fixposition_driver_ros2/include/fixposition_driver_ros2/fixposition_driver_ros2/msg/detail/vrtk__type_support.hpp
[22.061s] -- Installing: /home/cuadriga/cuadriga_ws/Cuadriga/src/Cuadriga/install/fixposition_driver_ros2/include/fixposition_driver_ros2/fixposition_driver_ros2/msg/detail/speed__struct.hpp
[22.061s] -- Installing: /home/cuadriga/cuadriga_ws/Cuadriga/src/Cuadriga/install/fixposition_driver_ros2/include/fixposition_driver_ros2/fixposition_driver_ros2/msg/detail/vrtk__builder.hpp
[22.062s] -- Installing: /home/cuadriga/cuadriga_ws/Cuadriga/src/Cuadriga/install/fixposition_driver_ros2/include/fixposition_driver_ros2/fixposition_driver_ros2/msg/detail/speed__builder.hpp
[22.062s] -- Installing: /home/cuadriga/cuadriga_ws/Cuadriga/src/Cuadriga/install/fixposition_driver_ros2/include/fixposition_driver_ros2/fixposition_driver_ros2/msg/detail/vrtk__traits.hpp
[22.062s] -- Installing: /home/cuadriga/cuadriga_ws/Cuadriga/src/Cuadriga/install/fixposition_driver_ros2/include/fixposition_driver_ros2/fixposition_driver_ros2/msg/rosidl_generator_cpp__visibility_control.hpp
[22.062s] -- Installing: /home/cuadriga/cuadriga_ws/Cuadriga/src/Cuadriga/install/fixposition_driver_ros2/include/fixposition_driver_ros2/fixposition_driver_ros2/msg/speed.hpp
[22.062s] -- Installing: /home/cuadriga/cuadriga_ws/Cuadriga/src/Cuadriga/install/fixposition_driver_ros2/include/fixposition_driver_ros2/fixposition_driver_ros2/msg/vrtk.hpp
[22.062s] -- Up-to-date: /home/cuadriga/cuadriga_ws/Cuadriga/src/Cuadriga/install/fixposition_driver_ros2/include/fixposition_driver_ros2/fixposition_driver_ros2
[22.062s] -- Up-to-date: /home/cuadriga/cuadriga_ws/Cuadriga/src/Cuadriga/install/fixposition_driver_ros2/include/fixposition_driver_ros2/fixposition_driver_ros2/msg
[22.062s] -- Up-to-date: /home/cuadriga/cuadriga_ws/Cuadriga/src/Cuadriga/install/fixposition_driver_ros2/include/fixposition_driver_ros2/fixposition_driver_ros2/msg/detail
[22.062s] -- Installing: /home/cuadriga/cuadriga_ws/Cuadriga/src/Cuadriga/install/fixposition_driver_ros2/include/fixposition_driver_ros2/fixposition_driver_ros2/msg/detail/dds_fastrtps
[22.063s] -- Installing: /home/cuadriga/cuadriga_ws/Cuadriga/src/Cuadriga/install/fixposition_driver_ros2/include/fixposition_driver_ros2/fixposition_driver_ros2/msg/detail/vrtk__rosidl_typesupport_fastrtps_cpp.hpp
[22.063s] -- Installing: /home/cuadriga/cuadriga_ws/Cuadriga/src/Cuadriga/install/fixposition_driver_ros2/include/fixposition_driver_ros2/fixposition_driver_ros2/msg/detail/speed__rosidl_typesupport_fastrtps_cpp.hpp
[22.063s] -- Installing: /home/cuadriga/cuadriga_ws/Cuadriga/src/Cuadriga/install/fixposition_driver_ros2/include/fixposition_driver_ros2/fixposition_driver_ros2/msg/rosidl_typesupport_fastrtps_cpp__visibility_control.h
[22.063s] -- Installing: /home/cuadriga/cuadriga_ws/Cuadriga/src/Cuadriga/install/fixposition_driver_ros2/lib/libfixposition_driver_ros2__rosidl_typesupport_fastrtps_cpp.so
[22.063s] -- Set runtime path of "/home/cuadriga/cuadriga_ws/Cuadriga/src/Cuadriga/install/fixposition_driver_ros2/lib/libfixposition_driver_ros2__rosidl_typesupport_fastrtps_cpp.so" to ""
[22.063s] -- Up-to-date: /home/cuadriga/cuadriga_ws/Cuadriga/src/Cuadriga/install/fixposition_driver_ros2/include/fixposition_driver_ros2/fixposition_driver_ros2
[22.063s] -- Up-to-date: /home/cuadriga/cuadriga_ws/Cuadriga/src/Cuadriga/install/fixposition_driver_ros2/include/fixposition_driver_ros2/fixposition_driver_ros2/msg
[22.063s] -- Up-to-date: /home/cuadriga/cuadriga_ws/Cuadriga/src/Cuadriga/install/fixposition_driver_ros2/include/fixposition_driver_ros2/fixposition_driver_ros2/msg/detail
[22.063s] -- Installing: /home/cuadriga/cuadriga_ws/Cuadriga/src/Cuadriga/install/fixposition_driver_ros2/include/fixposition_driver_ros2/fixposition_driver_ros2/msg/detail/vrtk__rosidl_typesupport_introspection_c.h
[22.064s] -- Installing: /home/cuadriga/cuadriga_ws/Cuadriga/src/Cuadriga/install/fixposition_driver_ros2/include/fixposition_driver_ros2/fixposition_driver_ros2/msg/detail/speed__rosidl_typesupport_introspection_c.h
[22.064s] -- Installing: /home/cuadriga/cuadriga_ws/Cuadriga/src/Cuadriga/install/fixposition_driver_ros2/include/fixposition_driver_ros2/fixposition_driver_ros2/msg/detail/vrtk__type_support.c
[22.064s] -- Installing: /home/cuadriga/cuadriga_ws/Cuadriga/src/Cuadriga/install/fixposition_driver_ros2/include/fixposition_driver_ros2/fixposition_driver_ros2/msg/detail/speed__type_support.c
[22.064s] -- Installing: /home/cuadriga/cuadriga_ws/Cuadriga/src/Cuadriga/install/fixposition_driver_ros2/include/fixposition_driver_ros2/fixposition_driver_ros2/msg/rosidl_typesupport_introspection_c__visibility_control.h
[22.064s] -- Installing: /home/cuadriga/cuadriga_ws/Cuadriga/src/Cuadriga/install/fixposition_driver_ros2/lib/libfixposition_driver_ros2__rosidl_typesupport_introspection_c.so
[22.064s] -- Set runtime path of "/home/cuadriga/cuadriga_ws/Cuadriga/src/Cuadriga/install/fixposition_driver_ros2/lib/libfixposition_driver_ros2__rosidl_typesupport_introspection_c.so" to ""
[22.064s] -- Installing: /home/cuadriga/cuadriga_ws/Cuadriga/src/Cuadriga/install/fixposition_driver_ros2/lib/libfixposition_driver_ros2__rosidl_typesupport_c.so
[22.064s] -- Set runtime path of "/home/cuadriga/cuadriga_ws/Cuadriga/src/Cuadriga/install/fixposition_driver_ros2/lib/libfixposition_driver_ros2__rosidl_typesupport_c.so" to ""
[22.064s] -- Up-to-date: /home/cuadriga/cuadriga_ws/Cuadriga/src/Cuadriga/install/fixposition_driver_ros2/include/fixposition_driver_ros2/fixposition_driver_ros2
[22.065s] -- Up-to-date: /home/cuadriga/cuadriga_ws/Cuadriga/src/Cuadriga/install/fixposition_driver_ros2/include/fixposition_driver_ros2/fixposition_driver_ros2/msg
[22.065s] -- Up-to-date: /home/cuadriga/cuadriga_ws/Cuadriga/src/Cuadriga/install/fixposition_driver_ros2/include/fixposition_driver_ros2/fixposition_driver_ros2/msg/detail
[22.065s] -- Installing: /home/cuadriga/cuadriga_ws/Cuadriga/src/Cuadriga/install/fixposition_driver_ros2/include/fixposition_driver_ros2/fixposition_driver_ros2/msg/detail/vrtk__type_support.cpp
[22.065s] -- Installing: /home/cuadriga/cuadriga_ws/Cuadriga/src/Cuadriga/install/fixposition_driver_ros2/include/fixposition_driver_ros2/fixposition_driver_ros2/msg/detail/speed__type_support.cpp
[22.065s] -- Installing: /home/cuadriga/cuadriga_ws/Cuadriga/src/Cuadriga/install/fixposition_driver_ros2/include/fixposition_driver_ros2/fixposition_driver_ros2/msg/detail/speed__rosidl_typesupport_introspection_cpp.hpp
[22.065s] -- Installing: /home/cuadriga/cuadriga_ws/Cuadriga/src/Cuadriga/install/fixposition_driver_ros2/include/fixposition_driver_ros2/fixposition_driver_ros2/msg/detail/vrtk__rosidl_typesupport_introspection_cpp.hpp
[22.065s] -- Installing: /home/cuadriga/cuadriga_ws/Cuadriga/src/Cuadriga/install/fixposition_driver_ros2/lib/libfixposition_driver_ros2__rosidl_typesupport_introspection_cpp.so
[22.065s] -- Set runtime path of "/home/cuadriga/cuadriga_ws/Cuadriga/src/Cuadriga/install/fixposition_driver_ros2/lib/libfixposition_driver_ros2__rosidl_typesupport_introspection_cpp.so" to ""
[22.065s] -- Installing: /home/cuadriga/cuadriga_ws/Cuadriga/src/Cuadriga/install/fixposition_driver_ros2/lib/libfixposition_driver_ros2__rosidl_typesupport_cpp.so
[22.066s] -- Set runtime path of "/home/cuadriga/cuadriga_ws/Cuadriga/src/Cuadriga/install/fixposition_driver_ros2/lib/libfixposition_driver_ros2__rosidl_typesupport_cpp.so" to ""
[22.066s] -- Installing: /home/cuadriga/cuadriga_ws/Cuadriga/src/Cuadriga/install/fixposition_driver_ros2/share/fixposition_driver_ros2/environment/pythonpath.sh
[22.066s] -- Installing: /home/cuadriga/cuadriga_ws/Cuadriga/src/Cuadriga/install/fixposition_driver_ros2/share/fixposition_driver_ros2/environment/pythonpath.dsv
[22.066s] -- Installing: /home/cuadriga/cuadriga_ws/Cuadriga/src/Cuadriga/install/fixposition_driver_ros2/local/lib/python3.10/dist-packages/fixposition_driver_ros2-5.0.0-py3.10.egg-info
[22.066s] -- Installing: /home/cuadriga/cuadriga_ws/Cuadriga/src/Cuadriga/install/fixposition_driver_ros2/local/lib/python3.10/dist-packages/fixposition_driver_ros2-5.0.0-py3.10.egg-info/PKG-INFO
[22.066s] -- Installing: /home/cuadriga/cuadriga_ws/Cuadriga/src/Cuadriga/install/fixposition_driver_ros2/local/lib/python3.10/dist-packages/fixposition_driver_ros2-5.0.0-py3.10.egg-info/top_level.txt
[22.066s] -- Installing: /home/cuadriga/cuadriga_ws/Cuadriga/src/Cuadriga/install/fixposition_driver_ros2/local/lib/python3.10/dist-packages/fixposition_driver_ros2-5.0.0-py3.10.egg-info/SOURCES.txt
[22.066s] -- Installing: /home/cuadriga/cuadriga_ws/Cuadriga/src/Cuadriga/install/fixposition_driver_ros2/local/lib/python3.10/dist-packages/fixposition_driver_ros2-5.0.0-py3.10.egg-info/dependency_links.txt
[22.067s] -- Installing: /home/cuadriga/cuadriga_ws/Cuadriga/src/Cuadriga/install/fixposition_driver_ros2/local/lib/python3.10/dist-packages/fixposition_driver_ros2
[22.067s] -- Installing: /home/cuadriga/cuadriga_ws/Cuadriga/src/Cuadriga/install/fixposition_driver_ros2/local/lib/python3.10/dist-packages/fixposition_driver_ros2/_fixposition_driver_ros2_s.ep.rosidl_typesupport_c.c
[22.067s] -- Installing: /home/cuadriga/cuadriga_ws/Cuadriga/src/Cuadriga/install/fixposition_driver_ros2/local/lib/python3.10/dist-packages/fixposition_driver_ros2/_fixposition_driver_ros2_s.ep.rosidl_typesupport_fastrtps_c.c
[22.067s] -- Installing: /home/cuadriga/cuadriga_ws/Cuadriga/src/Cuadriga/install/fixposition_driver_ros2/local/lib/python3.10/dist-packages/fixposition_driver_ros2/fixposition_driver_ros2_s__rosidl_typesupport_introspection_c.cpython-310-x86_64-linux-gnu.so
[22.067s] -- Installing: /home/cuadriga/cuadriga_ws/Cuadriga/src/Cuadriga/install/fixposition_driver_ros2/local/lib/python3.10/dist-packages/fixposition_driver_ros2/libfixposition_driver_ros2__rosidl_generator_py.so
[22.067s] -- Installing: /home/cuadriga/cuadriga_ws/Cuadriga/src/Cuadriga/install/fixposition_driver_ros2/local/lib/python3.10/dist-packages/fixposition_driver_ros2/msg
[22.067s] -- Installing: /home/cuadriga/cuadriga_ws/Cuadriga/src/Cuadriga/install/fixposition_driver_ros2/local/lib/python3.10/dist-packages/fixposition_driver_ros2/msg/_vrtk.py
[22.067s] -- Installing: /home/cuadriga/cuadriga_ws/Cuadriga/src/Cuadriga/install/fixposition_driver_ros2/local/lib/python3.10/dist-packages/fixposition_driver_ros2/msg/_speed_s.c
[22.067s] -- Installing: /home/cuadriga/cuadriga_ws/Cuadriga/src/Cuadriga/install/fixposition_driver_ros2/local/lib/python3.10/dist-packages/fixposition_driver_ros2/msg/_speed.py
[22.068s] -- Installing: /home/cuadriga/cuadriga_ws/Cuadriga/src/Cuadriga/install/fixposition_driver_ros2/local/lib/python3.10/dist-packages/fixposition_driver_ros2/msg/_vrtk_s.c
[22.068s] -- Installing: /home/cuadriga/cuadriga_ws/Cuadriga/src/Cuadriga/install/fixposition_driver_ros2/local/lib/python3.10/dist-packages/fixposition_driver_ros2/msg/__init__.py
[22.068s] -- Installing: /home/cuadriga/cuadriga_ws/Cuadriga/src/Cuadriga/install/fixposition_driver_ros2/local/lib/python3.10/dist-packages/fixposition_driver_ros2/_fixposition_driver_ros2_s.ep.rosidl_typesupport_introspection_c.c
[22.068s] -- Installing: /home/cuadriga/cuadriga_ws/Cuadriga/src/Cuadriga/install/fixposition_driver_ros2/local/lib/python3.10/dist-packages/fixposition_driver_ros2/fixposition_driver_ros2_s__rosidl_typesupport_c.cpython-310-x86_64-linux-gnu.so
[22.068s] -- Installing: /home/cuadriga/cuadriga_ws/Cuadriga/src/Cuadriga/install/fixposition_driver_ros2/local/lib/python3.10/dist-packages/fixposition_driver_ros2/fixposition_driver_ros2_s__rosidl_typesupport_fastrtps_c.cpython-310-x86_64-linux-gnu.so
[22.068s] -- Installing: /home/cuadriga/cuadriga_ws/Cuadriga/src/Cuadriga/install/fixposition_driver_ros2/local/lib/python3.10/dist-packages/fixposition_driver_ros2/__init__.py
[22.100s] Listing '/home/cuadriga/cuadriga_ws/Cuadriga/src/Cuadriga/install/fixposition_driver_ros2/local/lib/python3.10/dist-packages/fixposition_driver_ros2'...
[22.100s] Compiling '/home/cuadriga/cuadriga_ws/Cuadriga/src/Cuadriga/install/fixposition_driver_ros2/local/lib/python3.10/dist-packages/fixposition_driver_ros2/__init__.py'...
[22.100s] Listing '/home/cuadriga/cuadriga_ws/Cuadriga/src/Cuadriga/install/fixposition_driver_ros2/local/lib/python3.10/dist-packages/fixposition_driver_ros2/msg'...
[22.100s] Compiling '/home/cuadriga/cuadriga_ws/Cuadriga/src/Cuadriga/install/fixposition_driver_ros2/local/lib/python3.10/dist-packages/fixposition_driver_ros2/msg/__init__.py'...
[22.100s] Compiling '/home/cuadriga/cuadriga_ws/Cuadriga/src/Cuadriga/install/fixposition_driver_ros2/local/lib/python3.10/dist-packages/fixposition_driver_ros2/msg/_speed.py'...
[22.100s] Compiling '/home/cuadriga/cuadriga_ws/Cuadriga/src/Cuadriga/install/fixposition_driver_ros2/local/lib/python3.10/dist-packages/fixposition_driver_ros2/msg/_vrtk.py'...
[22.104s] -- Installing: /home/cuadriga/cuadriga_ws/Cuadriga/src/Cuadriga/install/fixposition_driver_ros2/local/lib/python3.10/dist-packages/fixposition_driver_ros2/fixposition_driver_ros2_s__rosidl_typesupport_fastrtps_c.cpython-310-x86_64-linux-gnu.so
[22.104s] -- Set runtime path of "/home/cuadriga/cuadriga_ws/Cuadriga/src/Cuadriga/install/fixposition_driver_ros2/local/lib/python3.10/dist-packages/fixposition_driver_ros2/fixposition_driver_ros2_s__rosidl_typesupport_fastrtps_c.cpython-310-x86_64-linux-gnu.so" to ""
[22.104s] -- Installing: /home/cuadriga/cuadriga_ws/Cuadriga/src/Cuadriga/install/fixposition_driver_ros2/local/lib/python3.10/dist-packages/fixposition_driver_ros2/fixposition_driver_ros2_s__rosidl_typesupport_introspection_c.cpython-310-x86_64-linux-gnu.so
[22.105s] -- Set runtime path of "/home/cuadriga/cuadriga_ws/Cuadriga/src/Cuadriga/install/fixposition_driver_ros2/local/lib/python3.10/dist-packages/fixposition_driver_ros2/fixposition_driver_ros2_s__rosidl_typesupport_introspection_c.cpython-310-x86_64-linux-gnu.so" to ""
[22.105s] -- Installing: /home/cuadriga/cuadriga_ws/Cuadriga/src/Cuadriga/install/fixposition_driver_ros2/local/lib/python3.10/dist-packages/fixposition_driver_ros2/fixposition_driver_ros2_s__rosidl_typesupport_c.cpython-310-x86_64-linux-gnu.so
[22.105s] -- Set runtime path of "/home/cuadriga/cuadriga_ws/Cuadriga/src/Cuadriga/install/fixposition_driver_ros2/local/lib/python3.10/dist-packages/fixposition_driver_ros2/fixposition_driver_ros2_s__rosidl_typesupport_c.cpython-310-x86_64-linux-gnu.so" to ""
[22.106s] -- Installing: /home/cuadriga/cuadriga_ws/Cuadriga/src/Cuadriga/install/fixposition_driver_ros2/lib/libfixposition_driver_ros2__rosidl_generator_py.so
[22.106s] -- Set runtime path of "/home/cuadriga/cuadriga_ws/Cuadriga/src/Cuadriga/install/fixposition_driver_ros2/lib/libfixposition_driver_ros2__rosidl_generator_py.so" to ""
[22.106s] -- Installing: /home/cuadriga/cuadriga_ws/Cuadriga/src/Cuadriga/install/fixposition_driver_ros2/share/fixposition_driver_ros2/msg/VRTK.idl
[22.106s] -- Installing: /home/cuadriga/cuadriga_ws/Cuadriga/src/Cuadriga/install/fixposition_driver_ros2/share/fixposition_driver_ros2/msg/Speed.idl
[22.106s] -- Installing: /home/cuadriga/cuadriga_ws/Cuadriga/src/Cuadriga/install/fixposition_driver_ros2/share/fixposition_driver_ros2/msg/VRTK.msg
[22.106s] -- Installing: /home/cuadriga/cuadriga_ws/Cuadriga/src/Cuadriga/install/fixposition_driver_ros2/share/fixposition_driver_ros2/msg/Speed.msg
[22.106s] -- Up-to-date: /home/cuadriga/cuadriga_ws/Cuadriga/src/Cuadriga/install/fixposition_driver_ros2/.
[22.107s] -- Installing: /home/cuadriga/cuadriga_ws/Cuadriga/src/Cuadriga/install/fixposition_driver_ros2/./fixposition_driver_ros2
[22.107s] -- Installing: /home/cuadriga/cuadriga_ws/Cuadriga/src/Cuadriga/install/fixposition_driver_ros2/./fixposition_driver_ros2/data_to_ros2.hpp
[22.107s] -- Installing: /home/cuadriga/cuadriga_ws/Cuadriga/src/Cuadriga/install/fixposition_driver_ros2/./fixposition_driver_ros2/fixposition_driver_node.hpp
[22.107s] -- Installing: /home/cuadriga/cuadriga_ws/Cuadriga/src/Cuadriga/install/fixposition_driver_ros2/./fixposition_driver_ros2/params.hpp
[22.107s] -- Installing: /home/cuadriga/cuadriga_ws/Cuadriga/src/Cuadriga/install/fixposition_driver_ros2/lib/fixposition_driver_ros2/fixposition_driver_ros2_exec
[22.108s] -- Set runtime path of "/home/cuadriga/cuadriga_ws/Cuadriga/src/Cuadriga/install/fixposition_driver_ros2/lib/fixposition_driver_ros2/fixposition_driver_ros2_exec" to ""
[22.108s] -- Installing: /home/cuadriga/cuadriga_ws/Cuadriga/src/Cuadriga/install/fixposition_driver_ros2/share/fixposition_driver_ros2//launch
[22.108s] -- Installing: /home/cuadriga/cuadriga_ws/Cuadriga/src/Cuadriga/install/fixposition_driver_ros2/share/fixposition_driver_ros2//launch/tcp.yaml
[22.109s] -- Installing: /home/cuadriga/cuadriga_ws/Cuadriga/src/Cuadriga/install/fixposition_driver_ros2/share/fixposition_driver_ros2//launch/serial.launch
[22.109s] -- Installing: /home/cuadriga/cuadriga_ws/Cuadriga/src/Cuadriga/install/fixposition_driver_ros2/share/fixposition_driver_ros2//launch/serial.yaml
[22.109s] -- Installing: /home/cuadriga/cuadriga_ws/Cuadriga/src/Cuadriga/install/fixposition_driver_ros2/share/fixposition_driver_ros2//launch/tcp.launch
[22.109s] -- Installing: /home/cuadriga/cuadriga_ws/Cuadriga/src/Cuadriga/install/fixposition_driver_ros2/share/ament_index/resource_index/package_run_dependencies/fixposition_driver_ros2
[22.109s] -- Installing: /home/cuadriga/cuadriga_ws/Cuadriga/src/Cuadriga/install/fixposition_driver_ros2/share/ament_index/resource_index/parent_prefix_path/fixposition_driver_ros2
[22.109s] -- Installing: /home/cuadriga/cuadriga_ws/Cuadriga/src/Cuadriga/install/fixposition_driver_ros2/share/fixposition_driver_ros2/environment/ament_prefix_path.sh
[22.109s] -- Installing: /home/cuadriga/cuadriga_ws/Cuadriga/src/Cuadriga/install/fixposition_driver_ros2/share/fixposition_driver_ros2/environment/ament_prefix_path.dsv
[22.109s] -- Installing: /home/cuadriga/cuadriga_ws/Cuadriga/src/Cuadriga/install/fixposition_driver_ros2/share/fixposition_driver_ros2/environment/path.sh
[22.110s] -- Installing: /home/cuadriga/cuadriga_ws/Cuadriga/src/Cuadriga/install/fixposition_driver_ros2/share/fixposition_driver_ros2/environment/path.dsv
[22.110s] -- Installing: /home/cuadriga/cuadriga_ws/Cuadriga/src/Cuadriga/install/fixposition_driver_ros2/share/fixposition_driver_ros2/local_setup.bash
[22.110s] -- Installing: /home/cuadriga/cuadriga_ws/Cuadriga/src/Cuadriga/install/fixposition_driver_ros2/share/fixposition_driver_ros2/local_setup.sh
[22.110s] -- Installing: /home/cuadriga/cuadriga_ws/Cuadriga/src/Cuadriga/install/fixposition_driver_ros2/share/fixposition_driver_ros2/local_setup.zsh
[22.110s] -- Installing: /home/cuadriga/cuadriga_ws/Cuadriga/src/Cuadriga/install/fixposition_driver_ros2/share/fixposition_driver_ros2/local_setup.dsv
[22.110s] -- Installing: /home/cuadriga/cuadriga_ws/Cuadriga/src/Cuadriga/install/fixposition_driver_ros2/share/fixposition_driver_ros2/package.dsv
[22.110s] -- Installing: /home/cuadriga/cuadriga_ws/Cuadriga/src/Cuadriga/install/fixposition_driver_ros2/share/ament_index/resource_index/packages/fixposition_driver_ros2
[22.111s] -- Installing: /home/cuadriga/cuadriga_ws/Cuadriga/src/Cuadriga/install/fixposition_driver_ros2/share/fixposition_driver_ros2/cmake/export_fixposition_driver_ros2__rosidl_generator_cExport.cmake
[22.111s] -- Installing: /home/cuadriga/cuadriga_ws/Cuadriga/src/Cuadriga/install/fixposition_driver_ros2/share/fixposition_driver_ros2/cmake/export_fixposition_driver_ros2__rosidl_generator_cExport-release.cmake
[22.111s] -- Installing: /home/cuadriga/cuadriga_ws/Cuadriga/src/Cuadriga/install/fixposition_driver_ros2/share/fixposition_driver_ros2/cmake/export_fixposition_driver_ros2__rosidl_typesupport_fastrtps_cExport.cmake
[22.111s] -- Installing: /home/cuadriga/cuadriga_ws/Cuadriga/src/Cuadriga/install/fixposition_driver_ros2/share/fixposition_driver_ros2/cmake/export_fixposition_driver_ros2__rosidl_typesupport_fastrtps_cExport-release.cmake
[22.111s] -- Installing: /home/cuadriga/cuadriga_ws/Cuadriga/src/Cuadriga/install/fixposition_driver_ros2/share/fixposition_driver_ros2/cmake/export_fixposition_driver_ros2__rosidl_generator_cppExport.cmake
[22.111s] -- Installing: /home/cuadriga/cuadriga_ws/Cuadriga/src/Cuadriga/install/fixposition_driver_ros2/share/fixposition_driver_ros2/cmake/export_fixposition_driver_ros2__rosidl_typesupport_fastrtps_cppExport.cmake
[22.111s] -- Installing: /home/cuadriga/cuadriga_ws/Cuadriga/src/Cuadriga/install/fixposition_driver_ros2/share/fixposition_driver_ros2/cmake/export_fixposition_driver_ros2__rosidl_typesupport_fastrtps_cppExport-release.cmake
[22.112s] -- Installing: /home/cuadriga/cuadriga_ws/Cuadriga/src/Cuadriga/install/fixposition_driver_ros2/share/fixposition_driver_ros2/cmake/fixposition_driver_ros2__rosidl_typesupport_introspection_cExport.cmake
[22.112s] -- Installing: /home/cuadriga/cuadriga_ws/Cuadriga/src/Cuadriga/install/fixposition_driver_ros2/share/fixposition_driver_ros2/cmake/fixposition_driver_ros2__rosidl_typesupport_introspection_cExport-release.cmake
[22.112s] -- Installing: /home/cuadriga/cuadriga_ws/Cuadriga/src/Cuadriga/install/fixposition_driver_ros2/share/fixposition_driver_ros2/cmake/fixposition_driver_ros2__rosidl_typesupport_cExport.cmake
[22.112s] -- Installing: /home/cuadriga/cuadriga_ws/Cuadriga/src/Cuadriga/install/fixposition_driver_ros2/share/fixposition_driver_ros2/cmake/fixposition_driver_ros2__rosidl_typesupport_cExport-release.cmake
[22.112s] -- Installing: /home/cuadriga/cuadriga_ws/Cuadriga/src/Cuadriga/install/fixposition_driver_ros2/share/fixposition_driver_ros2/cmake/fixposition_driver_ros2__rosidl_typesupport_introspection_cppExport.cmake
[22.112s] -- Installing: /home/cuadriga/cuadriga_ws/Cuadriga/src/Cuadriga/install/fixposition_driver_ros2/share/fixposition_driver_ros2/cmake/fixposition_driver_ros2__rosidl_typesupport_introspection_cppExport-release.cmake
[22.112s] -- Installing: /home/cuadriga/cuadriga_ws/Cuadriga/src/Cuadriga/install/fixposition_driver_ros2/share/fixposition_driver_ros2/cmake/fixposition_driver_ros2__rosidl_typesupport_cppExport.cmake
[22.113s] -- Installing: /home/cuadriga/cuadriga_ws/Cuadriga/src/Cuadriga/install/fixposition_driver_ros2/share/fixposition_driver_ros2/cmake/fixposition_driver_ros2__rosidl_typesupport_cppExport-release.cmake
[22.113s] -- Installing: /home/cuadriga/cuadriga_ws/Cuadriga/src/Cuadriga/install/fixposition_driver_ros2/share/fixposition_driver_ros2/cmake/export_fixposition_driver_ros2__rosidl_generator_pyExport.cmake
[22.113s] -- Installing: /home/cuadriga/cuadriga_ws/Cuadriga/src/Cuadriga/install/fixposition_driver_ros2/share/fixposition_driver_ros2/cmake/export_fixposition_driver_ros2__rosidl_generator_pyExport-release.cmake
[22.113s] -- Installing: /home/cuadriga/cuadriga_ws/Cuadriga/src/Cuadriga/install/fixposition_driver_ros2/share/fixposition_driver_ros2/cmake/rosidl_cmake-extras.cmake
[22.113s] -- Installing: /home/cuadriga/cuadriga_ws/Cuadriga/src/Cuadriga/install/fixposition_driver_ros2/share/fixposition_driver_ros2/cmake/ament_cmake_export_dependencies-extras.cmake
[22.113s] -- Installing: /home/cuadriga/cuadriga_ws/Cuadriga/src/Cuadriga/install/fixposition_driver_ros2/share/fixposition_driver_ros2/cmake/ament_cmake_export_include_directories-extras.cmake
[22.113s] -- Installing: /home/cuadriga/cuadriga_ws/Cuadriga/src/Cuadriga/install/fixposition_driver_ros2/share/fixposition_driver_ros2/cmake/ament_cmake_export_libraries-extras.cmake
[22.114s] -- Installing: /home/cuadriga/cuadriga_ws/Cuadriga/src/Cuadriga/install/fixposition_driver_ros2/share/fixposition_driver_ros2/cmake/ament_cmake_export_targets-extras.cmake
[22.114s] -- Installing: /home/cuadriga/cuadriga_ws/Cuadriga/src/Cuadriga/install/fixposition_driver_ros2/share/fixposition_driver_ros2/cmake/rosidl_cmake_export_typesupport_targets-extras.cmake
[22.114s] -- Installing: /home/cuadriga/cuadriga_ws/Cuadriga/src/Cuadriga/install/fixposition_driver_ros2/share/fixposition_driver_ros2/cmake/rosidl_cmake_export_typesupport_libraries-extras.cmake
[22.114s] -- Installing: /home/cuadriga/cuadriga_ws/Cuadriga/src/Cuadriga/install/fixposition_driver_ros2/share/fixposition_driver_ros2/cmake/fixposition_driver_ros2Config.cmake
[22.114s] -- Installing: /home/cuadriga/cuadriga_ws/Cuadriga/src/Cuadriga/install/fixposition_driver_ros2/share/fixposition_driver_ros2/cmake/fixposition_driver_ros2Config-version.cmake
[22.114s] -- Installing: /home/cuadriga/cuadriga_ws/Cuadriga/src/Cuadriga/install/fixposition_driver_ros2/share/fixposition_driver_ros2/package.xml
[22.117s] Invoked command in '/home/cuadriga/cuadriga_ws/Cuadriga/src/Cuadriga/build/fixposition_driver_ros2' returned '0': CMAKE_PREFIX_PATH=/home/cuadriga/cuadriga_ws/Cuadriga/src/Cuadriga/install/fixposition_driver_lib:/home/cuadriga/cuadriga_ws/Cuadriga/src/Cuadriga/install/fixposition_gnss_tf:/home/cuadriga/tfgcuadriga/install/udp_driver:/home/cuadriga/tfgcuadriga/install/serial_driver:/home/cuadriga/tfgcuadriga/install/joy:/home/cuadriga/tfgcuadriga/install/io_context:/home/cuadriga/tfgcuadriga/install/fixposition_odometry_converter_ros2:/home/cuadriga/tfgcuadriga/install/fixposition_driver_ros2:/home/cuadriga/tfgcuadriga/install/fixposition_driver_lib:/home/cuadriga/tfgcuadriga/install/fixposition_gnss_tf:/home/cuadriga/tfgcuadriga/install/cuadriga:/home/cuadriga/tfgcuadriga/install/cuadriga_interfaces:/home/cuadriga/tfgcuadriga/install/asio_cmake_module:/home/cuadriga/tfgcuadriga/install/gpx_loader:/opt/ros/humble LD_LIBRARY_PATH=/home/cuadriga/cuadriga_ws/Cuadriga/src/Cuadriga/install/fixposition_driver_lib/lib:/home/cuadriga/cuadriga_ws/Cuadriga/src/Cuadriga/install/fixposition_gnss_tf/lib:${LD_LIBRARY_PATH} PKG_CONFIG_PATH=/home/cuadriga/cuadriga_ws/Cuadriga/src/Cuadriga/install/fixposition_driver_lib/lib/x86_64-linux-gnu/pkgconfig:/home/cuadriga/cuadriga_ws/Cuadriga/src/Cuadriga/install/fixposition_driver_lib/lib/pkgconfig:/home/cuadriga/cuadriga_ws/Cuadriga/src/Cuadriga/install/fixposition_gnss_tf/lib/x86_64-linux-gnu/pkgconfig:/home/cuadriga/cuadriga_ws/Cuadriga/src/Cuadriga/install/fixposition_gnss_tf/lib/pkgconfig:${PKG_CONFIG_PATH} /usr/bin/cmake --install /home/cuadriga/cuadriga_ws/Cuadriga/src/Cuadriga/build/fixposition_driver_ros2
