[0.008s] Invoking command in '/home/cuadriga/cuadriga_ws/Cuadriga/src/Cuadriga_IA_/build/fixposition_driver_lib': CMAKE_PREFIX_PATH=/home/cuadriga/cuadriga_ws/Cuadriga/src/Cuadriga_IA_/install/fixposition_gnss_tf:/home/cuadriga/tfgcuadriga/install/udp_driver:/home/cuadriga/tfgcuadriga/install/serial_driver:/home/cuadriga/tfgcuadriga/install/joy:/home/cuadriga/tfgcuadriga/install/io_context:/home/cuadriga/tfgcuadriga/install/fixposition_odometry_converter_ros2:/home/cuadriga/tfgcuadriga/install/fixposition_driver_ros2:/home/cuadriga/tfgcuadriga/install/fixposition_driver_lib:/home/cuadriga/tfgcuadriga/install/fixposition_gnss_tf:/home/cuadriga/tfgcuadriga/install/cuadriga:/home/cuadriga/tfgcuadriga/install/cuadriga_interfaces:/home/cuadriga/tfgcuadriga/install/asio_cmake_module:/home/cuadriga/tfgcuadriga/install/gpx_loader:/opt/ros/humble LD_LIBRARY_PATH=/home/cuadriga/cuadriga_ws/Cuadriga/src/Cuadriga_IA_/install/fixposition_gnss_tf/lib:${LD_LIBRARY_PATH} PKG_CONFIG_PATH=/home/cuadriga/cuadriga_ws/Cuadriga/src/Cuadriga_IA_/install/fixposition_gnss_tf/lib/x86_64-linux-gnu/pkgconfig:/home/cuadriga/cuadriga_ws/Cuadriga/src/Cuadriga_IA_/install/fixposition_gnss_tf/lib/pkgconfig:${PKG_CONFIG_PATH} /usr/bin/cmake /home/cuadriga/cuadriga_ws/Cuadriga/src/Cuadriga_IA_/src/argo_drivers_pkgs/Fixposition_driver_pkg/fixposition_driver-main/fixposition_driver_lib -DCMAKE_INSTALL_PREFIX=/home/cuadriga/cuadriga_ws/Cuadriga/src/Cuadriga_IA_/install/fixposition_driver_lib
[0.070s] -- The CXX compiler identification is GNU 11.4.0
[0.077s] -- Detecting CXX compiler ABI info
[0.151s] -- Detecting CXX compiler ABI info - done
[0.158s] -- Check for working CXX compiler: /usr/bin/c++ - skipped
[0.158s] -- Detecting CXX compile features
[0.158s] -- Detecting CXX compile features - done
[0.181s] -- Found Boost: /usr/lib/x86_64-linux-gnu/cmake/Boost-1.74.0/BoostConfig.cmake (found suitable version "1.74.0", minimum required is "1.65.0")  
[0.191s] -- Configuring done
[0.194s] -- Generating done
[0.195s] -- Build files have been written to: /home/cuadriga/cuadriga_ws/Cuadriga/src/Cuadriga_IA_/build/fixposition_driver_lib
[0.198s] Invoked command in '/home/cuadriga/cuadriga_ws/Cuadriga/src/Cuadriga_IA_/build/fixposition_driver_lib' returned '0': CMAKE_PREFIX_PATH=/home/cuadriga/cuadriga_ws/Cuadriga/src/Cuadriga_IA_/install/fixposition_gnss_tf:/home/cuadriga/tfgcuadriga/install/udp_driver:/home/cuadriga/tfgcuadriga/install/serial_driver:/home/cuadriga/tfgcuadriga/install/joy:/home/cuadriga/tfgcuadriga/install/io_context:/home/cuadriga/tfgcuadriga/install/fixposition_odometry_converter_ros2:/home/cuadriga/tfgcuadriga/install/fixposition_driver_ros2:/home/cuadriga/tfgcuadriga/install/fixposition_driver_lib:/home/cuadriga/tfgcuadriga/install/fixposition_gnss_tf:/home/cuadriga/tfgcuadriga/install/cuadriga:/home/cuadriga/tfgcuadriga/install/cuadriga_interfaces:/home/cuadriga/tfgcuadriga/install/asio_cmake_module:/home/cuadriga/tfgcuadriga/install/gpx_loader:/opt/ros/humble LD_LIBRARY_PATH=/home/cuadriga/cuadriga_ws/Cuadriga/src/Cuadriga_IA_/install/fixposition_gnss_tf/lib:${LD_LIBRARY_PATH} PKG_CONFIG_PATH=/home/cuadriga/cuadriga_ws/Cuadriga/src/Cuadriga_IA_/install/fixposition_gnss_tf/lib/x86_64-linux-gnu/pkgconfig:/home/cuadriga/cuadriga_ws/Cuadriga/src/Cuadriga_IA_/install/fixposition_gnss_tf/lib/pkgconfig:${PKG_CONFIG_PATH} /usr/bin/cmake /home/cuadriga/cuadriga_ws/Cuadriga/src/Cuadriga_IA_/src/argo_drivers_pkgs/Fixposition_driver_pkg/fixposition_driver-main/fixposition_driver_lib -DCMAKE_INSTALL_PREFIX=/home/cuadriga/cuadriga_ws/Cuadriga/src/Cuadriga_IA_/install/fixposition_driver_lib
[0.199s] Invoking command in '/home/cuadriga/cuadriga_ws/Cuadriga/src/Cuadriga_IA_/build/fixposition_driver_lib': CMAKE_PREFIX_PATH=/home/cuadriga/cuadriga_ws/Cuadriga/src/Cuadriga_IA_/install/fixposition_gnss_tf:/home/cuadriga/tfgcuadriga/install/udp_driver:/home/cuadriga/tfgcuadriga/install/serial_driver:/home/cuadriga/tfgcuadriga/install/joy:/home/cuadriga/tfgcuadriga/install/io_context:/home/cuadriga/tfgcuadriga/install/fixposition_odometry_converter_ros2:/home/cuadriga/tfgcuadriga/install/fixposition_driver_ros2:/home/cuadriga/tfgcuadriga/install/fixposition_driver_lib:/home/cuadriga/tfgcuadriga/install/fixposition_gnss_tf:/home/cuadriga/tfgcuadriga/install/cuadriga:/home/cuadriga/tfgcuadriga/install/cuadriga_interfaces:/home/cuadriga/tfgcuadriga/install/asio_cmake_module:/home/cuadriga/tfgcuadriga/install/gpx_loader:/opt/ros/humble LD_LIBRARY_PATH=/home/cuadriga/cuadriga_ws/Cuadriga/src/Cuadriga_IA_/install/fixposition_gnss_tf/lib:${LD_LIBRARY_PATH} PKG_CONFIG_PATH=/home/cuadriga/cuadriga_ws/Cuadriga/src/Cuadriga_IA_/install/fixposition_gnss_tf/lib/x86_64-linux-gnu/pkgconfig:/home/cuadriga/cuadriga_ws/Cuadriga/src/Cuadriga_IA_/install/fixposition_gnss_tf/lib/pkgconfig:${PKG_CONFIG_PATH} /usr/bin/cmake --build /home/cuadriga/cuadriga_ws/Cuadriga/src/Cuadriga_IA_/build/fixposition_driver_lib -- -j8 -l8
[0.245s] [ 12%] [32mBuilding CXX object CMakeFiles/fixposition_driver_lib.dir/src/odometry.cpp.o[0m
[0.247s] [ 25%] [32mBuilding CXX object CMakeFiles/fixposition_driver_lib.dir/src/fixposition_driver.cpp.o[0m
[0.248s] [ 37%] [32mBuilding CXX object CMakeFiles/fixposition_driver_lib.dir/src/llh.cpp.o[0m
[0.248s] [ 62%] [32mBuilding CXX object CMakeFiles/fixposition_driver_lib.dir/src/tf.cpp.o[0m
[0.248s] [ 50%] [32mBuilding CXX object CMakeFiles/fixposition_driver_lib.dir/src/imu.cpp.o[0m
[0.248s] [ 75%] [32mBuilding CXX object CMakeFiles/fixposition_driver_lib.dir/src/helper.cpp.o[0m
[0.249s] [ 87%] [32mBuilding CXX object CMakeFiles/fixposition_driver_lib.dir/src/parser.cpp.o[0m
[3.204s] [01m[K/home/cuadriga/cuadriga_ws/Cuadriga/src/Cuadriga_IA_/src/argo_drivers_pkgs/Fixposition_driver_pkg/fixposition_driver-main/fixposition_driver_lib/src/fixposition_driver.cpp:[m[K In member function ‘[01m[Kvirtual void fixposition::FixpositionDriver::WsCallback(const std::vector<int>&)[m[K’:
[3.204s] [01m[K/home/cuadriga/cuadriga_ws/Cuadriga/src/Cuadriga_IA_/src/argo_drivers_pkgs/Fixposition_driver_pkg/fixposition_driver-main/fixposition_driver_lib/src/fixposition_driver.cpp:121:18:[m[K [01;35m[Kwarning: [m[Kignoring return value of ‘[01m[Kssize_t write(int, const void*, size_t)[m[K’ declared with attribute ‘[01m[Kwarn_unused_result[m[K’ [[01;35m[K]8;;https://gcc.gnu.org/onlinedocs/gcc/Warning-Options.html#index-Wunused-result-Wunused-result]8;;[m[K]
[3.204s]   121 |             [01;35m[Kwrite(this->client_fd_, &message[0], sizeof(message))[m[K;
[3.204s]       |             [01;35m[K~~~~~^~~~~~~~~~~~~~~~~~~~~~~~~~~~~~~~~~~~~~~~~~~~~~~~[m[K
[5.544s] [100%] [32m[1mLinking CXX shared library libfixposition_driver_lib.so[0m
[5.624s] [100%] Built target fixposition_driver_lib
[5.635s] Invoked command in '/home/cuadriga/cuadriga_ws/Cuadriga/src/Cuadriga_IA_/build/fixposition_driver_lib' returned '0': CMAKE_PREFIX_PATH=/home/cuadriga/cuadriga_ws/Cuadriga/src/Cuadriga_IA_/install/fixposition_gnss_tf:/home/cuadriga/tfgcuadriga/install/udp_driver:/home/cuadriga/tfgcuadriga/install/serial_driver:/home/cuadriga/tfgcuadriga/install/joy:/home/cuadriga/tfgcuadriga/install/io_context:/home/cuadriga/tfgcuadriga/install/fixposition_odometry_converter_ros2:/home/cuadriga/tfgcuadriga/install/fixposition_driver_ros2:/home/cuadriga/tfgcuadriga/install/fixposition_driver_lib:/home/cuadriga/tfgcuadriga/install/fixposition_gnss_tf:/home/cuadriga/tfgcuadriga/install/cuadriga:/home/cuadriga/tfgcuadriga/install/cuadriga_interfaces:/home/cuadriga/tfgcuadriga/install/asio_cmake_module:/home/cuadriga/tfgcuadriga/install/gpx_loader:/opt/ros/humble LD_LIBRARY_PATH=/home/cuadriga/cuadriga_ws/Cuadriga/src/Cuadriga_IA_/install/fixposition_gnss_tf/lib:${LD_LIBRARY_PATH} PKG_CONFIG_PATH=/home/cuadriga/cuadriga_ws/Cuadriga/src/Cuadriga_IA_/install/fixposition_gnss_tf/lib/x86_64-linux-gnu/pkgconfig:/home/cuadriga/cuadriga_ws/Cuadriga/src/Cuadriga_IA_/install/fixposition_gnss_tf/lib/pkgconfig:${PKG_CONFIG_PATH} /usr/bin/cmake --build /home/cuadriga/cuadriga_ws/Cuadriga/src/Cuadriga_IA_/build/fixposition_driver_lib -- -j8 -l8
[5.637s] Invoking command in '/home/cuadriga/cuadriga_ws/Cuadriga/src/Cuadriga_IA_/build/fixposition_driver_lib': CMAKE_PREFIX_PATH=/home/cuadriga/cuadriga_ws/Cuadriga/src/Cuadriga_IA_/install/fixposition_gnss_tf:/home/cuadriga/tfgcuadriga/install/udp_driver:/home/cuadriga/tfgcuadriga/install/serial_driver:/home/cuadriga/tfgcuadriga/install/joy:/home/cuadriga/tfgcuadriga/install/io_context:/home/cuadriga/tfgcuadriga/install/fixposition_odometry_converter_ros2:/home/cuadriga/tfgcuadriga/install/fixposition_driver_ros2:/home/cuadriga/tfgcuadriga/install/fixposition_driver_lib:/home/cuadriga/tfgcuadriga/install/fixposition_gnss_tf:/home/cuadriga/tfgcuadriga/install/cuadriga:/home/cuadriga/tfgcuadriga/install/cuadriga_interfaces:/home/cuadriga/tfgcuadriga/install/asio_cmake_module:/home/cuadriga/tfgcuadriga/install/gpx_loader:/opt/ros/humble LD_LIBRARY_PATH=/home/cuadriga/cuadriga_ws/Cuadriga/src/Cuadriga_IA_/install/fixposition_gnss_tf/lib:${LD_LIBRARY_PATH} PKG_CONFIG_PATH=/home/cuadriga/cuadriga_ws/Cuadriga/src/Cuadriga_IA_/install/fixposition_gnss_tf/lib/x86_64-linux-gnu/pkgconfig:/home/cuadriga/cuadriga_ws/Cuadriga/src/Cuadriga_IA_/install/fixposition_gnss_tf/lib/pkgconfig:${PKG_CONFIG_PATH} /usr/bin/cmake --install /home/cuadriga/cuadriga_ws/Cuadriga/src/Cuadriga_IA_/build/fixposition_driver_lib
[5.644s] -- Install configuration: "Release"
[5.644s] -- Installing: /home/cuadriga/cuadriga_ws/Cuadriga/src/Cuadriga_IA_/install/fixposition_driver_lib/./include
[5.645s] -- Installing: /home/cuadriga/cuadriga_ws/Cuadriga/src/Cuadriga_IA_/install/fixposition_driver_lib/./include/fixposition_driver_lib
[5.645s] -- Installing: /home/cuadriga/cuadriga_ws/Cuadriga/src/Cuadriga_IA_/install/fixposition_driver_lib/./include/fixposition_driver_lib/nov_type.hpp
[5.645s] -- Installing: /home/cuadriga/cuadriga_ws/Cuadriga/src/Cuadriga_IA_/install/fixposition_driver_lib/./include/fixposition_driver_lib/converter
[5.645s] -- Installing: /home/cuadriga/cuadriga_ws/Cuadriga/src/Cuadriga_IA_/install/fixposition_driver_lib/./include/fixposition_driver_lib/converter/tf.hpp
[5.645s] -- Installing: /home/cuadriga/cuadriga_ws/Cuadriga/src/Cuadriga_IA_/install/fixposition_driver_lib/./include/fixposition_driver_lib/converter/odometry.hpp
[5.645s] -- Installing: /home/cuadriga/cuadriga_ws/Cuadriga/src/Cuadriga_IA_/install/fixposition_driver_lib/./include/fixposition_driver_lib/converter/imu.hpp
[5.645s] -- Installing: /home/cuadriga/cuadriga_ws/Cuadriga/src/Cuadriga_IA_/install/fixposition_driver_lib/./include/fixposition_driver_lib/converter/base_converter.hpp
[5.646s] -- Installing: /home/cuadriga/cuadriga_ws/Cuadriga/src/Cuadriga_IA_/install/fixposition_driver_lib/./include/fixposition_driver_lib/converter/llh.hpp
[5.646s] -- Installing: /home/cuadriga/cuadriga_ws/Cuadriga/src/Cuadriga_IA_/install/fixposition_driver_lib/./include/fixposition_driver_lib/time_conversions.hpp
[5.646s] -- Installing: /home/cuadriga/cuadriga_ws/Cuadriga/src/Cuadriga_IA_/install/fixposition_driver_lib/./include/fixposition_driver_lib/parser.hpp
[5.646s] -- Installing: /home/cuadriga/cuadriga_ws/Cuadriga/src/Cuadriga_IA_/install/fixposition_driver_lib/./include/fixposition_driver_lib/rawdmi.hpp
[5.646s] -- Installing: /home/cuadriga/cuadriga_ws/Cuadriga/src/Cuadriga_IA_/install/fixposition_driver_lib/./include/fixposition_driver_lib/fixposition_driver.hpp
[5.646s] -- Installing: /home/cuadriga/cuadriga_ws/Cuadriga/src/Cuadriga_IA_/install/fixposition_driver_lib/./include/fixposition_driver_lib/msg_data.hpp
[5.646s] -- Installing: /home/cuadriga/cuadriga_ws/Cuadriga/src/Cuadriga_IA_/install/fixposition_driver_lib/./include/fixposition_driver_lib/params.hpp
[5.646s] -- Installing: /home/cuadriga/cuadriga_ws/Cuadriga/src/Cuadriga_IA_/install/fixposition_driver_lib/./include/fixposition_driver_lib/helper.hpp
[5.646s] -- Installing: /home/cuadriga/cuadriga_ws/Cuadriga/src/Cuadriga_IA_/install/fixposition_driver_lib/lib/libfixposition_driver_lib.so
[5.647s] -- Set runtime path of "/home/cuadriga/cuadriga_ws/Cuadriga/src/Cuadriga_IA_/install/fixposition_driver_lib/lib/libfixposition_driver_lib.so" to ""
[5.647s] -- Up-to-date: /home/cuadriga/cuadriga_ws/Cuadriga/src/Cuadriga_IA_/install/fixposition_driver_lib/lib/libfixposition_driver_lib.so
[5.647s] -- Installing: /home/cuadriga/cuadriga_ws/Cuadriga/src/Cuadriga_IA_/install/fixposition_driver_lib/lib/cmake/fixposition_driver_lib/fixposition_driver_lib-targets.cmake
[5.647s] -- Installing: /home/cuadriga/cuadriga_ws/Cuadriga/src/Cuadriga_IA_/install/fixposition_driver_lib/lib/cmake/fixposition_driver_lib/fixposition_driver_lib-targets-release.cmake
[5.647s] -- Up-to-date: /home/cuadriga/cuadriga_ws/Cuadriga/src/Cuadriga_IA_/install/fixposition_driver_lib/include/fixposition_driver_lib
[5.648s] -- Up-to-date: /home/cuadriga/cuadriga_ws/Cuadriga/src/Cuadriga_IA_/install/fixposition_driver_lib/include/fixposition_driver_lib/nov_type.hpp
[5.648s] -- Up-to-date: /home/cuadriga/cuadriga_ws/Cuadriga/src/Cuadriga_IA_/install/fixposition_driver_lib/include/fixposition_driver_lib/converter
[5.648s] -- Up-to-date: /home/cuadriga/cuadriga_ws/Cuadriga/src/Cuadriga_IA_/install/fixposition_driver_lib/include/fixposition_driver_lib/converter/tf.hpp
[5.648s] -- Up-to-date: /home/cuadriga/cuadriga_ws/Cuadriga/src/Cuadriga_IA_/install/fixposition_driver_lib/include/fixposition_driver_lib/converter/odometry.hpp
[5.648s] -- Up-to-date: /home/cuadriga/cuadriga_ws/Cuadriga/src/Cuadriga_IA_/install/fixposition_driver_lib/include/fixposition_driver_lib/converter/imu.hpp
[5.648s] -- Up-to-date: /home/cuadriga/cuadriga_ws/Cuadriga/src/Cuadriga_IA_/install/fixposition_driver_lib/include/fixposition_driver_lib/converter/base_converter.hpp
[5.648s] -- Up-to-date: /home/cuadriga/cuadriga_ws/Cuadriga/src/Cuadriga_IA_/install/fixposition_driver_lib/include/fixposition_driver_lib/converter/llh.hpp
[5.648s] -- Up-to-date: /home/cuadriga/cuadriga_ws/Cuadriga/src/Cuadriga_IA_/install/fixposition_driver_lib/include/fixposition_driver_lib/time_conversions.hpp
[5.649s] -- Up-to-date: /home/cuadriga/cuadriga_ws/Cuadriga/src/Cuadriga_IA_/install/fixposition_driver_lib/include/fixposition_driver_lib/parser.hpp
[5.649s] -- Up-to-date: /home/cuadriga/cuadriga_ws/Cuadriga/src/Cuadriga_IA_/install/fixposition_driver_lib/include/fixposition_driver_lib/rawdmi.hpp
[5.649s] -- Up-to-date: /home/cuadriga/cuadriga_ws/Cuadriga/src/Cuadriga_IA_/install/fixposition_driver_lib/include/fixposition_driver_lib/fixposition_driver.hpp
[5.649s] -- Up-to-date: /home/cuadriga/cuadriga_ws/Cuadriga/src/Cuadriga_IA_/install/fixposition_driver_lib/include/fixposition_driver_lib/msg_data.hpp
[5.649s] -- Up-to-date: /home/cuadriga/cuadriga_ws/Cuadriga/src/Cuadriga_IA_/install/fixposition_driver_lib/include/fixposition_driver_lib/params.hpp
[5.649s] -- Up-to-date: /home/cuadriga/cuadriga_ws/Cuadriga/src/Cuadriga_IA_/install/fixposition_driver_lib/include/fixposition_driver_lib/helper.hpp
[5.649s] -- Installing: /home/cuadriga/cuadriga_ws/Cuadriga/src/Cuadriga_IA_/install/fixposition_driver_lib/share/fixposition_driver_lib/package.xml
[5.649s] -- Installing: /home/cuadriga/cuadriga_ws/Cuadriga/src/Cuadriga_IA_/install/fixposition_driver_lib/lib/cmake/fixposition_driver_lib/fixposition_driver_lib-config.cmake
[5.650s] -- Installing: /home/cuadriga/cuadriga_ws/Cuadriga/src/Cuadriga_IA_/install/fixposition_driver_lib/lib/cmake/fixposition_driver_lib/fixposition_driver_lib-config-version.cmake
[5.650s] Invoked command in '/home/cuadriga/cuadriga_ws/Cuadriga/src/Cuadriga_IA_/build/fixposition_driver_lib' returned '0': CMAKE_PREFIX_PATH=/home/cuadriga/cuadriga_ws/Cuadriga/src/Cuadriga_IA_/install/fixposition_gnss_tf:/home/cuadriga/tfgcuadriga/install/udp_driver:/home/cuadriga/tfgcuadriga/install/serial_driver:/home/cuadriga/tfgcuadriga/install/joy:/home/cuadriga/tfgcuadriga/install/io_context:/home/cuadriga/tfgcuadriga/install/fixposition_odometry_converter_ros2:/home/cuadriga/tfgcuadriga/install/fixposition_driver_ros2:/home/cuadriga/tfgcuadriga/install/fixposition_driver_lib:/home/cuadriga/tfgcuadriga/install/fixposition_gnss_tf:/home/cuadriga/tfgcuadriga/install/cuadriga:/home/cuadriga/tfgcuadriga/install/cuadriga_interfaces:/home/cuadriga/tfgcuadriga/install/asio_cmake_module:/home/cuadriga/tfgcuadriga/install/gpx_loader:/opt/ros/humble LD_LIBRARY_PATH=/home/cuadriga/cuadriga_ws/Cuadriga/src/Cuadriga_IA_/install/fixposition_gnss_tf/lib:${LD_LIBRARY_PATH} PKG_CONFIG_PATH=/home/cuadriga/cuadriga_ws/Cuadriga/src/Cuadriga_IA_/install/fixposition_gnss_tf/lib/x86_64-linux-gnu/pkgconfig:/home/cuadriga/cuadriga_ws/Cuadriga/src/Cuadriga_IA_/install/fixposition_gnss_tf/lib/pkgconfig:${PKG_CONFIG_PATH} /usr/bin/cmake --install /home/cuadriga/cuadriga_ws/Cuadriga/src/Cuadriga_IA_/build/fixposition_driver_lib
