[0.014s] Invoking command in '/home/cuadriga/cuadriga_ws/Cuadriga/src/Cuadriga/build/cuadriga_interfaces': CMAKE_PREFIX_PATH=${CMAKE_PREFIX_PATH}:/home/cuadriga/tfgcuadriga/install/gpx_loader:/opt/ros/humble /usr/bin/cmake /home/cuadriga/cuadriga_ws/Cuadriga/src/Cuadriga/src/cuadriga_interfaces -DCMAKE_INSTALL_PREFIX=/home/cuadriga/cuadriga_ws/Cuadriga/src/Cuadriga/install/cuadriga_interfaces
[0.310s] -- The C compiler identification is GNU 11.4.0
[0.366s] -- The CXX compiler identification is GNU 11.4.0
[0.374s] -- Detecting C compiler ABI info
[0.446s] -- Detecting C compiler ABI info - done
[0.454s] -- Check for working C compiler: /usr/bin/cc - skipped
[0.455s] -- Detecting C compile features
[0.455s] -- Detecting C compile features - done
[0.460s] -- Detecting CXX compiler ABI info
[0.536s] -- Detecting CXX compiler ABI info - done
[0.544s] -- Check for working CXX compiler: /usr/bin/c++ - skipped
[0.544s] -- Detecting CXX compile features
[0.544s] -- Detecting CXX compile features - done
[0.554s] -- Found ament_cmake: 1.3.12 (/opt/ros/humble/share/ament_cmake/cmake)
[0.708s] -- Found Python3: /usr/bin/python3 (found version "3.10.12") found components: Interpreter 
[0.839s] -- Found rosidl_default_generators: 1.2.0 (/opt/ros/humble/share/rosidl_default_generators/cmake)
[0.848s] -- Using all available rosidl_typesupport_c: rosidl_typesupport_fastrtps_c;rosidl_typesupport_introspection_c
[0.860s] -- Found rosidl_adapter: 3.1.7 (/opt/ros/humble/share/rosidl_adapter/cmake)
[0.920s] -- Using all available rosidl_typesupport_cpp: rosidl_typesupport_fastrtps_cpp;rosidl_typesupport_introspection_cpp
[0.969s] -- Found sensor_msgs: 4.9.0 (/opt/ros/humble/share/sensor_msgs/cmake)
[1.069s] -- Found ament_lint_auto: 0.12.14 (/opt/ros/humble/share/ament_lint_auto/cmake)
[1.388s] -- Found ament_cmake_ros: 0.10.0 (/opt/ros/humble/share/ament_cmake_ros/cmake)
[1.679s] -- Using all available rosidl_typesupport_c: rosidl_typesupport_fastrtps_c;rosidl_typesupport_introspection_c
[2.080s] -- Using all available rosidl_typesupport_cpp: rosidl_typesupport_fastrtps_cpp;rosidl_typesupport_introspection_cpp
[2.113s] -- Found PythonInterp: /usr/bin/python3 (found suitable version "3.10.12", minimum required is "3.6") 
[2.117s] -- Found python_cmake_module: 0.10.0 (/opt/ros/humble/share/python_cmake_module/cmake)
[2.156s] -- Found PythonLibs: /usr/lib/x86_64-linux-gnu/libpython3.10.so (found suitable version "3.10.12", minimum required is "3.5") 
[2.156s] -- Using PYTHON_EXECUTABLE: /usr/bin/python3
[2.156s] -- Using PYTHON_INCLUDE_DIRS: /usr/include/python3.10
[2.156s] -- Using PYTHON_LIBRARIES: /usr/lib/x86_64-linux-gnu/libpython3.10.so
[2.187s] -- Found PythonExtra: .so  
[2.289s] -- Added test 'lint_cmake' to check CMake code style
[2.291s] -- Added test 'xmllint' to check XML markup files
[2.302s] -- Configuring done
[2.349s] -- Generating done
[2.366s] -- Build files have been written to: /home/cuadriga/cuadriga_ws/Cuadriga/src/Cuadriga/build/cuadriga_interfaces
[2.375s] Invoked command in '/home/cuadriga/cuadriga_ws/Cuadriga/src/Cuadriga/build/cuadriga_interfaces' returned '0': CMAKE_PREFIX_PATH=${CMAKE_PREFIX_PATH}:/home/cuadriga/tfgcuadriga/install/gpx_loader:/opt/ros/humble /usr/bin/cmake /home/cuadriga/cuadriga_ws/Cuadriga/src/Cuadriga/src/cuadriga_interfaces -DCMAKE_INSTALL_PREFIX=/home/cuadriga/cuadriga_ws/Cuadriga/src/Cuadriga/install/cuadriga_interfaces
[2.377s] Invoking command in '/home/cuadriga/cuadriga_ws/Cuadriga/src/Cuadriga/build/cuadriga_interfaces': CMAKE_PREFIX_PATH=${CMAKE_PREFIX_PATH}:/home/cuadriga/tfgcuadriga/install/gpx_loader:/opt/ros/humble /usr/bin/cmake --build /home/cuadriga/cuadriga_ws/Cuadriga/src/Cuadriga/build/cuadriga_interfaces -- -j8 -l8
[2.420s] [  3%] [34m[1mGenerating C code for ROS interfaces[0m
[2.431s] [  6%] [34m[1mGenerating C++ code for ROS interfaces[0m
[2.445s] [  6%] Built target ament_cmake_python_copy_cuadriga_interfaces
[2.903s] running egg_info
[2.906s] creating cuadriga_interfaces.egg-info
[2.906s] writing cuadriga_interfaces.egg-info/PKG-INFO
[2.906s] writing dependency_links to cuadriga_interfaces.egg-info/dependency_links.txt
[2.907s] writing top-level names to cuadriga_interfaces.egg-info/top_level.txt
[2.908s] writing manifest file 'cuadriga_interfaces.egg-info/SOURCES.txt'
[2.914s] reading manifest file 'cuadriga_interfaces.egg-info/SOURCES.txt'
[2.915s] writing manifest file 'cuadriga_interfaces.egg-info/SOURCES.txt'
[2.998s] [  6%] Built target ament_cmake_python_build_cuadriga_interfaces_egg
[3.023s] [  6%] Built target cuadriga_interfaces__cpp
[3.053s] [  9%] [34m[1mGenerating C++ type support dispatch for ROS interfaces[0m
[3.056s] [ 16%] [34m[1mGenerating C++ introspection for ROS interfaces[0m
[3.056s] [ 16%] [34m[1mGenerating C++ type support for eProsima Fast-RTPS[0m
[3.218s] [ 19%] [32mBuilding C object CMakeFiles/cuadriga_interfaces__rosidl_generator_c.dir/rosidl_generator_c/cuadriga_interfaces/msg/detail/gpx_path__functions.c.o[0m
[3.368s] [ 22%] [32m[1mLinking C shared library libcuadriga_interfaces__rosidl_generator_c.so[0m
[3.477s] [ 22%] Built target cuadriga_interfaces__rosidl_generator_c
[3.507s] [ 25%] [34m[1mGenerating C type support dispatch for ROS interfaces[0m
[3.507s] [ 29%] [34m[1mGenerating C type support for eProsima Fast-RTPS[0m
[3.517s] [ 32%] [34m[1mGenerating C introspection for ROS interfaces[0m
[3.615s] [ 35%] [32mBuilding CXX object CMakeFiles/cuadriga_interfaces__rosidl_typesupport_cpp.dir/rosidl_typesupport_cpp/cuadriga_interfaces/msg/gpx_path__type_support.cpp.o[0m
[3.675s] [ 38%] [32mBuilding CXX object CMakeFiles/cuadriga_interfaces__rosidl_typesupport_fastrtps_cpp.dir/rosidl_typesupport_fastrtps_cpp/cuadriga_interfaces/msg/detail/dds_fastrtps/gpx_path__type_support.cpp.o[0m
[3.813s] [ 41%] [32mBuilding CXX object CMakeFiles/cuadriga_interfaces__rosidl_typesupport_introspection_cpp.dir/rosidl_typesupport_introspection_cpp/cuadriga_interfaces/msg/detail/gpx_path__type_support.cpp.o[0m
[4.049s] [ 45%] [32mBuilding CXX object CMakeFiles/cuadriga_interfaces__rosidl_typesupport_c.dir/rosidl_typesupport_c/cuadriga_interfaces/msg/gpx_path__type_support.cpp.o[0m
[4.151s] [ 48%] [32m[1mLinking CXX shared library libcuadriga_interfaces__rosidl_typesupport_c.so[0m
[4.196s] [ 51%] [32mBuilding CXX object CMakeFiles/cuadriga_interfaces__rosidl_typesupport_fastrtps_c.dir/rosidl_typesupport_fastrtps_c/cuadriga_interfaces/msg/detail/gpx_path__type_support_c.cpp.o[0m
[4.198s] [ 54%] [32m[1mLinking CXX shared library libcuadriga_interfaces__rosidl_typesupport_cpp.so[0m
[4.284s] [ 58%] [32mBuilding C object CMakeFiles/cuadriga_interfaces__rosidl_typesupport_introspection_c.dir/rosidl_typesupport_introspection_c/cuadriga_interfaces/msg/detail/gpx_path__type_support.c.o[0m
[4.285s] [ 58%] Built target cuadriga_interfaces__rosidl_typesupport_c
[4.328s] [ 58%] Built target cuadriga_interfaces__rosidl_typesupport_cpp
[4.409s] [ 61%] [32m[1mLinking C shared library libcuadriga_interfaces__rosidl_typesupport_introspection_c.so[0m
[4.527s] [ 61%] Built target cuadriga_interfaces__rosidl_typesupport_introspection_c
[4.756s] [ 64%] [32m[1mLinking CXX shared library libcuadriga_interfaces__rosidl_typesupport_fastrtps_cpp.so[0m
[4.763s] [ 67%] [32m[1mLinking CXX shared library libcuadriga_interfaces__rosidl_typesupport_introspection_cpp.so[0m
[5.026s] [ 67%] Built target cuadriga_interfaces__rosidl_typesupport_fastrtps_cpp
[5.026s] [ 67%] Built target cuadriga_interfaces__rosidl_typesupport_introspection_cpp
[5.609s] [ 70%] [32m[1mLinking CXX shared library libcuadriga_interfaces__rosidl_typesupport_fastrtps_c.so[0m
[5.863s] [ 70%] Built target cuadriga_interfaces__rosidl_typesupport_fastrtps_c
[5.942s] [ 70%] Built target cuadriga_interfaces
[6.028s] [ 74%] [34m[1mGenerating Python code for ROS interfaces[0m
[7.064s] [ 74%] Built target cuadriga_interfaces__py
[7.132s] [ 77%] [32mBuilding C object CMakeFiles/cuadriga_interfaces__rosidl_generator_py.dir/rosidl_generator_py/cuadriga_interfaces/msg/_gpx_path_s.c.o[0m
[7.555s] [ 80%] [32m[1mLinking C shared library rosidl_generator_py/cuadriga_interfaces/libcuadriga_interfaces__rosidl_generator_py.so[0m
[7.710s] [ 80%] Built target cuadriga_interfaces__rosidl_generator_py
[7.782s] [ 87%] [32mBuilding C object CMakeFiles/cuadriga_interfaces__rosidl_typesupport_introspection_c__pyext.dir/rosidl_generator_py/cuadriga_interfaces/_cuadriga_interfaces_s.ep.rosidl_typesupport_introspection_c.c.o[0m
[7.782s] [ 90%] [32mBuilding C object CMakeFiles/cuadriga_interfaces__rosidl_typesupport_fastrtps_c__pyext.dir/rosidl_generator_py/cuadriga_interfaces/_cuadriga_interfaces_s.ep.rosidl_typesupport_fastrtps_c.c.o[0m
[7.782s] [ 90%] [32mBuilding C object CMakeFiles/cuadriga_interfaces__rosidl_typesupport_c__pyext.dir/rosidl_generator_py/cuadriga_interfaces/_cuadriga_interfaces_s.ep.rosidl_typesupport_c.c.o[0m
[8.103s] [ 93%] [32m[1mLinking C shared library rosidl_generator_py/cuadriga_interfaces/cuadriga_interfaces_s__rosidl_typesupport_c.cpython-310-x86_64-linux-gnu.so[0m
[8.156s] [ 96%] [32m[1mLinking C shared library rosidl_generator_py/cuadriga_interfaces/cuadriga_interfaces_s__rosidl_typesupport_fastrtps_c.cpython-310-x86_64-linux-gnu.so[0m
[8.161s] [100%] [32m[1mLinking C shared library rosidl_generator_py/cuadriga_interfaces/cuadriga_interfaces_s__rosidl_typesupport_introspection_c.cpython-310-x86_64-linux-gnu.so[0m
[8.219s] [100%] Built target cuadriga_interfaces__rosidl_typesupport_c__pyext
[8.309s] [100%] Built target cuadriga_interfaces__rosidl_typesupport_fastrtps_c__pyext
[8.318s] [100%] Built target cuadriga_interfaces__rosidl_typesupport_introspection_c__pyext
[8.365s] Invoked command in '/home/cuadriga/cuadriga_ws/Cuadriga/src/Cuadriga/build/cuadriga_interfaces' returned '0': CMAKE_PREFIX_PATH=${CMAKE_PREFIX_PATH}:/home/cuadriga/tfgcuadriga/install/gpx_loader:/opt/ros/humble /usr/bin/cmake --build /home/cuadriga/cuadriga_ws/Cuadriga/src/Cuadriga/build/cuadriga_interfaces -- -j8 -l8
[8.366s] Invoking command in '/home/cuadriga/cuadriga_ws/Cuadriga/src/Cuadriga/build/cuadriga_interfaces': CMAKE_PREFIX_PATH=${CMAKE_PREFIX_PATH}:/home/cuadriga/tfgcuadriga/install/gpx_loader:/opt/ros/humble /usr/bin/cmake --install /home/cuadriga/cuadriga_ws/Cuadriga/src/Cuadriga/build/cuadriga_interfaces
[8.389s] -- Install configuration: ""
[8.389s] -- Installing: /home/cuadriga/cuadriga_ws/Cuadriga/src/Cuadriga/install/cuadriga_interfaces/share/ament_index/resource_index/rosidl_interfaces/cuadriga_interfaces
[8.391s] -- Installing: /home/cuadriga/cuadriga_ws/Cuadriga/src/Cuadriga/install/cuadriga_interfaces/include/cuadriga_interfaces/cuadriga_interfaces
[8.391s] -- Installing: /home/cuadriga/cuadriga_ws/Cuadriga/src/Cuadriga/install/cuadriga_interfaces/include/cuadriga_interfaces/cuadriga_interfaces/msg
[8.391s] -- Installing: /home/cuadriga/cuadriga_ws/Cuadriga/src/Cuadriga/install/cuadriga_interfaces/include/cuadriga_interfaces/cuadriga_interfaces/msg/detail
[8.391s] -- Installing: /home/cuadriga/cuadriga_ws/Cuadriga/src/Cuadriga/install/cuadriga_interfaces/include/cuadriga_interfaces/cuadriga_interfaces/msg/detail/gpx_path__functions.c
[8.393s] -- Installing: /home/cuadriga/cuadriga_ws/Cuadriga/src/Cuadriga/install/cuadriga_interfaces/include/cuadriga_interfaces/cuadriga_interfaces/msg/detail/gpx_path__type_support.h
[8.393s] -- Installing: /home/cuadriga/cuadriga_ws/Cuadriga/src/Cuadriga/install/cuadriga_interfaces/include/cuadriga_interfaces/cuadriga_interfaces/msg/detail/gpx_path__struct.h
[8.394s] -- Installing: /home/cuadriga/cuadriga_ws/Cuadriga/src/Cuadriga/install/cuadriga_interfaces/include/cuadriga_interfaces/cuadriga_interfaces/msg/detail/gpx_path__functions.h
[8.396s] -- Installing: /home/cuadriga/cuadriga_ws/Cuadriga/src/Cuadriga/install/cuadriga_interfaces/include/cuadriga_interfaces/cuadriga_interfaces/msg/gpx_path.h
[8.396s] -- Installing: /home/cuadriga/cuadriga_ws/Cuadriga/src/Cuadriga/install/cuadriga_interfaces/include/cuadriga_interfaces/cuadriga_interfaces/msg/rosidl_generator_c__visibility_control.h
[8.396s] -- Installing: /home/cuadriga/cuadriga_ws/Cuadriga/src/Cuadriga/install/cuadriga_interfaces/share/cuadriga_interfaces/environment/library_path.sh
[8.396s] -- Installing: /home/cuadriga/cuadriga_ws/Cuadriga/src/Cuadriga/install/cuadriga_interfaces/share/cuadriga_interfaces/environment/library_path.dsv
[8.398s] -- Installing: /home/cuadriga/cuadriga_ws/Cuadriga/src/Cuadriga/install/cuadriga_interfaces/lib/libcuadriga_interfaces__rosidl_generator_c.so
[8.399s] -- Set runtime path of "/home/cuadriga/cuadriga_ws/Cuadriga/src/Cuadriga/install/cuadriga_interfaces/lib/libcuadriga_interfaces__rosidl_generator_c.so" to ""
[8.399s] -- Up-to-date: /home/cuadriga/cuadriga_ws/Cuadriga/src/Cuadriga/install/cuadriga_interfaces/include/cuadriga_interfaces/cuadriga_interfaces
[8.399s] -- Up-to-date: /home/cuadriga/cuadriga_ws/Cuadriga/src/Cuadriga/install/cuadriga_interfaces/include/cuadriga_interfaces/cuadriga_interfaces/msg
[8.399s] -- Up-to-date: /home/cuadriga/cuadriga_ws/Cuadriga/src/Cuadriga/install/cuadriga_interfaces/include/cuadriga_interfaces/cuadriga_interfaces/msg/detail
[8.399s] -- Installing: /home/cuadriga/cuadriga_ws/Cuadriga/src/Cuadriga/install/cuadriga_interfaces/include/cuadriga_interfaces/cuadriga_interfaces/msg/detail/gpx_path__rosidl_typesupport_fastrtps_c.h
[8.400s] -- Installing: /home/cuadriga/cuadriga_ws/Cuadriga/src/Cuadriga/install/cuadriga_interfaces/include/cuadriga_interfaces/cuadriga_interfaces/msg/rosidl_typesupport_fastrtps_c__visibility_control.h
[8.400s] -- Installing: /home/cuadriga/cuadriga_ws/Cuadriga/src/Cuadriga/install/cuadriga_interfaces/lib/libcuadriga_interfaces__rosidl_typesupport_fastrtps_c.so
[8.401s] -- Set runtime path of "/home/cuadriga/cuadriga_ws/Cuadriga/src/Cuadriga/install/cuadriga_interfaces/lib/libcuadriga_interfaces__rosidl_typesupport_fastrtps_c.so" to ""
[8.401s] -- Up-to-date: /home/cuadriga/cuadriga_ws/Cuadriga/src/Cuadriga/install/cuadriga_interfaces/include/cuadriga_interfaces/cuadriga_interfaces
[8.401s] -- Up-to-date: /home/cuadriga/cuadriga_ws/Cuadriga/src/Cuadriga/install/cuadriga_interfaces/include/cuadriga_interfaces/cuadriga_interfaces/msg
[8.401s] -- Up-to-date: /home/cuadriga/cuadriga_ws/Cuadriga/src/Cuadriga/install/cuadriga_interfaces/include/cuadriga_interfaces/cuadriga_interfaces/msg/detail
[8.401s] -- Installing: /home/cuadriga/cuadriga_ws/Cuadriga/src/Cuadriga/install/cuadriga_interfaces/include/cuadriga_interfaces/cuadriga_interfaces/msg/detail/gpx_path__rosidl_typesupport_introspection_c.h
[8.402s] -- Installing: /home/cuadriga/cuadriga_ws/Cuadriga/src/Cuadriga/install/cuadriga_interfaces/include/cuadriga_interfaces/cuadriga_interfaces/msg/detail/gpx_path__type_support.c
[8.405s] -- Installing: /home/cuadriga/cuadriga_ws/Cuadriga/src/Cuadriga/install/cuadriga_interfaces/include/cuadriga_interfaces/cuadriga_interfaces/msg/rosidl_typesupport_introspection_c__visibility_control.h
[8.405s] -- Installing: /home/cuadriga/cuadriga_ws/Cuadriga/src/Cuadriga/install/cuadriga_interfaces/lib/libcuadriga_interfaces__rosidl_typesupport_introspection_c.so
[8.405s] -- Set runtime path of "/home/cuadriga/cuadriga_ws/Cuadriga/src/Cuadriga/install/cuadriga_interfaces/lib/libcuadriga_interfaces__rosidl_typesupport_introspection_c.so" to ""
[8.405s] -- Installing: /home/cuadriga/cuadriga_ws/Cuadriga/src/Cuadriga/install/cuadriga_interfaces/lib/libcuadriga_interfaces__rosidl_typesupport_c.so
[8.410s] -- Set runtime path of "/home/cuadriga/cuadriga_ws/Cuadriga/src/Cuadriga/install/cuadriga_interfaces/lib/libcuadriga_interfaces__rosidl_typesupport_c.so" to ""
[8.410s] -- Up-to-date: /home/cuadriga/cuadriga_ws/Cuadriga/src/Cuadriga/install/cuadriga_interfaces/include/cuadriga_interfaces/cuadriga_interfaces
[8.410s] -- Up-to-date: /home/cuadriga/cuadriga_ws/Cuadriga/src/Cuadriga/install/cuadriga_interfaces/include/cuadriga_interfaces/cuadriga_interfaces/msg
[8.411s] -- Up-to-date: /home/cuadriga/cuadriga_ws/Cuadriga/src/Cuadriga/install/cuadriga_interfaces/include/cuadriga_interfaces/cuadriga_interfaces/msg/detail
[8.411s] -- Installing: /home/cuadriga/cuadriga_ws/Cuadriga/src/Cuadriga/install/cuadriga_interfaces/include/cuadriga_interfaces/cuadriga_interfaces/msg/detail/gpx_path__builder.hpp
[8.411s] -- Installing: /home/cuadriga/cuadriga_ws/Cuadriga/src/Cuadriga/install/cuadriga_interfaces/include/cuadriga_interfaces/cuadriga_interfaces/msg/detail/gpx_path__struct.hpp
[8.411s] -- Installing: /home/cuadriga/cuadriga_ws/Cuadriga/src/Cuadriga/install/cuadriga_interfaces/include/cuadriga_interfaces/cuadriga_interfaces/msg/detail/gpx_path__traits.hpp
[8.411s] -- Installing: /home/cuadriga/cuadriga_ws/Cuadriga/src/Cuadriga/install/cuadriga_interfaces/include/cuadriga_interfaces/cuadriga_interfaces/msg/detail/gpx_path__type_support.hpp
[8.411s] -- Installing: /home/cuadriga/cuadriga_ws/Cuadriga/src/Cuadriga/install/cuadriga_interfaces/include/cuadriga_interfaces/cuadriga_interfaces/msg/gpx_path.hpp
[8.412s] -- Installing: /home/cuadriga/cuadriga_ws/Cuadriga/src/Cuadriga/install/cuadriga_interfaces/include/cuadriga_interfaces/cuadriga_interfaces/msg/rosidl_generator_cpp__visibility_control.hpp
[8.414s] -- Up-to-date: /home/cuadriga/cuadriga_ws/Cuadriga/src/Cuadriga/install/cuadriga_interfaces/include/cuadriga_interfaces/cuadriga_interfaces
[8.414s] -- Up-to-date: /home/cuadriga/cuadriga_ws/Cuadriga/src/Cuadriga/install/cuadriga_interfaces/include/cuadriga_interfaces/cuadriga_interfaces/msg
[8.414s] -- Up-to-date: /home/cuadriga/cuadriga_ws/Cuadriga/src/Cuadriga/install/cuadriga_interfaces/include/cuadriga_interfaces/cuadriga_interfaces/msg/detail
[8.414s] -- Installing: /home/cuadriga/cuadriga_ws/Cuadriga/src/Cuadriga/install/cuadriga_interfaces/include/cuadriga_interfaces/cuadriga_interfaces/msg/detail/dds_fastrtps
[8.414s] -- Installing: /home/cuadriga/cuadriga_ws/Cuadriga/src/Cuadriga/install/cuadriga_interfaces/include/cuadriga_interfaces/cuadriga_interfaces/msg/detail/gpx_path__rosidl_typesupport_fastrtps_cpp.hpp
[8.414s] -- Installing: /home/cuadriga/cuadriga_ws/Cuadriga/src/Cuadriga/install/cuadriga_interfaces/include/cuadriga_interfaces/cuadriga_interfaces/msg/rosidl_typesupport_fastrtps_cpp__visibility_control.h
[8.415s] -- Installing: /home/cuadriga/cuadriga_ws/Cuadriga/src/Cuadriga/install/cuadriga_interfaces/lib/libcuadriga_interfaces__rosidl_typesupport_fastrtps_cpp.so
[8.415s] -- Set runtime path of "/home/cuadriga/cuadriga_ws/Cuadriga/src/Cuadriga/install/cuadriga_interfaces/lib/libcuadriga_interfaces__rosidl_typesupport_fastrtps_cpp.so" to ""
[8.415s] -- Up-to-date: /home/cuadriga/cuadriga_ws/Cuadriga/src/Cuadriga/install/cuadriga_interfaces/include/cuadriga_interfaces/cuadriga_interfaces
[8.415s] -- Up-to-date: /home/cuadriga/cuadriga_ws/Cuadriga/src/Cuadriga/install/cuadriga_interfaces/include/cuadriga_interfaces/cuadriga_interfaces/msg
[8.415s] -- Up-to-date: /home/cuadriga/cuadriga_ws/Cuadriga/src/Cuadriga/install/cuadriga_interfaces/include/cuadriga_interfaces/cuadriga_interfaces/msg/detail
[8.415s] -- Installing: /home/cuadriga/cuadriga_ws/Cuadriga/src/Cuadriga/install/cuadriga_interfaces/include/cuadriga_interfaces/cuadriga_interfaces/msg/detail/gpx_path__type_support.cpp
[8.415s] -- Installing: /home/cuadriga/cuadriga_ws/Cuadriga/src/Cuadriga/install/cuadriga_interfaces/include/cuadriga_interfaces/cuadriga_interfaces/msg/detail/gpx_path__rosidl_typesupport_introspection_cpp.hpp
[8.415s] -- Installing: /home/cuadriga/cuadriga_ws/Cuadriga/src/Cuadriga/install/cuadriga_interfaces/lib/libcuadriga_interfaces__rosidl_typesupport_introspection_cpp.so
[8.422s] -- Set runtime path of "/home/cuadriga/cuadriga_ws/Cuadriga/src/Cuadriga/install/cuadriga_interfaces/lib/libcuadriga_interfaces__rosidl_typesupport_introspection_cpp.so" to ""
[8.422s] -- Installing: /home/cuadriga/cuadriga_ws/Cuadriga/src/Cuadriga/install/cuadriga_interfaces/lib/libcuadriga_interfaces__rosidl_typesupport_cpp.so
[8.422s] -- Set runtime path of "/home/cuadriga/cuadriga_ws/Cuadriga/src/Cuadriga/install/cuadriga_interfaces/lib/libcuadriga_interfaces__rosidl_typesupport_cpp.so" to ""
[8.422s] -- Installing: /home/cuadriga/cuadriga_ws/Cuadriga/src/Cuadriga/install/cuadriga_interfaces/share/cuadriga_interfaces/environment/pythonpath.sh
[8.422s] -- Installing: /home/cuadriga/cuadriga_ws/Cuadriga/src/Cuadriga/install/cuadriga_interfaces/share/cuadriga_interfaces/environment/pythonpath.dsv
[8.422s] -- Installing: /home/cuadriga/cuadriga_ws/Cuadriga/src/Cuadriga/install/cuadriga_interfaces/local/lib/python3.10/dist-packages/cuadriga_interfaces-0.0.0-py3.10.egg-info
[8.423s] -- Installing: /home/cuadriga/cuadriga_ws/Cuadriga/src/Cuadriga/install/cuadriga_interfaces/local/lib/python3.10/dist-packages/cuadriga_interfaces-0.0.0-py3.10.egg-info/PKG-INFO
[8.423s] -- Installing: /home/cuadriga/cuadriga_ws/Cuadriga/src/Cuadriga/install/cuadriga_interfaces/local/lib/python3.10/dist-packages/cuadriga_interfaces-0.0.0-py3.10.egg-info/top_level.txt
[8.423s] -- Installing: /home/cuadriga/cuadriga_ws/Cuadriga/src/Cuadriga/install/cuadriga_interfaces/local/lib/python3.10/dist-packages/cuadriga_interfaces-0.0.0-py3.10.egg-info/SOURCES.txt
[8.425s] -- Installing: /home/cuadriga/cuadriga_ws/Cuadriga/src/Cuadriga/install/cuadriga_interfaces/local/lib/python3.10/dist-packages/cuadriga_interfaces-0.0.0-py3.10.egg-info/dependency_links.txt
[8.425s] -- Installing: /home/cuadriga/cuadriga_ws/Cuadriga/src/Cuadriga/install/cuadriga_interfaces/local/lib/python3.10/dist-packages/cuadriga_interfaces
[8.426s] -- Installing: /home/cuadriga/cuadriga_ws/Cuadriga/src/Cuadriga/install/cuadriga_interfaces/local/lib/python3.10/dist-packages/cuadriga_interfaces/_cuadriga_interfaces_s.ep.rosidl_typesupport_c.c
[8.426s] -- Installing: /home/cuadriga/cuadriga_ws/Cuadriga/src/Cuadriga/install/cuadriga_interfaces/local/lib/python3.10/dist-packages/cuadriga_interfaces/cuadriga_interfaces_s__rosidl_typesupport_c.cpython-310-x86_64-linux-gnu.so
[8.426s] -- Installing: /home/cuadriga/cuadriga_ws/Cuadriga/src/Cuadriga/install/cuadriga_interfaces/local/lib/python3.10/dist-packages/cuadriga_interfaces/libcuadriga_interfaces__rosidl_generator_py.so
[8.426s] -- Installing: /home/cuadriga/cuadriga_ws/Cuadriga/src/Cuadriga/install/cuadriga_interfaces/local/lib/python3.10/dist-packages/cuadriga_interfaces/cuadriga_interfaces_s__rosidl_typesupport_fastrtps_c.cpython-310-x86_64-linux-gnu.so
[8.427s] -- Installing: /home/cuadriga/cuadriga_ws/Cuadriga/src/Cuadriga/install/cuadriga_interfaces/local/lib/python3.10/dist-packages/cuadriga_interfaces/_cuadriga_interfaces_s.ep.rosidl_typesupport_fastrtps_c.c
[8.427s] -- Installing: /home/cuadriga/cuadriga_ws/Cuadriga/src/Cuadriga/install/cuadriga_interfaces/local/lib/python3.10/dist-packages/cuadriga_interfaces/msg
[8.427s] -- Installing: /home/cuadriga/cuadriga_ws/Cuadriga/src/Cuadriga/install/cuadriga_interfaces/local/lib/python3.10/dist-packages/cuadriga_interfaces/msg/_gpx_path_s.c
[8.427s] -- Installing: /home/cuadriga/cuadriga_ws/Cuadriga/src/Cuadriga/install/cuadriga_interfaces/local/lib/python3.10/dist-packages/cuadriga_interfaces/msg/__init__.py
[8.427s] -- Installing: /home/cuadriga/cuadriga_ws/Cuadriga/src/Cuadriga/install/cuadriga_interfaces/local/lib/python3.10/dist-packages/cuadriga_interfaces/msg/_gpx_path.py
[8.428s] -- Installing: /home/cuadriga/cuadriga_ws/Cuadriga/src/Cuadriga/install/cuadriga_interfaces/local/lib/python3.10/dist-packages/cuadriga_interfaces/cuadriga_interfaces_s__rosidl_typesupport_introspection_c.cpython-310-x86_64-linux-gnu.so
[8.428s] -- Installing: /home/cuadriga/cuadriga_ws/Cuadriga/src/Cuadriga/install/cuadriga_interfaces/local/lib/python3.10/dist-packages/cuadriga_interfaces/_cuadriga_interfaces_s.ep.rosidl_typesupport_introspection_c.c
[8.428s] -- Installing: /home/cuadriga/cuadriga_ws/Cuadriga/src/Cuadriga/install/cuadriga_interfaces/local/lib/python3.10/dist-packages/cuadriga_interfaces/__init__.py
[8.553s] Listing '/home/cuadriga/cuadriga_ws/Cuadriga/src/Cuadriga/install/cuadriga_interfaces/local/lib/python3.10/dist-packages/cuadriga_interfaces'...
[8.553s] Compiling '/home/cuadriga/cuadriga_ws/Cuadriga/src/Cuadriga/install/cuadriga_interfaces/local/lib/python3.10/dist-packages/cuadriga_interfaces/__init__.py'...
[8.553s] Listing '/home/cuadriga/cuadriga_ws/Cuadriga/src/Cuadriga/install/cuadriga_interfaces/local/lib/python3.10/dist-packages/cuadriga_interfaces/msg'...
[8.553s] Compiling '/home/cuadriga/cuadriga_ws/Cuadriga/src/Cuadriga/install/cuadriga_interfaces/local/lib/python3.10/dist-packages/cuadriga_interfaces/msg/__init__.py'...
[8.553s] Compiling '/home/cuadriga/cuadriga_ws/Cuadriga/src/Cuadriga/install/cuadriga_interfaces/local/lib/python3.10/dist-packages/cuadriga_interfaces/msg/_gpx_path.py'...
[8.571s] -- Installing: /home/cuadriga/cuadriga_ws/Cuadriga/src/Cuadriga/install/cuadriga_interfaces/local/lib/python3.10/dist-packages/cuadriga_interfaces/cuadriga_interfaces_s__rosidl_typesupport_fastrtps_c.cpython-310-x86_64-linux-gnu.so
[8.574s] -- Set runtime path of "/home/cuadriga/cuadriga_ws/Cuadriga/src/Cuadriga/install/cuadriga_interfaces/local/lib/python3.10/dist-packages/cuadriga_interfaces/cuadriga_interfaces_s__rosidl_typesupport_fastrtps_c.cpython-310-x86_64-linux-gnu.so" to ""
[8.574s] -- Installing: /home/cuadriga/cuadriga_ws/Cuadriga/src/Cuadriga/install/cuadriga_interfaces/local/lib/python3.10/dist-packages/cuadriga_interfaces/cuadriga_interfaces_s__rosidl_typesupport_introspection_c.cpython-310-x86_64-linux-gnu.so
[8.579s] -- Set runtime path of "/home/cuadriga/cuadriga_ws/Cuadriga/src/Cuadriga/install/cuadriga_interfaces/local/lib/python3.10/dist-packages/cuadriga_interfaces/cuadriga_interfaces_s__rosidl_typesupport_introspection_c.cpython-310-x86_64-linux-gnu.so" to ""
[8.580s] -- Installing: /home/cuadriga/cuadriga_ws/Cuadriga/src/Cuadriga/install/cuadriga_interfaces/local/lib/python3.10/dist-packages/cuadriga_interfaces/cuadriga_interfaces_s__rosidl_typesupport_c.cpython-310-x86_64-linux-gnu.so
[8.580s] -- Set runtime path of "/home/cuadriga/cuadriga_ws/Cuadriga/src/Cuadriga/install/cuadriga_interfaces/local/lib/python3.10/dist-packages/cuadriga_interfaces/cuadriga_interfaces_s__rosidl_typesupport_c.cpython-310-x86_64-linux-gnu.so" to ""
[8.580s] -- Installing: /home/cuadriga/cuadriga_ws/Cuadriga/src/Cuadriga/install/cuadriga_interfaces/lib/libcuadriga_interfaces__rosidl_generator_py.so
[8.581s] -- Set runtime path of "/home/cuadriga/cuadriga_ws/Cuadriga/src/Cuadriga/install/cuadriga_interfaces/lib/libcuadriga_interfaces__rosidl_generator_py.so" to ""
[8.581s] -- Installing: /home/cuadriga/cuadriga_ws/Cuadriga/src/Cuadriga/install/cuadriga_interfaces/share/cuadriga_interfaces/msg/GPXPath.idl
[8.581s] -- Installing: /home/cuadriga/cuadriga_ws/Cuadriga/src/Cuadriga/install/cuadriga_interfaces/share/cuadriga_interfaces/msg/GPXPath.msg
[8.581s] -- Installing: /home/cuadriga/cuadriga_ws/Cuadriga/src/Cuadriga/install/cuadriga_interfaces/share/ament_index/resource_index/package_run_dependencies/cuadriga_interfaces
[8.581s] -- Installing: /home/cuadriga/cuadriga_ws/Cuadriga/src/Cuadriga/install/cuadriga_interfaces/share/ament_index/resource_index/parent_prefix_path/cuadriga_interfaces
[8.582s] -- Installing: /home/cuadriga/cuadriga_ws/Cuadriga/src/Cuadriga/install/cuadriga_interfaces/share/cuadriga_interfaces/environment/ament_prefix_path.sh
[8.582s] -- Installing: /home/cuadriga/cuadriga_ws/Cuadriga/src/Cuadriga/install/cuadriga_interfaces/share/cuadriga_interfaces/environment/ament_prefix_path.dsv
[8.582s] -- Installing: /home/cuadriga/cuadriga_ws/Cuadriga/src/Cuadriga/install/cuadriga_interfaces/share/cuadriga_interfaces/environment/path.sh
[8.582s] -- Installing: /home/cuadriga/cuadriga_ws/Cuadriga/src/Cuadriga/install/cuadriga_interfaces/share/cuadriga_interfaces/environment/path.dsv
[8.582s] -- Installing: /home/cuadriga/cuadriga_ws/Cuadriga/src/Cuadriga/install/cuadriga_interfaces/share/cuadriga_interfaces/local_setup.bash
[8.582s] -- Installing: /home/cuadriga/cuadriga_ws/Cuadriga/src/Cuadriga/install/cuadriga_interfaces/share/cuadriga_interfaces/local_setup.sh
[8.582s] -- Installing: /home/cuadriga/cuadriga_ws/Cuadriga/src/Cuadriga/install/cuadriga_interfaces/share/cuadriga_interfaces/local_setup.zsh
[8.582s] -- Installing: /home/cuadriga/cuadriga_ws/Cuadriga/src/Cuadriga/install/cuadriga_interfaces/share/cuadriga_interfaces/local_setup.dsv
[8.586s] -- Installing: /home/cuadriga/cuadriga_ws/Cuadriga/src/Cuadriga/install/cuadriga_interfaces/share/cuadriga_interfaces/package.dsv
[8.590s] -- Installing: /home/cuadriga/cuadriga_ws/Cuadriga/src/Cuadriga/install/cuadriga_interfaces/share/ament_index/resource_index/packages/cuadriga_interfaces
[8.590s] -- Installing: /home/cuadriga/cuadriga_ws/Cuadriga/src/Cuadriga/install/cuadriga_interfaces/share/cuadriga_interfaces/cmake/export_cuadriga_interfaces__rosidl_generator_cExport.cmake
[8.590s] -- Installing: /home/cuadriga/cuadriga_ws/Cuadriga/src/Cuadriga/install/cuadriga_interfaces/share/cuadriga_interfaces/cmake/export_cuadriga_interfaces__rosidl_generator_cExport-noconfig.cmake
[8.590s] -- Installing: /home/cuadriga/cuadriga_ws/Cuadriga/src/Cuadriga/install/cuadriga_interfaces/share/cuadriga_interfaces/cmake/export_cuadriga_interfaces__rosidl_typesupport_fastrtps_cExport.cmake
[8.590s] -- Installing: /home/cuadriga/cuadriga_ws/Cuadriga/src/Cuadriga/install/cuadriga_interfaces/share/cuadriga_interfaces/cmake/export_cuadriga_interfaces__rosidl_typesupport_fastrtps_cExport-noconfig.cmake
[8.590s] -- Installing: /home/cuadriga/cuadriga_ws/Cuadriga/src/Cuadriga/install/cuadriga_interfaces/share/cuadriga_interfaces/cmake/cuadriga_interfaces__rosidl_typesupport_introspection_cExport.cmake
[8.590s] -- Installing: /home/cuadriga/cuadriga_ws/Cuadriga/src/Cuadriga/install/cuadriga_interfaces/share/cuadriga_interfaces/cmake/cuadriga_interfaces__rosidl_typesupport_introspection_cExport-noconfig.cmake
[8.591s] -- Installing: /home/cuadriga/cuadriga_ws/Cuadriga/src/Cuadriga/install/cuadriga_interfaces/share/cuadriga_interfaces/cmake/cuadriga_interfaces__rosidl_typesupport_cExport.cmake
[8.591s] -- Installing: /home/cuadriga/cuadriga_ws/Cuadriga/src/Cuadriga/install/cuadriga_interfaces/share/cuadriga_interfaces/cmake/cuadriga_interfaces__rosidl_typesupport_cExport-noconfig.cmake
[8.595s] -- Installing: /home/cuadriga/cuadriga_ws/Cuadriga/src/Cuadriga/install/cuadriga_interfaces/share/cuadriga_interfaces/cmake/export_cuadriga_interfaces__rosidl_generator_cppExport.cmake
[8.595s] -- Installing: /home/cuadriga/cuadriga_ws/Cuadriga/src/Cuadriga/install/cuadriga_interfaces/share/cuadriga_interfaces/cmake/export_cuadriga_interfaces__rosidl_typesupport_fastrtps_cppExport.cmake
[8.595s] -- Installing: /home/cuadriga/cuadriga_ws/Cuadriga/src/Cuadriga/install/cuadriga_interfaces/share/cuadriga_interfaces/cmake/export_cuadriga_interfaces__rosidl_typesupport_fastrtps_cppExport-noconfig.cmake
[8.595s] -- Installing: /home/cuadriga/cuadriga_ws/Cuadriga/src/Cuadriga/install/cuadriga_interfaces/share/cuadriga_interfaces/cmake/cuadriga_interfaces__rosidl_typesupport_introspection_cppExport.cmake
[8.595s] -- Installing: /home/cuadriga/cuadriga_ws/Cuadriga/src/Cuadriga/install/cuadriga_interfaces/share/cuadriga_interfaces/cmake/cuadriga_interfaces__rosidl_typesupport_introspection_cppExport-noconfig.cmake
[8.595s] -- Installing: /home/cuadriga/cuadriga_ws/Cuadriga/src/Cuadriga/install/cuadriga_interfaces/share/cuadriga_interfaces/cmake/cuadriga_interfaces__rosidl_typesupport_cppExport.cmake
[8.596s] -- Installing: /home/cuadriga/cuadriga_ws/Cuadriga/src/Cuadriga/install/cuadriga_interfaces/share/cuadriga_interfaces/cmake/cuadriga_interfaces__rosidl_typesupport_cppExport-noconfig.cmake
[8.596s] -- Installing: /home/cuadriga/cuadriga_ws/Cuadriga/src/Cuadriga/install/cuadriga_interfaces/share/cuadriga_interfaces/cmake/export_cuadriga_interfaces__rosidl_generator_pyExport.cmake
[8.596s] -- Installing: /home/cuadriga/cuadriga_ws/Cuadriga/src/Cuadriga/install/cuadriga_interfaces/share/cuadriga_interfaces/cmake/export_cuadriga_interfaces__rosidl_generator_pyExport-noconfig.cmake
[8.596s] -- Installing: /home/cuadriga/cuadriga_ws/Cuadriga/src/Cuadriga/install/cuadriga_interfaces/share/cuadriga_interfaces/cmake/rosidl_cmake-extras.cmake
[8.596s] -- Installing: /home/cuadriga/cuadriga_ws/Cuadriga/src/Cuadriga/install/cuadriga_interfaces/share/cuadriga_interfaces/cmake/ament_cmake_export_dependencies-extras.cmake
[8.596s] -- Installing: /home/cuadriga/cuadriga_ws/Cuadriga/src/Cuadriga/install/cuadriga_interfaces/share/cuadriga_interfaces/cmake/ament_cmake_export_include_directories-extras.cmake
[8.598s] -- Installing: /home/cuadriga/cuadriga_ws/Cuadriga/src/Cuadriga/install/cuadriga_interfaces/share/cuadriga_interfaces/cmake/ament_cmake_export_libraries-extras.cmake
[8.598s] -- Installing: /home/cuadriga/cuadriga_ws/Cuadriga/src/Cuadriga/install/cuadriga_interfaces/share/cuadriga_interfaces/cmake/ament_cmake_export_targets-extras.cmake
[8.599s] -- Installing: /home/cuadriga/cuadriga_ws/Cuadriga/src/Cuadriga/install/cuadriga_interfaces/share/cuadriga_interfaces/cmake/rosidl_cmake_export_typesupport_targets-extras.cmake
[8.599s] -- Installing: /home/cuadriga/cuadriga_ws/Cuadriga/src/Cuadriga/install/cuadriga_interfaces/share/cuadriga_interfaces/cmake/rosidl_cmake_export_typesupport_libraries-extras.cmake
[8.599s] -- Installing: /home/cuadriga/cuadriga_ws/Cuadriga/src/Cuadriga/install/cuadriga_interfaces/share/cuadriga_interfaces/cmake/cuadriga_interfacesConfig.cmake
[8.599s] -- Installing: /home/cuadriga/cuadriga_ws/Cuadriga/src/Cuadriga/install/cuadriga_interfaces/share/cuadriga_interfaces/cmake/cuadriga_interfacesConfig-version.cmake
[8.601s] -- Installing: /home/cuadriga/cuadriga_ws/Cuadriga/src/Cuadriga/install/cuadriga_interfaces/share/cuadriga_interfaces/package.xml
[8.609s] Invoked command in '/home/cuadriga/cuadriga_ws/Cuadriga/src/Cuadriga/build/cuadriga_interfaces' returned '0': CMAKE_PREFIX_PATH=${CMAKE_PREFIX_PATH}:/home/cuadriga/tfgcuadriga/install/gpx_loader:/opt/ros/humble /usr/bin/cmake --install /home/cuadriga/cuadriga_ws/Cuadriga/src/Cuadriga/build/cuadriga_interfaces
