[0.012s] Invoking command in '/home/cuadriga/cuadriga_ws/Cuadriga/src/Cuadriga_IA_/build/path_manager_interfaces': CMAKE_PREFIX_PATH=${CMAKE_PREFIX_PATH}:/home/cuadriga/tfgcuadriga/install/gpx_loader:/opt/ros/humble /usr/bin/cmake --build /home/cuadriga/cuadriga_ws/Cuadriga/src/Cuadriga_IA_/build/path_manager_interfaces -- -j8 -l8
[0.070s] [ 11%] Built target path_manager_interfaces__rosidl_generator_c
[0.070s] [ 12%] Built target path_manager_interfaces__cpp
[0.081s] [ 12%] Built target ament_cmake_python_symlink_path_manager_interfaces
[0.115s] [ 24%] Built target path_manager_interfaces__rosidl_typesupport_c
[0.130s] [ 44%] Built target path_manager_interfaces__rosidl_typesupport_fastrtps_c
[0.130s] [ 47%] Built target path_manager_interfaces__rosidl_typesupport_cpp
[0.134s] [ 58%] Built target path_manager_interfaces__rosidl_typesupport_fastrtps_cpp
[0.138s] [ 70%] Built target path_manager_interfaces__rosidl_typesupport_introspection_c
[0.139s] [ 81%] Built target path_manager_interfaces__rosidl_typesupport_introspection_cpp
[0.168s] [ 81%] Built target path_manager_interfaces
[0.190s] [ 82%] Built target path_manager_interfaces__py
[0.217s] [ 93%] Built target path_manager_interfaces__rosidl_generator_py
[0.249s] [ 95%] Built target path_manager_interfaces__rosidl_typesupport_fastrtps_c__pyext
[0.249s] [ 97%] Built target path_manager_interfaces__rosidl_typesupport_introspection_c__pyext
[0.250s] [100%] Built target path_manager_interfaces__rosidl_typesupport_c__pyext
[0.369s] running egg_info
[0.369s] writing path_manager_interfaces.egg-info/PKG-INFO
[0.370s] writing dependency_links to path_manager_interfaces.egg-info/dependency_links.txt
[0.370s] writing top-level names to path_manager_interfaces.egg-info/top_level.txt
[0.372s] reading manifest file 'path_manager_interfaces.egg-info/SOURCES.txt'
[0.373s] writing manifest file 'path_manager_interfaces.egg-info/SOURCES.txt'
[0.400s] [100%] Built target ament_cmake_python_build_path_manager_interfaces_egg
[0.413s] Invoked command in '/home/cuadriga/cuadriga_ws/Cuadriga/src/Cuadriga_IA_/build/path_manager_interfaces' returned '0': CMAKE_PREFIX_PATH=${CMAKE_PREFIX_PATH}:/home/cuadriga/tfgcuadriga/install/gpx_loader:/opt/ros/humble /usr/bin/cmake --build /home/cuadriga/cuadriga_ws/Cuadriga/src/Cuadriga_IA_/build/path_manager_interfaces -- -j8 -l8
[0.424s] Invoking command in '/home/cuadriga/cuadriga_ws/Cuadriga/src/Cuadriga_IA_/build/path_manager_interfaces': CMAKE_PREFIX_PATH=${CMAKE_PREFIX_PATH}:/home/cuadriga/tfgcuadriga/install/gpx_loader:/opt/ros/humble /usr/bin/cmake --install /home/cuadriga/cuadriga_ws/Cuadriga/src/Cuadriga_IA_/build/path_manager_interfaces
[0.433s] -- Install configuration: ""
[0.434s] -- Execute custom install script
[0.434s] -- Up-to-date symlink: /home/cuadriga/cuadriga_ws/Cuadriga/src/Cuadriga_IA_/install/path_manager_interfaces/share/ament_index/resource_index/rosidl_interfaces/path_manager_interfaces
[0.435s] -- Up-to-date symlink: /home/cuadriga/cuadriga_ws/Cuadriga/src/Cuadriga_IA_/install/path_manager_interfaces/include/path_manager_interfaces/path_manager_interfaces/msg/rosidl_generator_c__visibility_control.h
[0.435s] -- Up-to-date symlink: /home/cuadriga/cuadriga_ws/Cuadriga/src/Cuadriga_IA_/install/path_manager_interfaces/include/path_manager_interfaces/path_manager_interfaces/srv/assist_emergency.h
[0.436s] -- Up-to-date symlink: /home/cuadriga/cuadriga_ws/Cuadriga/src/Cuadriga_IA_/install/path_manager_interfaces/include/path_manager_interfaces/path_manager_interfaces/srv/detail/assist_emergency__functions.h
[0.436s] -- Up-to-date symlink: /home/cuadriga/cuadriga_ws/Cuadriga/src/Cuadriga_IA_/install/path_manager_interfaces/include/path_manager_interfaces/path_manager_interfaces/srv/detail/assist_emergency__struct.h
[0.436s] -- Up-to-date symlink: /home/cuadriga/cuadriga_ws/Cuadriga/src/Cuadriga_IA_/install/path_manager_interfaces/include/path_manager_interfaces/path_manager_interfaces/srv/detail/assist_emergency__type_support.h
[0.436s] -- Up-to-date symlink: /home/cuadriga/cuadriga_ws/Cuadriga/src/Cuadriga_IA_/install/path_manager_interfaces/include/path_manager_interfaces/path_manager_interfaces/srv/detail/get_fix_frame_path__functions.h
[0.437s] -- Up-to-date symlink: /home/cuadriga/cuadriga_ws/Cuadriga/src/Cuadriga_IA_/install/path_manager_interfaces/include/path_manager_interfaces/path_manager_interfaces/srv/detail/get_fix_frame_path__struct.h
[0.437s] -- Up-to-date symlink: /home/cuadriga/cuadriga_ws/Cuadriga/src/Cuadriga_IA_/install/path_manager_interfaces/include/path_manager_interfaces/path_manager_interfaces/srv/detail/get_fix_frame_path__type_support.h
[0.437s] -- Up-to-date symlink: /home/cuadriga/cuadriga_ws/Cuadriga/src/Cuadriga_IA_/install/path_manager_interfaces/include/path_manager_interfaces/path_manager_interfaces/srv/detail/get_ll_path__functions.h
[0.437s] -- Up-to-date symlink: /home/cuadriga/cuadriga_ws/Cuadriga/src/Cuadriga_IA_/install/path_manager_interfaces/include/path_manager_interfaces/path_manager_interfaces/srv/detail/get_ll_path__struct.h
[0.437s] -- Up-to-date symlink: /home/cuadriga/cuadriga_ws/Cuadriga/src/Cuadriga_IA_/install/path_manager_interfaces/include/path_manager_interfaces/path_manager_interfaces/srv/detail/get_ll_path__type_support.h
[0.438s] -- Up-to-date symlink: /home/cuadriga/cuadriga_ws/Cuadriga/src/Cuadriga_IA_/install/path_manager_interfaces/include/path_manager_interfaces/path_manager_interfaces/srv/detail/plan_path__functions.h
[0.438s] -- Up-to-date symlink: /home/cuadriga/cuadriga_ws/Cuadriga/src/Cuadriga_IA_/install/path_manager_interfaces/include/path_manager_interfaces/path_manager_interfaces/srv/detail/plan_path__struct.h
[0.438s] -- Up-to-date symlink: /home/cuadriga/cuadriga_ws/Cuadriga/src/Cuadriga_IA_/install/path_manager_interfaces/include/path_manager_interfaces/path_manager_interfaces/srv/detail/plan_path__type_support.h
[0.438s] -- Up-to-date symlink: /home/cuadriga/cuadriga_ws/Cuadriga/src/Cuadriga_IA_/install/path_manager_interfaces/include/path_manager_interfaces/path_manager_interfaces/srv/detail/read_path_from_file__functions.h
[0.438s] -- Up-to-date symlink: /home/cuadriga/cuadriga_ws/Cuadriga/src/Cuadriga_IA_/install/path_manager_interfaces/include/path_manager_interfaces/path_manager_interfaces/srv/detail/read_path_from_file__struct.h
[0.439s] -- Up-to-date symlink: /home/cuadriga/cuadriga_ws/Cuadriga/src/Cuadriga_IA_/install/path_manager_interfaces/include/path_manager_interfaces/path_manager_interfaces/srv/detail/read_path_from_file__type_support.h
[0.439s] -- Up-to-date symlink: /home/cuadriga/cuadriga_ws/Cuadriga/src/Cuadriga_IA_/install/path_manager_interfaces/include/path_manager_interfaces/path_manager_interfaces/srv/detail/return_robot_path__functions.h
[0.439s] -- Up-to-date symlink: /home/cuadriga/cuadriga_ws/Cuadriga/src/Cuadriga_IA_/install/path_manager_interfaces/include/path_manager_interfaces/path_manager_interfaces/srv/detail/return_robot_path__struct.h
[0.439s] -- Up-to-date symlink: /home/cuadriga/cuadriga_ws/Cuadriga/src/Cuadriga_IA_/install/path_manager_interfaces/include/path_manager_interfaces/path_manager_interfaces/srv/detail/return_robot_path__type_support.h
[0.439s] -- Up-to-date symlink: /home/cuadriga/cuadriga_ws/Cuadriga/src/Cuadriga_IA_/install/path_manager_interfaces/include/path_manager_interfaces/path_manager_interfaces/srv/detail/robot_path__functions.h
[0.440s] -- Up-to-date symlink: /home/cuadriga/cuadriga_ws/Cuadriga/src/Cuadriga_IA_/install/path_manager_interfaces/include/path_manager_interfaces/path_manager_interfaces/srv/detail/robot_path__struct.h
[0.440s] -- Up-to-date symlink: /home/cuadriga/cuadriga_ws/Cuadriga/src/Cuadriga_IA_/install/path_manager_interfaces/include/path_manager_interfaces/path_manager_interfaces/srv/detail/robot_path__type_support.h
[0.440s] -- Up-to-date symlink: /home/cuadriga/cuadriga_ws/Cuadriga/src/Cuadriga_IA_/install/path_manager_interfaces/include/path_manager_interfaces/path_manager_interfaces/srv/detail/write_path_to_file__functions.h
[0.441s] -- Up-to-date symlink: /home/cuadriga/cuadriga_ws/Cuadriga/src/Cuadriga_IA_/install/path_manager_interfaces/include/path_manager_interfaces/path_manager_interfaces/srv/detail/write_path_to_file__struct.h
[0.441s] -- Up-to-date symlink: /home/cuadriga/cuadriga_ws/Cuadriga/src/Cuadriga_IA_/install/path_manager_interfaces/include/path_manager_interfaces/path_manager_interfaces/srv/detail/write_path_to_file__type_support.h
[0.441s] -- Up-to-date symlink: /home/cuadriga/cuadriga_ws/Cuadriga/src/Cuadriga_IA_/install/path_manager_interfaces/include/path_manager_interfaces/path_manager_interfaces/srv/get_fix_frame_path.h
[0.442s] -- Up-to-date symlink: /home/cuadriga/cuadriga_ws/Cuadriga/src/Cuadriga_IA_/install/path_manager_interfaces/include/path_manager_interfaces/path_manager_interfaces/srv/get_ll_path.h
[0.442s] -- Up-to-date symlink: /home/cuadriga/cuadriga_ws/Cuadriga/src/Cuadriga_IA_/install/path_manager_interfaces/include/path_manager_interfaces/path_manager_interfaces/srv/plan_path.h
[0.442s] -- Up-to-date symlink: /home/cuadriga/cuadriga_ws/Cuadriga/src/Cuadriga_IA_/install/path_manager_interfaces/include/path_manager_interfaces/path_manager_interfaces/srv/read_path_from_file.h
[0.442s] -- Up-to-date symlink: /home/cuadriga/cuadriga_ws/Cuadriga/src/Cuadriga_IA_/install/path_manager_interfaces/include/path_manager_interfaces/path_manager_interfaces/srv/return_robot_path.h
[0.443s] -- Up-to-date symlink: /home/cuadriga/cuadriga_ws/Cuadriga/src/Cuadriga_IA_/install/path_manager_interfaces/include/path_manager_interfaces/path_manager_interfaces/srv/robot_path.h
[0.443s] -- Up-to-date symlink: /home/cuadriga/cuadriga_ws/Cuadriga/src/Cuadriga_IA_/install/path_manager_interfaces/include/path_manager_interfaces/path_manager_interfaces/srv/write_path_to_file.h
[0.443s] -- Up-to-date symlink: /home/cuadriga/cuadriga_ws/Cuadriga/src/Cuadriga_IA_/install/path_manager_interfaces/share/path_manager_interfaces/environment/library_path.sh
[0.444s] -- Up-to-date symlink: /home/cuadriga/cuadriga_ws/Cuadriga/src/Cuadriga_IA_/install/path_manager_interfaces/share/path_manager_interfaces/environment/library_path.dsv
[0.445s] -- Up-to-date symlink: /home/cuadriga/cuadriga_ws/Cuadriga/src/Cuadriga_IA_/install/path_manager_interfaces/include/path_manager_interfaces/path_manager_interfaces/msg/rosidl_typesupport_fastrtps_c__visibility_control.h
[0.445s] -- Up-to-date symlink: /home/cuadriga/cuadriga_ws/Cuadriga/src/Cuadriga_IA_/install/path_manager_interfaces/include/path_manager_interfaces/path_manager_interfaces/srv/detail/assist_emergency__rosidl_typesupport_fastrtps_c.h
[0.445s] -- Up-to-date symlink: /home/cuadriga/cuadriga_ws/Cuadriga/src/Cuadriga_IA_/install/path_manager_interfaces/include/path_manager_interfaces/path_manager_interfaces/srv/detail/get_fix_frame_path__rosidl_typesupport_fastrtps_c.h
[0.445s] -- Up-to-date symlink: /home/cuadriga/cuadriga_ws/Cuadriga/src/Cuadriga_IA_/install/path_manager_interfaces/include/path_manager_interfaces/path_manager_interfaces/srv/detail/get_ll_path__rosidl_typesupport_fastrtps_c.h
[0.446s] -- Up-to-date symlink: /home/cuadriga/cuadriga_ws/Cuadriga/src/Cuadriga_IA_/install/path_manager_interfaces/include/path_manager_interfaces/path_manager_interfaces/srv/detail/plan_path__rosidl_typesupport_fastrtps_c.h
[0.446s] -- Up-to-date symlink: /home/cuadriga/cuadriga_ws/Cuadriga/src/Cuadriga_IA_/install/path_manager_interfaces/include/path_manager_interfaces/path_manager_interfaces/srv/detail/read_path_from_file__rosidl_typesupport_fastrtps_c.h
[0.446s] -- Up-to-date symlink: /home/cuadriga/cuadriga_ws/Cuadriga/src/Cuadriga_IA_/install/path_manager_interfaces/include/path_manager_interfaces/path_manager_interfaces/srv/detail/return_robot_path__rosidl_typesupport_fastrtps_c.h
[0.446s] -- Up-to-date symlink: /home/cuadriga/cuadriga_ws/Cuadriga/src/Cuadriga_IA_/install/path_manager_interfaces/include/path_manager_interfaces/path_manager_interfaces/srv/detail/robot_path__rosidl_typesupport_fastrtps_c.h
[0.447s] -- Up-to-date symlink: /home/cuadriga/cuadriga_ws/Cuadriga/src/Cuadriga_IA_/install/path_manager_interfaces/include/path_manager_interfaces/path_manager_interfaces/srv/detail/write_path_to_file__rosidl_typesupport_fastrtps_c.h
[0.447s] -- Up-to-date symlink: /home/cuadriga/cuadriga_ws/Cuadriga/src/Cuadriga_IA_/install/path_manager_interfaces/include/path_manager_interfaces/path_manager_interfaces/msg/rosidl_typesupport_introspection_c__visibility_control.h
[0.447s] -- Up-to-date symlink: /home/cuadriga/cuadriga_ws/Cuadriga/src/Cuadriga_IA_/install/path_manager_interfaces/include/path_manager_interfaces/path_manager_interfaces/srv/detail/assist_emergency__rosidl_typesupport_introspection_c.h
[0.448s] -- Up-to-date symlink: /home/cuadriga/cuadriga_ws/Cuadriga/src/Cuadriga_IA_/install/path_manager_interfaces/include/path_manager_interfaces/path_manager_interfaces/srv/detail/get_fix_frame_path__rosidl_typesupport_introspection_c.h
[0.448s] -- Up-to-date symlink: /home/cuadriga/cuadriga_ws/Cuadriga/src/Cuadriga_IA_/install/path_manager_interfaces/include/path_manager_interfaces/path_manager_interfaces/srv/detail/get_ll_path__rosidl_typesupport_introspection_c.h
[0.448s] -- Up-to-date symlink: /home/cuadriga/cuadriga_ws/Cuadriga/src/Cuadriga_IA_/install/path_manager_interfaces/include/path_manager_interfaces/path_manager_interfaces/srv/detail/plan_path__rosidl_typesupport_introspection_c.h
[0.449s] -- Up-to-date symlink: /home/cuadriga/cuadriga_ws/Cuadriga/src/Cuadriga_IA_/install/path_manager_interfaces/include/path_manager_interfaces/path_manager_interfaces/srv/detail/read_path_from_file__rosidl_typesupport_introspection_c.h
[0.449s] -- Up-to-date symlink: /home/cuadriga/cuadriga_ws/Cuadriga/src/Cuadriga_IA_/install/path_manager_interfaces/include/path_manager_interfaces/path_manager_interfaces/srv/detail/return_robot_path__rosidl_typesupport_introspection_c.h
[0.449s] -- Up-to-date symlink: /home/cuadriga/cuadriga_ws/Cuadriga/src/Cuadriga_IA_/install/path_manager_interfaces/include/path_manager_interfaces/path_manager_interfaces/srv/detail/robot_path__rosidl_typesupport_introspection_c.h
[0.449s] -- Up-to-date symlink: /home/cuadriga/cuadriga_ws/Cuadriga/src/Cuadriga_IA_/install/path_manager_interfaces/include/path_manager_interfaces/path_manager_interfaces/srv/detail/write_path_to_file__rosidl_typesupport_introspection_c.h
[0.450s] -- Up-to-date symlink: /home/cuadriga/cuadriga_ws/Cuadriga/src/Cuadriga_IA_/install/path_manager_interfaces/include/path_manager_interfaces/path_manager_interfaces/msg/rosidl_generator_cpp__visibility_control.hpp
[0.450s] -- Up-to-date symlink: /home/cuadriga/cuadriga_ws/Cuadriga/src/Cuadriga_IA_/install/path_manager_interfaces/include/path_manager_interfaces/path_manager_interfaces/srv/assist_emergency.hpp
[0.450s] -- Up-to-date symlink: /home/cuadriga/cuadriga_ws/Cuadriga/src/Cuadriga_IA_/install/path_manager_interfaces/include/path_manager_interfaces/path_manager_interfaces/srv/detail/assist_emergency__builder.hpp
[0.451s] -- Up-to-date symlink: /home/cuadriga/cuadriga_ws/Cuadriga/src/Cuadriga_IA_/install/path_manager_interfaces/include/path_manager_interfaces/path_manager_interfaces/srv/detail/assist_emergency__struct.hpp
[0.451s] -- Up-to-date symlink: /home/cuadriga/cuadriga_ws/Cuadriga/src/Cuadriga_IA_/install/path_manager_interfaces/include/path_manager_interfaces/path_manager_interfaces/srv/detail/assist_emergency__traits.hpp
[0.451s] -- Up-to-date symlink: /home/cuadriga/cuadriga_ws/Cuadriga/src/Cuadriga_IA_/install/path_manager_interfaces/include/path_manager_interfaces/path_manager_interfaces/srv/detail/assist_emergency__type_support.hpp
[0.451s] -- Up-to-date symlink: /home/cuadriga/cuadriga_ws/Cuadriga/src/Cuadriga_IA_/install/path_manager_interfaces/include/path_manager_interfaces/path_manager_interfaces/srv/detail/get_fix_frame_path__builder.hpp
[0.451s] -- Up-to-date symlink: /home/cuadriga/cuadriga_ws/Cuadriga/src/Cuadriga_IA_/install/path_manager_interfaces/include/path_manager_interfaces/path_manager_interfaces/srv/detail/get_fix_frame_path__struct.hpp
[0.451s] -- Up-to-date symlink: /home/cuadriga/cuadriga_ws/Cuadriga/src/Cuadriga_IA_/install/path_manager_interfaces/include/path_manager_interfaces/path_manager_interfaces/srv/detail/get_fix_frame_path__traits.hpp
[0.451s] -- Up-to-date symlink: /home/cuadriga/cuadriga_ws/Cuadriga/src/Cuadriga_IA_/install/path_manager_interfaces/include/path_manager_interfaces/path_manager_interfaces/srv/detail/get_fix_frame_path__type_support.hpp
[0.452s] -- Up-to-date symlink: /home/cuadriga/cuadriga_ws/Cuadriga/src/Cuadriga_IA_/install/path_manager_interfaces/include/path_manager_interfaces/path_manager_interfaces/srv/detail/get_ll_path__builder.hpp
[0.452s] -- Up-to-date symlink: /home/cuadriga/cuadriga_ws/Cuadriga/src/Cuadriga_IA_/install/path_manager_interfaces/include/path_manager_interfaces/path_manager_interfaces/srv/detail/get_ll_path__struct.hpp
[0.452s] -- Up-to-date symlink: /home/cuadriga/cuadriga_ws/Cuadriga/src/Cuadriga_IA_/install/path_manager_interfaces/include/path_manager_interfaces/path_manager_interfaces/srv/detail/get_ll_path__traits.hpp
[0.452s] -- Up-to-date symlink: /home/cuadriga/cuadriga_ws/Cuadriga/src/Cuadriga_IA_/install/path_manager_interfaces/include/path_manager_interfaces/path_manager_interfaces/srv/detail/get_ll_path__type_support.hpp
[0.452s] -- Up-to-date symlink: /home/cuadriga/cuadriga_ws/Cuadriga/src/Cuadriga_IA_/install/path_manager_interfaces/include/path_manager_interfaces/path_manager_interfaces/srv/detail/plan_path__builder.hpp
[0.453s] -- Up-to-date symlink: /home/cuadriga/cuadriga_ws/Cuadriga/src/Cuadriga_IA_/install/path_manager_interfaces/include/path_manager_interfaces/path_manager_interfaces/srv/detail/plan_path__struct.hpp
[0.453s] -- Up-to-date symlink: /home/cuadriga/cuadriga_ws/Cuadriga/src/Cuadriga_IA_/install/path_manager_interfaces/include/path_manager_interfaces/path_manager_interfaces/srv/detail/plan_path__traits.hpp
[0.453s] -- Up-to-date symlink: /home/cuadriga/cuadriga_ws/Cuadriga/src/Cuadriga_IA_/install/path_manager_interfaces/include/path_manager_interfaces/path_manager_interfaces/srv/detail/plan_path__type_support.hpp
[0.453s] -- Up-to-date symlink: /home/cuadriga/cuadriga_ws/Cuadriga/src/Cuadriga_IA_/install/path_manager_interfaces/include/path_manager_interfaces/path_manager_interfaces/srv/detail/read_path_from_file__builder.hpp
[0.454s] -- Up-to-date symlink: /home/cuadriga/cuadriga_ws/Cuadriga/src/Cuadriga_IA_/install/path_manager_interfaces/include/path_manager_interfaces/path_manager_interfaces/srv/detail/read_path_from_file__struct.hpp
[0.454s] -- Up-to-date symlink: /home/cuadriga/cuadriga_ws/Cuadriga/src/Cuadriga_IA_/install/path_manager_interfaces/include/path_manager_interfaces/path_manager_interfaces/srv/detail/read_path_from_file__traits.hpp
[0.454s] -- Up-to-date symlink: /home/cuadriga/cuadriga_ws/Cuadriga/src/Cuadriga_IA_/install/path_manager_interfaces/include/path_manager_interfaces/path_manager_interfaces/srv/detail/read_path_from_file__type_support.hpp
[0.454s] -- Up-to-date symlink: /home/cuadriga/cuadriga_ws/Cuadriga/src/Cuadriga_IA_/install/path_manager_interfaces/include/path_manager_interfaces/path_manager_interfaces/srv/detail/return_robot_path__builder.hpp
[0.454s] -- Up-to-date symlink: /home/cuadriga/cuadriga_ws/Cuadriga/src/Cuadriga_IA_/install/path_manager_interfaces/include/path_manager_interfaces/path_manager_interfaces/srv/detail/return_robot_path__struct.hpp
[0.455s] -- Up-to-date symlink: /home/cuadriga/cuadriga_ws/Cuadriga/src/Cuadriga_IA_/install/path_manager_interfaces/include/path_manager_interfaces/path_manager_interfaces/srv/detail/return_robot_path__traits.hpp
[0.455s] -- Up-to-date symlink: /home/cuadriga/cuadriga_ws/Cuadriga/src/Cuadriga_IA_/install/path_manager_interfaces/include/path_manager_interfaces/path_manager_interfaces/srv/detail/return_robot_path__type_support.hpp
[0.455s] -- Up-to-date symlink: /home/cuadriga/cuadriga_ws/Cuadriga/src/Cuadriga_IA_/install/path_manager_interfaces/include/path_manager_interfaces/path_manager_interfaces/srv/detail/robot_path__builder.hpp
[0.455s] -- Up-to-date symlink: /home/cuadriga/cuadriga_ws/Cuadriga/src/Cuadriga_IA_/install/path_manager_interfaces/include/path_manager_interfaces/path_manager_interfaces/srv/detail/robot_path__struct.hpp
[0.455s] -- Up-to-date symlink: /home/cuadriga/cuadriga_ws/Cuadriga/src/Cuadriga_IA_/install/path_manager_interfaces/include/path_manager_interfaces/path_manager_interfaces/srv/detail/robot_path__traits.hpp
[0.456s] -- Up-to-date symlink: /home/cuadriga/cuadriga_ws/Cuadriga/src/Cuadriga_IA_/install/path_manager_interfaces/include/path_manager_interfaces/path_manager_interfaces/srv/detail/robot_path__type_support.hpp
[0.456s] -- Up-to-date symlink: /home/cuadriga/cuadriga_ws/Cuadriga/src/Cuadriga_IA_/install/path_manager_interfaces/include/path_manager_interfaces/path_manager_interfaces/srv/detail/write_path_to_file__builder.hpp
[0.456s] -- Up-to-date symlink: /home/cuadriga/cuadriga_ws/Cuadriga/src/Cuadriga_IA_/install/path_manager_interfaces/include/path_manager_interfaces/path_manager_interfaces/srv/detail/write_path_to_file__struct.hpp
[0.456s] -- Up-to-date symlink: /home/cuadriga/cuadriga_ws/Cuadriga/src/Cuadriga_IA_/install/path_manager_interfaces/include/path_manager_interfaces/path_manager_interfaces/srv/detail/write_path_to_file__traits.hpp
[0.457s] -- Up-to-date symlink: /home/cuadriga/cuadriga_ws/Cuadriga/src/Cuadriga_IA_/install/path_manager_interfaces/include/path_manager_interfaces/path_manager_interfaces/srv/detail/write_path_to_file__type_support.hpp
[0.457s] -- Up-to-date symlink: /home/cuadriga/cuadriga_ws/Cuadriga/src/Cuadriga_IA_/install/path_manager_interfaces/include/path_manager_interfaces/path_manager_interfaces/srv/get_fix_frame_path.hpp
[0.457s] -- Up-to-date symlink: /home/cuadriga/cuadriga_ws/Cuadriga/src/Cuadriga_IA_/install/path_manager_interfaces/include/path_manager_interfaces/path_manager_interfaces/srv/get_ll_path.hpp
[0.457s] -- Up-to-date symlink: /home/cuadriga/cuadriga_ws/Cuadriga/src/Cuadriga_IA_/install/path_manager_interfaces/include/path_manager_interfaces/path_manager_interfaces/srv/plan_path.hpp
[0.457s] -- Up-to-date symlink: /home/cuadriga/cuadriga_ws/Cuadriga/src/Cuadriga_IA_/install/path_manager_interfaces/include/path_manager_interfaces/path_manager_interfaces/srv/read_path_from_file.hpp
[0.458s] -- Up-to-date symlink: /home/cuadriga/cuadriga_ws/Cuadriga/src/Cuadriga_IA_/install/path_manager_interfaces/include/path_manager_interfaces/path_manager_interfaces/srv/return_robot_path.hpp
[0.458s] -- Up-to-date symlink: /home/cuadriga/cuadriga_ws/Cuadriga/src/Cuadriga_IA_/install/path_manager_interfaces/include/path_manager_interfaces/path_manager_interfaces/srv/robot_path.hpp
[0.458s] -- Up-to-date symlink: /home/cuadriga/cuadriga_ws/Cuadriga/src/Cuadriga_IA_/install/path_manager_interfaces/include/path_manager_interfaces/path_manager_interfaces/srv/write_path_to_file.hpp
[0.458s] -- Up-to-date symlink: /home/cuadriga/cuadriga_ws/Cuadriga/src/Cuadriga_IA_/install/path_manager_interfaces/include/path_manager_interfaces/path_manager_interfaces/msg/rosidl_typesupport_fastrtps_cpp__visibility_control.h
[0.458s] -- Up-to-date symlink: /home/cuadriga/cuadriga_ws/Cuadriga/src/Cuadriga_IA_/install/path_manager_interfaces/include/path_manager_interfaces/path_manager_interfaces/srv/detail/assist_emergency__rosidl_typesupport_fastrtps_cpp.hpp
[0.459s] -- Up-to-date symlink: /home/cuadriga/cuadriga_ws/Cuadriga/src/Cuadriga_IA_/install/path_manager_interfaces/include/path_manager_interfaces/path_manager_interfaces/srv/detail/get_fix_frame_path__rosidl_typesupport_fastrtps_cpp.hpp
[0.459s] -- Up-to-date symlink: /home/cuadriga/cuadriga_ws/Cuadriga/src/Cuadriga_IA_/install/path_manager_interfaces/include/path_manager_interfaces/path_manager_interfaces/srv/detail/get_ll_path__rosidl_typesupport_fastrtps_cpp.hpp
[0.459s] -- Up-to-date symlink: /home/cuadriga/cuadriga_ws/Cuadriga/src/Cuadriga_IA_/install/path_manager_interfaces/include/path_manager_interfaces/path_manager_interfaces/srv/detail/plan_path__rosidl_typesupport_fastrtps_cpp.hpp
[0.459s] -- Up-to-date symlink: /home/cuadriga/cuadriga_ws/Cuadriga/src/Cuadriga_IA_/install/path_manager_interfaces/include/path_manager_interfaces/path_manager_interfaces/srv/detail/read_path_from_file__rosidl_typesupport_fastrtps_cpp.hpp
[0.460s] -- Up-to-date symlink: /home/cuadriga/cuadriga_ws/Cuadriga/src/Cuadriga_IA_/install/path_manager_interfaces/include/path_manager_interfaces/path_manager_interfaces/srv/detail/return_robot_path__rosidl_typesupport_fastrtps_cpp.hpp
[0.460s] -- Up-to-date symlink: /home/cuadriga/cuadriga_ws/Cuadriga/src/Cuadriga_IA_/install/path_manager_interfaces/include/path_manager_interfaces/path_manager_interfaces/srv/detail/robot_path__rosidl_typesupport_fastrtps_cpp.hpp
[0.460s] -- Up-to-date symlink: /home/cuadriga/cuadriga_ws/Cuadriga/src/Cuadriga_IA_/install/path_manager_interfaces/include/path_manager_interfaces/path_manager_interfaces/srv/detail/write_path_to_file__rosidl_typesupport_fastrtps_cpp.hpp
[0.461s] -- Up-to-date symlink: /home/cuadriga/cuadriga_ws/Cuadriga/src/Cuadriga_IA_/install/path_manager_interfaces/include/path_manager_interfaces/path_manager_interfaces/srv/detail/assist_emergency__rosidl_typesupport_introspection_cpp.hpp
[0.461s] -- Up-to-date symlink: /home/cuadriga/cuadriga_ws/Cuadriga/src/Cuadriga_IA_/install/path_manager_interfaces/include/path_manager_interfaces/path_manager_interfaces/srv/detail/get_fix_frame_path__rosidl_typesupport_introspection_cpp.hpp
[0.461s] -- Up-to-date symlink: /home/cuadriga/cuadriga_ws/Cuadriga/src/Cuadriga_IA_/install/path_manager_interfaces/include/path_manager_interfaces/path_manager_interfaces/srv/detail/get_ll_path__rosidl_typesupport_introspection_cpp.hpp
[0.461s] -- Up-to-date symlink: /home/cuadriga/cuadriga_ws/Cuadriga/src/Cuadriga_IA_/install/path_manager_interfaces/include/path_manager_interfaces/path_manager_interfaces/srv/detail/plan_path__rosidl_typesupport_introspection_cpp.hpp
[0.462s] -- Up-to-date symlink: /home/cuadriga/cuadriga_ws/Cuadriga/src/Cuadriga_IA_/install/path_manager_interfaces/include/path_manager_interfaces/path_manager_interfaces/srv/detail/read_path_from_file__rosidl_typesupport_introspection_cpp.hpp
[0.462s] -- Up-to-date symlink: /home/cuadriga/cuadriga_ws/Cuadriga/src/Cuadriga_IA_/install/path_manager_interfaces/include/path_manager_interfaces/path_manager_interfaces/srv/detail/return_robot_path__rosidl_typesupport_introspection_cpp.hpp
[0.462s] -- Up-to-date symlink: /home/cuadriga/cuadriga_ws/Cuadriga/src/Cuadriga_IA_/install/path_manager_interfaces/include/path_manager_interfaces/path_manager_interfaces/srv/detail/robot_path__rosidl_typesupport_introspection_cpp.hpp
[0.462s] -- Up-to-date symlink: /home/cuadriga/cuadriga_ws/Cuadriga/src/Cuadriga_IA_/install/path_manager_interfaces/include/path_manager_interfaces/path_manager_interfaces/srv/detail/write_path_to_file__rosidl_typesupport_introspection_cpp.hpp
[0.463s] -- Up-to-date symlink: /home/cuadriga/cuadriga_ws/Cuadriga/src/Cuadriga_IA_/install/path_manager_interfaces/share/path_manager_interfaces/environment/pythonpath.sh
[0.463s] -- Up-to-date symlink: /home/cuadriga/cuadriga_ws/Cuadriga/src/Cuadriga_IA_/install/path_manager_interfaces/share/path_manager_interfaces/environment/pythonpath.dsv
[0.463s] -- Up-to-date symlink: /home/cuadriga/cuadriga_ws/Cuadriga/src/Cuadriga_IA_/install/path_manager_interfaces/local/lib/python3.10/dist-packages/path_manager_interfaces-0.0.0-py3.10.egg-info/PKG-INFO
[0.464s] -- Up-to-date symlink: /home/cuadriga/cuadriga_ws/Cuadriga/src/Cuadriga_IA_/install/path_manager_interfaces/local/lib/python3.10/dist-packages/path_manager_interfaces-0.0.0-py3.10.egg-info/SOURCES.txt
[0.464s] -- Up-to-date symlink: /home/cuadriga/cuadriga_ws/Cuadriga/src/Cuadriga_IA_/install/path_manager_interfaces/local/lib/python3.10/dist-packages/path_manager_interfaces-0.0.0-py3.10.egg-info/dependency_links.txt
[0.464s] -- Up-to-date symlink: /home/cuadriga/cuadriga_ws/Cuadriga/src/Cuadriga_IA_/install/path_manager_interfaces/local/lib/python3.10/dist-packages/path_manager_interfaces-0.0.0-py3.10.egg-info/top_level.txt
[0.465s] -- Up-to-date symlink: /home/cuadriga/cuadriga_ws/Cuadriga/src/Cuadriga_IA_/install/path_manager_interfaces/local/lib/python3.10/dist-packages/path_manager_interfaces/__init__.py
[0.465s] -- Up-to-date symlink: /home/cuadriga/cuadriga_ws/Cuadriga/src/Cuadriga_IA_/install/path_manager_interfaces/local/lib/python3.10/dist-packages/path_manager_interfaces/_path_manager_interfaces_s.ep.rosidl_typesupport_c.c
[0.466s] -- Up-to-date symlink: /home/cuadriga/cuadriga_ws/Cuadriga/src/Cuadriga_IA_/install/path_manager_interfaces/local/lib/python3.10/dist-packages/path_manager_interfaces/_path_manager_interfaces_s.ep.rosidl_typesupport_fastrtps_c.c
[0.466s] -- Up-to-date symlink: /home/cuadriga/cuadriga_ws/Cuadriga/src/Cuadriga_IA_/install/path_manager_interfaces/local/lib/python3.10/dist-packages/path_manager_interfaces/_path_manager_interfaces_s.ep.rosidl_typesupport_introspection_c.c
[0.466s] -- Up-to-date symlink: /home/cuadriga/cuadriga_ws/Cuadriga/src/Cuadriga_IA_/install/path_manager_interfaces/local/lib/python3.10/dist-packages/path_manager_interfaces/libpath_manager_interfaces__rosidl_generator_py.so
[0.467s] -- Up-to-date symlink: /home/cuadriga/cuadriga_ws/Cuadriga/src/Cuadriga_IA_/install/path_manager_interfaces/local/lib/python3.10/dist-packages/path_manager_interfaces/path_manager_interfaces_s__rosidl_typesupport_c.cpython-310-x86_64-linux-gnu.so
[0.467s] -- Up-to-date symlink: /home/cuadriga/cuadriga_ws/Cuadriga/src/Cuadriga_IA_/install/path_manager_interfaces/local/lib/python3.10/dist-packages/path_manager_interfaces/path_manager_interfaces_s__rosidl_typesupport_fastrtps_c.cpython-310-x86_64-linux-gnu.so
[0.467s] -- Up-to-date symlink: /home/cuadriga/cuadriga_ws/Cuadriga/src/Cuadriga_IA_/install/path_manager_interfaces/local/lib/python3.10/dist-packages/path_manager_interfaces/path_manager_interfaces_s__rosidl_typesupport_introspection_c.cpython-310-x86_64-linux-gnu.so
[0.467s] -- Up-to-date symlink: /home/cuadriga/cuadriga_ws/Cuadriga/src/Cuadriga_IA_/install/path_manager_interfaces/local/lib/python3.10/dist-packages/path_manager_interfaces/srv/__init__.py
[0.468s] -- Up-to-date symlink: /home/cuadriga/cuadriga_ws/Cuadriga/src/Cuadriga_IA_/install/path_manager_interfaces/local/lib/python3.10/dist-packages/path_manager_interfaces/srv/_assist_emergency.py
[0.468s] -- Up-to-date symlink: /home/cuadriga/cuadriga_ws/Cuadriga/src/Cuadriga_IA_/install/path_manager_interfaces/local/lib/python3.10/dist-packages/path_manager_interfaces/srv/_assist_emergency_s.c
[0.468s] -- Up-to-date symlink: /home/cuadriga/cuadriga_ws/Cuadriga/src/Cuadriga_IA_/install/path_manager_interfaces/local/lib/python3.10/dist-packages/path_manager_interfaces/srv/_get_fix_frame_path.py
[0.468s] -- Up-to-date symlink: /home/cuadriga/cuadriga_ws/Cuadriga/src/Cuadriga_IA_/install/path_manager_interfaces/local/lib/python3.10/dist-packages/path_manager_interfaces/srv/_get_fix_frame_path_s.c
[0.468s] -- Up-to-date symlink: /home/cuadriga/cuadriga_ws/Cuadriga/src/Cuadriga_IA_/install/path_manager_interfaces/local/lib/python3.10/dist-packages/path_manager_interfaces/srv/_get_ll_path.py
[0.469s] -- Up-to-date symlink: /home/cuadriga/cuadriga_ws/Cuadriga/src/Cuadriga_IA_/install/path_manager_interfaces/local/lib/python3.10/dist-packages/path_manager_interfaces/srv/_get_ll_path_s.c
[0.469s] -- Up-to-date symlink: /home/cuadriga/cuadriga_ws/Cuadriga/src/Cuadriga_IA_/install/path_manager_interfaces/local/lib/python3.10/dist-packages/path_manager_interfaces/srv/_plan_path.py
[0.469s] -- Up-to-date symlink: /home/cuadriga/cuadriga_ws/Cuadriga/src/Cuadriga_IA_/install/path_manager_interfaces/local/lib/python3.10/dist-packages/path_manager_interfaces/srv/_plan_path_s.c
[0.469s] -- Up-to-date symlink: /home/cuadriga/cuadriga_ws/Cuadriga/src/Cuadriga_IA_/install/path_manager_interfaces/local/lib/python3.10/dist-packages/path_manager_interfaces/srv/_read_path_from_file.py
[0.469s] -- Up-to-date symlink: /home/cuadriga/cuadriga_ws/Cuadriga/src/Cuadriga_IA_/install/path_manager_interfaces/local/lib/python3.10/dist-packages/path_manager_interfaces/srv/_read_path_from_file_s.c
[0.470s] -- Up-to-date symlink: /home/cuadriga/cuadriga_ws/Cuadriga/src/Cuadriga_IA_/install/path_manager_interfaces/local/lib/python3.10/dist-packages/path_manager_interfaces/srv/_return_robot_path.py
[0.470s] -- Up-to-date symlink: /home/cuadriga/cuadriga_ws/Cuadriga/src/Cuadriga_IA_/install/path_manager_interfaces/local/lib/python3.10/dist-packages/path_manager_interfaces/srv/_return_robot_path_s.c
[0.470s] -- Up-to-date symlink: /home/cuadriga/cuadriga_ws/Cuadriga/src/Cuadriga_IA_/install/path_manager_interfaces/local/lib/python3.10/dist-packages/path_manager_interfaces/srv/_robot_path.py
[0.470s] -- Up-to-date symlink: /home/cuadriga/cuadriga_ws/Cuadriga/src/Cuadriga_IA_/install/path_manager_interfaces/local/lib/python3.10/dist-packages/path_manager_interfaces/srv/_robot_path_s.c
[0.471s] -- Up-to-date symlink: /home/cuadriga/cuadriga_ws/Cuadriga/src/Cuadriga_IA_/install/path_manager_interfaces/local/lib/python3.10/dist-packages/path_manager_interfaces/srv/_write_path_to_file.py
[0.471s] -- Up-to-date symlink: /home/cuadriga/cuadriga_ws/Cuadriga/src/Cuadriga_IA_/install/path_manager_interfaces/local/lib/python3.10/dist-packages/path_manager_interfaces/srv/_write_path_to_file_s.c
[0.471s] -- Up-to-date symlink: /home/cuadriga/cuadriga_ws/Cuadriga/src/Cuadriga_IA_/install/path_manager_interfaces/local/lib/python3.10/dist-packages/path_manager_interfaces/path_manager_interfaces_s__rosidl_typesupport_fastrtps_c.cpython-310-x86_64-linux-gnu.so
[0.471s] -- Up-to-date symlink: /home/cuadriga/cuadriga_ws/Cuadriga/src/Cuadriga_IA_/install/path_manager_interfaces/local/lib/python3.10/dist-packages/path_manager_interfaces/path_manager_interfaces_s__rosidl_typesupport_introspection_c.cpython-310-x86_64-linux-gnu.so
[0.471s] -- Up-to-date symlink: /home/cuadriga/cuadriga_ws/Cuadriga/src/Cuadriga_IA_/install/path_manager_interfaces/local/lib/python3.10/dist-packages/path_manager_interfaces/path_manager_interfaces_s__rosidl_typesupport_c.cpython-310-x86_64-linux-gnu.so
[0.472s] -- Up-to-date symlink: /home/cuadriga/cuadriga_ws/Cuadriga/src/Cuadriga_IA_/install/path_manager_interfaces/share/path_manager_interfaces/srv/WritePathToFile.idl
[0.472s] -- Up-to-date symlink: /home/cuadriga/cuadriga_ws/Cuadriga/src/Cuadriga_IA_/install/path_manager_interfaces/share/path_manager_interfaces/srv/ReadPathFromFile.idl
[0.472s] -- Up-to-date symlink: /home/cuadriga/cuadriga_ws/Cuadriga/src/Cuadriga_IA_/install/path_manager_interfaces/share/path_manager_interfaces/srv/ReturnRobotPath.idl
[0.472s] -- Up-to-date symlink: /home/cuadriga/cuadriga_ws/Cuadriga/src/Cuadriga_IA_/install/path_manager_interfaces/share/path_manager_interfaces/srv/RobotPath.idl
[0.473s] -- Up-to-date symlink: /home/cuadriga/cuadriga_ws/Cuadriga/src/Cuadriga_IA_/install/path_manager_interfaces/share/path_manager_interfaces/srv/GetFixFramePath.idl
[0.473s] -- Up-to-date symlink: /home/cuadriga/cuadriga_ws/Cuadriga/src/Cuadriga_IA_/install/path_manager_interfaces/share/path_manager_interfaces/srv/GetLLPath.idl
[0.473s] -- Up-to-date symlink: /home/cuadriga/cuadriga_ws/Cuadriga/src/Cuadriga_IA_/install/path_manager_interfaces/share/path_manager_interfaces/srv/PlanPath.idl
[0.473s] -- Up-to-date symlink: /home/cuadriga/cuadriga_ws/Cuadriga/src/Cuadriga_IA_/install/path_manager_interfaces/share/path_manager_interfaces/srv/AssistEmergency.idl
[0.473s] -- Up-to-date symlink: /home/cuadriga/cuadriga_ws/Cuadriga/src/Cuadriga_IA_/install/path_manager_interfaces/share/path_manager_interfaces/srv/WritePathToFile.srv
[0.474s] -- Up-to-date symlink: /home/cuadriga/cuadriga_ws/Cuadriga/src/Cuadriga_IA_/install/path_manager_interfaces/share/path_manager_interfaces/srv/WritePathToFile_Request.msg
[0.474s] -- Up-to-date symlink: /home/cuadriga/cuadriga_ws/Cuadriga/src/Cuadriga_IA_/install/path_manager_interfaces/share/path_manager_interfaces/srv/WritePathToFile_Response.msg
[0.474s] -- Up-to-date symlink: /home/cuadriga/cuadriga_ws/Cuadriga/src/Cuadriga_IA_/install/path_manager_interfaces/share/path_manager_interfaces/srv/ReadPathFromFile.srv
[0.475s] -- Up-to-date symlink: /home/cuadriga/cuadriga_ws/Cuadriga/src/Cuadriga_IA_/install/path_manager_interfaces/share/path_manager_interfaces/srv/ReadPathFromFile_Request.msg
[0.475s] -- Up-to-date symlink: /home/cuadriga/cuadriga_ws/Cuadriga/src/Cuadriga_IA_/install/path_manager_interfaces/share/path_manager_interfaces/srv/ReadPathFromFile_Response.msg
[0.475s] -- Up-to-date symlink: /home/cuadriga/cuadriga_ws/Cuadriga/src/Cuadriga_IA_/install/path_manager_interfaces/share/path_manager_interfaces/srv/ReturnRobotPath.srv
[0.476s] -- Up-to-date symlink: /home/cuadriga/cuadriga_ws/Cuadriga/src/Cuadriga_IA_/install/path_manager_interfaces/share/path_manager_interfaces/srv/ReturnRobotPath_Request.msg
[0.476s] -- Up-to-date symlink: /home/cuadriga/cuadriga_ws/Cuadriga/src/Cuadriga_IA_/install/path_manager_interfaces/share/path_manager_interfaces/srv/ReturnRobotPath_Response.msg
[0.476s] -- Up-to-date symlink: /home/cuadriga/cuadriga_ws/Cuadriga/src/Cuadriga_IA_/install/path_manager_interfaces/share/path_manager_interfaces/srv/RobotPath.srv
[0.476s] -- Up-to-date symlink: /home/cuadriga/cuadriga_ws/Cuadriga/src/Cuadriga_IA_/install/path_manager_interfaces/share/path_manager_interfaces/srv/RobotPath_Request.msg
[0.476s] -- Up-to-date symlink: /home/cuadriga/cuadriga_ws/Cuadriga/src/Cuadriga_IA_/install/path_manager_interfaces/share/path_manager_interfaces/srv/RobotPath_Response.msg
[0.476s] -- Up-to-date symlink: /home/cuadriga/cuadriga_ws/Cuadriga/src/Cuadriga_IA_/install/path_manager_interfaces/share/path_manager_interfaces/srv/GetFixFramePath.srv
[0.476s] -- Up-to-date symlink: /home/cuadriga/cuadriga_ws/Cuadriga/src/Cuadriga_IA_/install/path_manager_interfaces/share/path_manager_interfaces/srv/GetFixFramePath_Request.msg
[0.477s] -- Up-to-date symlink: /home/cuadriga/cuadriga_ws/Cuadriga/src/Cuadriga_IA_/install/path_manager_interfaces/share/path_manager_interfaces/srv/GetFixFramePath_Response.msg
[0.477s] -- Up-to-date symlink: /home/cuadriga/cuadriga_ws/Cuadriga/src/Cuadriga_IA_/install/path_manager_interfaces/share/path_manager_interfaces/srv/GetLLPath.srv
[0.477s] -- Up-to-date symlink: /home/cuadriga/cuadriga_ws/Cuadriga/src/Cuadriga_IA_/install/path_manager_interfaces/share/path_manager_interfaces/srv/GetLLPath_Request.msg
[0.477s] -- Up-to-date symlink: /home/cuadriga/cuadriga_ws/Cuadriga/src/Cuadriga_IA_/install/path_manager_interfaces/share/path_manager_interfaces/srv/GetLLPath_Response.msg
[0.477s] -- Up-to-date symlink: /home/cuadriga/cuadriga_ws/Cuadriga/src/Cuadriga_IA_/install/path_manager_interfaces/share/path_manager_interfaces/srv/PlanPath.srv
[0.477s] -- Up-to-date symlink: /home/cuadriga/cuadriga_ws/Cuadriga/src/Cuadriga_IA_/install/path_manager_interfaces/share/path_manager_interfaces/srv/PlanPath_Request.msg
[0.477s] -- Up-to-date symlink: /home/cuadriga/cuadriga_ws/Cuadriga/src/Cuadriga_IA_/install/path_manager_interfaces/share/path_manager_interfaces/srv/PlanPath_Response.msg
[0.478s] -- Up-to-date symlink: /home/cuadriga/cuadriga_ws/Cuadriga/src/Cuadriga_IA_/install/path_manager_interfaces/share/path_manager_interfaces/srv/AssistEmergency.srv
[0.478s] -- Up-to-date symlink: /home/cuadriga/cuadriga_ws/Cuadriga/src/Cuadriga_IA_/install/path_manager_interfaces/share/path_manager_interfaces/srv/AssistEmergency_Request.msg
[0.478s] -- Up-to-date symlink: /home/cuadriga/cuadriga_ws/Cuadriga/src/Cuadriga_IA_/install/path_manager_interfaces/share/path_manager_interfaces/srv/AssistEmergency_Response.msg
[0.479s] -- Up-to-date symlink: /home/cuadriga/cuadriga_ws/Cuadriga/src/Cuadriga_IA_/install/path_manager_interfaces/share/ament_index/resource_index/package_run_dependencies/path_manager_interfaces
[0.479s] -- Up-to-date symlink: /home/cuadriga/cuadriga_ws/Cuadriga/src/Cuadriga_IA_/install/path_manager_interfaces/share/ament_index/resource_index/parent_prefix_path/path_manager_interfaces
[0.479s] -- Up-to-date symlink: /home/cuadriga/cuadriga_ws/Cuadriga/src/Cuadriga_IA_/install/path_manager_interfaces/share/path_manager_interfaces/environment/ament_prefix_path.sh
[0.480s] -- Up-to-date symlink: /home/cuadriga/cuadriga_ws/Cuadriga/src/Cuadriga_IA_/install/path_manager_interfaces/share/path_manager_interfaces/environment/ament_prefix_path.dsv
[0.480s] -- Up-to-date symlink: /home/cuadriga/cuadriga_ws/Cuadriga/src/Cuadriga_IA_/install/path_manager_interfaces/share/path_manager_interfaces/environment/path.sh
[0.480s] -- Up-to-date symlink: /home/cuadriga/cuadriga_ws/Cuadriga/src/Cuadriga_IA_/install/path_manager_interfaces/share/path_manager_interfaces/environment/path.dsv
[0.480s] -- Up-to-date symlink: /home/cuadriga/cuadriga_ws/Cuadriga/src/Cuadriga_IA_/install/path_manager_interfaces/share/path_manager_interfaces/local_setup.bash
[0.481s] -- Up-to-date symlink: /home/cuadriga/cuadriga_ws/Cuadriga/src/Cuadriga_IA_/install/path_manager_interfaces/share/path_manager_interfaces/local_setup.sh
[0.481s] -- Up-to-date symlink: /home/cuadriga/cuadriga_ws/Cuadriga/src/Cuadriga_IA_/install/path_manager_interfaces/share/path_manager_interfaces/local_setup.zsh
[0.481s] -- Up-to-date symlink: /home/cuadriga/cuadriga_ws/Cuadriga/src/Cuadriga_IA_/install/path_manager_interfaces/share/path_manager_interfaces/local_setup.dsv
[0.481s] -- Symlinking: /home/cuadriga/cuadriga_ws/Cuadriga/src/Cuadriga_IA_/install/path_manager_interfaces/share/path_manager_interfaces/package.dsv
[0.491s] -- Up-to-date symlink: /home/cuadriga/cuadriga_ws/Cuadriga/src/Cuadriga_IA_/install/path_manager_interfaces/share/ament_index/resource_index/packages/path_manager_interfaces
[0.492s] -- Up-to-date symlink: /home/cuadriga/cuadriga_ws/Cuadriga/src/Cuadriga_IA_/install/path_manager_interfaces/share/path_manager_interfaces/cmake/rosidl_cmake-extras.cmake
[0.492s] -- Up-to-date symlink: /home/cuadriga/cuadriga_ws/Cuadriga/src/Cuadriga_IA_/install/path_manager_interfaces/share/path_manager_interfaces/cmake/ament_cmake_export_dependencies-extras.cmake
[0.492s] -- Up-to-date symlink: /home/cuadriga/cuadriga_ws/Cuadriga/src/Cuadriga_IA_/install/path_manager_interfaces/share/path_manager_interfaces/cmake/ament_cmake_export_include_directories-extras.cmake
[0.492s] -- Up-to-date symlink: /home/cuadriga/cuadriga_ws/Cuadriga/src/Cuadriga_IA_/install/path_manager_interfaces/share/path_manager_interfaces/cmake/ament_cmake_export_libraries-extras.cmake
[0.493s] -- Up-to-date symlink: /home/cuadriga/cuadriga_ws/Cuadriga/src/Cuadriga_IA_/install/path_manager_interfaces/share/path_manager_interfaces/cmake/ament_cmake_export_targets-extras.cmake
[0.493s] -- Up-to-date symlink: /home/cuadriga/cuadriga_ws/Cuadriga/src/Cuadriga_IA_/install/path_manager_interfaces/share/path_manager_interfaces/cmake/rosidl_cmake_export_typesupport_targets-extras.cmake
[0.493s] -- Up-to-date symlink: /home/cuadriga/cuadriga_ws/Cuadriga/src/Cuadriga_IA_/install/path_manager_interfaces/share/path_manager_interfaces/cmake/rosidl_cmake_export_typesupport_libraries-extras.cmake
[0.493s] -- Up-to-date symlink: /home/cuadriga/cuadriga_ws/Cuadriga/src/Cuadriga_IA_/install/path_manager_interfaces/share/path_manager_interfaces/cmake/path_manager_interfacesConfig.cmake
[0.494s] -- Up-to-date symlink: /home/cuadriga/cuadriga_ws/Cuadriga/src/Cuadriga_IA_/install/path_manager_interfaces/share/path_manager_interfaces/cmake/path_manager_interfacesConfig-version.cmake
[0.494s] -- Up-to-date symlink: /home/cuadriga/cuadriga_ws/Cuadriga/src/Cuadriga_IA_/install/path_manager_interfaces/share/path_manager_interfaces/package.xml
[0.494s] -- Up-to-date: /home/cuadriga/cuadriga_ws/Cuadriga/src/Cuadriga_IA_/install/path_manager_interfaces/lib/libpath_manager_interfaces__rosidl_generator_c.so
[0.495s] -- Up-to-date: /home/cuadriga/cuadriga_ws/Cuadriga/src/Cuadriga_IA_/install/path_manager_interfaces/lib/libpath_manager_interfaces__rosidl_typesupport_fastrtps_c.so
[0.495s] -- Up-to-date: /home/cuadriga/cuadriga_ws/Cuadriga/src/Cuadriga_IA_/install/path_manager_interfaces/lib/libpath_manager_interfaces__rosidl_typesupport_introspection_c.so
[0.495s] -- Up-to-date: /home/cuadriga/cuadriga_ws/Cuadriga/src/Cuadriga_IA_/install/path_manager_interfaces/lib/libpath_manager_interfaces__rosidl_typesupport_c.so
[0.496s] -- Up-to-date: /home/cuadriga/cuadriga_ws/Cuadriga/src/Cuadriga_IA_/install/path_manager_interfaces/lib/libpath_manager_interfaces__rosidl_typesupport_fastrtps_cpp.so
[0.496s] -- Up-to-date: /home/cuadriga/cuadriga_ws/Cuadriga/src/Cuadriga_IA_/install/path_manager_interfaces/lib/libpath_manager_interfaces__rosidl_typesupport_introspection_cpp.so
[0.497s] -- Up-to-date: /home/cuadriga/cuadriga_ws/Cuadriga/src/Cuadriga_IA_/install/path_manager_interfaces/lib/libpath_manager_interfaces__rosidl_typesupport_cpp.so
[0.527s] Listing '/home/cuadriga/cuadriga_ws/Cuadriga/src/Cuadriga_IA_/install/path_manager_interfaces/local/lib/python3.10/dist-packages/path_manager_interfaces'...
[0.527s] Listing '/home/cuadriga/cuadriga_ws/Cuadriga/src/Cuadriga_IA_/install/path_manager_interfaces/local/lib/python3.10/dist-packages/path_manager_interfaces/srv'...
[0.531s] -- Up-to-date: /home/cuadriga/cuadriga_ws/Cuadriga/src/Cuadriga_IA_/install/path_manager_interfaces/lib/libpath_manager_interfaces__rosidl_generator_py.so
[0.531s] -- Up-to-date: /home/cuadriga/cuadriga_ws/Cuadriga/src/Cuadriga_IA_/install/path_manager_interfaces/share/path_manager_interfaces/cmake/export_path_manager_interfaces__rosidl_generator_cExport.cmake
[0.531s] -- Up-to-date: /home/cuadriga/cuadriga_ws/Cuadriga/src/Cuadriga_IA_/install/path_manager_interfaces/share/path_manager_interfaces/cmake/export_path_manager_interfaces__rosidl_generator_cExport-noconfig.cmake
[0.531s] -- Up-to-date: /home/cuadriga/cuadriga_ws/Cuadriga/src/Cuadriga_IA_/install/path_manager_interfaces/share/path_manager_interfaces/cmake/export_path_manager_interfaces__rosidl_typesupport_fastrtps_cExport.cmake
[0.532s] -- Up-to-date: /home/cuadriga/cuadriga_ws/Cuadriga/src/Cuadriga_IA_/install/path_manager_interfaces/share/path_manager_interfaces/cmake/export_path_manager_interfaces__rosidl_typesupport_fastrtps_cExport-noconfig.cmake
[0.532s] -- Up-to-date: /home/cuadriga/cuadriga_ws/Cuadriga/src/Cuadriga_IA_/install/path_manager_interfaces/share/path_manager_interfaces/cmake/path_manager_interfaces__rosidl_typesupport_introspection_cExport.cmake
[0.532s] -- Up-to-date: /home/cuadriga/cuadriga_ws/Cuadriga/src/Cuadriga_IA_/install/path_manager_interfaces/share/path_manager_interfaces/cmake/path_manager_interfaces__rosidl_typesupport_introspection_cExport-noconfig.cmake
[0.532s] -- Up-to-date: /home/cuadriga/cuadriga_ws/Cuadriga/src/Cuadriga_IA_/install/path_manager_interfaces/share/path_manager_interfaces/cmake/path_manager_interfaces__rosidl_typesupport_cExport.cmake
[0.532s] -- Up-to-date: /home/cuadriga/cuadriga_ws/Cuadriga/src/Cuadriga_IA_/install/path_manager_interfaces/share/path_manager_interfaces/cmake/path_manager_interfaces__rosidl_typesupport_cExport-noconfig.cmake
[0.532s] -- Up-to-date: /home/cuadriga/cuadriga_ws/Cuadriga/src/Cuadriga_IA_/install/path_manager_interfaces/share/path_manager_interfaces/cmake/export_path_manager_interfaces__rosidl_generator_cppExport.cmake
[0.532s] -- Up-to-date: /home/cuadriga/cuadriga_ws/Cuadriga/src/Cuadriga_IA_/install/path_manager_interfaces/share/path_manager_interfaces/cmake/export_path_manager_interfaces__rosidl_typesupport_fastrtps_cppExport.cmake
[0.533s] -- Up-to-date: /home/cuadriga/cuadriga_ws/Cuadriga/src/Cuadriga_IA_/install/path_manager_interfaces/share/path_manager_interfaces/cmake/export_path_manager_interfaces__rosidl_typesupport_fastrtps_cppExport-noconfig.cmake
[0.533s] -- Up-to-date: /home/cuadriga/cuadriga_ws/Cuadriga/src/Cuadriga_IA_/install/path_manager_interfaces/share/path_manager_interfaces/cmake/path_manager_interfaces__rosidl_typesupport_introspection_cppExport.cmake
[0.533s] -- Up-to-date: /home/cuadriga/cuadriga_ws/Cuadriga/src/Cuadriga_IA_/install/path_manager_interfaces/share/path_manager_interfaces/cmake/path_manager_interfaces__rosidl_typesupport_introspection_cppExport-noconfig.cmake
[0.533s] -- Up-to-date: /home/cuadriga/cuadriga_ws/Cuadriga/src/Cuadriga_IA_/install/path_manager_interfaces/share/path_manager_interfaces/cmake/path_manager_interfaces__rosidl_typesupport_cppExport.cmake
[0.533s] -- Up-to-date: /home/cuadriga/cuadriga_ws/Cuadriga/src/Cuadriga_IA_/install/path_manager_interfaces/share/path_manager_interfaces/cmake/path_manager_interfaces__rosidl_typesupport_cppExport-noconfig.cmake
[0.533s] -- Up-to-date: /home/cuadriga/cuadriga_ws/Cuadriga/src/Cuadriga_IA_/install/path_manager_interfaces/share/path_manager_interfaces/cmake/export_path_manager_interfaces__rosidl_generator_pyExport.cmake
[0.533s] -- Up-to-date: /home/cuadriga/cuadriga_ws/Cuadriga/src/Cuadriga_IA_/install/path_manager_interfaces/share/path_manager_interfaces/cmake/export_path_manager_interfaces__rosidl_generator_pyExport-noconfig.cmake
[0.535s] Invoked command in '/home/cuadriga/cuadriga_ws/Cuadriga/src/Cuadriga_IA_/build/path_manager_interfaces' returned '0': CMAKE_PREFIX_PATH=${CMAKE_PREFIX_PATH}:/home/cuadriga/tfgcuadriga/install/gpx_loader:/opt/ros/humble /usr/bin/cmake --install /home/cuadriga/cuadriga_ws/Cuadriga/src/Cuadriga_IA_/build/path_manager_interfaces
