[0.041s] Invoking command in '/home/rhobtor/PHD/Cuadriga_j8/src/Cuadriga/src/ARGOSJ8_IA_/build/security_check_interfaces': CMAKE_PREFIX_PATH=${CMAKE_PREFIX_PATH}:/opt/ros/humble /opt/st/stm32cubeclt_1.18.0/CMake/bin/cmake /home/rhobtor/PHD/Cuadriga_j8/src/Cuadriga/src/ARGOSJ8_IA_/src/security_check/security_check_interfaces -DCMAKE_INSTALL_PREFIX=/home/rhobtor/PHD/Cuadriga_j8/src/Cuadriga/src/ARGOSJ8_IA_/install/security_check_interfaces
[0.598s] -- The C compiler identification is GNU 11.4.0
[0.598s] -- The CXX compiler identification is GNU 11.4.0
[0.598s] -- Detecting C compiler ABI info
[0.598s] -- Detecting C compiler ABI info - done
[0.598s] -- Check for working C compiler: /usr/bin/cc - skipped
[0.598s] -- Detecting C compile features
[0.599s] -- Detecting C compile features - done
[0.599s] -- Detecting CXX compiler ABI info
[0.599s] -- Detecting CXX compiler ABI info - done
[0.599s] -- Check for working CXX compiler: /usr/bin/c++ - skipped
[0.599s] -- Detecting CXX compile features
[0.599s] -- Detecting CXX compile features - done
[0.599s] -- Found ament_cmake: 1.3.14 (/opt/ros/humble/share/ament_cmake/cmake)
[0.689s] -- Found Python3: /usr/bin/python3 (found version "3.10.12") found components: Interpreter 
[0.864s] -- Found rosidl_default_generators: 1.2.1 (/opt/ros/humble/share/rosidl_default_generators/cmake)
[0.873s] -- Using all available rosidl_typesupport_c: rosidl_typesupport_fastrtps_c;rosidl_typesupport_introspection_c
[0.892s] -- Found rosidl_adapter: 3.1.8 (/opt/ros/humble/share/rosidl_adapter/cmake)
[1.026s] -- Using all available rosidl_typesupport_cpp: rosidl_typesupport_fastrtps_cpp;rosidl_typesupport_introspection_cpp
[1.123s] -- Found std_msgs: 4.9.1 (/opt/ros/humble/share/std_msgs/cmake)
[1.848s] -- Found ament_cmake_ros: 0.10.0 (/opt/ros/humble/share/ament_cmake_ros/cmake)
[2.618s] -- Using all available rosidl_typesupport_c: rosidl_typesupport_fastrtps_c;rosidl_typesupport_introspection_c
[3.885s] -- Using all available rosidl_typesupport_cpp: rosidl_typesupport_fastrtps_cpp;rosidl_typesupport_introspection_cpp
[3.890s] [33mCMake Warning (dev) at /opt/ros/humble/share/rosidl_generator_py/cmake/rosidl_generator_py_generate_interfaces.cmake:20 (find_package):
[3.890s]   Policy CMP0148 is not set: The FindPythonInterp and FindPythonLibs modules
[3.891s]   are removed.  Run "cmake --help-policy CMP0148" for policy details.  Use
[3.891s]   the cmake_policy command to set the policy and suppress this warning.
[3.891s] 
[3.891s] Call Stack (most recent call first):
[3.891s]   /opt/ros/humble/share/ament_cmake_core/cmake/core/ament_execute_extensions.cmake:48 (include)
[3.891s]   /opt/ros/humble/share/rosidl_cmake/cmake/rosidl_generate_interfaces.cmake:286 (ament_execute_extensions)
[3.891s]   CMakeLists.txt:13 (rosidl_generate_interfaces)
[3.891s] This warning is for project developers.  Use -Wno-dev to suppress it.
[3.892s] [0m
[3.940s] -- Found PythonInterp: /usr/bin/python3 (found suitable version "3.10.12", minimum required is "3.6") 
[3.946s] -- Found python_cmake_module: 0.10.0 (/opt/ros/humble/share/python_cmake_module/cmake)
[3.947s] [33mCMake Warning (dev) at /opt/ros/humble/share/python_cmake_module/cmake/Modules/FindPythonExtra.cmake:52 (find_package):
[3.947s]   Policy CMP0148 is not set: The FindPythonInterp and FindPythonLibs modules
[3.947s]   are removed.  Run "cmake --help-policy CMP0148" for policy details.  Use
[3.949s]   the cmake_policy command to set the policy and suppress this warning.
[3.949s] 
[3.949s] Call Stack (most recent call first):
[3.949s]   /opt/ros/humble/share/rosidl_generator_py/cmake/rosidl_generator_py_generate_interfaces.cmake:23 (find_package)
[3.949s]   /opt/ros/humble/share/ament_cmake_core/cmake/core/ament_execute_extensions.cmake:48 (include)
[3.949s]   /opt/ros/humble/share/rosidl_cmake/cmake/rosidl_generate_interfaces.cmake:286 (ament_execute_extensions)
[3.950s]   CMakeLists.txt:13 (rosidl_generate_interfaces)
[3.950s] This warning is for project developers.  Use -Wno-dev to suppress it.
[3.950s] [0m
[3.989s] [33mCMake Warning (dev) at /opt/ros/humble/share/python_cmake_module/cmake/Modules/FindPythonExtra.cmake:140 (find_package):
[3.990s]   Policy CMP0148 is not set: The FindPythonInterp and FindPythonLibs modules
[3.990s]   are removed.  Run "cmake --help-policy CMP0148" for policy details.  Use
[3.990s]   the cmake_policy command to set the policy and suppress this warning.
[3.994s] 
[3.994s] Call Stack (most recent call first):
[3.994s]   /opt/ros/humble/share/rosidl_generator_py/cmake/rosidl_generator_py_generate_interfaces.cmake:23 (find_package)
[3.994s]   /opt/ros/humble/share/ament_cmake_core/cmake/core/ament_execute_extensions.cmake:48 (include)
[3.994s]   /opt/ros/humble/share/rosidl_cmake/cmake/rosidl_generate_interfaces.cmake:286 (ament_execute_extensions)
[3.995s]   CMakeLists.txt:13 (rosidl_generate_interfaces)
[3.995s] This warning is for project developers.  Use -Wno-dev to suppress it.
[3.995s] [0m
[4.010s] -- Found PythonLibs: /usr/lib/x86_64-linux-gnu/libpython3.10.so (found suitable version "3.10.12", minimum required is "3.5") 
[4.010s] -- Using PYTHON_EXECUTABLE: /usr/bin/python3
[4.011s] -- Using PYTHON_INCLUDE_DIRS: /usr/include/python3.10
[4.011s] -- Using PYTHON_LIBRARIES: /usr/lib/x86_64-linux-gnu/libpython3.10.so
[4.059s] -- Found PythonExtra: .so  
[4.601s] -- Configuring done (4.5s)
[4.735s] -- Generating done (0.1s)
[4.762s] -- Build files have been written to: /home/rhobtor/PHD/Cuadriga_j8/src/Cuadriga/src/ARGOSJ8_IA_/build/security_check_interfaces
[4.803s] Invoked command in '/home/rhobtor/PHD/Cuadriga_j8/src/Cuadriga/src/ARGOSJ8_IA_/build/security_check_interfaces' returned '0': CMAKE_PREFIX_PATH=${CMAKE_PREFIX_PATH}:/opt/ros/humble /opt/st/stm32cubeclt_1.18.0/CMake/bin/cmake /home/rhobtor/PHD/Cuadriga_j8/src/Cuadriga/src/ARGOSJ8_IA_/src/security_check/security_check_interfaces -DCMAKE_INSTALL_PREFIX=/home/rhobtor/PHD/Cuadriga_j8/src/Cuadriga/src/ARGOSJ8_IA_/install/security_check_interfaces
[4.812s] Invoking command in '/home/rhobtor/PHD/Cuadriga_j8/src/Cuadriga/src/ARGOSJ8_IA_/build/security_check_interfaces': CMAKE_PREFIX_PATH=${CMAKE_PREFIX_PATH}:/opt/ros/humble /opt/st/stm32cubeclt_1.18.0/CMake/bin/cmake --build /home/rhobtor/PHD/Cuadriga_j8/src/Cuadriga/src/ARGOSJ8_IA_/build/security_check_interfaces -- -j16 -l16
[4.868s] [  2%] [34m[1mGenerating C code for ROS interfaces[0m
[4.896s] [  5%] [34m[1mGenerating Rust code for ROS interfaces[0m
[4.902s] [  7%] [34m[1mGenerating C++ code for ROS interfaces[0m
[4.909s] [  7%] Built target ament_cmake_python_copy_security_check_interfaces
[5.596s] [  7%] Built target security_check_interfaces__rs
[5.665s] running egg_info
[5.710s] creating security_check_interfaces.egg-info
[5.710s] writing security_check_interfaces.egg-info/PKG-INFO
[5.711s] writing dependency_links to security_check_interfaces.egg-info/dependency_links.txt
[5.711s] writing top-level names to security_check_interfaces.egg-info/top_level.txt
[5.711s] writing manifest file 'security_check_interfaces.egg-info/SOURCES.txt'
[5.825s] reading manifest file 'security_check_interfaces.egg-info/SOURCES.txt'
[5.827s] writing manifest file 'security_check_interfaces.egg-info/SOURCES.txt'
[5.903s] [  7%] Built target ament_cmake_python_build_security_check_interfaces_egg
[5.908s] [ 12%] [32mBuilding C object CMakeFiles/security_check_interfaces__rosidl_generator_c.dir/rosidl_generator_c/security_check_interfaces/srv/detail/password_check__functions.c.o[0m
[5.909s] [ 12%] [32mBuilding C object CMakeFiles/security_check_interfaces__rosidl_generator_c.dir/rosidl_generator_c/security_check_interfaces/srv/detail/get_security_check_status__functions.c.o[0m
[5.918s] [ 12%] Built target security_check_interfaces__cpp
[5.938s] [ 15%] [34m[1mGenerating C++ introspection for ROS interfaces[0m
[5.942s] [ 17%] [34m[1mGenerating C++ type support for eProsima Fast-RTPS[0m
[5.946s] [ 20%] [34m[1mGenerating C++ type support dispatch for ROS interfaces[0m
[6.118s] [ 22%] [32m[1mLinking C shared library libsecurity_check_interfaces__rosidl_generator_c.so[0m
[6.204s] [ 22%] Built target security_check_interfaces__rosidl_generator_c
[6.218s] [ 25%] [34m[1mGenerating C type support dispatch for ROS interfaces[0m
[6.219s] [ 27%] [34m[1mGenerating C type support for eProsima Fast-RTPS[0m
[6.225s] [ 30%] [34m[1mGenerating C introspection for ROS interfaces[0m
[6.967s] [ 32%] [32mBuilding CXX object CMakeFiles/security_check_interfaces__rosidl_typesupport_fastrtps_cpp.dir/rosidl_typesupport_fastrtps_cpp/security_check_interfaces/srv/detail/dds_fastrtps/password_check__type_support.cpp.o[0m
[6.969s] [ 35%] [32mBuilding CXX object CMakeFiles/security_check_interfaces__rosidl_typesupport_fastrtps_cpp.dir/rosidl_typesupport_fastrtps_cpp/security_check_interfaces/srv/detail/dds_fastrtps/get_security_check_status__type_support.cpp.o[0m
[7.272s] [ 37%] [32mBuilding CXX object CMakeFiles/security_check_interfaces__rosidl_typesupport_introspection_cpp.dir/rosidl_typesupport_introspection_cpp/security_check_interfaces/srv/detail/password_check__type_support.cpp.o[0m
[7.279s] [ 40%] [32mBuilding CXX object CMakeFiles/security_check_interfaces__rosidl_typesupport_introspection_cpp.dir/rosidl_typesupport_introspection_cpp/security_check_interfaces/srv/detail/get_security_check_status__type_support.cpp.o[0m
[7.384s] [ 42%] [32mBuilding CXX object CMakeFiles/security_check_interfaces__rosidl_typesupport_cpp.dir/rosidl_typesupport_cpp/security_check_interfaces/srv/password_check__type_support.cpp.o[0m
[7.391s] [ 45%] [32mBuilding CXX object CMakeFiles/security_check_interfaces__rosidl_typesupport_cpp.dir/rosidl_typesupport_cpp/security_check_interfaces/srv/get_security_check_status__type_support.cpp.o[0m
[7.996s] [ 47%] [32m[1mLinking CXX shared library libsecurity_check_interfaces__rosidl_typesupport_cpp.so[0m
[8.098s] [ 50%] [32mBuilding CXX object CMakeFiles/security_check_interfaces__rosidl_typesupport_c.dir/rosidl_typesupport_c/security_check_interfaces/srv/get_security_check_status__type_support.cpp.o[0m
[8.103s] [ 52%] [32mBuilding CXX object CMakeFiles/security_check_interfaces__rosidl_typesupport_c.dir/rosidl_typesupport_c/security_check_interfaces/srv/password_check__type_support.cpp.o[0m
[8.111s] [ 52%] Built target security_check_interfaces__rosidl_typesupport_cpp
[8.149s] [ 55%] [32mBuilding C object CMakeFiles/security_check_interfaces__rosidl_typesupport_introspection_c.dir/rosidl_typesupport_introspection_c/security_check_interfaces/srv/detail/password_check__type_support.c.o[0m
[8.156s] [ 57%] [32mBuilding C object CMakeFiles/security_check_interfaces__rosidl_typesupport_introspection_c.dir/rosidl_typesupport_introspection_c/security_check_interfaces/srv/detail/get_security_check_status__type_support.c.o[0m
[8.195s] [ 60%] [32m[1mLinking CXX shared library libsecurity_check_interfaces__rosidl_typesupport_c.so[0m
[8.243s] [ 62%] [32m[1mLinking C shared library libsecurity_check_interfaces__rosidl_typesupport_introspection_c.so[0m
[8.284s] [ 62%] Built target security_check_interfaces__rosidl_typesupport_c
[8.317s] [ 62%] Built target security_check_interfaces__rosidl_typesupport_introspection_c
[8.526s] [ 65%] [32mBuilding CXX object CMakeFiles/security_check_interfaces__rosidl_typesupport_fastrtps_c.dir/rosidl_typesupport_fastrtps_c/security_check_interfaces/srv/detail/password_check__type_support_c.cpp.o[0m
[8.534s] [ 67%] [32mBuilding CXX object CMakeFiles/security_check_interfaces__rosidl_typesupport_fastrtps_c.dir/rosidl_typesupport_fastrtps_c/security_check_interfaces/srv/detail/get_security_check_status__type_support_c.cpp.o[0m
[9.206s] [ 70%] [32m[1mLinking CXX shared library libsecurity_check_interfaces__rosidl_typesupport_fastrtps_cpp.so[0m
[9.451s] [ 70%] Built target security_check_interfaces__rosidl_typesupport_fastrtps_cpp
[9.556s] [ 72%] [32m[1mLinking CXX shared library libsecurity_check_interfaces__rosidl_typesupport_introspection_cpp.so[0m
[9.812s] [ 72%] Built target security_check_interfaces__rosidl_typesupport_introspection_cpp
[9.913s] [ 75%] [32m[1mLinking CXX shared library libsecurity_check_interfaces__rosidl_typesupport_fastrtps_c.so[0m
[10.078s] [ 75%] Built target security_check_interfaces__rosidl_typesupport_fastrtps_c
[10.106s] [ 75%] Built target security_check_interfaces
[10.144s] [ 77%] [34m[1mGenerating Python code for ROS interfaces[0m
[12.861s] [ 77%] Built target security_check_interfaces__py
[12.897s] [ 80%] [32mBuilding C object CMakeFiles/security_check_interfaces__rosidl_generator_py.dir/rosidl_generator_py/security_check_interfaces/srv/_password_check_s.c.o[0m
[12.907s] [ 82%] [32mBuilding C object CMakeFiles/security_check_interfaces__rosidl_generator_py.dir/rosidl_generator_py/security_check_interfaces/srv/_get_security_check_status_s.c.o[0m
[13.457s] [ 85%] [32m[1mLinking C shared library rosidl_generator_py/security_check_interfaces/libsecurity_check_interfaces__rosidl_generator_py.so[0m
[13.661s] [ 85%] Built target security_check_interfaces__rosidl_generator_py
[13.714s] [ 87%] [32mBuilding C object CMakeFiles/security_check_interfaces__rosidl_typesupport_fastrtps_c__pyext.dir/rosidl_generator_py/security_check_interfaces/_security_check_interfaces_s.ep.rosidl_typesupport_fastrtps_c.c.o[0m
[13.724s] [ 90%] [32mBuilding C object CMakeFiles/security_check_interfaces__rosidl_typesupport_c__pyext.dir/rosidl_generator_py/security_check_interfaces/_security_check_interfaces_s.ep.rosidl_typesupport_c.c.o[0m
[13.725s] [ 92%] [32mBuilding C object CMakeFiles/security_check_interfaces__rosidl_typesupport_introspection_c__pyext.dir/rosidl_generator_py/security_check_interfaces/_security_check_interfaces_s.ep.rosidl_typesupport_introspection_c.c.o[0m
[14.109s] [ 95%] [32m[1mLinking C shared library rosidl_generator_py/security_check_interfaces/security_check_interfaces_s__rosidl_typesupport_introspection_c.cpython-310-x86_64-linux-gnu.so[0m
[14.290s] [ 95%] Built target security_check_interfaces__rosidl_typesupport_introspection_c__pyext
[14.526s] [ 97%] [32m[1mLinking C shared library rosidl_generator_py/security_check_interfaces/security_check_interfaces_s__rosidl_typesupport_c.cpython-310-x86_64-linux-gnu.so[0m
[14.628s] [100%] [32m[1mLinking C shared library rosidl_generator_py/security_check_interfaces/security_check_interfaces_s__rosidl_typesupport_fastrtps_c.cpython-310-x86_64-linux-gnu.so[0m
[14.708s] [100%] Built target security_check_interfaces__rosidl_typesupport_c__pyext
[14.721s] [100%] Built target security_check_interfaces__rosidl_typesupport_fastrtps_c__pyext
[14.754s] Invoked command in '/home/rhobtor/PHD/Cuadriga_j8/src/Cuadriga/src/ARGOSJ8_IA_/build/security_check_interfaces' returned '0': CMAKE_PREFIX_PATH=${CMAKE_PREFIX_PATH}:/opt/ros/humble /opt/st/stm32cubeclt_1.18.0/CMake/bin/cmake --build /home/rhobtor/PHD/Cuadriga_j8/src/Cuadriga/src/ARGOSJ8_IA_/build/security_check_interfaces -- -j16 -l16
[14.754s] Invoking command in '/home/rhobtor/PHD/Cuadriga_j8/src/Cuadriga/src/ARGOSJ8_IA_/build/security_check_interfaces': CMAKE_PREFIX_PATH=${CMAKE_PREFIX_PATH}:/opt/ros/humble /opt/st/stm32cubeclt_1.18.0/CMake/bin/cmake --install /home/rhobtor/PHD/Cuadriga_j8/src/Cuadriga/src/ARGOSJ8_IA_/build/security_check_interfaces
[14.762s] -- Install configuration: ""
[14.762s] -- Installing: /home/rhobtor/PHD/Cuadriga_j8/src/Cuadriga/src/ARGOSJ8_IA_/install/security_check_interfaces/share/ament_index/resource_index/rosidl_interfaces/security_check_interfaces
[14.765s] -- Installing: /home/rhobtor/PHD/Cuadriga_j8/src/Cuadriga/src/ARGOSJ8_IA_/install/security_check_interfaces/include/security_check_interfaces/security_check_interfaces
[14.766s] -- Installing: /home/rhobtor/PHD/Cuadriga_j8/src/Cuadriga/src/ARGOSJ8_IA_/install/security_check_interfaces/include/security_check_interfaces/security_check_interfaces/srv
[14.767s] -- Installing: /home/rhobtor/PHD/Cuadriga_j8/src/Cuadriga/src/ARGOSJ8_IA_/install/security_check_interfaces/include/security_check_interfaces/security_check_interfaces/srv/detail
[14.767s] -- Installing: /home/rhobtor/PHD/Cuadriga_j8/src/Cuadriga/src/ARGOSJ8_IA_/install/security_check_interfaces/include/security_check_interfaces/security_check_interfaces/srv/detail/get_security_check_status__struct.h
[14.768s] -- Installing: /home/rhobtor/PHD/Cuadriga_j8/src/Cuadriga/src/ARGOSJ8_IA_/install/security_check_interfaces/include/security_check_interfaces/security_check_interfaces/srv/detail/password_check__struct.h
[14.770s] -- Installing: /home/rhobtor/PHD/Cuadriga_j8/src/Cuadriga/src/ARGOSJ8_IA_/install/security_check_interfaces/include/security_check_interfaces/security_check_interfaces/srv/detail/password_check__functions.c
[14.771s] -- Installing: /home/rhobtor/PHD/Cuadriga_j8/src/Cuadriga/src/ARGOSJ8_IA_/install/security_check_interfaces/include/security_check_interfaces/security_check_interfaces/srv/detail/get_security_check_status__functions.h
[14.771s] -- Installing: /home/rhobtor/PHD/Cuadriga_j8/src/Cuadriga/src/ARGOSJ8_IA_/install/security_check_interfaces/include/security_check_interfaces/security_check_interfaces/srv/detail/get_security_check_status__functions.c
[14.772s] -- Installing: /home/rhobtor/PHD/Cuadriga_j8/src/Cuadriga/src/ARGOSJ8_IA_/install/security_check_interfaces/include/security_check_interfaces/security_check_interfaces/srv/detail/get_security_check_status__type_support.h
[14.774s] -- Installing: /home/rhobtor/PHD/Cuadriga_j8/src/Cuadriga/src/ARGOSJ8_IA_/install/security_check_interfaces/include/security_check_interfaces/security_check_interfaces/srv/detail/password_check__functions.h
[14.774s] -- Installing: /home/rhobtor/PHD/Cuadriga_j8/src/Cuadriga/src/ARGOSJ8_IA_/install/security_check_interfaces/include/security_check_interfaces/security_check_interfaces/srv/detail/password_check__type_support.h
[14.775s] -- Installing: /home/rhobtor/PHD/Cuadriga_j8/src/Cuadriga/src/ARGOSJ8_IA_/install/security_check_interfaces/include/security_check_interfaces/security_check_interfaces/srv/get_security_check_status.h
[14.777s] -- Installing: /home/rhobtor/PHD/Cuadriga_j8/src/Cuadriga/src/ARGOSJ8_IA_/install/security_check_interfaces/include/security_check_interfaces/security_check_interfaces/srv/password_check.h
[14.777s] -- Installing: /home/rhobtor/PHD/Cuadriga_j8/src/Cuadriga/src/ARGOSJ8_IA_/install/security_check_interfaces/include/security_check_interfaces/security_check_interfaces/msg
[14.777s] -- Installing: /home/rhobtor/PHD/Cuadriga_j8/src/Cuadriga/src/ARGOSJ8_IA_/install/security_check_interfaces/include/security_check_interfaces/security_check_interfaces/msg/rosidl_generator_c__visibility_control.h
[14.779s] -- Installing: /home/rhobtor/PHD/Cuadriga_j8/src/Cuadriga/src/ARGOSJ8_IA_/install/security_check_interfaces/share/security_check_interfaces/environment/library_path.sh
[14.779s] -- Installing: /home/rhobtor/PHD/Cuadriga_j8/src/Cuadriga/src/ARGOSJ8_IA_/install/security_check_interfaces/share/security_check_interfaces/environment/library_path.dsv
[14.784s] -- Installing: /home/rhobtor/PHD/Cuadriga_j8/src/Cuadriga/src/ARGOSJ8_IA_/install/security_check_interfaces/lib/libsecurity_check_interfaces__rosidl_generator_c.so
[14.785s] -- Set non-toolchain portion of runtime path of "/home/rhobtor/PHD/Cuadriga_j8/src/Cuadriga/src/ARGOSJ8_IA_/install/security_check_interfaces/lib/libsecurity_check_interfaces__rosidl_generator_c.so" to ""
[14.785s] -- Up-to-date: /home/rhobtor/PHD/Cuadriga_j8/src/Cuadriga/src/ARGOSJ8_IA_/install/security_check_interfaces/include/security_check_interfaces/security_check_interfaces
[14.785s] -- Up-to-date: /home/rhobtor/PHD/Cuadriga_j8/src/Cuadriga/src/ARGOSJ8_IA_/install/security_check_interfaces/include/security_check_interfaces/security_check_interfaces/srv
[14.785s] -- Up-to-date: /home/rhobtor/PHD/Cuadriga_j8/src/Cuadriga/src/ARGOSJ8_IA_/install/security_check_interfaces/include/security_check_interfaces/security_check_interfaces/srv/detail
[14.785s] -- Installing: /home/rhobtor/PHD/Cuadriga_j8/src/Cuadriga/src/ARGOSJ8_IA_/install/security_check_interfaces/include/security_check_interfaces/security_check_interfaces/srv/detail/get_security_check_status__rosidl_typesupport_fastrtps_c.h
[14.785s] -- Installing: /home/rhobtor/PHD/Cuadriga_j8/src/Cuadriga/src/ARGOSJ8_IA_/install/security_check_interfaces/include/security_check_interfaces/security_check_interfaces/srv/detail/password_check__rosidl_typesupport_fastrtps_c.h
[14.785s] -- Up-to-date: /home/rhobtor/PHD/Cuadriga_j8/src/Cuadriga/src/ARGOSJ8_IA_/install/security_check_interfaces/include/security_check_interfaces/security_check_interfaces/msg
[14.785s] -- Installing: /home/rhobtor/PHD/Cuadriga_j8/src/Cuadriga/src/ARGOSJ8_IA_/install/security_check_interfaces/include/security_check_interfaces/security_check_interfaces/msg/rosidl_typesupport_fastrtps_c__visibility_control.h
[14.786s] -- Installing: /home/rhobtor/PHD/Cuadriga_j8/src/Cuadriga/src/ARGOSJ8_IA_/install/security_check_interfaces/lib/libsecurity_check_interfaces__rosidl_typesupport_fastrtps_c.so
[14.786s] -- Set non-toolchain portion of runtime path of "/home/rhobtor/PHD/Cuadriga_j8/src/Cuadriga/src/ARGOSJ8_IA_/install/security_check_interfaces/lib/libsecurity_check_interfaces__rosidl_typesupport_fastrtps_c.so" to ""
[14.787s] -- Up-to-date: /home/rhobtor/PHD/Cuadriga_j8/src/Cuadriga/src/ARGOSJ8_IA_/install/security_check_interfaces/include/security_check_interfaces/security_check_interfaces
[14.788s] -- Up-to-date: /home/rhobtor/PHD/Cuadriga_j8/src/Cuadriga/src/ARGOSJ8_IA_/install/security_check_interfaces/include/security_check_interfaces/security_check_interfaces/srv
[14.791s] -- Up-to-date: /home/rhobtor/PHD/Cuadriga_j8/src/Cuadriga/src/ARGOSJ8_IA_/install/security_check_interfaces/include/security_check_interfaces/security_check_interfaces/srv/detail
[14.791s] -- Installing: /home/rhobtor/PHD/Cuadriga_j8/src/Cuadriga/src/ARGOSJ8_IA_/install/security_check_interfaces/include/security_check_interfaces/security_check_interfaces/srv/detail/get_security_check_status__rosidl_typesupport_introspection_c.h
[14.791s] -- Installing: /home/rhobtor/PHD/Cuadriga_j8/src/Cuadriga/src/ARGOSJ8_IA_/install/security_check_interfaces/include/security_check_interfaces/security_check_interfaces/srv/detail/password_check__rosidl_typesupport_introspection_c.h
[14.791s] -- Installing: /home/rhobtor/PHD/Cuadriga_j8/src/Cuadriga/src/ARGOSJ8_IA_/install/security_check_interfaces/include/security_check_interfaces/security_check_interfaces/srv/detail/password_check__type_support.c
[14.791s] -- Installing: /home/rhobtor/PHD/Cuadriga_j8/src/Cuadriga/src/ARGOSJ8_IA_/install/security_check_interfaces/include/security_check_interfaces/security_check_interfaces/srv/detail/get_security_check_status__type_support.c
[14.793s] -- Up-to-date: /home/rhobtor/PHD/Cuadriga_j8/src/Cuadriga/src/ARGOSJ8_IA_/install/security_check_interfaces/include/security_check_interfaces/security_check_interfaces/msg
[14.793s] -- Installing: /home/rhobtor/PHD/Cuadriga_j8/src/Cuadriga/src/ARGOSJ8_IA_/install/security_check_interfaces/include/security_check_interfaces/security_check_interfaces/msg/rosidl_typesupport_introspection_c__visibility_control.h
[14.793s] -- Installing: /home/rhobtor/PHD/Cuadriga_j8/src/Cuadriga/src/ARGOSJ8_IA_/install/security_check_interfaces/lib/libsecurity_check_interfaces__rosidl_typesupport_introspection_c.so
[14.793s] -- Set non-toolchain portion of runtime path of "/home/rhobtor/PHD/Cuadriga_j8/src/Cuadriga/src/ARGOSJ8_IA_/install/security_check_interfaces/lib/libsecurity_check_interfaces__rosidl_typesupport_introspection_c.so" to ""
[14.793s] -- Installing: /home/rhobtor/PHD/Cuadriga_j8/src/Cuadriga/src/ARGOSJ8_IA_/install/security_check_interfaces/lib/libsecurity_check_interfaces__rosidl_typesupport_c.so
[14.795s] -- Set non-toolchain portion of runtime path of "/home/rhobtor/PHD/Cuadriga_j8/src/Cuadriga/src/ARGOSJ8_IA_/install/security_check_interfaces/lib/libsecurity_check_interfaces__rosidl_typesupport_c.so" to ""
[14.796s] -- Up-to-date: /home/rhobtor/PHD/Cuadriga_j8/src/Cuadriga/src/ARGOSJ8_IA_/install/security_check_interfaces/include/security_check_interfaces/security_check_interfaces
[14.797s] -- Up-to-date: /home/rhobtor/PHD/Cuadriga_j8/src/Cuadriga/src/ARGOSJ8_IA_/install/security_check_interfaces/include/security_check_interfaces/security_check_interfaces/srv
[14.797s] -- Installing: /home/rhobtor/PHD/Cuadriga_j8/src/Cuadriga/src/ARGOSJ8_IA_/install/security_check_interfaces/include/security_check_interfaces/security_check_interfaces/srv/password_check.hpp
[14.797s] -- Installing: /home/rhobtor/PHD/Cuadriga_j8/src/Cuadriga/src/ARGOSJ8_IA_/install/security_check_interfaces/include/security_check_interfaces/security_check_interfaces/srv/get_security_check_status.hpp
[14.798s] -- Up-to-date: /home/rhobtor/PHD/Cuadriga_j8/src/Cuadriga/src/ARGOSJ8_IA_/install/security_check_interfaces/include/security_check_interfaces/security_check_interfaces/srv/detail
[14.798s] -- Installing: /home/rhobtor/PHD/Cuadriga_j8/src/Cuadriga/src/ARGOSJ8_IA_/install/security_check_interfaces/include/security_check_interfaces/security_check_interfaces/srv/detail/get_security_check_status__builder.hpp
[14.798s] -- Installing: /home/rhobtor/PHD/Cuadriga_j8/src/Cuadriga/src/ARGOSJ8_IA_/install/security_check_interfaces/include/security_check_interfaces/security_check_interfaces/srv/detail/get_security_check_status__traits.hpp
[14.800s] -- Installing: /home/rhobtor/PHD/Cuadriga_j8/src/Cuadriga/src/ARGOSJ8_IA_/install/security_check_interfaces/include/security_check_interfaces/security_check_interfaces/srv/detail/get_security_check_status__struct.hpp
[14.800s] -- Installing: /home/rhobtor/PHD/Cuadriga_j8/src/Cuadriga/src/ARGOSJ8_IA_/install/security_check_interfaces/include/security_check_interfaces/security_check_interfaces/srv/detail/password_check__builder.hpp
[14.801s] -- Installing: /home/rhobtor/PHD/Cuadriga_j8/src/Cuadriga/src/ARGOSJ8_IA_/install/security_check_interfaces/include/security_check_interfaces/security_check_interfaces/srv/detail/password_check__traits.hpp
[14.801s] -- Installing: /home/rhobtor/PHD/Cuadriga_j8/src/Cuadriga/src/ARGOSJ8_IA_/install/security_check_interfaces/include/security_check_interfaces/security_check_interfaces/srv/detail/password_check__struct.hpp
[14.802s] -- Installing: /home/rhobtor/PHD/Cuadriga_j8/src/Cuadriga/src/ARGOSJ8_IA_/install/security_check_interfaces/include/security_check_interfaces/security_check_interfaces/srv/detail/password_check__type_support.hpp
[14.803s] -- Installing: /home/rhobtor/PHD/Cuadriga_j8/src/Cuadriga/src/ARGOSJ8_IA_/install/security_check_interfaces/include/security_check_interfaces/security_check_interfaces/srv/detail/get_security_check_status__type_support.hpp
[14.804s] -- Up-to-date: /home/rhobtor/PHD/Cuadriga_j8/src/Cuadriga/src/ARGOSJ8_IA_/install/security_check_interfaces/include/security_check_interfaces/security_check_interfaces/msg
[14.804s] -- Installing: /home/rhobtor/PHD/Cuadriga_j8/src/Cuadriga/src/ARGOSJ8_IA_/install/security_check_interfaces/include/security_check_interfaces/security_check_interfaces/msg/rosidl_generator_cpp__visibility_control.hpp
[14.806s] -- Up-to-date: /home/rhobtor/PHD/Cuadriga_j8/src/Cuadriga/src/ARGOSJ8_IA_/install/security_check_interfaces/include/security_check_interfaces/security_check_interfaces
[14.807s] -- Up-to-date: /home/rhobtor/PHD/Cuadriga_j8/src/Cuadriga/src/ARGOSJ8_IA_/install/security_check_interfaces/include/security_check_interfaces/security_check_interfaces/srv
[14.807s] -- Up-to-date: /home/rhobtor/PHD/Cuadriga_j8/src/Cuadriga/src/ARGOSJ8_IA_/install/security_check_interfaces/include/security_check_interfaces/security_check_interfaces/srv/detail
[14.808s] -- Installing: /home/rhobtor/PHD/Cuadriga_j8/src/Cuadriga/src/ARGOSJ8_IA_/install/security_check_interfaces/include/security_check_interfaces/security_check_interfaces/srv/detail/get_security_check_status__rosidl_typesupport_fastrtps_cpp.hpp
[14.808s] -- Installing: /home/rhobtor/PHD/Cuadriga_j8/src/Cuadriga/src/ARGOSJ8_IA_/install/security_check_interfaces/include/security_check_interfaces/security_check_interfaces/srv/detail/password_check__rosidl_typesupport_fastrtps_cpp.hpp
[14.809s] -- Installing: /home/rhobtor/PHD/Cuadriga_j8/src/Cuadriga/src/ARGOSJ8_IA_/install/security_check_interfaces/include/security_check_interfaces/security_check_interfaces/srv/detail/dds_fastrtps
[14.809s] -- Up-to-date: /home/rhobtor/PHD/Cuadriga_j8/src/Cuadriga/src/ARGOSJ8_IA_/install/security_check_interfaces/include/security_check_interfaces/security_check_interfaces/msg
[14.809s] -- Installing: /home/rhobtor/PHD/Cuadriga_j8/src/Cuadriga/src/ARGOSJ8_IA_/install/security_check_interfaces/include/security_check_interfaces/security_check_interfaces/msg/rosidl_typesupport_fastrtps_cpp__visibility_control.h
[14.810s] -- Installing: /home/rhobtor/PHD/Cuadriga_j8/src/Cuadriga/src/ARGOSJ8_IA_/install/security_check_interfaces/lib/libsecurity_check_interfaces__rosidl_typesupport_fastrtps_cpp.so
[14.812s] -- Set non-toolchain portion of runtime path of "/home/rhobtor/PHD/Cuadriga_j8/src/Cuadriga/src/ARGOSJ8_IA_/install/security_check_interfaces/lib/libsecurity_check_interfaces__rosidl_typesupport_fastrtps_cpp.so" to ""
[14.812s] -- Up-to-date: /home/rhobtor/PHD/Cuadriga_j8/src/Cuadriga/src/ARGOSJ8_IA_/install/security_check_interfaces/include/security_check_interfaces/security_check_interfaces
[14.813s] -- Up-to-date: /home/rhobtor/PHD/Cuadriga_j8/src/Cuadriga/src/ARGOSJ8_IA_/install/security_check_interfaces/include/security_check_interfaces/security_check_interfaces/srv
[14.813s] -- Up-to-date: /home/rhobtor/PHD/Cuadriga_j8/src/Cuadriga/src/ARGOSJ8_IA_/install/security_check_interfaces/include/security_check_interfaces/security_check_interfaces/srv/detail
[14.814s] -- Installing: /home/rhobtor/PHD/Cuadriga_j8/src/Cuadriga/src/ARGOSJ8_IA_/install/security_check_interfaces/include/security_check_interfaces/security_check_interfaces/srv/detail/password_check__rosidl_typesupport_introspection_cpp.hpp
[14.814s] -- Installing: /home/rhobtor/PHD/Cuadriga_j8/src/Cuadriga/src/ARGOSJ8_IA_/install/security_check_interfaces/include/security_check_interfaces/security_check_interfaces/srv/detail/get_security_check_status__rosidl_typesupport_introspection_cpp.hpp
[14.815s] -- Installing: /home/rhobtor/PHD/Cuadriga_j8/src/Cuadriga/src/ARGOSJ8_IA_/install/security_check_interfaces/include/security_check_interfaces/security_check_interfaces/srv/detail/password_check__type_support.cpp
[14.817s] -- Installing: /home/rhobtor/PHD/Cuadriga_j8/src/Cuadriga/src/ARGOSJ8_IA_/install/security_check_interfaces/include/security_check_interfaces/security_check_interfaces/srv/detail/get_security_check_status__type_support.cpp
[14.817s] -- Installing: /home/rhobtor/PHD/Cuadriga_j8/src/Cuadriga/src/ARGOSJ8_IA_/install/security_check_interfaces/lib/libsecurity_check_interfaces__rosidl_typesupport_introspection_cpp.so
[14.819s] -- Set non-toolchain portion of runtime path of "/home/rhobtor/PHD/Cuadriga_j8/src/Cuadriga/src/ARGOSJ8_IA_/install/security_check_interfaces/lib/libsecurity_check_interfaces__rosidl_typesupport_introspection_cpp.so" to ""
[14.819s] -- Installing: /home/rhobtor/PHD/Cuadriga_j8/src/Cuadriga/src/ARGOSJ8_IA_/install/security_check_interfaces/lib/libsecurity_check_interfaces__rosidl_typesupport_cpp.so
[14.821s] -- Set non-toolchain portion of runtime path of "/home/rhobtor/PHD/Cuadriga_j8/src/Cuadriga/src/ARGOSJ8_IA_/install/security_check_interfaces/lib/libsecurity_check_interfaces__rosidl_typesupport_cpp.so" to ""
[14.821s] -- Installing: /home/rhobtor/PHD/Cuadriga_j8/src/Cuadriga/src/ARGOSJ8_IA_/install/security_check_interfaces/share/security_check_interfaces/environment/pythonpath.sh
[14.822s] -- Installing: /home/rhobtor/PHD/Cuadriga_j8/src/Cuadriga/src/ARGOSJ8_IA_/install/security_check_interfaces/share/security_check_interfaces/environment/pythonpath.dsv
[14.822s] -- Installing: /home/rhobtor/PHD/Cuadriga_j8/src/Cuadriga/src/ARGOSJ8_IA_/install/security_check_interfaces/local/lib/python3.10/dist-packages/security_check_interfaces-0.0.0-py3.10.egg-info
[14.824s] -- Installing: /home/rhobtor/PHD/Cuadriga_j8/src/Cuadriga/src/ARGOSJ8_IA_/install/security_check_interfaces/local/lib/python3.10/dist-packages/security_check_interfaces-0.0.0-py3.10.egg-info/top_level.txt
[14.824s] -- Installing: /home/rhobtor/PHD/Cuadriga_j8/src/Cuadriga/src/ARGOSJ8_IA_/install/security_check_interfaces/local/lib/python3.10/dist-packages/security_check_interfaces-0.0.0-py3.10.egg-info/SOURCES.txt
[14.825s] -- Installing: /home/rhobtor/PHD/Cuadriga_j8/src/Cuadriga/src/ARGOSJ8_IA_/install/security_check_interfaces/local/lib/python3.10/dist-packages/security_check_interfaces-0.0.0-py3.10.egg-info/PKG-INFO
[14.826s] -- Installing: /home/rhobtor/PHD/Cuadriga_j8/src/Cuadriga/src/ARGOSJ8_IA_/install/security_check_interfaces/local/lib/python3.10/dist-packages/security_check_interfaces-0.0.0-py3.10.egg-info/dependency_links.txt
[14.827s] -- Installing: /home/rhobtor/PHD/Cuadriga_j8/src/Cuadriga/src/ARGOSJ8_IA_/install/security_check_interfaces/local/lib/python3.10/dist-packages/security_check_interfaces
[14.827s] -- Installing: /home/rhobtor/PHD/Cuadriga_j8/src/Cuadriga/src/ARGOSJ8_IA_/install/security_check_interfaces/local/lib/python3.10/dist-packages/security_check_interfaces/srv
[14.829s] -- Installing: /home/rhobtor/PHD/Cuadriga_j8/src/Cuadriga/src/ARGOSJ8_IA_/install/security_check_interfaces/local/lib/python3.10/dist-packages/security_check_interfaces/srv/_get_security_check_status.py
[14.829s] -- Installing: /home/rhobtor/PHD/Cuadriga_j8/src/Cuadriga/src/ARGOSJ8_IA_/install/security_check_interfaces/local/lib/python3.10/dist-packages/security_check_interfaces/srv/_get_security_check_status_s.c
[14.829s] -- Installing: /home/rhobtor/PHD/Cuadriga_j8/src/Cuadriga/src/ARGOSJ8_IA_/install/security_check_interfaces/local/lib/python3.10/dist-packages/security_check_interfaces/srv/__init__.py
[14.830s] -- Installing: /home/rhobtor/PHD/Cuadriga_j8/src/Cuadriga/src/ARGOSJ8_IA_/install/security_check_interfaces/local/lib/python3.10/dist-packages/security_check_interfaces/srv/_password_check.py
[14.831s] -- Installing: /home/rhobtor/PHD/Cuadriga_j8/src/Cuadriga/src/ARGOSJ8_IA_/install/security_check_interfaces/local/lib/python3.10/dist-packages/security_check_interfaces/srv/_password_check_s.c
[14.832s] -- Installing: /home/rhobtor/PHD/Cuadriga_j8/src/Cuadriga/src/ARGOSJ8_IA_/install/security_check_interfaces/local/lib/python3.10/dist-packages/security_check_interfaces/_security_check_interfaces_s.ep.rosidl_typesupport_c.c
[14.833s] -- Installing: /home/rhobtor/PHD/Cuadriga_j8/src/Cuadriga/src/ARGOSJ8_IA_/install/security_check_interfaces/local/lib/python3.10/dist-packages/security_check_interfaces/security_check_interfaces_s__rosidl_typesupport_c.cpython-310-x86_64-linux-gnu.so
[14.833s] -- Installing: /home/rhobtor/PHD/Cuadriga_j8/src/Cuadriga/src/ARGOSJ8_IA_/install/security_check_interfaces/local/lib/python3.10/dist-packages/security_check_interfaces/_security_check_interfaces_s.ep.rosidl_typesupport_introspection_c.c
[14.834s] -- Installing: /home/rhobtor/PHD/Cuadriga_j8/src/Cuadriga/src/ARGOSJ8_IA_/install/security_check_interfaces/local/lib/python3.10/dist-packages/security_check_interfaces/libsecurity_check_interfaces__rosidl_generator_py.so
[14.835s] -- Installing: /home/rhobtor/PHD/Cuadriga_j8/src/Cuadriga/src/ARGOSJ8_IA_/install/security_check_interfaces/local/lib/python3.10/dist-packages/security_check_interfaces/__init__.py
[14.836s] -- Installing: /home/rhobtor/PHD/Cuadriga_j8/src/Cuadriga/src/ARGOSJ8_IA_/install/security_check_interfaces/local/lib/python3.10/dist-packages/security_check_interfaces/_security_check_interfaces_s.ep.rosidl_typesupport_fastrtps_c.c
[14.836s] -- Installing: /home/rhobtor/PHD/Cuadriga_j8/src/Cuadriga/src/ARGOSJ8_IA_/install/security_check_interfaces/local/lib/python3.10/dist-packages/security_check_interfaces/security_check_interfaces_s__rosidl_typesupport_introspection_c.cpython-310-x86_64-linux-gnu.so
[14.837s] -- Installing: /home/rhobtor/PHD/Cuadriga_j8/src/Cuadriga/src/ARGOSJ8_IA_/install/security_check_interfaces/local/lib/python3.10/dist-packages/security_check_interfaces/security_check_interfaces_s__rosidl_typesupport_fastrtps_c.cpython-310-x86_64-linux-gnu.so
[14.968s] Listing '/home/rhobtor/PHD/Cuadriga_j8/src/Cuadriga/src/ARGOSJ8_IA_/install/security_check_interfaces/local/lib/python3.10/dist-packages/security_check_interfaces'...
[14.968s] Compiling '/home/rhobtor/PHD/Cuadriga_j8/src/Cuadriga/src/ARGOSJ8_IA_/install/security_check_interfaces/local/lib/python3.10/dist-packages/security_check_interfaces/__init__.py'...
[14.968s] Listing '/home/rhobtor/PHD/Cuadriga_j8/src/Cuadriga/src/ARGOSJ8_IA_/install/security_check_interfaces/local/lib/python3.10/dist-packages/security_check_interfaces/srv'...
[14.968s] Compiling '/home/rhobtor/PHD/Cuadriga_j8/src/Cuadriga/src/ARGOSJ8_IA_/install/security_check_interfaces/local/lib/python3.10/dist-packages/security_check_interfaces/srv/__init__.py'...
[14.969s] Compiling '/home/rhobtor/PHD/Cuadriga_j8/src/Cuadriga/src/ARGOSJ8_IA_/install/security_check_interfaces/local/lib/python3.10/dist-packages/security_check_interfaces/srv/_get_security_check_status.py'...
[14.969s] Compiling '/home/rhobtor/PHD/Cuadriga_j8/src/Cuadriga/src/ARGOSJ8_IA_/install/security_check_interfaces/local/lib/python3.10/dist-packages/security_check_interfaces/srv/_password_check.py'...
[14.989s] -- Installing: /home/rhobtor/PHD/Cuadriga_j8/src/Cuadriga/src/ARGOSJ8_IA_/install/security_check_interfaces/local/lib/python3.10/dist-packages/security_check_interfaces/security_check_interfaces_s__rosidl_typesupport_fastrtps_c.cpython-310-x86_64-linux-gnu.so
[14.993s] -- Set non-toolchain portion of runtime path of "/home/rhobtor/PHD/Cuadriga_j8/src/Cuadriga/src/ARGOSJ8_IA_/install/security_check_interfaces/local/lib/python3.10/dist-packages/security_check_interfaces/security_check_interfaces_s__rosidl_typesupport_fastrtps_c.cpython-310-x86_64-linux-gnu.so" to ""
[14.993s] -- Installing: /home/rhobtor/PHD/Cuadriga_j8/src/Cuadriga/src/ARGOSJ8_IA_/install/security_check_interfaces/local/lib/python3.10/dist-packages/security_check_interfaces/security_check_interfaces_s__rosidl_typesupport_introspection_c.cpython-310-x86_64-linux-gnu.so
[14.994s] -- Set non-toolchain portion of runtime path of "/home/rhobtor/PHD/Cuadriga_j8/src/Cuadriga/src/ARGOSJ8_IA_/install/security_check_interfaces/local/lib/python3.10/dist-packages/security_check_interfaces/security_check_interfaces_s__rosidl_typesupport_introspection_c.cpython-310-x86_64-linux-gnu.so" to ""
[14.996s] -- Installing: /home/rhobtor/PHD/Cuadriga_j8/src/Cuadriga/src/ARGOSJ8_IA_/install/security_check_interfaces/local/lib/python3.10/dist-packages/security_check_interfaces/security_check_interfaces_s__rosidl_typesupport_c.cpython-310-x86_64-linux-gnu.so
[14.997s] -- Set non-toolchain portion of runtime path of "/home/rhobtor/PHD/Cuadriga_j8/src/Cuadriga/src/ARGOSJ8_IA_/install/security_check_interfaces/local/lib/python3.10/dist-packages/security_check_interfaces/security_check_interfaces_s__rosidl_typesupport_c.cpython-310-x86_64-linux-gnu.so" to ""
[14.997s] -- Installing: /home/rhobtor/PHD/Cuadriga_j8/src/Cuadriga/src/ARGOSJ8_IA_/install/security_check_interfaces/lib/libsecurity_check_interfaces__rosidl_generator_py.so
[14.997s] -- Set non-toolchain portion of runtime path of "/home/rhobtor/PHD/Cuadriga_j8/src/Cuadriga/src/ARGOSJ8_IA_/install/security_check_interfaces/lib/libsecurity_check_interfaces__rosidl_generator_py.so" to ""
[14.998s] -- Installing: /home/rhobtor/PHD/Cuadriga_j8/src/Cuadriga/src/ARGOSJ8_IA_/install/security_check_interfaces/share/ament_index/resource_index/rust_packages/security_check_interfaces
[14.999s] -- Installing: /home/rhobtor/PHD/Cuadriga_j8/src/Cuadriga/src/ARGOSJ8_IA_/install/security_check_interfaces/share/security_check_interfaces/rust
[15.001s] -- Installing: /home/rhobtor/PHD/Cuadriga_j8/src/Cuadriga/src/ARGOSJ8_IA_/install/security_check_interfaces/share/security_check_interfaces/rust/src
[15.001s] -- Installing: /home/rhobtor/PHD/Cuadriga_j8/src/Cuadriga/src/ARGOSJ8_IA_/install/security_check_interfaces/share/security_check_interfaces/rust/src/lib.rs
[15.001s] -- Installing: /home/rhobtor/PHD/Cuadriga_j8/src/Cuadriga/src/ARGOSJ8_IA_/install/security_check_interfaces/share/security_check_interfaces/rust/src/srv
[15.001s] -- Installing: /home/rhobtor/PHD/Cuadriga_j8/src/Cuadriga/src/ARGOSJ8_IA_/install/security_check_interfaces/share/security_check_interfaces/rust/src/srv/rmw.rs
[15.001s] -- Installing: /home/rhobtor/PHD/Cuadriga_j8/src/Cuadriga/src/ARGOSJ8_IA_/install/security_check_interfaces/share/security_check_interfaces/rust/src/srv.rs
[15.001s] -- Installing: /home/rhobtor/PHD/Cuadriga_j8/src/Cuadriga/src/ARGOSJ8_IA_/install/security_check_interfaces/share/security_check_interfaces/rust/Cargo.toml
[15.003s] -- Installing: /home/rhobtor/PHD/Cuadriga_j8/src/Cuadriga/src/ARGOSJ8_IA_/install/security_check_interfaces/share/security_check_interfaces/rust/build.rs
[15.003s] -- Installing: /home/rhobtor/PHD/Cuadriga_j8/src/Cuadriga/src/ARGOSJ8_IA_/install/security_check_interfaces/share/security_check_interfaces/srv/PasswordCheck.idl
[15.003s] -- Installing: /home/rhobtor/PHD/Cuadriga_j8/src/Cuadriga/src/ARGOSJ8_IA_/install/security_check_interfaces/share/security_check_interfaces/srv/GetSecurityCheckStatus.idl
[15.003s] -- Installing: /home/rhobtor/PHD/Cuadriga_j8/src/Cuadriga/src/ARGOSJ8_IA_/install/security_check_interfaces/share/security_check_interfaces/srv/PasswordCheck.srv
[15.003s] -- Installing: /home/rhobtor/PHD/Cuadriga_j8/src/Cuadriga/src/ARGOSJ8_IA_/install/security_check_interfaces/share/security_check_interfaces/srv/PasswordCheck_Request.msg
[15.003s] -- Installing: /home/rhobtor/PHD/Cuadriga_j8/src/Cuadriga/src/ARGOSJ8_IA_/install/security_check_interfaces/share/security_check_interfaces/srv/PasswordCheck_Response.msg
[15.006s] -- Installing: /home/rhobtor/PHD/Cuadriga_j8/src/Cuadriga/src/ARGOSJ8_IA_/install/security_check_interfaces/share/security_check_interfaces/srv/GetSecurityCheckStatus.srv
[15.007s] -- Installing: /home/rhobtor/PHD/Cuadriga_j8/src/Cuadriga/src/ARGOSJ8_IA_/install/security_check_interfaces/share/security_check_interfaces/srv/GetSecurityCheckStatus_Request.msg
[15.008s] -- Installing: /home/rhobtor/PHD/Cuadriga_j8/src/Cuadriga/src/ARGOSJ8_IA_/install/security_check_interfaces/share/security_check_interfaces/srv/GetSecurityCheckStatus_Response.msg
[15.008s] -- Installing: /home/rhobtor/PHD/Cuadriga_j8/src/Cuadriga/src/ARGOSJ8_IA_/install/security_check_interfaces/share/ament_index/resource_index/package_run_dependencies/security_check_interfaces
[15.008s] -- Installing: /home/rhobtor/PHD/Cuadriga_j8/src/Cuadriga/src/ARGOSJ8_IA_/install/security_check_interfaces/share/ament_index/resource_index/parent_prefix_path/security_check_interfaces
[15.008s] -- Installing: /home/rhobtor/PHD/Cuadriga_j8/src/Cuadriga/src/ARGOSJ8_IA_/install/security_check_interfaces/share/security_check_interfaces/environment/ament_prefix_path.sh
[15.011s] -- Installing: /home/rhobtor/PHD/Cuadriga_j8/src/Cuadriga/src/ARGOSJ8_IA_/install/security_check_interfaces/share/security_check_interfaces/environment/ament_prefix_path.dsv
[15.011s] -- Installing: /home/rhobtor/PHD/Cuadriga_j8/src/Cuadriga/src/ARGOSJ8_IA_/install/security_check_interfaces/share/security_check_interfaces/environment/path.sh
[15.014s] -- Installing: /home/rhobtor/PHD/Cuadriga_j8/src/Cuadriga/src/ARGOSJ8_IA_/install/security_check_interfaces/share/security_check_interfaces/environment/path.dsv
[15.014s] -- Installing: /home/rhobtor/PHD/Cuadriga_j8/src/Cuadriga/src/ARGOSJ8_IA_/install/security_check_interfaces/share/security_check_interfaces/local_setup.bash
[15.014s] -- Installing: /home/rhobtor/PHD/Cuadriga_j8/src/Cuadriga/src/ARGOSJ8_IA_/install/security_check_interfaces/share/security_check_interfaces/local_setup.sh
[15.015s] -- Installing: /home/rhobtor/PHD/Cuadriga_j8/src/Cuadriga/src/ARGOSJ8_IA_/install/security_check_interfaces/share/security_check_interfaces/local_setup.zsh
[15.015s] -- Installing: /home/rhobtor/PHD/Cuadriga_j8/src/Cuadriga/src/ARGOSJ8_IA_/install/security_check_interfaces/share/security_check_interfaces/local_setup.dsv
[15.015s] -- Installing: /home/rhobtor/PHD/Cuadriga_j8/src/Cuadriga/src/ARGOSJ8_IA_/install/security_check_interfaces/share/security_check_interfaces/package.dsv
[15.016s] -- Installing: /home/rhobtor/PHD/Cuadriga_j8/src/Cuadriga/src/ARGOSJ8_IA_/install/security_check_interfaces/share/ament_index/resource_index/packages/security_check_interfaces
[15.016s] -- Installing: /home/rhobtor/PHD/Cuadriga_j8/src/Cuadriga/src/ARGOSJ8_IA_/install/security_check_interfaces/share/security_check_interfaces/cmake/export_security_check_interfaces__rosidl_generator_cExport.cmake
[15.016s] -- Installing: /home/rhobtor/PHD/Cuadriga_j8/src/Cuadriga/src/ARGOSJ8_IA_/install/security_check_interfaces/share/security_check_interfaces/cmake/export_security_check_interfaces__rosidl_generator_cExport-noconfig.cmake
[15.016s] -- Installing: /home/rhobtor/PHD/Cuadriga_j8/src/Cuadriga/src/ARGOSJ8_IA_/install/security_check_interfaces/share/security_check_interfaces/cmake/export_security_check_interfaces__rosidl_typesupport_fastrtps_cExport.cmake
[15.017s] -- Installing: /home/rhobtor/PHD/Cuadriga_j8/src/Cuadriga/src/ARGOSJ8_IA_/install/security_check_interfaces/share/security_check_interfaces/cmake/export_security_check_interfaces__rosidl_typesupport_fastrtps_cExport-noconfig.cmake
[15.018s] -- Installing: /home/rhobtor/PHD/Cuadriga_j8/src/Cuadriga/src/ARGOSJ8_IA_/install/security_check_interfaces/share/security_check_interfaces/cmake/security_check_interfaces__rosidl_typesupport_introspection_cExport.cmake
[15.024s] -- Installing: /home/rhobtor/PHD/Cuadriga_j8/src/Cuadriga/src/ARGOSJ8_IA_/install/security_check_interfaces/share/security_check_interfaces/cmake/security_check_interfaces__rosidl_typesupport_introspection_cExport-noconfig.cmake
[15.025s] -- Installing: /home/rhobtor/PHD/Cuadriga_j8/src/Cuadriga/src/ARGOSJ8_IA_/install/security_check_interfaces/share/security_check_interfaces/cmake/security_check_interfaces__rosidl_typesupport_cExport.cmake
[15.025s] -- Installing: /home/rhobtor/PHD/Cuadriga_j8/src/Cuadriga/src/ARGOSJ8_IA_/install/security_check_interfaces/share/security_check_interfaces/cmake/security_check_interfaces__rosidl_typesupport_cExport-noconfig.cmake
[15.026s] -- Installing: /home/rhobtor/PHD/Cuadriga_j8/src/Cuadriga/src/ARGOSJ8_IA_/install/security_check_interfaces/share/security_check_interfaces/cmake/export_security_check_interfaces__rosidl_generator_cppExport.cmake
[15.027s] -- Installing: /home/rhobtor/PHD/Cuadriga_j8/src/Cuadriga/src/ARGOSJ8_IA_/install/security_check_interfaces/share/security_check_interfaces/cmake/export_security_check_interfaces__rosidl_typesupport_fastrtps_cppExport.cmake
[15.028s] -- Installing: /home/rhobtor/PHD/Cuadriga_j8/src/Cuadriga/src/ARGOSJ8_IA_/install/security_check_interfaces/share/security_check_interfaces/cmake/export_security_check_interfaces__rosidl_typesupport_fastrtps_cppExport-noconfig.cmake
[15.028s] -- Installing: /home/rhobtor/PHD/Cuadriga_j8/src/Cuadriga/src/ARGOSJ8_IA_/install/security_check_interfaces/share/security_check_interfaces/cmake/security_check_interfaces__rosidl_typesupport_introspection_cppExport.cmake
[15.029s] -- Installing: /home/rhobtor/PHD/Cuadriga_j8/src/Cuadriga/src/ARGOSJ8_IA_/install/security_check_interfaces/share/security_check_interfaces/cmake/security_check_interfaces__rosidl_typesupport_introspection_cppExport-noconfig.cmake
[15.030s] -- Installing: /home/rhobtor/PHD/Cuadriga_j8/src/Cuadriga/src/ARGOSJ8_IA_/install/security_check_interfaces/share/security_check_interfaces/cmake/security_check_interfaces__rosidl_typesupport_cppExport.cmake
[15.031s] -- Installing: /home/rhobtor/PHD/Cuadriga_j8/src/Cuadriga/src/ARGOSJ8_IA_/install/security_check_interfaces/share/security_check_interfaces/cmake/security_check_interfaces__rosidl_typesupport_cppExport-noconfig.cmake
[15.031s] -- Installing: /home/rhobtor/PHD/Cuadriga_j8/src/Cuadriga/src/ARGOSJ8_IA_/install/security_check_interfaces/share/security_check_interfaces/cmake/export_security_check_interfaces__rosidl_generator_pyExport.cmake
[15.035s] -- Installing: /home/rhobtor/PHD/Cuadriga_j8/src/Cuadriga/src/ARGOSJ8_IA_/install/security_check_interfaces/share/security_check_interfaces/cmake/export_security_check_interfaces__rosidl_generator_pyExport-noconfig.cmake
[15.035s] -- Installing: /home/rhobtor/PHD/Cuadriga_j8/src/Cuadriga/src/ARGOSJ8_IA_/install/security_check_interfaces/share/security_check_interfaces/cmake/rosidl_cmake-extras.cmake
[15.035s] -- Installing: /home/rhobtor/PHD/Cuadriga_j8/src/Cuadriga/src/ARGOSJ8_IA_/install/security_check_interfaces/share/security_check_interfaces/cmake/ament_cmake_export_dependencies-extras.cmake
[15.037s] -- Installing: /home/rhobtor/PHD/Cuadriga_j8/src/Cuadriga/src/ARGOSJ8_IA_/install/security_check_interfaces/share/security_check_interfaces/cmake/ament_cmake_export_include_directories-extras.cmake
[15.039s] -- Installing: /home/rhobtor/PHD/Cuadriga_j8/src/Cuadriga/src/ARGOSJ8_IA_/install/security_check_interfaces/share/security_check_interfaces/cmake/ament_cmake_export_libraries-extras.cmake
[15.039s] -- Installing: /home/rhobtor/PHD/Cuadriga_j8/src/Cuadriga/src/ARGOSJ8_IA_/install/security_check_interfaces/share/security_check_interfaces/cmake/ament_cmake_export_targets-extras.cmake
[15.039s] -- Installing: /home/rhobtor/PHD/Cuadriga_j8/src/Cuadriga/src/ARGOSJ8_IA_/install/security_check_interfaces/share/security_check_interfaces/cmake/rosidl_cmake_export_typesupport_targets-extras.cmake
[15.041s] -- Installing: /home/rhobtor/PHD/Cuadriga_j8/src/Cuadriga/src/ARGOSJ8_IA_/install/security_check_interfaces/share/security_check_interfaces/cmake/rosidl_cmake_export_typesupport_libraries-extras.cmake
[15.044s] -- Installing: /home/rhobtor/PHD/Cuadriga_j8/src/Cuadriga/src/ARGOSJ8_IA_/install/security_check_interfaces/share/security_check_interfaces/cmake/security_check_interfacesConfig.cmake
[15.048s] -- Installing: /home/rhobtor/PHD/Cuadriga_j8/src/Cuadriga/src/ARGOSJ8_IA_/install/security_check_interfaces/share/security_check_interfaces/cmake/security_check_interfacesConfig-version.cmake
[15.048s] -- Installing: /home/rhobtor/PHD/Cuadriga_j8/src/Cuadriga/src/ARGOSJ8_IA_/install/security_check_interfaces/share/security_check_interfaces/package.xml
[15.049s] Invoked command in '/home/rhobtor/PHD/Cuadriga_j8/src/Cuadriga/src/ARGOSJ8_IA_/build/security_check_interfaces' returned '0': CMAKE_PREFIX_PATH=${CMAKE_PREFIX_PATH}:/opt/ros/humble /opt/st/stm32cubeclt_1.18.0/CMake/bin/cmake --install /home/rhobtor/PHD/Cuadriga_j8/src/Cuadriga/src/ARGOSJ8_IA_/build/security_check_interfaces
