/home/rhobtor/.local/lib/python3.10/site-packages/setuptools/_distutils/dist.py:289: UserWarning: Unknown distribution option: 'tests_require'
  warnings.warn(msg)
running egg_info
writing ../../../../build/cuadriga_gui/cuadriga_gui.egg-info/PKG-INFO
writing dependency_links to ../../../../build/cuadriga_gui/cuadriga_gui.egg-info/dependency_links.txt
writing entry points to ../../../../build/cuadriga_gui/cuadriga_gui.egg-info/entry_points.txt
writing requirements to ../../../../build/cuadriga_gui/cuadriga_gui.egg-info/requires.txt
writing top-level names to ../../../../build/cuadriga_gui/cuadriga_gui.egg-info/top_level.txt
reading manifest file '../../../../build/cuadriga_gui/cuadriga_gui.egg-info/SOURCES.txt'
writing manifest file '../../../../build/cuadriga_gui/cuadriga_gui.egg-info/SOURCES.txt'
running build
running build_py
copying cuadriga_gui/__init__.py -> /home/rhobtor/PHD/Cuadriga_j8/src/Cuadriga/src/ARGOSJ8_IA_/build/cuadriga_gui/build/lib/cuadriga_gui
copying cuadriga_gui/ros_api.py -> /home/rhobtor/PHD/Cuadriga_j8/src/Cuadriga/src/ARGOSJ8_IA_/build/cuadriga_gui/build/lib/cuadriga_gui
copying cuadriga_gui/gui_node.py -> /home/rhobtor/PHD/Cuadriga_j8/src/Cuadriga/src/ARGOSJ8_IA_/build/cuadriga_gui/build/lib/cuadriga_gui
copying cuadriga_gui/app/state_widget.py -> /home/rhobtor/PHD/Cuadriga_j8/src/Cuadriga/src/ARGOSJ8_IA_/build/cuadriga_gui/build/lib/cuadriga_gui/app
copying cuadriga_gui/app/followzed_widget.py -> /home/rhobtor/PHD/Cuadriga_j8/src/Cuadriga/src/ARGOSJ8_IA_/build/cuadriga_gui/build/lib/cuadriga_gui/app
copying cuadriga_gui/app/__init__.py -> /home/rhobtor/PHD/Cuadriga_j8/src/Cuadriga/src/ARGOSJ8_IA_/build/cuadriga_gui/build/lib/cuadriga_gui/app
copying cuadriga_gui/app/person_manager_widget.py -> /home/rhobtor/PHD/Cuadriga_j8/src/Cuadriga/src/ARGOSJ8_IA_/build/cuadriga_gui/build/lib/cuadriga_gui/app
copying cuadriga_gui/app/map_bridge.py -> /home/rhobtor/PHD/Cuadriga_j8/src/Cuadriga/src/ARGOSJ8_IA_/build/cuadriga_gui/build/lib/cuadriga_gui/app
copying cuadriga_gui/app/geo_local.py -> /home/rhobtor/PHD/Cuadriga_j8/src/Cuadriga/src/ARGOSJ8_IA_/build/cuadriga_gui/build/lib/cuadriga_gui/app
copying cuadriga_gui/app/control_widget.py -> /home/rhobtor/PHD/Cuadriga_j8/src/Cuadriga/src/ARGOSJ8_IA_/build/cuadriga_gui/build/lib/cuadriga_gui/app
copying cuadriga_gui/app/main_window.py -> /home/rhobtor/PHD/Cuadriga_j8/src/Cuadriga/src/ARGOSJ8_IA_/build/cuadriga_gui/build/lib/cuadriga_gui/app
running install
running install_lib
running install_data
copying resource/cuadriga_gui -> /home/rhobtor/PHD/Cuadriga_j8/src/Cuadriga/src/ARGOSJ8_IA_/install/cuadriga_gui/share/ament_index/resource_index/packages
copying package.xml -> /home/rhobtor/PHD/Cuadriga_j8/src/Cuadriga/src/ARGOSJ8_IA_/install/cuadriga_gui/share/cuadriga_gui
copying cuadriga_gui/resources/map.html -> /home/rhobtor/PHD/Cuadriga_j8/src/Cuadriga/src/ARGOSJ8_IA_/install/cuadriga_gui/share/cuadriga_gui/resources
copying resource/cuadriga_gui -> /home/rhobtor/PHD/Cuadriga_j8/src/Cuadriga/src/ARGOSJ8_IA_/install/cuadriga_gui/share/ament_index/resource_index/packages
copying package.xml -> /home/rhobtor/PHD/Cuadriga_j8/src/Cuadriga/src/ARGOSJ8_IA_/install/cuadriga_gui/share/cuadriga_gui
copying cuadriga_gui/resources/map.html -> /home/rhobtor/PHD/Cuadriga_j8/src/Cuadriga/src/ARGOSJ8_IA_/install/cuadriga_gui/share/cuadriga_gui/resources
copying cuadriga_gui/resources/vendor/leaflet/leaflet.js -> /home/rhobtor/PHD/Cuadriga_j8/src/Cuadriga/src/ARGOSJ8_IA_/install/cuadriga_gui/share/cuadriga_gui/resources/vendor/leaflet
copying cuadriga_gui/resources/vendor/leaflet/leaflet.css -> /home/rhobtor/PHD/Cuadriga_j8/src/Cuadriga/src/ARGOSJ8_IA_/install/cuadriga_gui/share/cuadriga_gui/resources/vendor/leaflet
copying cuadriga_gui/resources/vendor/leaflet/images/marker-icon.png -> /home/rhobtor/PHD/Cuadriga_j8/src/Cuadriga/src/ARGOSJ8_IA_/install/cuadriga_gui/share/cuadriga_gui/resources/vendor/leaflet/images
copying cuadriga_gui/resources/vendor/leaflet/images/marker-icon-2x.png -> /home/rhobtor/PHD/Cuadriga_j8/src/Cuadriga/src/ARGOSJ8_IA_/install/cuadriga_gui/share/cuadriga_gui/resources/vendor/leaflet/images
copying cuadriga_gui/resources/vendor/leaflet/images/marker-shadow.png -> /home/rhobtor/PHD/Cuadriga_j8/src/Cuadriga/src/ARGOSJ8_IA_/install/cuadriga_gui/share/cuadriga_gui/resources/vendor/leaflet/images
running install_egg_info
removing '/home/rhobtor/PHD/Cuadriga_j8/src/Cuadriga/src/ARGOSJ8_IA_/install/cuadriga_gui/lib/python3.10/site-packages/cuadriga_gui-0.1.0-py3.10.egg-info' (and everything under it)
Copying ../../../../build/cuadriga_gui/cuadriga_gui.egg-info to /home/rhobtor/PHD/Cuadriga_j8/src/Cuadriga/src/ARGOSJ8_IA_/install/cuadriga_gui/lib/python3.10/site-packages/cuadriga_gui-0.1.0-py3.10.egg-info
running install_scripts
Installing gui script to /home/rhobtor/PHD/Cuadriga_j8/src/Cuadriga/src/ARGOSJ8_IA_/install/cuadriga_gui/lib/cuadriga_gui
writing list of installed files to '/home/rhobtor/PHD/Cuadriga_j8/src/Cuadriga/src/ARGOSJ8_IA_/build/cuadriga_gui/install.log'
