-- The C compiler identification is GNU 11.4.0
-- The CXX compiler identification is GNU 11.4.0
-- Detecting C compiler ABI info
-- Detecting C compiler ABI info - done
-- Check for working C compiler: /usr/bin/cc - skipped
-- Detecting C compile features
-- Detecting C compile features - done
-- Detecting CXX compiler ABI info
-- Detecting CXX compiler ABI info - done
-- Check for working CXX compiler: /usr/bin/c++ - skipped
-- Detecting CXX compile features
-- Detecting CXX compile features - done
-- Found ament_cmake: 1.3.12 (/opt/ros/humble/share/ament_cmake/cmake)
-- Found Python3: /usr/bin/python3 (found version "3.10.12") found components: Interpreter 
-- Override CMake install command with custom implementation using symlinks instead of copying resources
-- Found rclcpp: 16.0.16 (/opt/ros/humble/share/rclcpp/cmake)
-- Found rosidl_generator_c: 3.1.7 (/opt/ros/humble/share/rosidl_generator_c/cmake)
-- Found rosidl_adapter: 3.1.7 (/opt/ros/humble/share/rosidl_adapter/cmake)
-- Found rosidl_generator_cpp: 3.1.7 (/opt/ros/humble/share/rosidl_generator_cpp/cmake)
-- Using all available rosidl_typesupport_c: rosidl_typesupport_fastrtps_c;rosidl_typesupport_introspection_c
-- Using all available rosidl_typesupport_cpp: rosidl_typesupport_fastrtps_cpp;rosidl_typesupport_introspection_cpp
-- Found rmw_implementation_cmake: 6.1.2 (/opt/ros/humble/share/rmw_implementation_cmake/cmake)
-- Found rmw_cyclonedds_cpp: 1.3.4 (/opt/ros/humble/share/rmw_cyclonedds_cpp/cmake)
-- Using RMW implementation 'rmw_cyclonedds_cpp' as default
-- Looking for pthread.h
-- Looking for pthread.h - found
-- Performing Test CMAKE_HAVE_LIBC_PTHREAD
-- Performing Test CMAKE_HAVE_LIBC_PTHREAD - Success
-- Found Threads: TRUE  
-- Found rclcpp_lifecycle: 16.0.16 (/opt/ros/humble/share/rclcpp_lifecycle/cmake)
-- Found std_srvs: 4.9.0 (/opt/ros/humble/share/std_srvs/cmake)
-- Found nav_msgs: 4.9.0 (/opt/ros/humble/share/nav_msgs/cmake)
-- Found GeographicLib: /usr/lib/x86_64-linux-gnu  
-- Found path_manager_interfaces: 0.0.0 (/home/cuadriga/cuadriga_ws/Cuadriga/src/Cuadriga_IA_/install/path_manager_interfaces/share/path_manager_interfaces/cmake)
-- Found rosidl_default_generators: 1.2.0 (/opt/ros/humble/share/rosidl_default_generators/cmake)
-- Configuring done
-- Generating done
-- Build files have been written to: /home/cuadriga/cuadriga_ws/Cuadriga/src/Cuadriga_IA_/build/path_manager
[ 33%] [32mBuilding CXX object CMakeFiles/path_manager_node.dir/src/path_manager.cpp.o[0m
[ 66%] [32mBuilding CXX object CMakeFiles/path_manager_node.dir/src/Demaias_planner/DEMAIAS.cpp.o[0m
[100%] [32m[1mLinking CXX executable path_manager_node[0m
[100%] Built target path_manager_node
-- Install configuration: ""
-- Execute custom install script
-- Symlinking: /home/cuadriga/cuadriga_ws/Cuadriga/src/Cuadriga_IA_/install/path_manager/lib/path_manager/path_manager_node
-- Symlinking: /home/cuadriga/cuadriga_ws/Cuadriga/src/Cuadriga_IA_/install/path_manager/include/path_manager/DEMAIAS.hpp
-- Symlinking: /home/cuadriga/cuadriga_ws/Cuadriga/src/Cuadriga_IA_/install/path_manager/include/path_manager/DEMAIAS_class.hpp
-- Symlinking: /home/cuadriga/cuadriga_ws/Cuadriga/src/Cuadriga_IA_/install/path_manager/include/path_manager/DEMAIAS_directives.hpp
-- Symlinking: /home/cuadriga/cuadriga_ws/Cuadriga/src/Cuadriga_IA_/install/path_manager/include/path_manager/path_manager.hpp
-- Symlinking: /home/cuadriga/cuadriga_ws/Cuadriga/src/Cuadriga_IA_/install/path_manager/share/path_manager/paths/gpx_path2.gpx
-- Symlinking: /home/cuadriga/cuadriga_ws/Cuadriga/src/Cuadriga_IA_/install/path_manager/share/path_manager/paths/gpx_path3.gpx
-- Symlinking: /home/cuadriga/cuadriga_ws/Cuadriga/src/Cuadriga_IA_/install/path_manager/share/path_manager/paths/lef.gpx
-- Symlinking: /home/cuadriga/cuadriga_ws/Cuadriga/src/Cuadriga_IA_/install/path_manager/share/path_manager/paths/legion2.gpx
-- Symlinking: /home/cuadriga/cuadriga_ws/Cuadriga/src/Cuadriga_IA_/install/path_manager/share/path_manager/paths/path_1_june_26.gpx
-- Symlinking: /home/cuadriga/cuadriga_ws/Cuadriga/src/Cuadriga_IA_/install/path_manager/share/path_manager/paths/path_2_june_26.gpx
-- Symlinking: /home/cuadriga/cuadriga_ws/Cuadriga/src/Cuadriga_IA_/install/path_manager/share/path_manager/paths/path_3_june_26.gpx
-- Symlinking: /home/cuadriga/cuadriga_ws/Cuadriga/src/Cuadriga_IA_/install/path_manager/share/path_manager/paths/path_4_june_26.gpx
-- Symlinking: /home/cuadriga/cuadriga_ws/Cuadriga/src/Cuadriga_IA_/install/path_manager/share/path_manager/paths/sarfis_1.gpx
-- Symlinking: /home/cuadriga/cuadriga_ws/Cuadriga/src/Cuadriga_IA_/install/path_manager/share/path_manager/paths/sarfis_2.gpx
-- Symlinking: /home/cuadriga/cuadriga_ws/Cuadriga/src/Cuadriga_IA_/install/path_manager/share/path_manager/paths/sarfis_3.gpx
-- Symlinking: /home/cuadriga/cuadriga_ws/Cuadriga/src/Cuadriga_IA_/install/path_manager/share/path_manager/paths/sarfis_4.gpx
-- Symlinking: /home/cuadriga/cuadriga_ws/Cuadriga/src/Cuadriga_IA_/install/path_manager/share/path_manager/paths/spin.gpx
-- Symlinking: /home/cuadriga/cuadriga_ws/Cuadriga/src/Cuadriga_IA_/install/path_manager/share/path_manager/Demaias_planner_missions/LAENTIEC100cm.xyz
-- Symlinking: /home/cuadriga/cuadriga_ws/Cuadriga/src/Cuadriga_IA_/install/path_manager/share/path_manager/Demaias_planner_missions/LTL_mission_legion.dat
-- Symlinking: /home/cuadriga/cuadriga_ws/Cuadriga/src/Cuadriga_IA_/install/path_manager/share/path_manager/Demaias_planner_missions/LTL_mission_test.dat
-- Symlinking: /home/cuadriga/cuadriga_ws/Cuadriga/src/Cuadriga_IA_/install/path_manager/share/path_manager/Demaias_planner_missions/NFA_mission_dsm_100cm.dat
-- Symlinking: /home/cuadriga/cuadriga_ws/Cuadriga/src/Cuadriga_IA_/install/path_manager/share/path_manager/Demaias_planner_missions/UMA_SEG_24_dsm_150cm.xyz
-- Symlinking: /home/cuadriga/cuadriga_ws/Cuadriga/src/Cuadriga_IA_/install/path_manager/share/path_manager/Demaias_planner_missions/mapping_dsm_100cm.dat
-- Symlinking: /home/cuadriga/cuadriga_ws/Cuadriga/src/Cuadriga_IA_/install/path_manager/share/ament_index/resource_index/package_run_dependencies/path_manager
-- Symlinking: /home/cuadriga/cuadriga_ws/Cuadriga/src/Cuadriga_IA_/install/path_manager/share/ament_index/resource_index/parent_prefix_path/path_manager
-- Symlinking: /home/cuadriga/cuadriga_ws/Cuadriga/src/Cuadriga_IA_/install/path_manager/share/path_manager/environment/ament_prefix_path.sh
-- Symlinking: /home/cuadriga/cuadriga_ws/Cuadriga/src/Cuadriga_IA_/install/path_manager/share/path_manager/environment/ament_prefix_path.dsv
-- Symlinking: /home/cuadriga/cuadriga_ws/Cuadriga/src/Cuadriga_IA_/install/path_manager/share/path_manager/environment/path.sh
-- Symlinking: /home/cuadriga/cuadriga_ws/Cuadriga/src/Cuadriga_IA_/install/path_manager/share/path_manager/environment/path.dsv
-- Symlinking: /home/cuadriga/cuadriga_ws/Cuadriga/src/Cuadriga_IA_/install/path_manager/share/path_manager/local_setup.bash
-- Symlinking: /home/cuadriga/cuadriga_ws/Cuadriga/src/Cuadriga_IA_/install/path_manager/share/path_manager/local_setup.sh
-- Symlinking: /home/cuadriga/cuadriga_ws/Cuadriga/src/Cuadriga_IA_/install/path_manager/share/path_manager/local_setup.zsh
-- Symlinking: /home/cuadriga/cuadriga_ws/Cuadriga/src/Cuadriga_IA_/install/path_manager/share/path_manager/local_setup.dsv
-- Symlinking: /home/cuadriga/cuadriga_ws/Cuadriga/src/Cuadriga_IA_/install/path_manager/share/path_manager/package.dsv
-- Symlinking: /home/cuadriga/cuadriga_ws/Cuadriga/src/Cuadriga_IA_/install/path_manager/share/ament_index/resource_index/packages/path_manager
-- Symlinking: /home/cuadriga/cuadriga_ws/Cuadriga/src/Cuadriga_IA_/install/path_manager/share/path_manager/cmake/ament_cmake_export_dependencies-extras.cmake
-- Symlinking: /home/cuadriga/cuadriga_ws/Cuadriga/src/Cuadriga_IA_/install/path_manager/share/path_manager/cmake/path_managerConfig.cmake
-- Symlinking: /home/cuadriga/cuadriga_ws/Cuadriga/src/Cuadriga_IA_/install/path_manager/share/path_manager/cmake/path_managerConfig-version.cmake
-- Symlinking: /home/cuadriga/cuadriga_ws/Cuadriga/src/Cuadriga_IA_/install/path_manager/share/path_manager/package.xml
