[0.074s] Invoking command in '/home/rhobtor/PHD/Cuadriga_j8/src/Cuadriga/src/ARGOSJ8_IA_/build/joy': AMENT_PREFIX_PATH=/home/rhobtor/PHD/Cuadriga_j8/src/Cuadriga/src/ARGOSJ8_IA_/install/sdl2_vendor:${AMENT_PREFIX_PATH} CMAKE_PREFIX_PATH=/home/rhobtor/PHD/Cuadriga_j8/src/Cuadriga/src/ARGOSJ8_IA_/install/sdl2_vendor:/home/rhobtor/zed/install/zed_ros2:/home/rhobtor/zed/install/zed_wrapper:/home/rhobtor/zed/install/zed_components:/home/rhobtor/zed/install/zed_interfaces:/opt/ros/humble /opt/st/stm32cubeclt_1.18.0/CMake/bin/cmake --build /home/rhobtor/PHD/Cuadriga_j8/src/Cuadriga/src/ARGOSJ8_IA_/build/joy -- -j16 -l16
[0.099s] [ 33%] Built target joy_enumerate_devices
[0.105s] [ 66%] Built target joy_node
[0.114s] [100%] Built target joy
[0.119s] Invoked command in '/home/rhobtor/PHD/Cuadriga_j8/src/Cuadriga/src/ARGOSJ8_IA_/build/joy' returned '0': AMENT_PREFIX_PATH=/home/rhobtor/PHD/Cuadriga_j8/src/Cuadriga/src/ARGOSJ8_IA_/install/sdl2_vendor:${AMENT_PREFIX_PATH} CMAKE_PREFIX_PATH=/home/rhobtor/PHD/Cuadriga_j8/src/Cuadriga/src/ARGOSJ8_IA_/install/sdl2_vendor:/home/rhobtor/zed/install/zed_ros2:/home/rhobtor/zed/install/zed_wrapper:/home/rhobtor/zed/install/zed_components:/home/rhobtor/zed/install/zed_interfaces:/opt/ros/humble /opt/st/stm32cubeclt_1.18.0/CMake/bin/cmake --build /home/rhobtor/PHD/Cuadriga_j8/src/Cuadriga/src/ARGOSJ8_IA_/build/joy -- -j16 -l16
[0.122s] Invoking command in '/home/rhobtor/PHD/Cuadriga_j8/src/Cuadriga/src/ARGOSJ8_IA_/build/joy': AMENT_PREFIX_PATH=/home/rhobtor/PHD/Cuadriga_j8/src/Cuadriga/src/ARGOSJ8_IA_/install/sdl2_vendor:${AMENT_PREFIX_PATH} CMAKE_PREFIX_PATH=/home/rhobtor/PHD/Cuadriga_j8/src/Cuadriga/src/ARGOSJ8_IA_/install/sdl2_vendor:/home/rhobtor/zed/install/zed_ros2:/home/rhobtor/zed/install/zed_wrapper:/home/rhobtor/zed/install/zed_components:/home/rhobtor/zed/install/zed_interfaces:/opt/ros/humble /opt/st/stm32cubeclt_1.18.0/CMake/bin/cmake --install /home/rhobtor/PHD/Cuadriga_j8/src/Cuadriga/src/ARGOSJ8_IA_/build/joy
[0.124s] -- Install configuration: ""
[0.124s] -- Installing: /home/rhobtor/PHD/Cuadriga_j8/src/Cuadriga/src/ARGOSJ8_IA_/install/joy/lib/libjoy.so
[0.129s] -- Set non-toolchain portion of runtime path of "/home/rhobtor/PHD/Cuadriga_j8/src/Cuadriga/src/ARGOSJ8_IA_/install/joy/lib/libjoy.so" to ""
[0.129s] -- Installing: /home/rhobtor/PHD/Cuadriga_j8/src/Cuadriga/src/ARGOSJ8_IA_/install/joy/lib/joy/joy_node
[0.129s] -- Set non-toolchain portion of runtime path of "/home/rhobtor/PHD/Cuadriga_j8/src/Cuadriga/src/ARGOSJ8_IA_/install/joy/lib/joy/joy_node" to ""
[0.129s] -- Installing: /home/rhobtor/PHD/Cuadriga_j8/src/Cuadriga/src/ARGOSJ8_IA_/install/joy/lib/joy/joy_enumerate_devices
[0.130s] -- Installing: /home/rhobtor/PHD/Cuadriga_j8/src/Cuadriga/src/ARGOSJ8_IA_/install/joy/include/joy
[0.130s] -- Installing: /home/rhobtor/PHD/Cuadriga_j8/src/Cuadriga/src/ARGOSJ8_IA_/install/joy/include/joy/joy
[0.130s] -- Installing: /home/rhobtor/PHD/Cuadriga_j8/src/Cuadriga/src/ARGOSJ8_IA_/install/joy/include/joy/joy/joy.hpp
[0.130s] -- Installing: /home/rhobtor/PHD/Cuadriga_j8/src/Cuadriga/src/ARGOSJ8_IA_/install/joy/share/joy/config
[0.130s] -- Installing: /home/rhobtor/PHD/Cuadriga_j8/src/Cuadriga/src/ARGOSJ8_IA_/install/joy/share/joy/config/joy-params.yaml
[0.130s] -- Installing: /home/rhobtor/PHD/Cuadriga_j8/src/Cuadriga/src/ARGOSJ8_IA_/install/joy/share/joy/launch
[0.131s] -- Installing: /home/rhobtor/PHD/Cuadriga_j8/src/Cuadriga/src/ARGOSJ8_IA_/install/joy/share/joy/launch/joy-launch_test.py
[0.131s] -- Installing: /home/rhobtor/PHD/Cuadriga_j8/src/Cuadriga/src/ARGOSJ8_IA_/install/joy/share/joy/launch/joy-composed-launch.py
[0.131s] -- Installing: /home/rhobtor/PHD/Cuadriga_j8/src/Cuadriga/src/ARGOSJ8_IA_/install/joy/share/ament_index/resource_index/package_run_dependencies/joy
[0.131s] -- Installing: /home/rhobtor/PHD/Cuadriga_j8/src/Cuadriga/src/ARGOSJ8_IA_/install/joy/share/ament_index/resource_index/parent_prefix_path/joy
[0.131s] -- Installing: /home/rhobtor/PHD/Cuadriga_j8/src/Cuadriga/src/ARGOSJ8_IA_/install/joy/share/joy/environment/ament_prefix_path.sh
[0.131s] -- Installing: /home/rhobtor/PHD/Cuadriga_j8/src/Cuadriga/src/ARGOSJ8_IA_/install/joy/share/joy/environment/ament_prefix_path.dsv
[0.131s] -- Installing: /home/rhobtor/PHD/Cuadriga_j8/src/Cuadriga/src/ARGOSJ8_IA_/install/joy/share/joy/environment/path.sh
[0.132s] -- Installing: /home/rhobtor/PHD/Cuadriga_j8/src/Cuadriga/src/ARGOSJ8_IA_/install/joy/share/joy/environment/path.dsv
[0.132s] -- Installing: /home/rhobtor/PHD/Cuadriga_j8/src/Cuadriga/src/ARGOSJ8_IA_/install/joy/share/joy/local_setup.bash
[0.132s] -- Installing: /home/rhobtor/PHD/Cuadriga_j8/src/Cuadriga/src/ARGOSJ8_IA_/install/joy/share/joy/local_setup.sh
[0.132s] -- Installing: /home/rhobtor/PHD/Cuadriga_j8/src/Cuadriga/src/ARGOSJ8_IA_/install/joy/share/joy/local_setup.zsh
[0.132s] -- Installing: /home/rhobtor/PHD/Cuadriga_j8/src/Cuadriga/src/ARGOSJ8_IA_/install/joy/share/joy/local_setup.dsv
[0.132s] -- Installing: /home/rhobtor/PHD/Cuadriga_j8/src/Cuadriga/src/ARGOSJ8_IA_/install/joy/share/joy/package.dsv
[0.132s] -- Installing: /home/rhobtor/PHD/Cuadriga_j8/src/Cuadriga/src/ARGOSJ8_IA_/install/joy/share/ament_index/resource_index/packages/joy
[0.132s] -- Installing: /home/rhobtor/PHD/Cuadriga_j8/src/Cuadriga/src/ARGOSJ8_IA_/install/joy/share/ament_index/resource_index/rclcpp_components/joy
[0.132s] -- Installing: /home/rhobtor/PHD/Cuadriga_j8/src/Cuadriga/src/ARGOSJ8_IA_/install/joy/share/joy/cmake/export_joyExport.cmake
[0.132s] -- Installing: /home/rhobtor/PHD/Cuadriga_j8/src/Cuadriga/src/ARGOSJ8_IA_/install/joy/share/joy/cmake/export_joyExport-noconfig.cmake
[0.132s] -- Installing: /home/rhobtor/PHD/Cuadriga_j8/src/Cuadriga/src/ARGOSJ8_IA_/install/joy/share/joy/cmake/ament_cmake_export_targets-extras.cmake
[0.132s] -- Installing: /home/rhobtor/PHD/Cuadriga_j8/src/Cuadriga/src/ARGOSJ8_IA_/install/joy/share/joy/cmake/ament_cmake_export_dependencies-extras.cmake
[0.133s] -- Installing: /home/rhobtor/PHD/Cuadriga_j8/src/Cuadriga/src/ARGOSJ8_IA_/install/joy/share/joy/cmake/joyConfig.cmake
[0.133s] -- Installing: /home/rhobtor/PHD/Cuadriga_j8/src/Cuadriga/src/ARGOSJ8_IA_/install/joy/share/joy/cmake/joyConfig-version.cmake
[0.133s] -- Installing: /home/rhobtor/PHD/Cuadriga_j8/src/Cuadriga/src/ARGOSJ8_IA_/install/joy/share/joy/package.xml
[0.134s] Invoked command in '/home/rhobtor/PHD/Cuadriga_j8/src/Cuadriga/src/ARGOSJ8_IA_/build/joy' returned '0': AMENT_PREFIX_PATH=/home/rhobtor/PHD/Cuadriga_j8/src/Cuadriga/src/ARGOSJ8_IA_/install/sdl2_vendor:${AMENT_PREFIX_PATH} CMAKE_PREFIX_PATH=/home/rhobtor/PHD/Cuadriga_j8/src/Cuadriga/src/ARGOSJ8_IA_/install/sdl2_vendor:/home/rhobtor/zed/install/zed_ros2:/home/rhobtor/zed/install/zed_wrapper:/home/rhobtor/zed/install/zed_components:/home/rhobtor/zed/install/zed_interfaces:/opt/ros/humble /opt/st/stm32cubeclt_1.18.0/CMake/bin/cmake --install /home/rhobtor/PHD/Cuadriga_j8/src/Cuadriga/src/ARGOSJ8_IA_/build/joy
