[0.013s] Invoking command in '/home/cuadriga/cuadriga_ws/Cuadriga/src/Cuadriga_IA_/build/ctl_mission': AMENT_PREFIX_PATH=/home/cuadriga/cuadriga_ws/Cuadriga/src/Cuadriga_IA_/install/path_manager_interfaces:/home/cuadriga/cuadriga_ws/Cuadriga/src/Cuadriga_IA_/install/ctl_mission_interfaces:${AMENT_PREFIX_PATH} CMAKE_PREFIX_PATH=/home/cuadriga/cuadriga_ws/Cuadriga/src/Cuadriga_IA_/install/path_manager_interfaces:/home/cuadriga/cuadriga_ws/Cuadriga/src/Cuadriga_IA_/install/ctl_mission_interfaces:/home/cuadriga/tfgcuadriga/install/udp_driver:/home/cuadriga/tfgcuadriga/install/serial_driver:/home/cuadriga/tfgcuadriga/install/joy:/home/cuadriga/tfgcuadriga/install/io_context:/home/cuadriga/tfgcuadriga/install/fixposition_odometry_converter_ros2:/home/cuadriga/tfgcuadriga/install/fixposition_driver_ros2:/home/cuadriga/tfgcuadriga/install/fixposition_driver_lib:/home/cuadriga/tfgcuadriga/install/fixposition_gnss_tf:/home/cuadriga/tfgcuadriga/install/cuadriga:/home/cuadriga/tfgcuadriga/install/cuadriga_interfaces:/home/cuadriga/tfgcuadriga/install/asio_cmake_module:/home/cuadriga/tfgcuadriga/install/gpx_loader:/opt/ros/humble LD_LIBRARY_PATH=/home/cuadriga/cuadriga_ws/Cuadriga/src/Cuadriga_IA_/install/path_manager_interfaces/lib:/home/cuadriga/cuadriga_ws/Cuadriga/src/Cuadriga_IA_/install/ctl_mission_interfaces/lib:${LD_LIBRARY_PATH} PYTHONPATH=/home/cuadriga/cuadriga_ws/Cuadriga/src/Cuadriga_IA_/install/path_manager_interfaces/local/lib/python3.10/dist-packages:/home/cuadriga/cuadriga_ws/Cuadriga/src/Cuadriga_IA_/install/ctl_mission_interfaces/local/lib/python3.10/dist-packages:${PYTHONPATH} /usr/bin/cmake /home/cuadriga/cuadriga_ws/Cuadriga/src/Cuadriga_IA_/src/ctl_mission/ctl_mission -DAMENT_CMAKE_SYMLINK_INSTALL=1 -DCMAKE_INSTALL_PREFIX=/home/cuadriga/cuadriga_ws/Cuadriga/src/Cuadriga_IA_/install/ctl_mission
[0.068s] -- The C compiler identification is GNU 11.4.0
[0.129s] -- The CXX compiler identification is GNU 11.4.0
[0.139s] -- Detecting C compiler ABI info
[0.208s] -- Detecting C compiler ABI info - done
[0.222s] -- Check for working C compiler: /usr/bin/cc - skipped
[0.222s] -- Detecting C compile features
[0.222s] -- Detecting C compile features - done
[0.226s] -- Detecting CXX compiler ABI info
[0.310s] -- Detecting CXX compiler ABI info - done
[0.319s] -- Check for working CXX compiler: /usr/bin/c++ - skipped
[0.319s] -- Detecting CXX compile features
[0.319s] -- Detecting CXX compile features - done
[0.323s] -- Found ament_cmake: 1.3.12 (/opt/ros/humble/share/ament_cmake/cmake)
[0.471s] -- Found Python3: /usr/bin/python3 (found version "3.10.12") found components: Interpreter 
[0.532s] -- Override CMake install command with custom implementation using symlinks instead of copying resources
[0.573s] -- Found rclcpp: 16.0.16 (/opt/ros/humble/share/rclcpp/cmake)
[0.628s] -- Found rosidl_generator_c: 3.1.7 (/opt/ros/humble/share/rosidl_generator_c/cmake)
[0.634s] -- Found rosidl_adapter: 3.1.7 (/opt/ros/humble/share/rosidl_adapter/cmake)
[0.646s] -- Found rosidl_generator_cpp: 3.1.7 (/opt/ros/humble/share/rosidl_generator_cpp/cmake)
[0.661s] -- Using all available rosidl_typesupport_c: rosidl_typesupport_fastrtps_c;rosidl_typesupport_introspection_c
[0.683s] -- Using all available rosidl_typesupport_cpp: rosidl_typesupport_fastrtps_cpp;rosidl_typesupport_introspection_cpp
[0.759s] -- Found rmw_implementation_cmake: 6.1.2 (/opt/ros/humble/share/rmw_implementation_cmake/cmake)
[0.766s] -- Found rmw_cyclonedds_cpp: 1.3.4 (/opt/ros/humble/share/rmw_cyclonedds_cpp/cmake)
[0.815s] -- Using RMW implementation 'rmw_cyclonedds_cpp' as default
[0.833s] -- Looking for pthread.h
[0.910s] -- Looking for pthread.h - found
[0.910s] -- Performing Test CMAKE_HAVE_LIBC_PTHREAD
[0.990s] -- Performing Test CMAKE_HAVE_LIBC_PTHREAD - Success
[0.991s] -- Found Threads: TRUE  
[1.069s] -- Found rclcpp_lifecycle: 16.0.16 (/opt/ros/humble/share/rclcpp_lifecycle/cmake)
[1.106s] -- Found std_srvs: 4.9.0 (/opt/ros/humble/share/std_srvs/cmake)
[1.125s] -- Found sensor_msgs: 4.9.0 (/opt/ros/humble/share/sensor_msgs/cmake)
[1.180s] -- Found Boost: /usr/lib/x86_64-linux-gnu/cmake/Boost-1.74.0/BoostConfig.cmake (found version "1.74.0")  
[1.187s] -- Found tf2: 0.25.17 (/opt/ros/humble/share/tf2/cmake)
[1.203s] -- Found tf2_ros: 0.25.17 (/opt/ros/humble/share/tf2_ros/cmake)
[1.348s] -- Found tf2_geometry_msgs: 0.25.17 (/opt/ros/humble/share/tf2_geometry_msgs/cmake)
[1.372s] -- Found eigen3_cmake_module: 0.1.1 (/opt/ros/humble/share/eigen3_cmake_module/cmake)
[1.374s] -- Found Eigen3: TRUE (found version "3.4.0") 
[1.374s] -- Ensuring Eigen3 include directory is part of orocos-kdl CMake target
[1.378s] -- Found nav_msgs: 4.9.0 (/opt/ros/humble/share/nav_msgs/cmake)
[1.398s] -- Found trajectory_msgs: 4.9.0 (/opt/ros/humble/share/trajectory_msgs/cmake)
[1.435s] -- Found OpenCV: /usr (found version "4.5.4") 
[1.436s] -- Found ctl_mission_interfaces: 0.0.0 (/home/cuadriga/cuadriga_ws/Cuadriga/src/Cuadriga_IA_/install/ctl_mission_interfaces/share/ctl_mission_interfaces/cmake)
[1.452s] -- Found path_manager_interfaces: 0.0.0 (/home/cuadriga/cuadriga_ws/Cuadriga/src/Cuadriga_IA_/install/path_manager_interfaces/share/path_manager_interfaces/cmake)
[1.474s] -- Found rosidl_default_generators: 1.2.0 (/opt/ros/humble/share/rosidl_default_generators/cmake)
[1.486s] -- Found GeographicLib: /usr/lib/x86_64-linux-gnu  
[1.653s] -- Found ament_lint_auto: 0.12.14 (/opt/ros/humble/share/ament_lint_auto/cmake)
[1.763s] [31mCMake Error at CMakeLists.txt:251 (find_package):
[1.763s]   By not providing "Findros_testing.cmake" in CMAKE_MODULE_PATH this project
[1.763s]   has asked CMake to find a package configuration file provided by
[1.763s]   "ros_testing", but CMake did not find one.
[1.763s] 
[1.764s]   Could not find a package configuration file provided by "ros_testing" with
[1.764s]   any of the following names:
[1.764s] 
[1.764s]     ros_testingConfig.cmake
[1.764s]     ros_testing-config.cmake
[1.764s] 
[1.764s]   Add the installation prefix of "ros_testing" to CMAKE_PREFIX_PATH or set
[1.764s]   "ros_testing_DIR" to a directory containing one of the above files.  If
[1.764s]   "ros_testing" provides a separate development package or SDK, be sure it
[1.764s]   has been installed.
[1.764s] 
[1.764s] [0m
[1.764s] -- Configuring incomplete, errors occurred!
[1.764s] See also "/home/cuadriga/cuadriga_ws/Cuadriga/src/Cuadriga_IA_/build/ctl_mission/CMakeFiles/CMakeOutput.log".
[1.773s] Invoked command in '/home/cuadriga/cuadriga_ws/Cuadriga/src/Cuadriga_IA_/build/ctl_mission' returned '1': AMENT_PREFIX_PATH=/home/cuadriga/cuadriga_ws/Cuadriga/src/Cuadriga_IA_/install/path_manager_interfaces:/home/cuadriga/cuadriga_ws/Cuadriga/src/Cuadriga_IA_/install/ctl_mission_interfaces:${AMENT_PREFIX_PATH} CMAKE_PREFIX_PATH=/home/cuadriga/cuadriga_ws/Cuadriga/src/Cuadriga_IA_/install/path_manager_interfaces:/home/cuadriga/cuadriga_ws/Cuadriga/src/Cuadriga_IA_/install/ctl_mission_interfaces:/home/cuadriga/tfgcuadriga/install/udp_driver:/home/cuadriga/tfgcuadriga/install/serial_driver:/home/cuadriga/tfgcuadriga/install/joy:/home/cuadriga/tfgcuadriga/install/io_context:/home/cuadriga/tfgcuadriga/install/fixposition_odometry_converter_ros2:/home/cuadriga/tfgcuadriga/install/fixposition_driver_ros2:/home/cuadriga/tfgcuadriga/install/fixposition_driver_lib:/home/cuadriga/tfgcuadriga/install/fixposition_gnss_tf:/home/cuadriga/tfgcuadriga/install/cuadriga:/home/cuadriga/tfgcuadriga/install/cuadriga_interfaces:/home/cuadriga/tfgcuadriga/install/asio_cmake_module:/home/cuadriga/tfgcuadriga/install/gpx_loader:/opt/ros/humble LD_LIBRARY_PATH=/home/cuadriga/cuadriga_ws/Cuadriga/src/Cuadriga_IA_/install/path_manager_interfaces/lib:/home/cuadriga/cuadriga_ws/Cuadriga/src/Cuadriga_IA_/install/ctl_mission_interfaces/lib:${LD_LIBRARY_PATH} PYTHONPATH=/home/cuadriga/cuadriga_ws/Cuadriga/src/Cuadriga_IA_/install/path_manager_interfaces/local/lib/python3.10/dist-packages:/home/cuadriga/cuadriga_ws/Cuadriga/src/Cuadriga_IA_/install/ctl_mission_interfaces/local/lib/python3.10/dist-packages:${PYTHONPATH} /usr/bin/cmake /home/cuadriga/cuadriga_ws/Cuadriga/src/Cuadriga_IA_/src/ctl_mission/ctl_mission -DAMENT_CMAKE_SYMLINK_INSTALL=1 -DCMAKE_INSTALL_PREFIX=/home/cuadriga/cuadriga_ws/Cuadriga/src/Cuadriga_IA_/install/ctl_mission
