[ 50%] Built target termical_camera
[100%] Built target termical_camera_ffmpeg_pipe
-- Install configuration: ""
-- Up-to-date: /home/rhobtor/PHD/Cuadriga_j8/src/Cuadriga/src/ARGOSJ8_IA_/install/hikmicro_thermal_camera/lib/hikmicro_thermal_camera/termical_camera
-- Up-to-date: /home/rhobtor/PHD/Cuadriga_j8/src/Cuadriga/src/ARGOSJ8_IA_/install/hikmicro_thermal_camera/lib/hikmicro_thermal_camera/termical_camera_ffmpeg_pipe
-- Up-to-date: /home/rhobtor/PHD/Cuadriga_j8/src/Cuadriga/src/ARGOSJ8_IA_/install/hikmicro_thermal_camera/share/hikmicro_thermal_camera/launch
-- Up-to-date: /home/rhobtor/PHD/Cuadriga_j8/src/Cuadriga/src/ARGOSJ8_IA_/install/hikmicro_thermal_camera/share/hikmicro_thermal_camera/launch/termical_camera.launch.py
-- Up-to-date: /home/rhobtor/PHD/Cuadriga_j8/src/Cuadriga/src/ARGOSJ8_IA_/install/hikmicro_thermal_camera/share/hikmicro_thermal_camera/launch/termical_camera_ffmpeg_pipe.launch.py
-- Up-to-date: /home/rhobtor/PHD/Cuadriga_j8/src/Cuadriga/src/ARGOSJ8_IA_/install/hikmicro_thermal_camera/share/hikmicro_thermal_camera/config
-- Up-to-date: /home/rhobtor/PHD/Cuadriga_j8/src/Cuadriga/src/ARGOSJ8_IA_/install/hikmicro_thermal_camera/share/hikmicro_thermal_camera/config/termical_camera_ffmpeg_pipe.yaml
-- Up-to-date: /home/rhobtor/PHD/Cuadriga_j8/src/Cuadriga/src/ARGOSJ8_IA_/install/hikmicro_thermal_camera/share/hikmicro_thermal_camera/config/termical_camera.yaml
-- Up-to-date: /home/rhobtor/PHD/Cuadriga_j8/src/Cuadriga/src/ARGOSJ8_IA_/install/hikmicro_thermal_camera/share/ament_index/resource_index/package_run_dependencies/hikmicro_thermal_camera
-- Up-to-date: /home/rhobtor/PHD/Cuadriga_j8/src/Cuadriga/src/ARGOSJ8_IA_/install/hikmicro_thermal_camera/share/ament_index/resource_index/parent_prefix_path/hikmicro_thermal_camera
-- Up-to-date: /home/rhobtor/PHD/Cuadriga_j8/src/Cuadriga/src/ARGOSJ8_IA_/install/hikmicro_thermal_camera/share/hikmicro_thermal_camera/environment/ament_prefix_path.sh
-- Up-to-date: /home/rhobtor/PHD/Cuadriga_j8/src/Cuadriga/src/ARGOSJ8_IA_/install/hikmicro_thermal_camera/share/hikmicro_thermal_camera/environment/ament_prefix_path.dsv
-- Up-to-date: /home/rhobtor/PHD/Cuadriga_j8/src/Cuadriga/src/ARGOSJ8_IA_/install/hikmicro_thermal_camera/share/hikmicro_thermal_camera/environment/path.sh
-- Up-to-date: /home/rhobtor/PHD/Cuadriga_j8/src/Cuadriga/src/ARGOSJ8_IA_/install/hikmicro_thermal_camera/share/hikmicro_thermal_camera/environment/path.dsv
-- Up-to-date: /home/rhobtor/PHD/Cuadriga_j8/src/Cuadriga/src/ARGOSJ8_IA_/install/hikmicro_thermal_camera/share/hikmicro_thermal_camera/local_setup.bash
-- Up-to-date: /home/rhobtor/PHD/Cuadriga_j8/src/Cuadriga/src/ARGOSJ8_IA_/install/hikmicro_thermal_camera/share/hikmicro_thermal_camera/local_setup.sh
-- Up-to-date: /home/rhobtor/PHD/Cuadriga_j8/src/Cuadriga/src/ARGOSJ8_IA_/install/hikmicro_thermal_camera/share/hikmicro_thermal_camera/local_setup.zsh
-- Up-to-date: /home/rhobtor/PHD/Cuadriga_j8/src/Cuadriga/src/ARGOSJ8_IA_/install/hikmicro_thermal_camera/share/hikmicro_thermal_camera/local_setup.dsv
-- Installing: /home/rhobtor/PHD/Cuadriga_j8/src/Cuadriga/src/ARGOSJ8_IA_/install/hikmicro_thermal_camera/share/hikmicro_thermal_camera/package.dsv
-- Up-to-date: /home/rhobtor/PHD/Cuadriga_j8/src/Cuadriga/src/ARGOSJ8_IA_/install/hikmicro_thermal_camera/share/ament_index/resource_index/packages/hikmicro_thermal_camera
-- Up-to-date: /home/rhobtor/PHD/Cuadriga_j8/src/Cuadriga/src/ARGOSJ8_IA_/install/hikmicro_thermal_camera/share/hikmicro_thermal_camera/cmake/hikmicro_thermal_cameraConfig.cmake
-- Up-to-date: /home/rhobtor/PHD/Cuadriga_j8/src/Cuadriga/src/ARGOSJ8_IA_/install/hikmicro_thermal_camera/share/hikmicro_thermal_camera/cmake/hikmicro_thermal_cameraConfig-version.cmake
-- Up-to-date: /home/rhobtor/PHD/Cuadriga_j8/src/Cuadriga/src/ARGOSJ8_IA_/install/hikmicro_thermal_camera/share/hikmicro_thermal_camera/package.xml
