[0.012s] Invoking command in '/home/cuadriga/cuadriga_ws/Cuadriga/src/Cuadriga/build/fixposition_odometry_converter_ros2': AMENT_PREFIX_PATH=/home/cuadriga/cuadriga_ws/Cuadriga/src/Cuadriga/install/fixposition_driver_ros2:${AMENT_PREFIX_PATH} CMAKE_PREFIX_PATH=/home/cuadriga/cuadriga_ws/Cuadriga/src/Cuadriga/install/fixposition_driver_ros2:/home/cuadriga/cuadriga_ws/Cuadriga/src/Cuadriga/install/fixposition_driver_lib:/home/cuadriga/cuadriga_ws/Cuadriga/src/Cuadriga/install/fixposition_gnss_tf:/home/cuadriga/tfgcuadriga/install/udp_driver:/home/cuadriga/tfgcuadriga/install/serial_driver:/home/cuadriga/tfgcuadriga/install/joy:/home/cuadriga/tfgcuadriga/install/io_context:/home/cuadriga/tfgcuadriga/install/fixposition_odometry_converter_ros2:/home/cuadriga/tfgcuadriga/install/fixposition_driver_ros2:/home/cuadriga/tfgcuadriga/install/fixposition_driver_lib:/home/cuadriga/tfgcuadriga/install/fixposition_gnss_tf:/home/cuadriga/tfgcuadriga/install/cuadriga:/home/cuadriga/tfgcuadriga/install/cuadriga_interfaces:/home/cuadriga/tfgcuadriga/install/asio_cmake_module:/home/cuadriga/tfgcuadriga/install/gpx_loader:/opt/ros/humble LD_LIBRARY_PATH=/home/cuadriga/cuadriga_ws/Cuadriga/src/Cuadriga/install/fixposition_driver_ros2/lib:/home/cuadriga/cuadriga_ws/Cuadriga/src/Cuadriga/install/fixposition_driver_lib/lib:/home/cuadriga/cuadriga_ws/Cuadriga/src/Cuadriga/install/fixposition_gnss_tf/lib:${LD_LIBRARY_PATH} PKG_CONFIG_PATH=/home/cuadriga/cuadriga_ws/Cuadriga/src/Cuadriga/install/fixposition_driver_lib/lib/x86_64-linux-gnu/pkgconfig:/home/cuadriga/cuadriga_ws/Cuadriga/src/Cuadriga/install/fixposition_driver_lib/lib/pkgconfig:/home/cuadriga/cuadriga_ws/Cuadriga/src/Cuadriga/install/fixposition_gnss_tf/lib/x86_64-linux-gnu/pkgconfig:/home/cuadriga/cuadriga_ws/Cuadriga/src/Cuadriga/install/fixposition_gnss_tf/lib/pkgconfig:${PKG_CONFIG_PATH} PYTHONPATH=/home/cuadriga/cuadriga_ws/Cuadriga/src/Cuadriga/install/fixposition_driver_ros2/local/lib/python3.10/dist-packages:${PYTHONPATH} /usr/bin/cmake /home/cuadriga/cuadriga_ws/Cuadriga/src/Cuadriga/src/Fixposition_driver_pkg-main/fixposition_driver-main/fixposition_odometry_converter_ros2 -DCMAKE_INSTALL_PREFIX=/home/cuadriga/cuadriga_ws/Cuadriga/src/Cuadriga/install/fixposition_odometry_converter_ros2
[0.064s] -- The C compiler identification is GNU 11.4.0
[0.115s] -- The CXX compiler identification is GNU 11.4.0
[0.122s] -- Detecting C compiler ABI info
[0.188s] -- Detecting C compiler ABI info - done
[0.195s] -- Check for working C compiler: /usr/bin/cc - skipped
[0.195s] -- Detecting C compile features
[0.195s] -- Detecting C compile features - done
[0.198s] -- Detecting CXX compiler ABI info
[0.277s] -- Detecting CXX compiler ABI info - done
[0.284s] -- Check for working CXX compiler: /usr/bin/c++ - skipped
[0.284s] -- Detecting CXX compile features
[0.285s] -- Detecting CXX compile features - done
[0.288s] -- Found ament_cmake: 1.3.12 (/opt/ros/humble/share/ament_cmake/cmake)
[0.437s] -- Found Python3: /usr/bin/python3 (found version "3.10.12") found components: Interpreter 
[0.538s] -- Found rclcpp: 16.0.16 (/opt/ros/humble/share/rclcpp/cmake)
[0.587s] -- Found rosidl_generator_c: 3.1.7 (/opt/ros/humble/share/rosidl_generator_c/cmake)
[0.594s] -- Found rosidl_adapter: 3.1.7 (/opt/ros/humble/share/rosidl_adapter/cmake)
[0.604s] -- Found rosidl_generator_cpp: 3.1.7 (/opt/ros/humble/share/rosidl_generator_cpp/cmake)
[0.617s] -- Using all available rosidl_typesupport_c: rosidl_typesupport_fastrtps_c;rosidl_typesupport_introspection_c
[0.635s] -- Using all available rosidl_typesupport_cpp: rosidl_typesupport_fastrtps_cpp;rosidl_typesupport_introspection_cpp
[0.688s] -- Found rmw_implementation_cmake: 6.1.2 (/opt/ros/humble/share/rmw_implementation_cmake/cmake)
[0.691s] -- Found rmw_cyclonedds_cpp: 1.3.4 (/opt/ros/humble/share/rmw_cyclonedds_cpp/cmake)
[0.718s] -- Using RMW implementation 'rmw_cyclonedds_cpp' as default
[0.729s] -- Looking for pthread.h
[0.801s] -- Looking for pthread.h - found
[0.801s] -- Performing Test CMAKE_HAVE_LIBC_PTHREAD
[0.875s] -- Performing Test CMAKE_HAVE_LIBC_PTHREAD - Success
[0.875s] -- Found Threads: TRUE  
[0.933s] -- Found rclcpp_components: 16.0.16 (/opt/ros/humble/share/rclcpp_components/cmake)
[0.964s] -- Found nav_msgs: 4.9.0 (/opt/ros/humble/share/nav_msgs/cmake)
[0.994s] -- Found fixposition_driver_ros2: 5.0.0 (/home/cuadriga/cuadriga_ws/Cuadriga/src/Cuadriga/install/fixposition_driver_ros2/share/fixposition_driver_ros2/cmake)
[1.079s] -- Configuring done
[1.096s] -- Generating done
[1.103s] -- Build files have been written to: /home/cuadriga/cuadriga_ws/Cuadriga/src/Cuadriga/build/fixposition_odometry_converter_ros2
[1.111s] Invoked command in '/home/cuadriga/cuadriga_ws/Cuadriga/src/Cuadriga/build/fixposition_odometry_converter_ros2' returned '0': AMENT_PREFIX_PATH=/home/cuadriga/cuadriga_ws/Cuadriga/src/Cuadriga/install/fixposition_driver_ros2:${AMENT_PREFIX_PATH} CMAKE_PREFIX_PATH=/home/cuadriga/cuadriga_ws/Cuadriga/src/Cuadriga/install/fixposition_driver_ros2:/home/cuadriga/cuadriga_ws/Cuadriga/src/Cuadriga/install/fixposition_driver_lib:/home/cuadriga/cuadriga_ws/Cuadriga/src/Cuadriga/install/fixposition_gnss_tf:/home/cuadriga/tfgcuadriga/install/udp_driver:/home/cuadriga/tfgcuadriga/install/serial_driver:/home/cuadriga/tfgcuadriga/install/joy:/home/cuadriga/tfgcuadriga/install/io_context:/home/cuadriga/tfgcuadriga/install/fixposition_odometry_converter_ros2:/home/cuadriga/tfgcuadriga/install/fixposition_driver_ros2:/home/cuadriga/tfgcuadriga/install/fixposition_driver_lib:/home/cuadriga/tfgcuadriga/install/fixposition_gnss_tf:/home/cuadriga/tfgcuadriga/install/cuadriga:/home/cuadriga/tfgcuadriga/install/cuadriga_interfaces:/home/cuadriga/tfgcuadriga/install/asio_cmake_module:/home/cuadriga/tfgcuadriga/install/gpx_loader:/opt/ros/humble LD_LIBRARY_PATH=/home/cuadriga/cuadriga_ws/Cuadriga/src/Cuadriga/install/fixposition_driver_ros2/lib:/home/cuadriga/cuadriga_ws/Cuadriga/src/Cuadriga/install/fixposition_driver_lib/lib:/home/cuadriga/cuadriga_ws/Cuadriga/src/Cuadriga/install/fixposition_gnss_tf/lib:${LD_LIBRARY_PATH} PKG_CONFIG_PATH=/home/cuadriga/cuadriga_ws/Cuadriga/src/Cuadriga/install/fixposition_driver_lib/lib/x86_64-linux-gnu/pkgconfig:/home/cuadriga/cuadriga_ws/Cuadriga/src/Cuadriga/install/fixposition_driver_lib/lib/pkgconfig:/home/cuadriga/cuadriga_ws/Cuadriga/src/Cuadriga/install/fixposition_gnss_tf/lib/x86_64-linux-gnu/pkgconfig:/home/cuadriga/cuadriga_ws/Cuadriga/src/Cuadriga/install/fixposition_gnss_tf/lib/pkgconfig:${PKG_CONFIG_PATH} PYTHONPATH=/home/cuadriga/cuadriga_ws/Cuadriga/src/Cuadriga/install/fixposition_driver_ros2/local/lib/python3.10/dist-packages:${PYTHONPATH} /usr/bin/cmake /home/cuadriga/cuadriga_ws/Cuadriga/src/Cuadriga/src/Fixposition_driver_pkg-main/fixposition_driver-main/fixposition_odometry_converter_ros2 -DCMAKE_INSTALL_PREFIX=/home/cuadriga/cuadriga_ws/Cuadriga/src/Cuadriga/install/fixposition_odometry_converter_ros2
[1.112s] Invoking command in '/home/cuadriga/cuadriga_ws/Cuadriga/src/Cuadriga/build/fixposition_odometry_converter_ros2': AMENT_PREFIX_PATH=/home/cuadriga/cuadriga_ws/Cuadriga/src/Cuadriga/install/fixposition_driver_ros2:${AMENT_PREFIX_PATH} CMAKE_PREFIX_PATH=/home/cuadriga/cuadriga_ws/Cuadriga/src/Cuadriga/install/fixposition_driver_ros2:/home/cuadriga/cuadriga_ws/Cuadriga/src/Cuadriga/install/fixposition_driver_lib:/home/cuadriga/cuadriga_ws/Cuadriga/src/Cuadriga/install/fixposition_gnss_tf:/home/cuadriga/tfgcuadriga/install/udp_driver:/home/cuadriga/tfgcuadriga/install/serial_driver:/home/cuadriga/tfgcuadriga/install/joy:/home/cuadriga/tfgcuadriga/install/io_context:/home/cuadriga/tfgcuadriga/install/fixposition_odometry_converter_ros2:/home/cuadriga/tfgcuadriga/install/fixposition_driver_ros2:/home/cuadriga/tfgcuadriga/install/fixposition_driver_lib:/home/cuadriga/tfgcuadriga/install/fixposition_gnss_tf:/home/cuadriga/tfgcuadriga/install/cuadriga:/home/cuadriga/tfgcuadriga/install/cuadriga_interfaces:/home/cuadriga/tfgcuadriga/install/asio_cmake_module:/home/cuadriga/tfgcuadriga/install/gpx_loader:/opt/ros/humble LD_LIBRARY_PATH=/home/cuadriga/cuadriga_ws/Cuadriga/src/Cuadriga/install/fixposition_driver_ros2/lib:/home/cuadriga/cuadriga_ws/Cuadriga/src/Cuadriga/install/fixposition_driver_lib/lib:/home/cuadriga/cuadriga_ws/Cuadriga/src/Cuadriga/install/fixposition_gnss_tf/lib:${LD_LIBRARY_PATH} PKG_CONFIG_PATH=/home/cuadriga/cuadriga_ws/Cuadriga/src/Cuadriga/install/fixposition_driver_lib/lib/x86_64-linux-gnu/pkgconfig:/home/cuadriga/cuadriga_ws/Cuadriga/src/Cuadriga/install/fixposition_driver_lib/lib/pkgconfig:/home/cuadriga/cuadriga_ws/Cuadriga/src/Cuadriga/install/fixposition_gnss_tf/lib/x86_64-linux-gnu/pkgconfig:/home/cuadriga/cuadriga_ws/Cuadriga/src/Cuadriga/install/fixposition_gnss_tf/lib/pkgconfig:${PKG_CONFIG_PATH} PYTHONPATH=/home/cuadriga/cuadriga_ws/Cuadriga/src/Cuadriga/install/fixposition_driver_ros2/local/lib/python3.10/dist-packages:${PYTHONPATH} /usr/bin/cmake --build /home/cuadriga/cuadriga_ws/Cuadriga/src/Cuadriga/build/fixposition_odometry_converter_ros2 -- -j8 -l8
[1.163s] [ 60%] [32mBuilding CXX object CMakeFiles/odom_converter.dir/src/odom_converter_node.cpp.o[0m
[1.163s] [ 60%] [32mBuilding CXX object CMakeFiles/odom_converter.dir/src/params.cpp.o[0m
[1.163s] [ 60%] [32mBuilding CXX object CMakeFiles/odom_converter_node.dir/rclcpp_components/node_main_odom_converter_node.cpp.o[0m
[4.498s] [ 80%] [32m[1mLinking CXX executable odom_converter_node[0m
[4.598s] [ 80%] Built target odom_converter_node
[16.160s] [100%] [32m[1mLinking CXX shared library libodom_converter.so[0m
[16.366s] [100%] Built target odom_converter
[16.376s] Invoked command in '/home/cuadriga/cuadriga_ws/Cuadriga/src/Cuadriga/build/fixposition_odometry_converter_ros2' returned '0': AMENT_PREFIX_PATH=/home/cuadriga/cuadriga_ws/Cuadriga/src/Cuadriga/install/fixposition_driver_ros2:${AMENT_PREFIX_PATH} CMAKE_PREFIX_PATH=/home/cuadriga/cuadriga_ws/Cuadriga/src/Cuadriga/install/fixposition_driver_ros2:/home/cuadriga/cuadriga_ws/Cuadriga/src/Cuadriga/install/fixposition_driver_lib:/home/cuadriga/cuadriga_ws/Cuadriga/src/Cuadriga/install/fixposition_gnss_tf:/home/cuadriga/tfgcuadriga/install/udp_driver:/home/cuadriga/tfgcuadriga/install/serial_driver:/home/cuadriga/tfgcuadriga/install/joy:/home/cuadriga/tfgcuadriga/install/io_context:/home/cuadriga/tfgcuadriga/install/fixposition_odometry_converter_ros2:/home/cuadriga/tfgcuadriga/install/fixposition_driver_ros2:/home/cuadriga/tfgcuadriga/install/fixposition_driver_lib:/home/cuadriga/tfgcuadriga/install/fixposition_gnss_tf:/home/cuadriga/tfgcuadriga/install/cuadriga:/home/cuadriga/tfgcuadriga/install/cuadriga_interfaces:/home/cuadriga/tfgcuadriga/install/asio_cmake_module:/home/cuadriga/tfgcuadriga/install/gpx_loader:/opt/ros/humble LD_LIBRARY_PATH=/home/cuadriga/cuadriga_ws/Cuadriga/src/Cuadriga/install/fixposition_driver_ros2/lib:/home/cuadriga/cuadriga_ws/Cuadriga/src/Cuadriga/install/fixposition_driver_lib/lib:/home/cuadriga/cuadriga_ws/Cuadriga/src/Cuadriga/install/fixposition_gnss_tf/lib:${LD_LIBRARY_PATH} PKG_CONFIG_PATH=/home/cuadriga/cuadriga_ws/Cuadriga/src/Cuadriga/install/fixposition_driver_lib/lib/x86_64-linux-gnu/pkgconfig:/home/cuadriga/cuadriga_ws/Cuadriga/src/Cuadriga/install/fixposition_driver_lib/lib/pkgconfig:/home/cuadriga/cuadriga_ws/Cuadriga/src/Cuadriga/install/fixposition_gnss_tf/lib/x86_64-linux-gnu/pkgconfig:/home/cuadriga/cuadriga_ws/Cuadriga/src/Cuadriga/install/fixposition_gnss_tf/lib/pkgconfig:${PKG_CONFIG_PATH} PYTHONPATH=/home/cuadriga/cuadriga_ws/Cuadriga/src/Cuadriga/install/fixposition_driver_ros2/local/lib/python3.10/dist-packages:${PYTHONPATH} /usr/bin/cmake --build /home/cuadriga/cuadriga_ws/Cuadriga/src/Cuadriga/build/fixposition_odometry_converter_ros2 -- -j8 -l8
[16.377s] Invoking command in '/home/cuadriga/cuadriga_ws/Cuadriga/src/Cuadriga/build/fixposition_odometry_converter_ros2': AMENT_PREFIX_PATH=/home/cuadriga/cuadriga_ws/Cuadriga/src/Cuadriga/install/fixposition_driver_ros2:${AMENT_PREFIX_PATH} CMAKE_PREFIX_PATH=/home/cuadriga/cuadriga_ws/Cuadriga/src/Cuadriga/install/fixposition_driver_ros2:/home/cuadriga/cuadriga_ws/Cuadriga/src/Cuadriga/install/fixposition_driver_lib:/home/cuadriga/cuadriga_ws/Cuadriga/src/Cuadriga/install/fixposition_gnss_tf:/home/cuadriga/tfgcuadriga/install/udp_driver:/home/cuadriga/tfgcuadriga/install/serial_driver:/home/cuadriga/tfgcuadriga/install/joy:/home/cuadriga/tfgcuadriga/install/io_context:/home/cuadriga/tfgcuadriga/install/fixposition_odometry_converter_ros2:/home/cuadriga/tfgcuadriga/install/fixposition_driver_ros2:/home/cuadriga/tfgcuadriga/install/fixposition_driver_lib:/home/cuadriga/tfgcuadriga/install/fixposition_gnss_tf:/home/cuadriga/tfgcuadriga/install/cuadriga:/home/cuadriga/tfgcuadriga/install/cuadriga_interfaces:/home/cuadriga/tfgcuadriga/install/asio_cmake_module:/home/cuadriga/tfgcuadriga/install/gpx_loader:/opt/ros/humble LD_LIBRARY_PATH=/home/cuadriga/cuadriga_ws/Cuadriga/src/Cuadriga/install/fixposition_driver_ros2/lib:/home/cuadriga/cuadriga_ws/Cuadriga/src/Cuadriga/install/fixposition_driver_lib/lib:/home/cuadriga/cuadriga_ws/Cuadriga/src/Cuadriga/install/fixposition_gnss_tf/lib:${LD_LIBRARY_PATH} PKG_CONFIG_PATH=/home/cuadriga/cuadriga_ws/Cuadriga/src/Cuadriga/install/fixposition_driver_lib/lib/x86_64-linux-gnu/pkgconfig:/home/cuadriga/cuadriga_ws/Cuadriga/src/Cuadriga/install/fixposition_driver_lib/lib/pkgconfig:/home/cuadriga/cuadriga_ws/Cuadriga/src/Cuadriga/install/fixposition_gnss_tf/lib/x86_64-linux-gnu/pkgconfig:/home/cuadriga/cuadriga_ws/Cuadriga/src/Cuadriga/install/fixposition_gnss_tf/lib/pkgconfig:${PKG_CONFIG_PATH} PYTHONPATH=/home/cuadriga/cuadriga_ws/Cuadriga/src/Cuadriga/install/fixposition_driver_ros2/local/lib/python3.10/dist-packages:${PYTHONPATH} /usr/bin/cmake --install /home/cuadriga/cuadriga_ws/Cuadriga/src/Cuadriga/build/fixposition_odometry_converter_ros2
[16.385s] -- Install configuration: "Release"
[16.385s] -- Installing: /home/cuadriga/cuadriga_ws/Cuadriga/src/Cuadriga/install/fixposition_odometry_converter_ros2/lib/fixposition_odometry_converter_ros2/odom_converter_node
[16.385s] -- Set runtime path of "/home/cuadriga/cuadriga_ws/Cuadriga/src/Cuadriga/install/fixposition_odometry_converter_ros2/lib/fixposition_odometry_converter_ros2/odom_converter_node" to ""
[16.386s] -- Installing: /home/cuadriga/cuadriga_ws/Cuadriga/src/Cuadriga/install/fixposition_odometry_converter_ros2/share/fixposition_odometry_converter_ros2/launch
[16.386s] -- Installing: /home/cuadriga/cuadriga_ws/Cuadriga/src/Cuadriga/install/fixposition_odometry_converter_ros2/share/fixposition_odometry_converter_ros2/launch/odom_converter.yaml
[16.386s] -- Installing: /home/cuadriga/cuadriga_ws/Cuadriga/src/Cuadriga/install/fixposition_odometry_converter_ros2/share/fixposition_odometry_converter_ros2/launch/odom_converter.launch
[16.386s] -- Installing: /home/cuadriga/cuadriga_ws/Cuadriga/src/Cuadriga/install/fixposition_odometry_converter_ros2/lib/libodom_converter.so
[16.388s] -- Set runtime path of "/home/cuadriga/cuadriga_ws/Cuadriga/src/Cuadriga/install/fixposition_odometry_converter_ros2/lib/libodom_converter.so" to ""
[16.388s] -- Installing: /home/cuadriga/cuadriga_ws/Cuadriga/src/Cuadriga/install/fixposition_odometry_converter_ros2/./include
[16.388s] -- Installing: /home/cuadriga/cuadriga_ws/Cuadriga/src/Cuadriga/install/fixposition_odometry_converter_ros2/./include/fixposition_odometry_converter_ros2
[16.388s] -- Installing: /home/cuadriga/cuadriga_ws/Cuadriga/src/Cuadriga/install/fixposition_odometry_converter_ros2/./include/fixposition_odometry_converter_ros2/odom_converter_node.hpp
[16.388s] -- Installing: /home/cuadriga/cuadriga_ws/Cuadriga/src/Cuadriga/install/fixposition_odometry_converter_ros2/./include/fixposition_odometry_converter_ros2/params.hpp
[16.389s] -- Installing: /home/cuadriga/cuadriga_ws/Cuadriga/src/Cuadriga/install/fixposition_odometry_converter_ros2/share/ament_index/resource_index/package_run_dependencies/fixposition_odometry_converter_ros2
[16.389s] -- Installing: /home/cuadriga/cuadriga_ws/Cuadriga/src/Cuadriga/install/fixposition_odometry_converter_ros2/share/ament_index/resource_index/parent_prefix_path/fixposition_odometry_converter_ros2
[16.389s] -- Installing: /home/cuadriga/cuadriga_ws/Cuadriga/src/Cuadriga/install/fixposition_odometry_converter_ros2/share/fixposition_odometry_converter_ros2/environment/ament_prefix_path.sh
[16.389s] -- Installing: /home/cuadriga/cuadriga_ws/Cuadriga/src/Cuadriga/install/fixposition_odometry_converter_ros2/share/fixposition_odometry_converter_ros2/environment/ament_prefix_path.dsv
[16.389s] -- Installing: /home/cuadriga/cuadriga_ws/Cuadriga/src/Cuadriga/install/fixposition_odometry_converter_ros2/share/fixposition_odometry_converter_ros2/environment/path.sh
[16.390s] -- Installing: /home/cuadriga/cuadriga_ws/Cuadriga/src/Cuadriga/install/fixposition_odometry_converter_ros2/share/fixposition_odometry_converter_ros2/environment/path.dsv
[16.390s] -- Installing: /home/cuadriga/cuadriga_ws/Cuadriga/src/Cuadriga/install/fixposition_odometry_converter_ros2/share/fixposition_odometry_converter_ros2/local_setup.bash
[16.390s] -- Installing: /home/cuadriga/cuadriga_ws/Cuadriga/src/Cuadriga/install/fixposition_odometry_converter_ros2/share/fixposition_odometry_converter_ros2/local_setup.sh
[16.390s] -- Installing: /home/cuadriga/cuadriga_ws/Cuadriga/src/Cuadriga/install/fixposition_odometry_converter_ros2/share/fixposition_odometry_converter_ros2/local_setup.zsh
[16.390s] -- Installing: /home/cuadriga/cuadriga_ws/Cuadriga/src/Cuadriga/install/fixposition_odometry_converter_ros2/share/fixposition_odometry_converter_ros2/local_setup.dsv
[16.390s] -- Installing: /home/cuadriga/cuadriga_ws/Cuadriga/src/Cuadriga/install/fixposition_odometry_converter_ros2/share/fixposition_odometry_converter_ros2/package.dsv
[16.391s] -- Installing: /home/cuadriga/cuadriga_ws/Cuadriga/src/Cuadriga/install/fixposition_odometry_converter_ros2/share/ament_index/resource_index/packages/fixposition_odometry_converter_ros2
[16.391s] -- Installing: /home/cuadriga/cuadriga_ws/Cuadriga/src/Cuadriga/install/fixposition_odometry_converter_ros2/share/ament_index/resource_index/rclcpp_components/fixposition_odometry_converter_ros2
[16.391s] -- Installing: /home/cuadriga/cuadriga_ws/Cuadriga/src/Cuadriga/install/fixposition_odometry_converter_ros2/share/fixposition_odometry_converter_ros2/cmake/fixposition_odometry_converter_ros2Config.cmake
[16.391s] -- Installing: /home/cuadriga/cuadriga_ws/Cuadriga/src/Cuadriga/install/fixposition_odometry_converter_ros2/share/fixposition_odometry_converter_ros2/cmake/fixposition_odometry_converter_ros2Config-version.cmake
[16.391s] -- Installing: /home/cuadriga/cuadriga_ws/Cuadriga/src/Cuadriga/install/fixposition_odometry_converter_ros2/share/fixposition_odometry_converter_ros2/package.xml
[16.393s] Invoked command in '/home/cuadriga/cuadriga_ws/Cuadriga/src/Cuadriga/build/fixposition_odometry_converter_ros2' returned '0': AMENT_PREFIX_PATH=/home/cuadriga/cuadriga_ws/Cuadriga/src/Cuadriga/install/fixposition_driver_ros2:${AMENT_PREFIX_PATH} CMAKE_PREFIX_PATH=/home/cuadriga/cuadriga_ws/Cuadriga/src/Cuadriga/install/fixposition_driver_ros2:/home/cuadriga/cuadriga_ws/Cuadriga/src/Cuadriga/install/fixposition_driver_lib:/home/cuadriga/cuadriga_ws/Cuadriga/src/Cuadriga/install/fixposition_gnss_tf:/home/cuadriga/tfgcuadriga/install/udp_driver:/home/cuadriga/tfgcuadriga/install/serial_driver:/home/cuadriga/tfgcuadriga/install/joy:/home/cuadriga/tfgcuadriga/install/io_context:/home/cuadriga/tfgcuadriga/install/fixposition_odometry_converter_ros2:/home/cuadriga/tfgcuadriga/install/fixposition_driver_ros2:/home/cuadriga/tfgcuadriga/install/fixposition_driver_lib:/home/cuadriga/tfgcuadriga/install/fixposition_gnss_tf:/home/cuadriga/tfgcuadriga/install/cuadriga:/home/cuadriga/tfgcuadriga/install/cuadriga_interfaces:/home/cuadriga/tfgcuadriga/install/asio_cmake_module:/home/cuadriga/tfgcuadriga/install/gpx_loader:/opt/ros/humble LD_LIBRARY_PATH=/home/cuadriga/cuadriga_ws/Cuadriga/src/Cuadriga/install/fixposition_driver_ros2/lib:/home/cuadriga/cuadriga_ws/Cuadriga/src/Cuadriga/install/fixposition_driver_lib/lib:/home/cuadriga/cuadriga_ws/Cuadriga/src/Cuadriga/install/fixposition_gnss_tf/lib:${LD_LIBRARY_PATH} PKG_CONFIG_PATH=/home/cuadriga/cuadriga_ws/Cuadriga/src/Cuadriga/install/fixposition_driver_lib/lib/x86_64-linux-gnu/pkgconfig:/home/cuadriga/cuadriga_ws/Cuadriga/src/Cuadriga/install/fixposition_driver_lib/lib/pkgconfig:/home/cuadriga/cuadriga_ws/Cuadriga/src/Cuadriga/install/fixposition_gnss_tf/lib/x86_64-linux-gnu/pkgconfig:/home/cuadriga/cuadriga_ws/Cuadriga/src/Cuadriga/install/fixposition_gnss_tf/lib/pkgconfig:${PKG_CONFIG_PATH} PYTHONPATH=/home/cuadriga/cuadriga_ws/Cuadriga/src/Cuadriga/install/fixposition_driver_ros2/local/lib/python3.10/dist-packages:${PYTHONPATH} /usr/bin/cmake --install /home/cuadriga/cuadriga_ws/Cuadriga/src/Cuadriga/build/fixposition_odometry_converter_ros2
