[0.213s] Invoking command in '/home/rhobtor/PHD/Cuadriga_j8/src/Cuadriga/src/ARGOSJ8_IA_/build/cuadriga_setup': CMAKE_PREFIX_PATH=${CMAKE_PREFIX_PATH}:/opt/ros/humble /opt/st/stm32cubeclt_1.18.0/CMake/bin/cmake /home/rhobtor/PHD/Cuadriga_j8/src/Cuadriga/src/ARGOSJ8_IA_/src/argj801_setup -DCMAKE_INSTALL_PREFIX=/home/rhobtor/PHD/Cuadriga_j8/src/Cuadriga/src/ARGOSJ8_IA_/install/cuadriga_setup
[0.591s] -- The C compiler identification is GNU 11.4.0
[0.591s] -- The CXX compiler identification is GNU 11.4.0
[0.591s] -- Detecting C compiler ABI info
[0.591s] -- Detecting C compiler ABI info - done
[0.591s] -- Check for working C compiler: /usr/bin/cc - skipped
[0.591s] -- Detecting C compile features
[0.591s] -- Detecting C compile features - done
[0.591s] -- Detecting CXX compiler ABI info
[0.591s] -- Detecting CXX compiler ABI info - done
[0.591s] -- Check for working CXX compiler: /usr/bin/c++ - skipped
[0.591s] -- Detecting CXX compile features
[0.592s] -- Detecting CXX compile features - done
[0.592s] -- Found ament_cmake: 1.3.14 (/opt/ros/humble/share/ament_cmake/cmake)
[0.727s] -- Found Python3: /usr/bin/python3 (found version "3.10.12") found components: Interpreter 
[0.911s] -- Found ament_lint_auto: 0.12.15 (/opt/ros/humble/share/ament_lint_auto/cmake)
[1.061s] -- Added test 'flake8' to check Python code syntax and style conventions
[1.063s] -- Added test 'lint_cmake' to check CMake code style
[1.065s] -- Added test 'pep257' to check Python code against some of the docstring style conventions in PEP 257
[1.068s] -- Added test 'xmllint' to check XML markup files
[1.071s] -- Configuring done (0.9s)
[1.076s] -- Generating done (0.0s)
[1.080s] -- Build files have been written to: /home/rhobtor/PHD/Cuadriga_j8/src/Cuadriga/src/ARGOSJ8_IA_/build/cuadriga_setup
[1.088s] Invoked command in '/home/rhobtor/PHD/Cuadriga_j8/src/Cuadriga/src/ARGOSJ8_IA_/build/cuadriga_setup' returned '0': CMAKE_PREFIX_PATH=${CMAKE_PREFIX_PATH}:/opt/ros/humble /opt/st/stm32cubeclt_1.18.0/CMake/bin/cmake /home/rhobtor/PHD/Cuadriga_j8/src/Cuadriga/src/ARGOSJ8_IA_/src/argj801_setup -DCMAKE_INSTALL_PREFIX=/home/rhobtor/PHD/Cuadriga_j8/src/Cuadriga/src/ARGOSJ8_IA_/install/cuadriga_setup
[1.090s] Invoking command in '/home/rhobtor/PHD/Cuadriga_j8/src/Cuadriga/src/ARGOSJ8_IA_/build/cuadriga_setup': CMAKE_PREFIX_PATH=${CMAKE_PREFIX_PATH}:/opt/ros/humble /opt/st/stm32cubeclt_1.18.0/CMake/bin/cmake --build /home/rhobtor/PHD/Cuadriga_j8/src/Cuadriga/src/ARGOSJ8_IA_/build/cuadriga_setup -- -j16 -l16
[1.113s] Invoked command in '/home/rhobtor/PHD/Cuadriga_j8/src/Cuadriga/src/ARGOSJ8_IA_/build/cuadriga_setup' returned '0': CMAKE_PREFIX_PATH=${CMAKE_PREFIX_PATH}:/opt/ros/humble /opt/st/stm32cubeclt_1.18.0/CMake/bin/cmake --build /home/rhobtor/PHD/Cuadriga_j8/src/Cuadriga/src/ARGOSJ8_IA_/build/cuadriga_setup -- -j16 -l16
[1.115s] Invoking command in '/home/rhobtor/PHD/Cuadriga_j8/src/Cuadriga/src/ARGOSJ8_IA_/build/cuadriga_setup': CMAKE_PREFIX_PATH=${CMAKE_PREFIX_PATH}:/opt/ros/humble /opt/st/stm32cubeclt_1.18.0/CMake/bin/cmake --install /home/rhobtor/PHD/Cuadriga_j8/src/Cuadriga/src/ARGOSJ8_IA_/build/cuadriga_setup
[1.118s] -- Install configuration: ""
[1.118s] -- Installing: /home/rhobtor/PHD/Cuadriga_j8/src/Cuadriga/src/ARGOSJ8_IA_/install/cuadriga_setup/share/cuadriga_setup//launch
[1.119s] -- Installing: /home/rhobtor/PHD/Cuadriga_j8/src/Cuadriga/src/ARGOSJ8_IA_/install/cuadriga_setup/share/cuadriga_setup//launch/README.md
[1.119s] -- Installing: /home/rhobtor/PHD/Cuadriga_j8/src/Cuadriga/src/ARGOSJ8_IA_/install/cuadriga_setup/share/cuadriga_setup//launch/J8_launch.py
[1.119s] -- Installing: /home/rhobtor/PHD/Cuadriga_j8/src/Cuadriga/src/ARGOSJ8_IA_/install/cuadriga_setup/share/cuadriga_setup//config
[1.119s] -- Installing: /home/rhobtor/PHD/Cuadriga_j8/src/Cuadriga/src/ARGOSJ8_IA_/install/cuadriga_setup/share/cuadriga_setup//config/README.md
[1.120s] -- Installing: /home/rhobtor/PHD/Cuadriga_j8/src/Cuadriga/src/ARGOSJ8_IA_/install/cuadriga_setup/share/cuadriga_setup//config/J8_params.yaml
[1.120s] -- Installing: /home/rhobtor/PHD/Cuadriga_j8/src/Cuadriga/src/ARGOSJ8_IA_/install/cuadriga_setup/share/ament_index/resource_index/package_run_dependencies/cuadriga_setup
[1.120s] -- Installing: /home/rhobtor/PHD/Cuadriga_j8/src/Cuadriga/src/ARGOSJ8_IA_/install/cuadriga_setup/share/ament_index/resource_index/parent_prefix_path/cuadriga_setup
[1.121s] -- Installing: /home/rhobtor/PHD/Cuadriga_j8/src/Cuadriga/src/ARGOSJ8_IA_/install/cuadriga_setup/share/cuadriga_setup/environment/ament_prefix_path.sh
[1.121s] -- Installing: /home/rhobtor/PHD/Cuadriga_j8/src/Cuadriga/src/ARGOSJ8_IA_/install/cuadriga_setup/share/cuadriga_setup/environment/ament_prefix_path.dsv
[1.121s] -- Installing: /home/rhobtor/PHD/Cuadriga_j8/src/Cuadriga/src/ARGOSJ8_IA_/install/cuadriga_setup/share/cuadriga_setup/environment/path.sh
[1.121s] -- Installing: /home/rhobtor/PHD/Cuadriga_j8/src/Cuadriga/src/ARGOSJ8_IA_/install/cuadriga_setup/share/cuadriga_setup/environment/path.dsv
[1.121s] -- Installing: /home/rhobtor/PHD/Cuadriga_j8/src/Cuadriga/src/ARGOSJ8_IA_/install/cuadriga_setup/share/cuadriga_setup/local_setup.bash
[1.121s] -- Installing: /home/rhobtor/PHD/Cuadriga_j8/src/Cuadriga/src/ARGOSJ8_IA_/install/cuadriga_setup/share/cuadriga_setup/local_setup.sh
[1.122s] -- Installing: /home/rhobtor/PHD/Cuadriga_j8/src/Cuadriga/src/ARGOSJ8_IA_/install/cuadriga_setup/share/cuadriga_setup/local_setup.zsh
[1.122s] -- Installing: /home/rhobtor/PHD/Cuadriga_j8/src/Cuadriga/src/ARGOSJ8_IA_/install/cuadriga_setup/share/cuadriga_setup/local_setup.dsv
[1.122s] -- Installing: /home/rhobtor/PHD/Cuadriga_j8/src/Cuadriga/src/ARGOSJ8_IA_/install/cuadriga_setup/share/cuadriga_setup/package.dsv
[1.122s] -- Installing: /home/rhobtor/PHD/Cuadriga_j8/src/Cuadriga/src/ARGOSJ8_IA_/install/cuadriga_setup/share/ament_index/resource_index/packages/cuadriga_setup
[1.122s] -- Installing: /home/rhobtor/PHD/Cuadriga_j8/src/Cuadriga/src/ARGOSJ8_IA_/install/cuadriga_setup/share/cuadriga_setup/cmake/cuadriga_setupConfig.cmake
[1.122s] -- Installing: /home/rhobtor/PHD/Cuadriga_j8/src/Cuadriga/src/ARGOSJ8_IA_/install/cuadriga_setup/share/cuadriga_setup/cmake/cuadriga_setupConfig-version.cmake
[1.123s] -- Installing: /home/rhobtor/PHD/Cuadriga_j8/src/Cuadriga/src/ARGOSJ8_IA_/install/cuadriga_setup/share/cuadriga_setup/package.xml
[1.157s] Invoked command in '/home/rhobtor/PHD/Cuadriga_j8/src/Cuadriga/src/ARGOSJ8_IA_/build/cuadriga_setup' returned '0': CMAKE_PREFIX_PATH=${CMAKE_PREFIX_PATH}:/opt/ros/humble /opt/st/stm32cubeclt_1.18.0/CMake/bin/cmake --install /home/rhobtor/PHD/Cuadriga_j8/src/Cuadriga/src/ARGOSJ8_IA_/build/cuadriga_setup
