[1.167s] Invoking command in '/home/rhobtor/PHD/Cuadriga_j8/src/Cuadriga/src/ARGOSJ8_IA_/src/GUI_pkg': PYTHONPATH=/home/rhobtor/PHD/Cuadriga_j8/src/Cuadriga/src/ARGOSJ8_IA_/build/GUI_pkg/prefix_override:/usr/lib/python3/dist-packages/colcon_core/task/python/colcon_distutils_commands:/home/rhobtor/PHD/Cuadriga_j8/src/Cuadriga/src/ARGOSJ8_IA_/install/GUI_pkg/lib/python3.10/site-packages:${PYTHONPATH} /usr/bin/python3 -W ignore:setup.py install is deprecated -W ignore:easy_install command is deprecated setup.py egg_info --egg-base ../../build/GUI_pkg build --build-base /home/rhobtor/PHD/Cuadriga_j8/src/Cuadriga/src/ARGOSJ8_IA_/build/GUI_pkg/build install --record /home/rhobtor/PHD/Cuadriga_j8/src/Cuadriga/src/ARGOSJ8_IA_/build/GUI_pkg/install.log --single-version-externally-managed
[1.314s] /home/rhobtor/.local/lib/python3.10/site-packages/setuptools/_distutils/dist.py:289: UserWarning: Unknown distribution option: 'tests_require'
[1.314s]   warnings.warn(msg)
[1.389s] running egg_info
[1.407s] writing ../../build/GUI_pkg/GUI_pkg.egg-info/PKG-INFO
[1.408s] writing dependency_links to ../../build/GUI_pkg/GUI_pkg.egg-info/dependency_links.txt
[1.408s] writing entry points to ../../build/GUI_pkg/GUI_pkg.egg-info/entry_points.txt
[1.408s] writing requirements to ../../build/GUI_pkg/GUI_pkg.egg-info/requires.txt
[1.408s] writing top-level names to ../../build/GUI_pkg/GUI_pkg.egg-info/top_level.txt
[1.439s] reading manifest file '../../build/GUI_pkg/GUI_pkg.egg-info/SOURCES.txt'
[1.441s] writing manifest file '../../build/GUI_pkg/GUI_pkg.egg-info/SOURCES.txt'
[1.441s] running build
[1.441s] running build_py
[1.441s] copying GUI_pkg/tabs.py -> /home/rhobtor/PHD/Cuadriga_j8/src/Cuadriga/src/ARGOSJ8_IA_/build/GUI_pkg/build/lib/GUI_pkg
[1.441s] copying GUI_pkg/profiler.py -> /home/rhobtor/PHD/Cuadriga_j8/src/Cuadriga/src/ARGOSJ8_IA_/build/GUI_pkg/build/lib/GUI_pkg
[1.441s] copying GUI_pkg/profile_analisys.py -> /home/rhobtor/PHD/Cuadriga_j8/src/Cuadriga/src/ARGOSJ8_IA_/build/GUI_pkg/build/lib/GUI_pkg
[1.442s] copying GUI_pkg/ui_form.py -> /home/rhobtor/PHD/Cuadriga_j8/src/Cuadriga/src/ARGOSJ8_IA_/build/GUI_pkg/build/lib/GUI_pkg
[1.442s] copying GUI_pkg/path_utils.py -> /home/rhobtor/PHD/Cuadriga_j8/src/Cuadriga/src/ARGOSJ8_IA_/build/GUI_pkg/build/lib/GUI_pkg
[1.442s] copying GUI_pkg/__init__.py -> /home/rhobtor/PHD/Cuadriga_j8/src/Cuadriga/src/ARGOSJ8_IA_/build/GUI_pkg/build/lib/GUI_pkg
[1.442s] copying GUI_pkg/ros_classes.py -> /home/rhobtor/PHD/Cuadriga_j8/src/Cuadriga/src/ARGOSJ8_IA_/build/GUI_pkg/build/lib/GUI_pkg
[1.442s] copying GUI_pkg/mainwindow.py -> /home/rhobtor/PHD/Cuadriga_j8/src/Cuadriga/src/ARGOSJ8_IA_/build/GUI_pkg/build/lib/GUI_pkg
[1.442s] copying GUI_pkg/ui_tabs.py -> /home/rhobtor/PHD/Cuadriga_j8/src/Cuadriga/src/ARGOSJ8_IA_/build/GUI_pkg/build/lib/GUI_pkg
[1.442s] copying GUI_pkg/geonav_conversions.py -> /home/rhobtor/PHD/Cuadriga_j8/src/Cuadriga/src/ARGOSJ8_IA_/build/GUI_pkg/build/lib/GUI_pkg
[1.442s] copying GUI_pkg/zoom_image_handler.py -> /home/rhobtor/PHD/Cuadriga_j8/src/Cuadriga/src/ARGOSJ8_IA_/build/GUI_pkg/build/lib/GUI_pkg
[1.442s] copying GUI_pkg/gui_node.py -> /home/rhobtor/PHD/Cuadriga_j8/src/Cuadriga/src/ARGOSJ8_IA_/build/GUI_pkg/build/lib/GUI_pkg
[1.443s] copying GUI_pkg/cythonized_code/setup.py -> /home/rhobtor/PHD/Cuadriga_j8/src/Cuadriga/src/ARGOSJ8_IA_/build/GUI_pkg/build/lib/GUI_pkg/cythonized_code
[1.443s] copying GUI_pkg/cythonized_code/__init__.py -> /home/rhobtor/PHD/Cuadriga_j8/src/Cuadriga/src/ARGOSJ8_IA_/build/GUI_pkg/build/lib/GUI_pkg/cythonized_code
[1.443s] running install
[1.447s] running install_lib
[1.462s] copying /home/rhobtor/PHD/Cuadriga_j8/src/Cuadriga/src/ARGOSJ8_IA_/build/GUI_pkg/build/lib/GUI_pkg/ros_classes.py -> /home/rhobtor/PHD/Cuadriga_j8/src/Cuadriga/src/ARGOSJ8_IA_/install/GUI_pkg/lib/python3.10/site-packages/GUI_pkg
[1.462s] copying /home/rhobtor/PHD/Cuadriga_j8/src/Cuadriga/src/ARGOSJ8_IA_/build/GUI_pkg/build/lib/GUI_pkg/mainwindow.py -> /home/rhobtor/PHD/Cuadriga_j8/src/Cuadriga/src/ARGOSJ8_IA_/install/GUI_pkg/lib/python3.10/site-packages/GUI_pkg
[1.463s] byte-compiling /home/rhobtor/PHD/Cuadriga_j8/src/Cuadriga/src/ARGOSJ8_IA_/install/GUI_pkg/lib/python3.10/site-packages/GUI_pkg/tabs.py to tabs.cpython-310.pyc
[1.469s] Sorry: IndentationError: unexpected indent (tabs.py, line 415)
[1.469s] byte-compiling /home/rhobtor/PHD/Cuadriga_j8/src/Cuadriga/src/ARGOSJ8_IA_/install/GUI_pkg/lib/python3.10/site-packages/GUI_pkg/ros_classes.py to ros_classes.cpython-310.pyc
[1.472s] byte-compiling /home/rhobtor/PHD/Cuadriga_j8/src/Cuadriga/src/ARGOSJ8_IA_/install/GUI_pkg/lib/python3.10/site-packages/GUI_pkg/mainwindow.py to mainwindow.cpython-310.pyc
[1.479s] running install_egg_info
[1.494s] removing '/home/rhobtor/PHD/Cuadriga_j8/src/Cuadriga/src/ARGOSJ8_IA_/install/GUI_pkg/lib/python3.10/site-packages/GUI_pkg-0.0.0-py3.10.egg-info' (and everything under it)
[1.494s] Copying ../../build/GUI_pkg/GUI_pkg.egg-info to /home/rhobtor/PHD/Cuadriga_j8/src/Cuadriga/src/ARGOSJ8_IA_/install/GUI_pkg/lib/python3.10/site-packages/GUI_pkg-0.0.0-py3.10.egg-info
[1.495s] running install_scripts
[1.523s] Installing gui_node script to /home/rhobtor/PHD/Cuadriga_j8/src/Cuadriga/src/ARGOSJ8_IA_/install/GUI_pkg/lib/GUI_pkg
[1.524s] writing list of installed files to '/home/rhobtor/PHD/Cuadriga_j8/src/Cuadriga/src/ARGOSJ8_IA_/build/GUI_pkg/install.log'
