[0.017s] Invoking command in '/workspaces/Cuadriga_IA_/build/ctl_mission_interfaces': CMAKE_PREFIX_PATH=${CMAKE_PREFIX_PATH}:/ros2_ws/install/cuadriga_gui:/opt/ros/humble /usr/bin/cmake --build /workspaces/Cuadriga_IA_/build/ctl_mission_interfaces -- -j8 -l8
[0.084s] [35m[1mConsolidate compiler generated dependencies of target ctl_mission_interfaces__rosidl_generator_c[0m
[0.091s] [  1%] Built target ctl_mission_interfaces__rs
[0.096s] [  1%] Built target ctl_mission_interfaces__cpp
[0.101s] [  1%] Built target ament_cmake_python_symlink_ctl_mission_interfaces
[0.107s] [ 13%] Built target ctl_mission_interfaces__rosidl_generator_c
[0.121s] [35m[1mConsolidate compiler generated dependencies of target ctl_mission_interfaces__rosidl_typesupport_fastrtps_cpp[0m
[0.141s] [35m[1mConsolidate compiler generated dependencies of target ctl_mission_interfaces__rosidl_typesupport_fastrtps_c[0m
[0.143s] [35m[1mConsolidate compiler generated dependencies of target ctl_mission_interfaces__rosidl_typesupport_introspection_c[0m
[0.150s] [35m[1mConsolidate compiler generated dependencies of target ctl_mission_interfaces__rosidl_typesupport_introspection_cpp[0m
[0.151s] [35m[1mConsolidate compiler generated dependencies of target ctl_mission_interfaces__rosidl_typesupport_cpp[0m
[0.151s] [35m[1mConsolidate compiler generated dependencies of target ctl_mission_interfaces__rosidl_typesupport_c[0m
[0.177s] [ 24%] Built target ctl_mission_interfaces__rosidl_typesupport_introspection_c
[0.180s] [ 35%] Built target ctl_mission_interfaces__rosidl_typesupport_c
[0.184s] [ 46%] Built target ctl_mission_interfaces__rosidl_typesupport_fastrtps_c
[0.203s] [ 58%] Built target ctl_mission_interfaces__rosidl_typesupport_introspection_cpp
[0.216s] [ 70%] Built target ctl_mission_interfaces__rosidl_typesupport_cpp
[0.220s] [ 82%] Built target ctl_mission_interfaces__rosidl_typesupport_fastrtps_cpp
[0.241s] [ 82%] Built target ctl_mission_interfaces
[0.264s] [ 83%] Built target ctl_mission_interfaces__py
[0.278s] [35m[1mConsolidate compiler generated dependencies of target ctl_mission_interfaces__rosidl_generator_py[0m
[0.314s] [ 94%] Built target ctl_mission_interfaces__rosidl_generator_py
[0.334s] [35m[1mConsolidate compiler generated dependencies of target ctl_mission_interfaces__rosidl_typesupport_fastrtps_c__pyext[0m
[0.335s] [35m[1mConsolidate compiler generated dependencies of target ctl_mission_interfaces__rosidl_typesupport_introspection_c__pyext[0m
[0.335s] [35m[1mConsolidate compiler generated dependencies of target ctl_mission_interfaces__rosidl_typesupport_c__pyext[0m
[0.356s] [ 96%] Built target ctl_mission_interfaces__rosidl_typesupport_fastrtps_c__pyext
[0.361s] [100%] Built target ctl_mission_interfaces__rosidl_typesupport_introspection_c__pyext
[0.361s] [100%] Built target ctl_mission_interfaces__rosidl_typesupport_c__pyext
[0.419s] running egg_info
[0.432s] writing ctl_mission_interfaces.egg-info/PKG-INFO
[0.433s] writing dependency_links to ctl_mission_interfaces.egg-info/dependency_links.txt
[0.433s] writing top-level names to ctl_mission_interfaces.egg-info/top_level.txt
[0.471s] reading manifest file 'ctl_mission_interfaces.egg-info/SOURCES.txt'
[0.472s] writing manifest file 'ctl_mission_interfaces.egg-info/SOURCES.txt'
[0.501s] [100%] Built target ament_cmake_python_build_ctl_mission_interfaces_egg
[0.514s] Invoked command in '/workspaces/Cuadriga_IA_/build/ctl_mission_interfaces' returned '0': CMAKE_PREFIX_PATH=${CMAKE_PREFIX_PATH}:/ros2_ws/install/cuadriga_gui:/opt/ros/humble /usr/bin/cmake --build /workspaces/Cuadriga_IA_/build/ctl_mission_interfaces -- -j8 -l8
[0.525s] Invoking command in '/workspaces/Cuadriga_IA_/build/ctl_mission_interfaces': CMAKE_PREFIX_PATH=${CMAKE_PREFIX_PATH}:/ros2_ws/install/cuadriga_gui:/opt/ros/humble /usr/bin/cmake --install /workspaces/Cuadriga_IA_/build/ctl_mission_interfaces
[0.534s] -- Install configuration: ""
[0.534s] -- Execute custom install script
[0.535s] -- Up-to-date symlink: /workspaces/Cuadriga_IA_/install/ctl_mission_interfaces/share/ament_index/resource_index/rosidl_interfaces/ctl_mission_interfaces
[0.536s] -- Up-to-date symlink: /workspaces/Cuadriga_IA_/install/ctl_mission_interfaces/include/ctl_mission_interfaces/ctl_mission_interfaces/msg/rosidl_generator_c__visibility_control.h
[0.536s] -- Up-to-date symlink: /workspaces/Cuadriga_IA_/install/ctl_mission_interfaces/include/ctl_mission_interfaces/ctl_mission_interfaces/srv/change_controller.h
[0.536s] -- Up-to-date symlink: /workspaces/Cuadriga_IA_/install/ctl_mission_interfaces/include/ctl_mission_interfaces/ctl_mission_interfaces/srv/change_mode.h
[0.537s] -- Up-to-date symlink: /workspaces/Cuadriga_IA_/install/ctl_mission_interfaces/include/ctl_mission_interfaces/ctl_mission_interfaces/srv/change_speed.h
[0.537s] -- Up-to-date symlink: /workspaces/Cuadriga_IA_/install/ctl_mission_interfaces/include/ctl_mission_interfaces/ctl_mission_interfaces/srv/config_dynamic_la_pure_ctrl.h
[0.537s] -- Up-to-date symlink: /workspaces/Cuadriga_IA_/install/ctl_mission_interfaces/include/ctl_mission_interfaces/ctl_mission_interfaces/srv/config_dynamic_pure_ctrl.h
[0.537s] -- Up-to-date symlink: /workspaces/Cuadriga_IA_/install/ctl_mission_interfaces/include/ctl_mission_interfaces/ctl_mission_interfaces/srv/config_pure_pursuit_ctrl.h
[0.537s] -- Up-to-date symlink: /workspaces/Cuadriga_IA_/install/ctl_mission_interfaces/include/ctl_mission_interfaces/ctl_mission_interfaces/srv/config_regulated_pure_ctrl.h
[0.537s] -- Up-to-date symlink: /workspaces/Cuadriga_IA_/install/ctl_mission_interfaces/include/ctl_mission_interfaces/ctl_mission_interfaces/srv/config_simple_ctl.h
[0.537s] -- Up-to-date symlink: /workspaces/Cuadriga_IA_/install/ctl_mission_interfaces/include/ctl_mission_interfaces/ctl_mission_interfaces/srv/config_stanley_ctrl.h
[0.538s] -- Up-to-date symlink: /workspaces/Cuadriga_IA_/install/ctl_mission_interfaces/include/ctl_mission_interfaces/ctl_mission_interfaces/srv/detail/change_controller__functions.h
[0.538s] -- Up-to-date symlink: /workspaces/Cuadriga_IA_/install/ctl_mission_interfaces/include/ctl_mission_interfaces/ctl_mission_interfaces/srv/detail/change_controller__struct.h
[0.538s] -- Up-to-date symlink: /workspaces/Cuadriga_IA_/install/ctl_mission_interfaces/include/ctl_mission_interfaces/ctl_mission_interfaces/srv/detail/change_controller__type_support.h
[0.538s] -- Up-to-date symlink: /workspaces/Cuadriga_IA_/install/ctl_mission_interfaces/include/ctl_mission_interfaces/ctl_mission_interfaces/srv/detail/change_mode__functions.h
[0.538s] -- Up-to-date symlink: /workspaces/Cuadriga_IA_/install/ctl_mission_interfaces/include/ctl_mission_interfaces/ctl_mission_interfaces/srv/detail/change_mode__struct.h
[0.538s] -- Up-to-date symlink: /workspaces/Cuadriga_IA_/install/ctl_mission_interfaces/include/ctl_mission_interfaces/ctl_mission_interfaces/srv/detail/change_mode__type_support.h
[0.539s] -- Up-to-date symlink: /workspaces/Cuadriga_IA_/install/ctl_mission_interfaces/include/ctl_mission_interfaces/ctl_mission_interfaces/srv/detail/change_speed__functions.h
[0.539s] -- Up-to-date symlink: /workspaces/Cuadriga_IA_/install/ctl_mission_interfaces/include/ctl_mission_interfaces/ctl_mission_interfaces/srv/detail/change_speed__struct.h
[0.539s] -- Up-to-date symlink: /workspaces/Cuadriga_IA_/install/ctl_mission_interfaces/include/ctl_mission_interfaces/ctl_mission_interfaces/srv/detail/change_speed__type_support.h
[0.540s] -- Up-to-date symlink: /workspaces/Cuadriga_IA_/install/ctl_mission_interfaces/include/ctl_mission_interfaces/ctl_mission_interfaces/srv/detail/config_dynamic_la_pure_ctrl__functions.h
[0.540s] -- Up-to-date symlink: /workspaces/Cuadriga_IA_/install/ctl_mission_interfaces/include/ctl_mission_interfaces/ctl_mission_interfaces/srv/detail/config_dynamic_la_pure_ctrl__struct.h
[0.540s] -- Up-to-date symlink: /workspaces/Cuadriga_IA_/install/ctl_mission_interfaces/include/ctl_mission_interfaces/ctl_mission_interfaces/srv/detail/config_dynamic_la_pure_ctrl__type_support.h
[0.541s] -- Up-to-date symlink: /workspaces/Cuadriga_IA_/install/ctl_mission_interfaces/include/ctl_mission_interfaces/ctl_mission_interfaces/srv/detail/config_dynamic_pure_ctrl__functions.h
[0.541s] -- Up-to-date symlink: /workspaces/Cuadriga_IA_/install/ctl_mission_interfaces/include/ctl_mission_interfaces/ctl_mission_interfaces/srv/detail/config_dynamic_pure_ctrl__struct.h
[0.541s] -- Up-to-date symlink: /workspaces/Cuadriga_IA_/install/ctl_mission_interfaces/include/ctl_mission_interfaces/ctl_mission_interfaces/srv/detail/config_dynamic_pure_ctrl__type_support.h
[0.542s] -- Up-to-date symlink: /workspaces/Cuadriga_IA_/install/ctl_mission_interfaces/include/ctl_mission_interfaces/ctl_mission_interfaces/srv/detail/config_pure_pursuit_ctrl__functions.h
[0.542s] -- Up-to-date symlink: /workspaces/Cuadriga_IA_/install/ctl_mission_interfaces/include/ctl_mission_interfaces/ctl_mission_interfaces/srv/detail/config_pure_pursuit_ctrl__struct.h
[0.542s] -- Up-to-date symlink: /workspaces/Cuadriga_IA_/install/ctl_mission_interfaces/include/ctl_mission_interfaces/ctl_mission_interfaces/srv/detail/config_pure_pursuit_ctrl__type_support.h
[0.542s] -- Up-to-date symlink: /workspaces/Cuadriga_IA_/install/ctl_mission_interfaces/include/ctl_mission_interfaces/ctl_mission_interfaces/srv/detail/config_regulated_pure_ctrl__functions.h
[0.543s] -- Up-to-date symlink: /workspaces/Cuadriga_IA_/install/ctl_mission_interfaces/include/ctl_mission_interfaces/ctl_mission_interfaces/srv/detail/config_regulated_pure_ctrl__struct.h
[0.543s] -- Up-to-date symlink: /workspaces/Cuadriga_IA_/install/ctl_mission_interfaces/include/ctl_mission_interfaces/ctl_mission_interfaces/srv/detail/config_regulated_pure_ctrl__type_support.h
[0.543s] -- Up-to-date symlink: /workspaces/Cuadriga_IA_/install/ctl_mission_interfaces/include/ctl_mission_interfaces/ctl_mission_interfaces/srv/detail/config_simple_ctl__functions.h
[0.544s] -- Up-to-date symlink: /workspaces/Cuadriga_IA_/install/ctl_mission_interfaces/include/ctl_mission_interfaces/ctl_mission_interfaces/srv/detail/config_simple_ctl__struct.h
[0.544s] -- Up-to-date symlink: /workspaces/Cuadriga_IA_/install/ctl_mission_interfaces/include/ctl_mission_interfaces/ctl_mission_interfaces/srv/detail/config_simple_ctl__type_support.h
[0.544s] -- Up-to-date symlink: /workspaces/Cuadriga_IA_/install/ctl_mission_interfaces/include/ctl_mission_interfaces/ctl_mission_interfaces/srv/detail/config_stanley_ctrl__functions.h
[0.544s] -- Up-to-date symlink: /workspaces/Cuadriga_IA_/install/ctl_mission_interfaces/include/ctl_mission_interfaces/ctl_mission_interfaces/srv/detail/config_stanley_ctrl__struct.h
[0.545s] -- Up-to-date symlink: /workspaces/Cuadriga_IA_/install/ctl_mission_interfaces/include/ctl_mission_interfaces/ctl_mission_interfaces/srv/detail/config_stanley_ctrl__type_support.h
[0.545s] -- Up-to-date symlink: /workspaces/Cuadriga_IA_/install/ctl_mission_interfaces/include/ctl_mission_interfaces/ctl_mission_interfaces/srv/detail/get_mode__functions.h
[0.545s] -- Up-to-date symlink: /workspaces/Cuadriga_IA_/install/ctl_mission_interfaces/include/ctl_mission_interfaces/ctl_mission_interfaces/srv/detail/get_mode__struct.h
[0.545s] -- Up-to-date symlink: /workspaces/Cuadriga_IA_/install/ctl_mission_interfaces/include/ctl_mission_interfaces/ctl_mission_interfaces/srv/detail/get_mode__type_support.h
[0.545s] -- Up-to-date symlink: /workspaces/Cuadriga_IA_/install/ctl_mission_interfaces/include/ctl_mission_interfaces/ctl_mission_interfaces/srv/detail/get_possible_transitions__functions.h
[0.546s] -- Up-to-date symlink: /workspaces/Cuadriga_IA_/install/ctl_mission_interfaces/include/ctl_mission_interfaces/ctl_mission_interfaces/srv/detail/get_possible_transitions__struct.h
[0.546s] -- Up-to-date symlink: /workspaces/Cuadriga_IA_/install/ctl_mission_interfaces/include/ctl_mission_interfaces/ctl_mission_interfaces/srv/detail/get_possible_transitions__type_support.h
[0.546s] -- Up-to-date symlink: /workspaces/Cuadriga_IA_/install/ctl_mission_interfaces/include/ctl_mission_interfaces/ctl_mission_interfaces/srv/get_mode.h
[0.546s] -- Up-to-date symlink: /workspaces/Cuadriga_IA_/install/ctl_mission_interfaces/include/ctl_mission_interfaces/ctl_mission_interfaces/srv/get_possible_transitions.h
[0.547s] -- Up-to-date symlink: /workspaces/Cuadriga_IA_/install/ctl_mission_interfaces/share/ctl_mission_interfaces/environment/library_path.sh
[0.547s] -- Up-to-date symlink: /workspaces/Cuadriga_IA_/install/ctl_mission_interfaces/share/ctl_mission_interfaces/environment/library_path.dsv
[0.548s] -- Up-to-date symlink: /workspaces/Cuadriga_IA_/install/ctl_mission_interfaces/include/ctl_mission_interfaces/ctl_mission_interfaces/msg/rosidl_typesupport_fastrtps_c__visibility_control.h
[0.548s] -- Up-to-date symlink: /workspaces/Cuadriga_IA_/install/ctl_mission_interfaces/include/ctl_mission_interfaces/ctl_mission_interfaces/srv/detail/change_controller__rosidl_typesupport_fastrtps_c.h
[0.548s] -- Up-to-date symlink: /workspaces/Cuadriga_IA_/install/ctl_mission_interfaces/include/ctl_mission_interfaces/ctl_mission_interfaces/srv/detail/change_mode__rosidl_typesupport_fastrtps_c.h
[0.549s] -- Up-to-date symlink: /workspaces/Cuadriga_IA_/install/ctl_mission_interfaces/include/ctl_mission_interfaces/ctl_mission_interfaces/srv/detail/change_speed__rosidl_typesupport_fastrtps_c.h
[0.549s] -- Up-to-date symlink: /workspaces/Cuadriga_IA_/install/ctl_mission_interfaces/include/ctl_mission_interfaces/ctl_mission_interfaces/srv/detail/config_dynamic_la_pure_ctrl__rosidl_typesupport_fastrtps_c.h
[0.549s] -- Up-to-date symlink: /workspaces/Cuadriga_IA_/install/ctl_mission_interfaces/include/ctl_mission_interfaces/ctl_mission_interfaces/srv/detail/config_dynamic_pure_ctrl__rosidl_typesupport_fastrtps_c.h
[0.549s] -- Up-to-date symlink: /workspaces/Cuadriga_IA_/install/ctl_mission_interfaces/include/ctl_mission_interfaces/ctl_mission_interfaces/srv/detail/config_pure_pursuit_ctrl__rosidl_typesupport_fastrtps_c.h
[0.550s] -- Up-to-date symlink: /workspaces/Cuadriga_IA_/install/ctl_mission_interfaces/include/ctl_mission_interfaces/ctl_mission_interfaces/srv/detail/config_regulated_pure_ctrl__rosidl_typesupport_fastrtps_c.h
[0.550s] -- Up-to-date symlink: /workspaces/Cuadriga_IA_/install/ctl_mission_interfaces/include/ctl_mission_interfaces/ctl_mission_interfaces/srv/detail/config_simple_ctl__rosidl_typesupport_fastrtps_c.h
[0.550s] -- Up-to-date symlink: /workspaces/Cuadriga_IA_/install/ctl_mission_interfaces/include/ctl_mission_interfaces/ctl_mission_interfaces/srv/detail/config_stanley_ctrl__rosidl_typesupport_fastrtps_c.h
[0.550s] -- Up-to-date symlink: /workspaces/Cuadriga_IA_/install/ctl_mission_interfaces/include/ctl_mission_interfaces/ctl_mission_interfaces/srv/detail/get_mode__rosidl_typesupport_fastrtps_c.h
[0.550s] -- Up-to-date symlink: /workspaces/Cuadriga_IA_/install/ctl_mission_interfaces/include/ctl_mission_interfaces/ctl_mission_interfaces/srv/detail/get_possible_transitions__rosidl_typesupport_fastrtps_c.h
[0.551s] -- Up-to-date symlink: /workspaces/Cuadriga_IA_/install/ctl_mission_interfaces/include/ctl_mission_interfaces/ctl_mission_interfaces/msg/rosidl_typesupport_introspection_c__visibility_control.h
[0.551s] -- Up-to-date symlink: /workspaces/Cuadriga_IA_/install/ctl_mission_interfaces/include/ctl_mission_interfaces/ctl_mission_interfaces/srv/detail/change_controller__rosidl_typesupport_introspection_c.h
[0.551s] -- Up-to-date symlink: /workspaces/Cuadriga_IA_/install/ctl_mission_interfaces/include/ctl_mission_interfaces/ctl_mission_interfaces/srv/detail/change_mode__rosidl_typesupport_introspection_c.h
[0.552s] -- Up-to-date symlink: /workspaces/Cuadriga_IA_/install/ctl_mission_interfaces/include/ctl_mission_interfaces/ctl_mission_interfaces/srv/detail/change_speed__rosidl_typesupport_introspection_c.h
[0.552s] -- Up-to-date symlink: /workspaces/Cuadriga_IA_/install/ctl_mission_interfaces/include/ctl_mission_interfaces/ctl_mission_interfaces/srv/detail/config_dynamic_la_pure_ctrl__rosidl_typesupport_introspection_c.h
[0.552s] -- Up-to-date symlink: /workspaces/Cuadriga_IA_/install/ctl_mission_interfaces/include/ctl_mission_interfaces/ctl_mission_interfaces/srv/detail/config_dynamic_pure_ctrl__rosidl_typesupport_introspection_c.h
[0.553s] -- Up-to-date symlink: /workspaces/Cuadriga_IA_/install/ctl_mission_interfaces/include/ctl_mission_interfaces/ctl_mission_interfaces/srv/detail/config_pure_pursuit_ctrl__rosidl_typesupport_introspection_c.h
[0.553s] -- Up-to-date symlink: /workspaces/Cuadriga_IA_/install/ctl_mission_interfaces/include/ctl_mission_interfaces/ctl_mission_interfaces/srv/detail/config_regulated_pure_ctrl__rosidl_typesupport_introspection_c.h
[0.553s] -- Up-to-date symlink: /workspaces/Cuadriga_IA_/install/ctl_mission_interfaces/include/ctl_mission_interfaces/ctl_mission_interfaces/srv/detail/config_simple_ctl__rosidl_typesupport_introspection_c.h
[0.553s] -- Up-to-date symlink: /workspaces/Cuadriga_IA_/install/ctl_mission_interfaces/include/ctl_mission_interfaces/ctl_mission_interfaces/srv/detail/config_stanley_ctrl__rosidl_typesupport_introspection_c.h
[0.553s] -- Up-to-date symlink: /workspaces/Cuadriga_IA_/install/ctl_mission_interfaces/include/ctl_mission_interfaces/ctl_mission_interfaces/srv/detail/get_mode__rosidl_typesupport_introspection_c.h
[0.554s] -- Up-to-date symlink: /workspaces/Cuadriga_IA_/install/ctl_mission_interfaces/include/ctl_mission_interfaces/ctl_mission_interfaces/srv/detail/get_possible_transitions__rosidl_typesupport_introspection_c.h
[0.554s] -- Up-to-date symlink: /workspaces/Cuadriga_IA_/install/ctl_mission_interfaces/include/ctl_mission_interfaces/ctl_mission_interfaces/msg/rosidl_generator_cpp__visibility_control.hpp
[0.554s] -- Up-to-date symlink: /workspaces/Cuadriga_IA_/install/ctl_mission_interfaces/include/ctl_mission_interfaces/ctl_mission_interfaces/srv/change_controller.hpp
[0.555s] -- Up-to-date symlink: /workspaces/Cuadriga_IA_/install/ctl_mission_interfaces/include/ctl_mission_interfaces/ctl_mission_interfaces/srv/change_mode.hpp
[0.555s] -- Up-to-date symlink: /workspaces/Cuadriga_IA_/install/ctl_mission_interfaces/include/ctl_mission_interfaces/ctl_mission_interfaces/srv/change_speed.hpp
[0.555s] -- Up-to-date symlink: /workspaces/Cuadriga_IA_/install/ctl_mission_interfaces/include/ctl_mission_interfaces/ctl_mission_interfaces/srv/config_dynamic_la_pure_ctrl.hpp
[0.555s] -- Up-to-date symlink: /workspaces/Cuadriga_IA_/install/ctl_mission_interfaces/include/ctl_mission_interfaces/ctl_mission_interfaces/srv/config_dynamic_pure_ctrl.hpp
[0.556s] -- Up-to-date symlink: /workspaces/Cuadriga_IA_/install/ctl_mission_interfaces/include/ctl_mission_interfaces/ctl_mission_interfaces/srv/config_pure_pursuit_ctrl.hpp
[0.556s] -- Up-to-date symlink: /workspaces/Cuadriga_IA_/install/ctl_mission_interfaces/include/ctl_mission_interfaces/ctl_mission_interfaces/srv/config_regulated_pure_ctrl.hpp
[0.556s] -- Up-to-date symlink: /workspaces/Cuadriga_IA_/install/ctl_mission_interfaces/include/ctl_mission_interfaces/ctl_mission_interfaces/srv/config_simple_ctl.hpp
[0.556s] -- Up-to-date symlink: /workspaces/Cuadriga_IA_/install/ctl_mission_interfaces/include/ctl_mission_interfaces/ctl_mission_interfaces/srv/config_stanley_ctrl.hpp
[0.557s] -- Up-to-date symlink: /workspaces/Cuadriga_IA_/install/ctl_mission_interfaces/include/ctl_mission_interfaces/ctl_mission_interfaces/srv/detail/change_controller__builder.hpp
[0.557s] -- Up-to-date symlink: /workspaces/Cuadriga_IA_/install/ctl_mission_interfaces/include/ctl_mission_interfaces/ctl_mission_interfaces/srv/detail/change_controller__struct.hpp
[0.557s] -- Up-to-date symlink: /workspaces/Cuadriga_IA_/install/ctl_mission_interfaces/include/ctl_mission_interfaces/ctl_mission_interfaces/srv/detail/change_controller__traits.hpp
[0.558s] -- Up-to-date symlink: /workspaces/Cuadriga_IA_/install/ctl_mission_interfaces/include/ctl_mission_interfaces/ctl_mission_interfaces/srv/detail/change_controller__type_support.hpp
[0.558s] -- Up-to-date symlink: /workspaces/Cuadriga_IA_/install/ctl_mission_interfaces/include/ctl_mission_interfaces/ctl_mission_interfaces/srv/detail/change_mode__builder.hpp
[0.558s] -- Up-to-date symlink: /workspaces/Cuadriga_IA_/install/ctl_mission_interfaces/include/ctl_mission_interfaces/ctl_mission_interfaces/srv/detail/change_mode__struct.hpp
[0.558s] -- Up-to-date symlink: /workspaces/Cuadriga_IA_/install/ctl_mission_interfaces/include/ctl_mission_interfaces/ctl_mission_interfaces/srv/detail/change_mode__traits.hpp
[0.559s] -- Up-to-date symlink: /workspaces/Cuadriga_IA_/install/ctl_mission_interfaces/include/ctl_mission_interfaces/ctl_mission_interfaces/srv/detail/change_mode__type_support.hpp
[0.559s] -- Up-to-date symlink: /workspaces/Cuadriga_IA_/install/ctl_mission_interfaces/include/ctl_mission_interfaces/ctl_mission_interfaces/srv/detail/change_speed__builder.hpp
[0.559s] -- Up-to-date symlink: /workspaces/Cuadriga_IA_/install/ctl_mission_interfaces/include/ctl_mission_interfaces/ctl_mission_interfaces/srv/detail/change_speed__struct.hpp
[0.560s] -- Up-to-date symlink: /workspaces/Cuadriga_IA_/install/ctl_mission_interfaces/include/ctl_mission_interfaces/ctl_mission_interfaces/srv/detail/change_speed__traits.hpp
[0.560s] -- Up-to-date symlink: /workspaces/Cuadriga_IA_/install/ctl_mission_interfaces/include/ctl_mission_interfaces/ctl_mission_interfaces/srv/detail/change_speed__type_support.hpp
[0.560s] -- Up-to-date symlink: /workspaces/Cuadriga_IA_/install/ctl_mission_interfaces/include/ctl_mission_interfaces/ctl_mission_interfaces/srv/detail/config_dynamic_la_pure_ctrl__builder.hpp
[0.560s] -- Up-to-date symlink: /workspaces/Cuadriga_IA_/install/ctl_mission_interfaces/include/ctl_mission_interfaces/ctl_mission_interfaces/srv/detail/config_dynamic_la_pure_ctrl__struct.hpp
[0.561s] -- Up-to-date symlink: /workspaces/Cuadriga_IA_/install/ctl_mission_interfaces/include/ctl_mission_interfaces/ctl_mission_interfaces/srv/detail/config_dynamic_la_pure_ctrl__traits.hpp
[0.561s] -- Up-to-date symlink: /workspaces/Cuadriga_IA_/install/ctl_mission_interfaces/include/ctl_mission_interfaces/ctl_mission_interfaces/srv/detail/config_dynamic_la_pure_ctrl__type_support.hpp
[0.561s] -- Up-to-date symlink: /workspaces/Cuadriga_IA_/install/ctl_mission_interfaces/include/ctl_mission_interfaces/ctl_mission_interfaces/srv/detail/config_dynamic_pure_ctrl__builder.hpp
[0.561s] -- Up-to-date symlink: /workspaces/Cuadriga_IA_/install/ctl_mission_interfaces/include/ctl_mission_interfaces/ctl_mission_interfaces/srv/detail/config_dynamic_pure_ctrl__struct.hpp
[0.562s] -- Up-to-date symlink: /workspaces/Cuadriga_IA_/install/ctl_mission_interfaces/include/ctl_mission_interfaces/ctl_mission_interfaces/srv/detail/config_dynamic_pure_ctrl__traits.hpp
[0.562s] -- Up-to-date symlink: /workspaces/Cuadriga_IA_/install/ctl_mission_interfaces/include/ctl_mission_interfaces/ctl_mission_interfaces/srv/detail/config_dynamic_pure_ctrl__type_support.hpp
[0.562s] -- Up-to-date symlink: /workspaces/Cuadriga_IA_/install/ctl_mission_interfaces/include/ctl_mission_interfaces/ctl_mission_interfaces/srv/detail/config_pure_pursuit_ctrl__builder.hpp
[0.562s] -- Up-to-date symlink: /workspaces/Cuadriga_IA_/install/ctl_mission_interfaces/include/ctl_mission_interfaces/ctl_mission_interfaces/srv/detail/config_pure_pursuit_ctrl__struct.hpp
[0.563s] -- Up-to-date symlink: /workspaces/Cuadriga_IA_/install/ctl_mission_interfaces/include/ctl_mission_interfaces/ctl_mission_interfaces/srv/detail/config_pure_pursuit_ctrl__traits.hpp
[0.563s] -- Up-to-date symlink: /workspaces/Cuadriga_IA_/install/ctl_mission_interfaces/include/ctl_mission_interfaces/ctl_mission_interfaces/srv/detail/config_pure_pursuit_ctrl__type_support.hpp
[0.563s] -- Up-to-date symlink: /workspaces/Cuadriga_IA_/install/ctl_mission_interfaces/include/ctl_mission_interfaces/ctl_mission_interfaces/srv/detail/config_regulated_pure_ctrl__builder.hpp
[0.564s] -- Up-to-date symlink: /workspaces/Cuadriga_IA_/install/ctl_mission_interfaces/include/ctl_mission_interfaces/ctl_mission_interfaces/srv/detail/config_regulated_pure_ctrl__struct.hpp
[0.564s] -- Up-to-date symlink: /workspaces/Cuadriga_IA_/install/ctl_mission_interfaces/include/ctl_mission_interfaces/ctl_mission_interfaces/srv/detail/config_regulated_pure_ctrl__traits.hpp
[0.564s] -- Up-to-date symlink: /workspaces/Cuadriga_IA_/install/ctl_mission_interfaces/include/ctl_mission_interfaces/ctl_mission_interfaces/srv/detail/config_regulated_pure_ctrl__type_support.hpp
[0.564s] -- Up-to-date symlink: /workspaces/Cuadriga_IA_/install/ctl_mission_interfaces/include/ctl_mission_interfaces/ctl_mission_interfaces/srv/detail/config_simple_ctl__builder.hpp
[0.565s] -- Up-to-date symlink: /workspaces/Cuadriga_IA_/install/ctl_mission_interfaces/include/ctl_mission_interfaces/ctl_mission_interfaces/srv/detail/config_simple_ctl__struct.hpp
[0.565s] -- Up-to-date symlink: /workspaces/Cuadriga_IA_/install/ctl_mission_interfaces/include/ctl_mission_interfaces/ctl_mission_interfaces/srv/detail/config_simple_ctl__traits.hpp
[0.565s] -- Up-to-date symlink: /workspaces/Cuadriga_IA_/install/ctl_mission_interfaces/include/ctl_mission_interfaces/ctl_mission_interfaces/srv/detail/config_simple_ctl__type_support.hpp
[0.565s] -- Up-to-date symlink: /workspaces/Cuadriga_IA_/install/ctl_mission_interfaces/include/ctl_mission_interfaces/ctl_mission_interfaces/srv/detail/config_stanley_ctrl__builder.hpp
[0.566s] -- Up-to-date symlink: /workspaces/Cuadriga_IA_/install/ctl_mission_interfaces/include/ctl_mission_interfaces/ctl_mission_interfaces/srv/detail/config_stanley_ctrl__struct.hpp
[0.566s] -- Up-to-date symlink: /workspaces/Cuadriga_IA_/install/ctl_mission_interfaces/include/ctl_mission_interfaces/ctl_mission_interfaces/srv/detail/config_stanley_ctrl__traits.hpp
[0.566s] -- Up-to-date symlink: /workspaces/Cuadriga_IA_/install/ctl_mission_interfaces/include/ctl_mission_interfaces/ctl_mission_interfaces/srv/detail/config_stanley_ctrl__type_support.hpp
[0.566s] -- Up-to-date symlink: /workspaces/Cuadriga_IA_/install/ctl_mission_interfaces/include/ctl_mission_interfaces/ctl_mission_interfaces/srv/detail/get_mode__builder.hpp
[0.566s] -- Up-to-date symlink: /workspaces/Cuadriga_IA_/install/ctl_mission_interfaces/include/ctl_mission_interfaces/ctl_mission_interfaces/srv/detail/get_mode__struct.hpp
[0.567s] -- Up-to-date symlink: /workspaces/Cuadriga_IA_/install/ctl_mission_interfaces/include/ctl_mission_interfaces/ctl_mission_interfaces/srv/detail/get_mode__traits.hpp
[0.567s] -- Up-to-date symlink: /workspaces/Cuadriga_IA_/install/ctl_mission_interfaces/include/ctl_mission_interfaces/ctl_mission_interfaces/srv/detail/get_mode__type_support.hpp
[0.567s] -- Up-to-date symlink: /workspaces/Cuadriga_IA_/install/ctl_mission_interfaces/include/ctl_mission_interfaces/ctl_mission_interfaces/srv/detail/get_possible_transitions__builder.hpp
[0.567s] -- Up-to-date symlink: /workspaces/Cuadriga_IA_/install/ctl_mission_interfaces/include/ctl_mission_interfaces/ctl_mission_interfaces/srv/detail/get_possible_transitions__struct.hpp
[0.567s] -- Up-to-date symlink: /workspaces/Cuadriga_IA_/install/ctl_mission_interfaces/include/ctl_mission_interfaces/ctl_mission_interfaces/srv/detail/get_possible_transitions__traits.hpp
[0.568s] -- Up-to-date symlink: /workspaces/Cuadriga_IA_/install/ctl_mission_interfaces/include/ctl_mission_interfaces/ctl_mission_interfaces/srv/detail/get_possible_transitions__type_support.hpp
[0.568s] -- Up-to-date symlink: /workspaces/Cuadriga_IA_/install/ctl_mission_interfaces/include/ctl_mission_interfaces/ctl_mission_interfaces/srv/get_mode.hpp
[0.568s] -- Up-to-date symlink: /workspaces/Cuadriga_IA_/install/ctl_mission_interfaces/include/ctl_mission_interfaces/ctl_mission_interfaces/srv/get_possible_transitions.hpp
[0.569s] -- Up-to-date symlink: /workspaces/Cuadriga_IA_/install/ctl_mission_interfaces/include/ctl_mission_interfaces/ctl_mission_interfaces/msg/rosidl_typesupport_fastrtps_cpp__visibility_control.h
[0.569s] -- Up-to-date symlink: /workspaces/Cuadriga_IA_/install/ctl_mission_interfaces/include/ctl_mission_interfaces/ctl_mission_interfaces/srv/detail/change_controller__rosidl_typesupport_fastrtps_cpp.hpp
[0.569s] -- Up-to-date symlink: /workspaces/Cuadriga_IA_/install/ctl_mission_interfaces/include/ctl_mission_interfaces/ctl_mission_interfaces/srv/detail/change_mode__rosidl_typesupport_fastrtps_cpp.hpp
[0.570s] -- Up-to-date symlink: /workspaces/Cuadriga_IA_/install/ctl_mission_interfaces/include/ctl_mission_interfaces/ctl_mission_interfaces/srv/detail/change_speed__rosidl_typesupport_fastrtps_cpp.hpp
[0.570s] -- Up-to-date symlink: /workspaces/Cuadriga_IA_/install/ctl_mission_interfaces/include/ctl_mission_interfaces/ctl_mission_interfaces/srv/detail/config_dynamic_la_pure_ctrl__rosidl_typesupport_fastrtps_cpp.hpp
[0.570s] -- Up-to-date symlink: /workspaces/Cuadriga_IA_/install/ctl_mission_interfaces/include/ctl_mission_interfaces/ctl_mission_interfaces/srv/detail/config_dynamic_pure_ctrl__rosidl_typesupport_fastrtps_cpp.hpp
[0.570s] -- Up-to-date symlink: /workspaces/Cuadriga_IA_/install/ctl_mission_interfaces/include/ctl_mission_interfaces/ctl_mission_interfaces/srv/detail/config_pure_pursuit_ctrl__rosidl_typesupport_fastrtps_cpp.hpp
[0.571s] -- Up-to-date symlink: /workspaces/Cuadriga_IA_/install/ctl_mission_interfaces/include/ctl_mission_interfaces/ctl_mission_interfaces/srv/detail/config_regulated_pure_ctrl__rosidl_typesupport_fastrtps_cpp.hpp
[0.571s] -- Up-to-date symlink: /workspaces/Cuadriga_IA_/install/ctl_mission_interfaces/include/ctl_mission_interfaces/ctl_mission_interfaces/srv/detail/config_simple_ctl__rosidl_typesupport_fastrtps_cpp.hpp
[0.571s] -- Up-to-date symlink: /workspaces/Cuadriga_IA_/install/ctl_mission_interfaces/include/ctl_mission_interfaces/ctl_mission_interfaces/srv/detail/config_stanley_ctrl__rosidl_typesupport_fastrtps_cpp.hpp
[0.571s] -- Up-to-date symlink: /workspaces/Cuadriga_IA_/install/ctl_mission_interfaces/include/ctl_mission_interfaces/ctl_mission_interfaces/srv/detail/get_mode__rosidl_typesupport_fastrtps_cpp.hpp
[0.572s] -- Up-to-date symlink: /workspaces/Cuadriga_IA_/install/ctl_mission_interfaces/include/ctl_mission_interfaces/ctl_mission_interfaces/srv/detail/get_possible_transitions__rosidl_typesupport_fastrtps_cpp.hpp
[0.572s] -- Up-to-date symlink: /workspaces/Cuadriga_IA_/install/ctl_mission_interfaces/include/ctl_mission_interfaces/ctl_mission_interfaces/srv/detail/change_controller__rosidl_typesupport_introspection_cpp.hpp
[0.572s] -- Up-to-date symlink: /workspaces/Cuadriga_IA_/install/ctl_mission_interfaces/include/ctl_mission_interfaces/ctl_mission_interfaces/srv/detail/change_mode__rosidl_typesupport_introspection_cpp.hpp
[0.573s] -- Up-to-date symlink: /workspaces/Cuadriga_IA_/install/ctl_mission_interfaces/include/ctl_mission_interfaces/ctl_mission_interfaces/srv/detail/change_speed__rosidl_typesupport_introspection_cpp.hpp
[0.573s] -- Up-to-date symlink: /workspaces/Cuadriga_IA_/install/ctl_mission_interfaces/include/ctl_mission_interfaces/ctl_mission_interfaces/srv/detail/config_dynamic_la_pure_ctrl__rosidl_typesupport_introspection_cpp.hpp
[0.573s] -- Up-to-date symlink: /workspaces/Cuadriga_IA_/install/ctl_mission_interfaces/include/ctl_mission_interfaces/ctl_mission_interfaces/srv/detail/config_dynamic_pure_ctrl__rosidl_typesupport_introspection_cpp.hpp
[0.573s] -- Up-to-date symlink: /workspaces/Cuadriga_IA_/install/ctl_mission_interfaces/include/ctl_mission_interfaces/ctl_mission_interfaces/srv/detail/config_pure_pursuit_ctrl__rosidl_typesupport_introspection_cpp.hpp
[0.573s] -- Up-to-date symlink: /workspaces/Cuadriga_IA_/install/ctl_mission_interfaces/include/ctl_mission_interfaces/ctl_mission_interfaces/srv/detail/config_regulated_pure_ctrl__rosidl_typesupport_introspection_cpp.hpp
[0.574s] -- Up-to-date symlink: /workspaces/Cuadriga_IA_/install/ctl_mission_interfaces/include/ctl_mission_interfaces/ctl_mission_interfaces/srv/detail/config_simple_ctl__rosidl_typesupport_introspection_cpp.hpp
[0.574s] -- Up-to-date symlink: /workspaces/Cuadriga_IA_/install/ctl_mission_interfaces/include/ctl_mission_interfaces/ctl_mission_interfaces/srv/detail/config_stanley_ctrl__rosidl_typesupport_introspection_cpp.hpp
[0.574s] -- Up-to-date symlink: /workspaces/Cuadriga_IA_/install/ctl_mission_interfaces/include/ctl_mission_interfaces/ctl_mission_interfaces/srv/detail/get_mode__rosidl_typesupport_introspection_cpp.hpp
[0.574s] -- Up-to-date symlink: /workspaces/Cuadriga_IA_/install/ctl_mission_interfaces/include/ctl_mission_interfaces/ctl_mission_interfaces/srv/detail/get_possible_transitions__rosidl_typesupport_introspection_cpp.hpp
[0.574s] -- Up-to-date symlink: /workspaces/Cuadriga_IA_/install/ctl_mission_interfaces/share/ctl_mission_interfaces/environment/pythonpath.sh
[0.574s] -- Up-to-date symlink: /workspaces/Cuadriga_IA_/install/ctl_mission_interfaces/share/ctl_mission_interfaces/environment/pythonpath.dsv
[0.575s] -- Up-to-date symlink: /workspaces/Cuadriga_IA_/install/ctl_mission_interfaces/local/lib/python3.10/dist-packages/ctl_mission_interfaces-0.0.0-py3.10.egg-info/PKG-INFO
[0.575s] -- Up-to-date symlink: /workspaces/Cuadriga_IA_/install/ctl_mission_interfaces/local/lib/python3.10/dist-packages/ctl_mission_interfaces-0.0.0-py3.10.egg-info/SOURCES.txt
[0.575s] -- Up-to-date symlink: /workspaces/Cuadriga_IA_/install/ctl_mission_interfaces/local/lib/python3.10/dist-packages/ctl_mission_interfaces-0.0.0-py3.10.egg-info/dependency_links.txt
[0.575s] -- Up-to-date symlink: /workspaces/Cuadriga_IA_/install/ctl_mission_interfaces/local/lib/python3.10/dist-packages/ctl_mission_interfaces-0.0.0-py3.10.egg-info/top_level.txt
[0.576s] -- Up-to-date symlink: /workspaces/Cuadriga_IA_/install/ctl_mission_interfaces/local/lib/python3.10/dist-packages/ctl_mission_interfaces/__init__.py
[0.577s] -- Up-to-date symlink: /workspaces/Cuadriga_IA_/install/ctl_mission_interfaces/local/lib/python3.10/dist-packages/ctl_mission_interfaces/_ctl_mission_interfaces_s.ep.rosidl_typesupport_c.c
[0.577s] -- Up-to-date symlink: /workspaces/Cuadriga_IA_/install/ctl_mission_interfaces/local/lib/python3.10/dist-packages/ctl_mission_interfaces/_ctl_mission_interfaces_s.ep.rosidl_typesupport_fastrtps_c.c
[0.577s] -- Up-to-date symlink: /workspaces/Cuadriga_IA_/install/ctl_mission_interfaces/local/lib/python3.10/dist-packages/ctl_mission_interfaces/_ctl_mission_interfaces_s.ep.rosidl_typesupport_introspection_c.c
[0.577s] -- Up-to-date symlink: /workspaces/Cuadriga_IA_/install/ctl_mission_interfaces/local/lib/python3.10/dist-packages/ctl_mission_interfaces/ctl_mission_interfaces_s__rosidl_typesupport_c.cpython-310-x86_64-linux-gnu.so
[0.578s] -- Up-to-date symlink: /workspaces/Cuadriga_IA_/install/ctl_mission_interfaces/local/lib/python3.10/dist-packages/ctl_mission_interfaces/ctl_mission_interfaces_s__rosidl_typesupport_fastrtps_c.cpython-310-x86_64-linux-gnu.so
[0.578s] -- Up-to-date symlink: /workspaces/Cuadriga_IA_/install/ctl_mission_interfaces/local/lib/python3.10/dist-packages/ctl_mission_interfaces/ctl_mission_interfaces_s__rosidl_typesupport_introspection_c.cpython-310-x86_64-linux-gnu.so
[0.578s] -- Up-to-date symlink: /workspaces/Cuadriga_IA_/install/ctl_mission_interfaces/local/lib/python3.10/dist-packages/ctl_mission_interfaces/libctl_mission_interfaces__rosidl_generator_py.so
[0.578s] -- Up-to-date symlink: /workspaces/Cuadriga_IA_/install/ctl_mission_interfaces/local/lib/python3.10/dist-packages/ctl_mission_interfaces/srv/__init__.py
[0.579s] -- Up-to-date symlink: /workspaces/Cuadriga_IA_/install/ctl_mission_interfaces/local/lib/python3.10/dist-packages/ctl_mission_interfaces/srv/_change_controller.py
[0.579s] -- Up-to-date symlink: /workspaces/Cuadriga_IA_/install/ctl_mission_interfaces/local/lib/python3.10/dist-packages/ctl_mission_interfaces/srv/_change_controller_s.c
[0.579s] -- Up-to-date symlink: /workspaces/Cuadriga_IA_/install/ctl_mission_interfaces/local/lib/python3.10/dist-packages/ctl_mission_interfaces/srv/_change_mode.py
[0.579s] -- Up-to-date symlink: /workspaces/Cuadriga_IA_/install/ctl_mission_interfaces/local/lib/python3.10/dist-packages/ctl_mission_interfaces/srv/_change_mode_s.c
[0.580s] -- Up-to-date symlink: /workspaces/Cuadriga_IA_/install/ctl_mission_interfaces/local/lib/python3.10/dist-packages/ctl_mission_interfaces/srv/_change_speed.py
[0.580s] -- Up-to-date symlink: /workspaces/Cuadriga_IA_/install/ctl_mission_interfaces/local/lib/python3.10/dist-packages/ctl_mission_interfaces/srv/_change_speed_s.c
[0.580s] -- Up-to-date symlink: /workspaces/Cuadriga_IA_/install/ctl_mission_interfaces/local/lib/python3.10/dist-packages/ctl_mission_interfaces/srv/_config_dynamic_la_pure_ctrl.py
[0.580s] -- Up-to-date symlink: /workspaces/Cuadriga_IA_/install/ctl_mission_interfaces/local/lib/python3.10/dist-packages/ctl_mission_interfaces/srv/_config_dynamic_la_pure_ctrl_s.c
[0.581s] -- Up-to-date symlink: /workspaces/Cuadriga_IA_/install/ctl_mission_interfaces/local/lib/python3.10/dist-packages/ctl_mission_interfaces/srv/_config_dynamic_pure_ctrl.py
[0.581s] -- Up-to-date symlink: /workspaces/Cuadriga_IA_/install/ctl_mission_interfaces/local/lib/python3.10/dist-packages/ctl_mission_interfaces/srv/_config_dynamic_pure_ctrl_s.c
[0.581s] -- Up-to-date symlink: /workspaces/Cuadriga_IA_/install/ctl_mission_interfaces/local/lib/python3.10/dist-packages/ctl_mission_interfaces/srv/_config_pure_pursuit_ctrl.py
[0.581s] -- Up-to-date symlink: /workspaces/Cuadriga_IA_/install/ctl_mission_interfaces/local/lib/python3.10/dist-packages/ctl_mission_interfaces/srv/_config_pure_pursuit_ctrl_s.c
[0.581s] -- Up-to-date symlink: /workspaces/Cuadriga_IA_/install/ctl_mission_interfaces/local/lib/python3.10/dist-packages/ctl_mission_interfaces/srv/_config_regulated_pure_ctrl.py
[0.581s] -- Up-to-date symlink: /workspaces/Cuadriga_IA_/install/ctl_mission_interfaces/local/lib/python3.10/dist-packages/ctl_mission_interfaces/srv/_config_regulated_pure_ctrl_s.c
[0.582s] -- Up-to-date symlink: /workspaces/Cuadriga_IA_/install/ctl_mission_interfaces/local/lib/python3.10/dist-packages/ctl_mission_interfaces/srv/_config_simple_ctl.py
[0.582s] -- Up-to-date symlink: /workspaces/Cuadriga_IA_/install/ctl_mission_interfaces/local/lib/python3.10/dist-packages/ctl_mission_interfaces/srv/_config_simple_ctl_s.c
[0.582s] -- Up-to-date symlink: /workspaces/Cuadriga_IA_/install/ctl_mission_interfaces/local/lib/python3.10/dist-packages/ctl_mission_interfaces/srv/_config_stanley_ctrl.py
[0.582s] -- Up-to-date symlink: /workspaces/Cuadriga_IA_/install/ctl_mission_interfaces/local/lib/python3.10/dist-packages/ctl_mission_interfaces/srv/_config_stanley_ctrl_s.c
[0.582s] -- Up-to-date symlink: /workspaces/Cuadriga_IA_/install/ctl_mission_interfaces/local/lib/python3.10/dist-packages/ctl_mission_interfaces/srv/_get_mode.py
[0.582s] -- Up-to-date symlink: /workspaces/Cuadriga_IA_/install/ctl_mission_interfaces/local/lib/python3.10/dist-packages/ctl_mission_interfaces/srv/_get_mode_s.c
[0.583s] -- Up-to-date symlink: /workspaces/Cuadriga_IA_/install/ctl_mission_interfaces/local/lib/python3.10/dist-packages/ctl_mission_interfaces/srv/_get_possible_transitions.py
[0.583s] -- Up-to-date symlink: /workspaces/Cuadriga_IA_/install/ctl_mission_interfaces/local/lib/python3.10/dist-packages/ctl_mission_interfaces/srv/_get_possible_transitions_s.c
[0.583s] -- Up-to-date symlink: /workspaces/Cuadriga_IA_/install/ctl_mission_interfaces/local/lib/python3.10/dist-packages/ctl_mission_interfaces/ctl_mission_interfaces_s__rosidl_typesupport_fastrtps_c.cpython-310-x86_64-linux-gnu.so
[0.584s] -- Up-to-date symlink: /workspaces/Cuadriga_IA_/install/ctl_mission_interfaces/local/lib/python3.10/dist-packages/ctl_mission_interfaces/ctl_mission_interfaces_s__rosidl_typesupport_introspection_c.cpython-310-x86_64-linux-gnu.so
[0.584s] -- Up-to-date symlink: /workspaces/Cuadriga_IA_/install/ctl_mission_interfaces/local/lib/python3.10/dist-packages/ctl_mission_interfaces/ctl_mission_interfaces_s__rosidl_typesupport_c.cpython-310-x86_64-linux-gnu.so
[0.584s] -- Up-to-date symlink: /workspaces/Cuadriga_IA_/install/ctl_mission_interfaces/share/ament_index/resource_index/rust_packages/ctl_mission_interfaces
[0.585s] -- Up-to-date symlink: /workspaces/Cuadriga_IA_/install/ctl_mission_interfaces/share/ctl_mission_interfaces/rust/Cargo.toml
[0.585s] -- Up-to-date symlink: /workspaces/Cuadriga_IA_/install/ctl_mission_interfaces/share/ctl_mission_interfaces/rust/build.rs
[0.585s] -- Up-to-date symlink: /workspaces/Cuadriga_IA_/install/ctl_mission_interfaces/share/ctl_mission_interfaces/rust/src/lib.rs
[0.585s] -- Up-to-date symlink: /workspaces/Cuadriga_IA_/install/ctl_mission_interfaces/share/ctl_mission_interfaces/rust/src/srv.rs
[0.585s] -- Up-to-date symlink: /workspaces/Cuadriga_IA_/install/ctl_mission_interfaces/share/ctl_mission_interfaces/rust/src/srv/rmw.rs
[0.586s] -- Up-to-date symlink: /workspaces/Cuadriga_IA_/install/ctl_mission_interfaces/share/ctl_mission_interfaces/srv/ChangeMode.idl
[0.586s] -- Up-to-date symlink: /workspaces/Cuadriga_IA_/install/ctl_mission_interfaces/share/ctl_mission_interfaces/srv/GetMode.idl
[0.586s] -- Up-to-date symlink: /workspaces/Cuadriga_IA_/install/ctl_mission_interfaces/share/ctl_mission_interfaces/srv/ChangeSpeed.idl
[0.586s] -- Up-to-date symlink: /workspaces/Cuadriga_IA_/install/ctl_mission_interfaces/share/ctl_mission_interfaces/srv/ConfigSimpleCtl.idl
[0.587s] -- Up-to-date symlink: /workspaces/Cuadriga_IA_/install/ctl_mission_interfaces/share/ctl_mission_interfaces/srv/GetPossibleTransitions.idl
[0.587s] -- Up-to-date symlink: /workspaces/Cuadriga_IA_/install/ctl_mission_interfaces/share/ctl_mission_interfaces/srv/ChangeController.idl
[0.587s] -- Up-to-date symlink: /workspaces/Cuadriga_IA_/install/ctl_mission_interfaces/share/ctl_mission_interfaces/srv/ConfigPurePursuitCtrl.idl
[0.587s] -- Up-to-date symlink: /workspaces/Cuadriga_IA_/install/ctl_mission_interfaces/share/ctl_mission_interfaces/srv/ConfigStanleyCtrl.idl
[0.588s] -- Up-to-date symlink: /workspaces/Cuadriga_IA_/install/ctl_mission_interfaces/share/ctl_mission_interfaces/srv/ConfigDynamicPureCtrl.idl
[0.588s] -- Up-to-date symlink: /workspaces/Cuadriga_IA_/install/ctl_mission_interfaces/share/ctl_mission_interfaces/srv/ConfigDynamicLAPureCtrl.idl
[0.588s] -- Up-to-date symlink: /workspaces/Cuadriga_IA_/install/ctl_mission_interfaces/share/ctl_mission_interfaces/srv/ConfigRegulatedPureCtrl.idl
[0.588s] -- Up-to-date symlink: /workspaces/Cuadriga_IA_/install/ctl_mission_interfaces/share/ctl_mission_interfaces/srv/ChangeMode.srv
[0.589s] -- Up-to-date symlink: /workspaces/Cuadriga_IA_/install/ctl_mission_interfaces/share/ctl_mission_interfaces/srv/ChangeMode_Request.msg
[0.589s] -- Up-to-date symlink: /workspaces/Cuadriga_IA_/install/ctl_mission_interfaces/share/ctl_mission_interfaces/srv/ChangeMode_Response.msg
[0.589s] -- Up-to-date symlink: /workspaces/Cuadriga_IA_/install/ctl_mission_interfaces/share/ctl_mission_interfaces/srv/GetMode.srv
[0.589s] -- Up-to-date symlink: /workspaces/Cuadriga_IA_/install/ctl_mission_interfaces/share/ctl_mission_interfaces/srv/GetMode_Request.msg
[0.589s] -- Up-to-date symlink: /workspaces/Cuadriga_IA_/install/ctl_mission_interfaces/share/ctl_mission_interfaces/srv/GetMode_Response.msg
[0.590s] -- Up-to-date symlink: /workspaces/Cuadriga_IA_/install/ctl_mission_interfaces/share/ctl_mission_interfaces/srv/ChangeSpeed.srv
[0.590s] -- Up-to-date symlink: /workspaces/Cuadriga_IA_/install/ctl_mission_interfaces/share/ctl_mission_interfaces/srv/ChangeSpeed_Request.msg
[0.590s] -- Up-to-date symlink: /workspaces/Cuadriga_IA_/install/ctl_mission_interfaces/share/ctl_mission_interfaces/srv/ChangeSpeed_Response.msg
[0.590s] -- Up-to-date symlink: /workspaces/Cuadriga_IA_/install/ctl_mission_interfaces/share/ctl_mission_interfaces/srv/ConfigSimpleCtl.srv
[0.591s] -- Up-to-date symlink: /workspaces/Cuadriga_IA_/install/ctl_mission_interfaces/share/ctl_mission_interfaces/srv/ConfigSimpleCtl_Request.msg
[0.591s] -- Up-to-date symlink: /workspaces/Cuadriga_IA_/install/ctl_mission_interfaces/share/ctl_mission_interfaces/srv/ConfigSimpleCtl_Response.msg
[0.591s] -- Up-to-date symlink: /workspaces/Cuadriga_IA_/install/ctl_mission_interfaces/share/ctl_mission_interfaces/srv/GetPossibleTransitions.srv
[0.591s] -- Up-to-date symlink: /workspaces/Cuadriga_IA_/install/ctl_mission_interfaces/share/ctl_mission_interfaces/srv/GetPossibleTransitions_Request.msg
[0.591s] -- Up-to-date symlink: /workspaces/Cuadriga_IA_/install/ctl_mission_interfaces/share/ctl_mission_interfaces/srv/GetPossibleTransitions_Response.msg
[0.592s] -- Up-to-date symlink: /workspaces/Cuadriga_IA_/install/ctl_mission_interfaces/share/ctl_mission_interfaces/srv/ChangeController.srv
[0.592s] -- Up-to-date symlink: /workspaces/Cuadriga_IA_/install/ctl_mission_interfaces/share/ctl_mission_interfaces/srv/ChangeController_Request.msg
[0.592s] -- Up-to-date symlink: /workspaces/Cuadriga_IA_/install/ctl_mission_interfaces/share/ctl_mission_interfaces/srv/ChangeController_Response.msg
[0.592s] -- Up-to-date symlink: /workspaces/Cuadriga_IA_/install/ctl_mission_interfaces/share/ctl_mission_interfaces/srv/ConfigPurePursuitCtrl.srv
[0.593s] -- Up-to-date symlink: /workspaces/Cuadriga_IA_/install/ctl_mission_interfaces/share/ctl_mission_interfaces/srv/ConfigPurePursuitCtrl_Request.msg
[0.593s] -- Up-to-date symlink: /workspaces/Cuadriga_IA_/install/ctl_mission_interfaces/share/ctl_mission_interfaces/srv/ConfigPurePursuitCtrl_Response.msg
[0.593s] -- Up-to-date symlink: /workspaces/Cuadriga_IA_/install/ctl_mission_interfaces/share/ctl_mission_interfaces/srv/ConfigStanleyCtrl.srv
[0.593s] -- Up-to-date symlink: /workspaces/Cuadriga_IA_/install/ctl_mission_interfaces/share/ctl_mission_interfaces/srv/ConfigStanleyCtrl_Request.msg
[0.593s] -- Up-to-date symlink: /workspaces/Cuadriga_IA_/install/ctl_mission_interfaces/share/ctl_mission_interfaces/srv/ConfigStanleyCtrl_Response.msg
[0.593s] -- Up-to-date symlink: /workspaces/Cuadriga_IA_/install/ctl_mission_interfaces/share/ctl_mission_interfaces/srv/ConfigDynamicPureCtrl.srv
[0.593s] -- Up-to-date symlink: /workspaces/Cuadriga_IA_/install/ctl_mission_interfaces/share/ctl_mission_interfaces/srv/ConfigDynamicPureCtrl_Request.msg
[0.593s] -- Up-to-date symlink: /workspaces/Cuadriga_IA_/install/ctl_mission_interfaces/share/ctl_mission_interfaces/srv/ConfigDynamicPureCtrl_Response.msg
[0.594s] -- Up-to-date symlink: /workspaces/Cuadriga_IA_/install/ctl_mission_interfaces/share/ctl_mission_interfaces/srv/ConfigDynamicLAPureCtrl.srv
[0.594s] -- Up-to-date symlink: /workspaces/Cuadriga_IA_/install/ctl_mission_interfaces/share/ctl_mission_interfaces/srv/ConfigDynamicLAPureCtrl_Request.msg
[0.594s] -- Up-to-date symlink: /workspaces/Cuadriga_IA_/install/ctl_mission_interfaces/share/ctl_mission_interfaces/srv/ConfigDynamicLAPureCtrl_Response.msg
[0.594s] -- Up-to-date symlink: /workspaces/Cuadriga_IA_/install/ctl_mission_interfaces/share/ctl_mission_interfaces/srv/ConfigRegulatedPureCtrl.srv
[0.594s] -- Up-to-date symlink: /workspaces/Cuadriga_IA_/install/ctl_mission_interfaces/share/ctl_mission_interfaces/srv/ConfigRegulatedPureCtrl_Request.msg
[0.594s] -- Up-to-date symlink: /workspaces/Cuadriga_IA_/install/ctl_mission_interfaces/share/ctl_mission_interfaces/srv/ConfigRegulatedPureCtrl_Response.msg
[0.594s] -- Up-to-date symlink: /workspaces/Cuadriga_IA_/install/ctl_mission_interfaces/share/ament_index/resource_index/package_run_dependencies/ctl_mission_interfaces
[0.594s] -- Up-to-date symlink: /workspaces/Cuadriga_IA_/install/ctl_mission_interfaces/share/ament_index/resource_index/parent_prefix_path/ctl_mission_interfaces
[0.594s] -- Up-to-date symlink: /workspaces/Cuadriga_IA_/install/ctl_mission_interfaces/share/ctl_mission_interfaces/environment/ament_prefix_path.sh
[0.595s] -- Up-to-date symlink: /workspaces/Cuadriga_IA_/install/ctl_mission_interfaces/share/ctl_mission_interfaces/environment/ament_prefix_path.dsv
[0.595s] -- Up-to-date symlink: /workspaces/Cuadriga_IA_/install/ctl_mission_interfaces/share/ctl_mission_interfaces/environment/path.sh
[0.595s] -- Up-to-date symlink: /workspaces/Cuadriga_IA_/install/ctl_mission_interfaces/share/ctl_mission_interfaces/environment/path.dsv
[0.595s] -- Up-to-date symlink: /workspaces/Cuadriga_IA_/install/ctl_mission_interfaces/share/ctl_mission_interfaces/local_setup.bash
[0.595s] -- Up-to-date symlink: /workspaces/Cuadriga_IA_/install/ctl_mission_interfaces/share/ctl_mission_interfaces/local_setup.sh
[0.595s] -- Up-to-date symlink: /workspaces/Cuadriga_IA_/install/ctl_mission_interfaces/share/ctl_mission_interfaces/local_setup.zsh
[0.595s] -- Up-to-date symlink: /workspaces/Cuadriga_IA_/install/ctl_mission_interfaces/share/ctl_mission_interfaces/local_setup.dsv
[0.595s] -- Symlinking: /workspaces/Cuadriga_IA_/install/ctl_mission_interfaces/share/ctl_mission_interfaces/package.dsv
[0.599s] -- Up-to-date symlink: /workspaces/Cuadriga_IA_/install/ctl_mission_interfaces/share/ament_index/resource_index/packages/ctl_mission_interfaces
[0.599s] -- Up-to-date symlink: /workspaces/Cuadriga_IA_/install/ctl_mission_interfaces/share/ctl_mission_interfaces/cmake/rosidl_cmake-extras.cmake
[0.599s] -- Up-to-date symlink: /workspaces/Cuadriga_IA_/install/ctl_mission_interfaces/share/ctl_mission_interfaces/cmake/ament_cmake_export_dependencies-extras.cmake
[0.600s] -- Up-to-date symlink: /workspaces/Cuadriga_IA_/install/ctl_mission_interfaces/share/ctl_mission_interfaces/cmake/ament_cmake_export_include_directories-extras.cmake
[0.600s] -- Up-to-date symlink: /workspaces/Cuadriga_IA_/install/ctl_mission_interfaces/share/ctl_mission_interfaces/cmake/ament_cmake_export_libraries-extras.cmake
[0.600s] -- Up-to-date symlink: /workspaces/Cuadriga_IA_/install/ctl_mission_interfaces/share/ctl_mission_interfaces/cmake/ament_cmake_export_targets-extras.cmake
[0.600s] -- Up-to-date symlink: /workspaces/Cuadriga_IA_/install/ctl_mission_interfaces/share/ctl_mission_interfaces/cmake/rosidl_cmake_export_typesupport_targets-extras.cmake
[0.601s] -- Up-to-date symlink: /workspaces/Cuadriga_IA_/install/ctl_mission_interfaces/share/ctl_mission_interfaces/cmake/rosidl_cmake_export_typesupport_libraries-extras.cmake
[0.601s] -- Up-to-date symlink: /workspaces/Cuadriga_IA_/install/ctl_mission_interfaces/share/ctl_mission_interfaces/cmake/ctl_mission_interfacesConfig.cmake
[0.601s] -- Up-to-date symlink: /workspaces/Cuadriga_IA_/install/ctl_mission_interfaces/share/ctl_mission_interfaces/cmake/ctl_mission_interfacesConfig-version.cmake
[0.601s] -- Up-to-date symlink: /workspaces/Cuadriga_IA_/install/ctl_mission_interfaces/share/ctl_mission_interfaces/package.xml
[0.602s] -- Up-to-date: /workspaces/Cuadriga_IA_/install/ctl_mission_interfaces/lib/libctl_mission_interfaces__rosidl_generator_c.so
[0.602s] -- Up-to-date: /workspaces/Cuadriga_IA_/install/ctl_mission_interfaces/lib/libctl_mission_interfaces__rosidl_typesupport_fastrtps_c.so
[0.603s] -- Up-to-date: /workspaces/Cuadriga_IA_/install/ctl_mission_interfaces/lib/libctl_mission_interfaces__rosidl_typesupport_introspection_c.so
[0.603s] -- Up-to-date: /workspaces/Cuadriga_IA_/install/ctl_mission_interfaces/lib/libctl_mission_interfaces__rosidl_typesupport_c.so
[0.603s] -- Up-to-date: /workspaces/Cuadriga_IA_/install/ctl_mission_interfaces/lib/libctl_mission_interfaces__rosidl_typesupport_fastrtps_cpp.so
[0.604s] -- Up-to-date: /workspaces/Cuadriga_IA_/install/ctl_mission_interfaces/lib/libctl_mission_interfaces__rosidl_typesupport_introspection_cpp.so
[0.604s] -- Up-to-date: /workspaces/Cuadriga_IA_/install/ctl_mission_interfaces/lib/libctl_mission_interfaces__rosidl_typesupport_cpp.so
[0.638s] Listing '/workspaces/Cuadriga_IA_/install/ctl_mission_interfaces/local/lib/python3.10/dist-packages/ctl_mission_interfaces'...
[0.638s] Listing '/workspaces/Cuadriga_IA_/install/ctl_mission_interfaces/local/lib/python3.10/dist-packages/ctl_mission_interfaces/srv'...
[0.643s] -- Up-to-date: /workspaces/Cuadriga_IA_/install/ctl_mission_interfaces/lib/libctl_mission_interfaces__rosidl_generator_py.so
[0.643s] -- Up-to-date: /workspaces/Cuadriga_IA_/install/ctl_mission_interfaces/share/ctl_mission_interfaces/cmake/export_ctl_mission_interfaces__rosidl_generator_cExport.cmake
[0.644s] -- Up-to-date: /workspaces/Cuadriga_IA_/install/ctl_mission_interfaces/share/ctl_mission_interfaces/cmake/export_ctl_mission_interfaces__rosidl_generator_cExport-noconfig.cmake
[0.644s] -- Up-to-date: /workspaces/Cuadriga_IA_/install/ctl_mission_interfaces/share/ctl_mission_interfaces/cmake/export_ctl_mission_interfaces__rosidl_typesupport_fastrtps_cExport.cmake
[0.645s] -- Up-to-date: /workspaces/Cuadriga_IA_/install/ctl_mission_interfaces/share/ctl_mission_interfaces/cmake/export_ctl_mission_interfaces__rosidl_typesupport_fastrtps_cExport-noconfig.cmake
[0.645s] -- Up-to-date: /workspaces/Cuadriga_IA_/install/ctl_mission_interfaces/share/ctl_mission_interfaces/cmake/ctl_mission_interfaces__rosidl_typesupport_introspection_cExport.cmake
[0.645s] -- Up-to-date: /workspaces/Cuadriga_IA_/install/ctl_mission_interfaces/share/ctl_mission_interfaces/cmake/ctl_mission_interfaces__rosidl_typesupport_introspection_cExport-noconfig.cmake
[0.645s] -- Up-to-date: /workspaces/Cuadriga_IA_/install/ctl_mission_interfaces/share/ctl_mission_interfaces/cmake/ctl_mission_interfaces__rosidl_typesupport_cExport.cmake
[0.645s] -- Up-to-date: /workspaces/Cuadriga_IA_/install/ctl_mission_interfaces/share/ctl_mission_interfaces/cmake/ctl_mission_interfaces__rosidl_typesupport_cExport-noconfig.cmake
[0.646s] -- Up-to-date: /workspaces/Cuadriga_IA_/install/ctl_mission_interfaces/share/ctl_mission_interfaces/cmake/export_ctl_mission_interfaces__rosidl_generator_cppExport.cmake
[0.646s] -- Up-to-date: /workspaces/Cuadriga_IA_/install/ctl_mission_interfaces/share/ctl_mission_interfaces/cmake/export_ctl_mission_interfaces__rosidl_typesupport_fastrtps_cppExport.cmake
[0.646s] -- Up-to-date: /workspaces/Cuadriga_IA_/install/ctl_mission_interfaces/share/ctl_mission_interfaces/cmake/export_ctl_mission_interfaces__rosidl_typesupport_fastrtps_cppExport-noconfig.cmake
[0.646s] -- Up-to-date: /workspaces/Cuadriga_IA_/install/ctl_mission_interfaces/share/ctl_mission_interfaces/cmake/ctl_mission_interfaces__rosidl_typesupport_introspection_cppExport.cmake
[0.647s] -- Up-to-date: /workspaces/Cuadriga_IA_/install/ctl_mission_interfaces/share/ctl_mission_interfaces/cmake/ctl_mission_interfaces__rosidl_typesupport_introspection_cppExport-noconfig.cmake
[0.647s] -- Up-to-date: /workspaces/Cuadriga_IA_/install/ctl_mission_interfaces/share/ctl_mission_interfaces/cmake/ctl_mission_interfaces__rosidl_typesupport_cppExport.cmake
[0.647s] -- Up-to-date: /workspaces/Cuadriga_IA_/install/ctl_mission_interfaces/share/ctl_mission_interfaces/cmake/ctl_mission_interfaces__rosidl_typesupport_cppExport-noconfig.cmake
[0.647s] -- Up-to-date: /workspaces/Cuadriga_IA_/install/ctl_mission_interfaces/share/ctl_mission_interfaces/cmake/export_ctl_mission_interfaces__rosidl_generator_pyExport.cmake
[0.647s] -- Up-to-date: /workspaces/Cuadriga_IA_/install/ctl_mission_interfaces/share/ctl_mission_interfaces/cmake/export_ctl_mission_interfaces__rosidl_generator_pyExport-noconfig.cmake
[0.675s] Invoked command in '/workspaces/Cuadriga_IA_/build/ctl_mission_interfaces' returned '0': CMAKE_PREFIX_PATH=${CMAKE_PREFIX_PATH}:/ros2_ws/install/cuadriga_gui:/opt/ros/humble /usr/bin/cmake --install /workspaces/Cuadriga_IA_/build/ctl_mission_interfaces
