[0.010s] Invoking command in '/home/cuadriga/cuadriga_ws/Cuadriga/src/Cuadriga_IA_/build/cuadriga_setup': CMAKE_PREFIX_PATH=${CMAKE_PREFIX_PATH}:/home/cuadriga/tfgcuadriga/install/gpx_loader:/opt/ros/humble /usr/bin/cmake --build /home/cuadriga/cuadriga_ws/Cuadriga/src/Cuadriga_IA_/build/cuadriga_setup -- -j8 -l8
[0.048s] Invoked command in '/home/cuadriga/cuadriga_ws/Cuadriga/src/Cuadriga_IA_/build/cuadriga_setup' returned '0': CMAKE_PREFIX_PATH=${CMAKE_PREFIX_PATH}:/home/cuadriga/tfgcuadriga/install/gpx_loader:/opt/ros/humble /usr/bin/cmake --build /home/cuadriga/cuadriga_ws/Cuadriga/src/Cuadriga_IA_/build/cuadriga_setup -- -j8 -l8
[0.056s] Invoking command in '/home/cuadriga/cuadriga_ws/Cuadriga/src/Cuadriga_IA_/build/cuadriga_setup': CMAKE_PREFIX_PATH=${CMAKE_PREFIX_PATH}:/home/cuadriga/tfgcuadriga/install/gpx_loader:/opt/ros/humble /usr/bin/cmake --install /home/cuadriga/cuadriga_ws/Cuadriga/src/Cuadriga_IA_/build/cuadriga_setup
[0.064s] -- Install configuration: ""
[0.064s] -- Execute custom install script
[0.065s] -- Up-to-date symlink: /home/cuadriga/cuadriga_ws/Cuadriga/src/Cuadriga_IA_/install/cuadriga_setup/share/cuadriga_setup//launch/J8_launch.py
[0.065s] -- Up-to-date symlink: /home/cuadriga/cuadriga_ws/Cuadriga/src/Cuadriga_IA_/install/cuadriga_setup/share/cuadriga_setup//launch/README.md
[0.065s] -- Up-to-date symlink: /home/cuadriga/cuadriga_ws/Cuadriga/src/Cuadriga_IA_/install/cuadriga_setup/share/cuadriga_setup//launch/__pycache__/cuadriga_launch.cpython-310.pyc
[0.065s] -- Up-to-date symlink: /home/cuadriga/cuadriga_ws/Cuadriga/src/Cuadriga_IA_/install/cuadriga_setup/share/cuadriga_setup//launch/cuadriga_launch.py
[0.065s] -- Up-to-date symlink: /home/cuadriga/cuadriga_ws/Cuadriga/src/Cuadriga_IA_/install/cuadriga_setup/share/cuadriga_setup//config/README.md
[0.065s] -- Up-to-date symlink: /home/cuadriga/cuadriga_ws/Cuadriga/src/Cuadriga_IA_/install/cuadriga_setup/share/cuadriga_setup//config/cuadriga_params.yaml
[0.066s] -- Up-to-date symlink: /home/cuadriga/cuadriga_ws/Cuadriga/src/Cuadriga_IA_/install/cuadriga_setup/share/ament_index/resource_index/package_run_dependencies/cuadriga_setup
[0.066s] -- Up-to-date symlink: /home/cuadriga/cuadriga_ws/Cuadriga/src/Cuadriga_IA_/install/cuadriga_setup/share/ament_index/resource_index/parent_prefix_path/cuadriga_setup
[0.066s] -- Up-to-date symlink: /home/cuadriga/cuadriga_ws/Cuadriga/src/Cuadriga_IA_/install/cuadriga_setup/share/cuadriga_setup/environment/ament_prefix_path.sh
[0.066s] -- Up-to-date symlink: /home/cuadriga/cuadriga_ws/Cuadriga/src/Cuadriga_IA_/install/cuadriga_setup/share/cuadriga_setup/environment/ament_prefix_path.dsv
[0.066s] -- Up-to-date symlink: /home/cuadriga/cuadriga_ws/Cuadriga/src/Cuadriga_IA_/install/cuadriga_setup/share/cuadriga_setup/environment/path.sh
[0.066s] -- Up-to-date symlink: /home/cuadriga/cuadriga_ws/Cuadriga/src/Cuadriga_IA_/install/cuadriga_setup/share/cuadriga_setup/environment/path.dsv
[0.067s] -- Up-to-date symlink: /home/cuadriga/cuadriga_ws/Cuadriga/src/Cuadriga_IA_/install/cuadriga_setup/share/cuadriga_setup/local_setup.bash
[0.067s] -- Up-to-date symlink: /home/cuadriga/cuadriga_ws/Cuadriga/src/Cuadriga_IA_/install/cuadriga_setup/share/cuadriga_setup/local_setup.sh
[0.067s] -- Up-to-date symlink: /home/cuadriga/cuadriga_ws/Cuadriga/src/Cuadriga_IA_/install/cuadriga_setup/share/cuadriga_setup/local_setup.zsh
[0.067s] -- Up-to-date symlink: /home/cuadriga/cuadriga_ws/Cuadriga/src/Cuadriga_IA_/install/cuadriga_setup/share/cuadriga_setup/local_setup.dsv
[0.067s] -- Symlinking: /home/cuadriga/cuadriga_ws/Cuadriga/src/Cuadriga_IA_/install/cuadriga_setup/share/cuadriga_setup/package.dsv
[0.076s] -- Up-to-date symlink: /home/cuadriga/cuadriga_ws/Cuadriga/src/Cuadriga_IA_/install/cuadriga_setup/share/ament_index/resource_index/packages/cuadriga_setup
[0.076s] -- Up-to-date symlink: /home/cuadriga/cuadriga_ws/Cuadriga/src/Cuadriga_IA_/install/cuadriga_setup/share/cuadriga_setup/cmake/cuadriga_setupConfig.cmake
[0.076s] -- Up-to-date symlink: /home/cuadriga/cuadriga_ws/Cuadriga/src/Cuadriga_IA_/install/cuadriga_setup/share/cuadriga_setup/cmake/cuadriga_setupConfig-version.cmake
[0.076s] -- Up-to-date symlink: /home/cuadriga/cuadriga_ws/Cuadriga/src/Cuadriga_IA_/install/cuadriga_setup/share/cuadriga_setup/package.xml
[0.078s] Invoked command in '/home/cuadriga/cuadriga_ws/Cuadriga/src/Cuadriga_IA_/build/cuadriga_setup' returned '0': CMAKE_PREFIX_PATH=${CMAKE_PREFIX_PATH}:/home/cuadriga/tfgcuadriga/install/gpx_loader:/opt/ros/humble /usr/bin/cmake --install /home/cuadriga/cuadriga_ws/Cuadriga/src/Cuadriga_IA_/build/cuadriga_setup
