[0.045s] Invoking command in '/home/rhobtor/PHD/Cuadriga_j8/src/Cuadriga/src/ARGOSJ8_IA_/build/ctl_mission_interfaces': CMAKE_PREFIX_PATH=${CMAKE_PREFIX_PATH}:/opt/ros/humble /opt/st/stm32cubeclt_1.18.0/CMake/bin/cmake /home/rhobtor/PHD/Cuadriga_j8/src/Cuadriga/src/ARGOSJ8_IA_/src/ctl_mission/ctl_mission_interfaces -DCMAKE_INSTALL_PREFIX=/home/rhobtor/PHD/Cuadriga_j8/src/Cuadriga/src/ARGOSJ8_IA_/install/ctl_mission_interfaces
[0.597s] -- The C compiler identification is GNU 11.4.0
[0.599s] -- The CXX compiler identification is GNU 11.4.0
[0.600s] -- Detecting C compiler ABI info
[0.601s] -- Detecting C compiler ABI info - done
[0.601s] -- Check for working C compiler: /usr/bin/cc - skipped
[0.601s] -- Detecting C compile features
[0.602s] -- Detecting C compile features - done
[0.602s] -- Detecting CXX compiler ABI info
[0.602s] -- Detecting CXX compiler ABI info - done
[0.602s] -- Check for working CXX compiler: /usr/bin/c++ - skipped
[0.602s] -- Detecting CXX compile features
[0.602s] -- Detecting CXX compile features - done
[0.602s] -- Found ament_cmake: 1.3.14 (/opt/ros/humble/share/ament_cmake/cmake)
[0.681s] -- Found Python3: /usr/bin/python3 (found version "3.10.12") found components: Interpreter 
[0.876s] -- Found rosidl_default_generators: 1.2.1 (/opt/ros/humble/share/rosidl_default_generators/cmake)
[0.885s] -- Using all available rosidl_typesupport_c: rosidl_typesupport_fastrtps_c;rosidl_typesupport_introspection_c
[0.904s] -- Found rosidl_adapter: 3.1.8 (/opt/ros/humble/share/rosidl_adapter/cmake)
[1.025s] -- Using all available rosidl_typesupport_cpp: rosidl_typesupport_fastrtps_cpp;rosidl_typesupport_introspection_cpp
[1.137s] -- Found std_msgs: 4.9.1 (/opt/ros/humble/share/std_msgs/cmake)
[1.223s] -- Found nav_msgs: 4.9.1 (/opt/ros/humble/share/nav_msgs/cmake)
[2.195s] -- Found ament_cmake_ros: 0.10.0 (/opt/ros/humble/share/ament_cmake_ros/cmake)
[3.096s] -- Using all available rosidl_typesupport_c: rosidl_typesupport_fastrtps_c;rosidl_typesupport_introspection_c
[4.768s] -- Using all available rosidl_typesupport_cpp: rosidl_typesupport_fastrtps_cpp;rosidl_typesupport_introspection_cpp
[4.774s] [33mCMake Warning (dev) at /opt/ros/humble/share/rosidl_generator_py/cmake/rosidl_generator_py_generate_interfaces.cmake:20 (find_package):
[4.774s]   Policy CMP0148 is not set: The FindPythonInterp and FindPythonLibs modules
[4.774s]   are removed.  Run "cmake --help-policy CMP0148" for policy details.  Use
[4.774s]   the cmake_policy command to set the policy and suppress this warning.
[4.774s] 
[4.774s] Call Stack (most recent call first):
[4.774s]   /opt/ros/humble/share/ament_cmake_core/cmake/core/ament_execute_extensions.cmake:48 (include)
[4.775s]   /opt/ros/humble/share/rosidl_cmake/cmake/rosidl_generate_interfaces.cmake:286 (ament_execute_extensions)
[4.775s]   CMakeLists.txt:19 (rosidl_generate_interfaces)
[4.775s] This warning is for project developers.  Use -Wno-dev to suppress it.
[4.775s] [0m
[4.861s] -- Found PythonInterp: /usr/bin/python3 (found suitable version "3.10.12", minimum required is "3.6") 
[4.869s] -- Found python_cmake_module: 0.10.0 (/opt/ros/humble/share/python_cmake_module/cmake)
[4.873s] [33mCMake Warning (dev) at /opt/ros/humble/share/python_cmake_module/cmake/Modules/FindPythonExtra.cmake:52 (find_package):
[4.873s]   Policy CMP0148 is not set: The FindPythonInterp and FindPythonLibs modules
[4.873s]   are removed.  Run "cmake --help-policy CMP0148" for policy details.  Use
[4.873s]   the cmake_policy command to set the policy and suppress this warning.
[4.873s] 
[4.873s] Call Stack (most recent call first):
[4.873s]   /opt/ros/humble/share/rosidl_generator_py/cmake/rosidl_generator_py_generate_interfaces.cmake:23 (find_package)
[4.873s]   /opt/ros/humble/share/ament_cmake_core/cmake/core/ament_execute_extensions.cmake:48 (include)
[4.874s]   /opt/ros/humble/share/rosidl_cmake/cmake/rosidl_generate_interfaces.cmake:286 (ament_execute_extensions)
[4.874s]   CMakeLists.txt:19 (rosidl_generate_interfaces)
[4.874s] This warning is for project developers.  Use -Wno-dev to suppress it.
[4.874s] [0m
[4.991s] [33mCMake Warning (dev) at /opt/ros/humble/share/python_cmake_module/cmake/Modules/FindPythonExtra.cmake:140 (find_package):
[4.991s]   Policy CMP0148 is not set: The FindPythonInterp and FindPythonLibs modules
[4.992s]   are removed.  Run "cmake --help-policy CMP0148" for policy details.  Use
[4.992s]   the cmake_policy command to set the policy and suppress this warning.
[4.992s] 
[4.992s] Call Stack (most recent call first):
[4.992s]   /opt/ros/humble/share/rosidl_generator_py/cmake/rosidl_generator_py_generate_interfaces.cmake:23 (find_package)
[4.992s]   /opt/ros/humble/share/ament_cmake_core/cmake/core/ament_execute_extensions.cmake:48 (include)
[4.992s]   /opt/ros/humble/share/rosidl_cmake/cmake/rosidl_generate_interfaces.cmake:286 (ament_execute_extensions)
[4.993s]   CMakeLists.txt:19 (rosidl_generate_interfaces)
[4.993s] This warning is for project developers.  Use -Wno-dev to suppress it.
[4.993s] [0m
[5.038s] -- Found PythonLibs: /usr/lib/x86_64-linux-gnu/libpython3.10.so (found suitable version "3.10.12", minimum required is "3.5") 
[5.041s] -- Using PYTHON_EXECUTABLE: /usr/bin/python3
[5.041s] -- Using PYTHON_INCLUDE_DIRS: /usr/include/python3.10
[5.041s] -- Using PYTHON_LIBRARIES: /usr/lib/x86_64-linux-gnu/libpython3.10.so
[5.120s] -- Found PythonExtra: .so  
[5.978s] -- Configuring done (5.9s)
[6.222s] -- Generating done (0.2s)
[6.257s] -- Build files have been written to: /home/rhobtor/PHD/Cuadriga_j8/src/Cuadriga/src/ARGOSJ8_IA_/build/ctl_mission_interfaces
[6.280s] Invoked command in '/home/rhobtor/PHD/Cuadriga_j8/src/Cuadriga/src/ARGOSJ8_IA_/build/ctl_mission_interfaces' returned '0': CMAKE_PREFIX_PATH=${CMAKE_PREFIX_PATH}:/opt/ros/humble /opt/st/stm32cubeclt_1.18.0/CMake/bin/cmake /home/rhobtor/PHD/Cuadriga_j8/src/Cuadriga/src/ARGOSJ8_IA_/src/ctl_mission/ctl_mission_interfaces -DCMAKE_INSTALL_PREFIX=/home/rhobtor/PHD/Cuadriga_j8/src/Cuadriga/src/ARGOSJ8_IA_/install/ctl_mission_interfaces
[6.289s] Invoking command in '/home/rhobtor/PHD/Cuadriga_j8/src/Cuadriga/src/ARGOSJ8_IA_/build/ctl_mission_interfaces': CMAKE_PREFIX_PATH=${CMAKE_PREFIX_PATH}:/opt/ros/humble /opt/st/stm32cubeclt_1.18.0/CMake/bin/cmake --build /home/rhobtor/PHD/Cuadriga_j8/src/Cuadriga/src/ARGOSJ8_IA_/build/ctl_mission_interfaces -- -j16 -l16
[6.374s] [  1%] [34m[1mGenerating C code for ROS interfaces[0m
[6.386s] [  1%] [34m[1mGenerating C++ code for ROS interfaces[0m
[6.386s] [  2%] [34m[1mGenerating Rust code for ROS interfaces[0m
[6.406s] [  2%] Built target ament_cmake_python_copy_ctl_mission_interfaces
[7.859s] running egg_info
[7.982s] creating ctl_mission_interfaces.egg-info
[7.983s] writing ctl_mission_interfaces.egg-info/PKG-INFO
[7.983s] writing dependency_links to ctl_mission_interfaces.egg-info/dependency_links.txt
[7.990s] writing top-level names to ctl_mission_interfaces.egg-info/top_level.txt
[7.994s] writing manifest file 'ctl_mission_interfaces.egg-info/SOURCES.txt'
[8.144s] [  2%] Built target ctl_mission_interfaces__rs
[8.365s] reading manifest file 'ctl_mission_interfaces.egg-info/SOURCES.txt'
[8.366s] writing manifest file 'ctl_mission_interfaces.egg-info/SOURCES.txt'
[8.502s] [  2%] Built target ament_cmake_python_build_ctl_mission_interfaces_egg
[11.564s] [  2%] Built target ctl_mission_interfaces__cpp
[11.578s] [  3%] [34m[1mGenerating C++ introspection for ROS interfaces[0m
[11.584s] [  4%] [34m[1mGenerating C++ type support dispatch for ROS interfaces[0m
[11.585s] [  5%] [34m[1mGenerating C++ type support for eProsima Fast-RTPS[0m
[12.416s] [  6%] [32mBuilding C object CMakeFiles/ctl_mission_interfaces__rosidl_generator_c.dir/rosidl_generator_c/ctl_mission_interfaces/srv/detail/get_mode__functions.c.o[0m
[12.416s] [  8%] [32mBuilding C object CMakeFiles/ctl_mission_interfaces__rosidl_generator_c.dir/rosidl_generator_c/ctl_mission_interfaces/srv/detail/change_mode__functions.c.o[0m
[12.423s] [  9%] [32mBuilding C object CMakeFiles/ctl_mission_interfaces__rosidl_generator_c.dir/rosidl_generator_c/ctl_mission_interfaces/srv/detail/config_simple_ctl__functions.c.o[0m
[12.423s] [  7%] [32mBuilding C object CMakeFiles/ctl_mission_interfaces__rosidl_generator_c.dir/rosidl_generator_c/ctl_mission_interfaces/srv/detail/change_speed__functions.c.o[0m
[12.428s] [ 10%] [32mBuilding C object CMakeFiles/ctl_mission_interfaces__rosidl_generator_c.dir/rosidl_generator_c/ctl_mission_interfaces/srv/detail/get_possible_transitions__functions.c.o[0m
[12.453s] [ 11%] [32mBuilding C object CMakeFiles/ctl_mission_interfaces__rosidl_generator_c.dir/rosidl_generator_c/ctl_mission_interfaces/srv/detail/change_controller__functions.c.o[0m
[12.459s] [ 11%] [32mBuilding C object CMakeFiles/ctl_mission_interfaces__rosidl_generator_c.dir/rosidl_generator_c/ctl_mission_interfaces/srv/detail/config_pure_pursuit_ctrl__functions.c.o[0m
[12.463s] [ 12%] [32mBuilding C object CMakeFiles/ctl_mission_interfaces__rosidl_generator_c.dir/rosidl_generator_c/ctl_mission_interfaces/srv/detail/config_stanley_ctrl__functions.c.o[0m
[12.472s] [ 13%] [32mBuilding C object CMakeFiles/ctl_mission_interfaces__rosidl_generator_c.dir/rosidl_generator_c/ctl_mission_interfaces/srv/detail/config_dynamic_pure_ctrl__functions.c.o[0m
[12.480s] [ 14%] [32mBuilding C object CMakeFiles/ctl_mission_interfaces__rosidl_generator_c.dir/rosidl_generator_c/ctl_mission_interfaces/srv/detail/config_dynamic_la_pure_ctrl__functions.c.o[0m
[12.481s] [ 15%] [32mBuilding C object CMakeFiles/ctl_mission_interfaces__rosidl_generator_c.dir/rosidl_generator_c/ctl_mission_interfaces/srv/detail/config_regulated_pure_ctrl__functions.c.o[0m
[12.827s] [ 16%] [32m[1mLinking C shared library libctl_mission_interfaces__rosidl_generator_c.so[0m
[12.970s] [ 16%] Built target ctl_mission_interfaces__rosidl_generator_c
[12.986s] [ 17%] [34m[1mGenerating C type support for eProsima Fast-RTPS[0m
[12.987s] [ 18%] [34m[1mGenerating C introspection for ROS interfaces[0m
[12.994s] [ 19%] [34m[1mGenerating C type support dispatch for ROS interfaces[0m
[13.452s] [ 20%] [32mBuilding CXX object CMakeFiles/ctl_mission_interfaces__rosidl_typesupport_introspection_cpp.dir/rosidl_typesupport_introspection_cpp/ctl_mission_interfaces/srv/detail/change_mode__type_support.cpp.o[0m
[13.456s] [ 21%] [32mBuilding CXX object CMakeFiles/ctl_mission_interfaces__rosidl_typesupport_introspection_cpp.dir/rosidl_typesupport_introspection_cpp/ctl_mission_interfaces/srv/detail/get_mode__type_support.cpp.o[0m
[13.462s] [ 22%] [32mBuilding CXX object CMakeFiles/ctl_mission_interfaces__rosidl_typesupport_introspection_cpp.dir/rosidl_typesupport_introspection_cpp/ctl_mission_interfaces/srv/detail/change_speed__type_support.cpp.o[0m
[13.463s] [ 22%] [32mBuilding CXX object CMakeFiles/ctl_mission_interfaces__rosidl_typesupport_introspection_cpp.dir/rosidl_typesupport_introspection_cpp/ctl_mission_interfaces/srv/detail/config_simple_ctl__type_support.cpp.o[0m
[13.482s] [ 23%] [32mBuilding CXX object CMakeFiles/ctl_mission_interfaces__rosidl_typesupport_introspection_cpp.dir/rosidl_typesupport_introspection_cpp/ctl_mission_interfaces/srv/detail/get_possible_transitions__type_support.cpp.o[0m
[13.493s] [ 24%] [32mBuilding CXX object CMakeFiles/ctl_mission_interfaces__rosidl_typesupport_introspection_cpp.dir/rosidl_typesupport_introspection_cpp/ctl_mission_interfaces/srv/detail/change_controller__type_support.cpp.o[0m
[13.494s] [ 25%] [32mBuilding CXX object CMakeFiles/ctl_mission_interfaces__rosidl_typesupport_introspection_cpp.dir/rosidl_typesupport_introspection_cpp/ctl_mission_interfaces/srv/detail/config_pure_pursuit_ctrl__type_support.cpp.o[0m
[13.498s] [ 26%] [32mBuilding CXX object CMakeFiles/ctl_mission_interfaces__rosidl_typesupport_introspection_cpp.dir/rosidl_typesupport_introspection_cpp/ctl_mission_interfaces/srv/detail/config_stanley_ctrl__type_support.cpp.o[0m
[13.516s] [ 28%] [32mBuilding CXX object CMakeFiles/ctl_mission_interfaces__rosidl_typesupport_cpp.dir/rosidl_typesupport_cpp/ctl_mission_interfaces/srv/change_mode__type_support.cpp.o[0m
[13.517s] [ 28%] [32mBuilding CXX object CMakeFiles/ctl_mission_interfaces__rosidl_typesupport_introspection_cpp.dir/rosidl_typesupport_introspection_cpp/ctl_mission_interfaces/srv/detail/config_dynamic_pure_ctrl__type_support.cpp.o[0m
[13.521s] [ 29%] [32mBuilding CXX object CMakeFiles/ctl_mission_interfaces__rosidl_typesupport_introspection_cpp.dir/rosidl_typesupport_introspection_cpp/ctl_mission_interfaces/srv/detail/config_dynamic_la_pure_ctrl__type_support.cpp.o[0m
[13.525s] [ 30%] [32mBuilding CXX object CMakeFiles/ctl_mission_interfaces__rosidl_typesupport_introspection_cpp.dir/rosidl_typesupport_introspection_cpp/ctl_mission_interfaces/srv/detail/config_regulated_pure_ctrl__type_support.cpp.o[0m
[14.794s] [ 31%] [32mBuilding CXX object CMakeFiles/ctl_mission_interfaces__rosidl_typesupport_cpp.dir/rosidl_typesupport_cpp/ctl_mission_interfaces/srv/get_mode__type_support.cpp.o[0m
[15.490s] [ 32%] [32mBuilding CXX object CMakeFiles/ctl_mission_interfaces__rosidl_typesupport_cpp.dir/rosidl_typesupport_cpp/ctl_mission_interfaces/srv/change_speed__type_support.cpp.o[0m
[15.519s] [ 32%] [32mBuilding CXX object CMakeFiles/ctl_mission_interfaces__rosidl_typesupport_c.dir/rosidl_typesupport_c/ctl_mission_interfaces/srv/change_mode__type_support.cpp.o[0m
[15.627s] [ 33%] [32mBuilding CXX object CMakeFiles/ctl_mission_interfaces__rosidl_typesupport_c.dir/rosidl_typesupport_c/ctl_mission_interfaces/srv/get_mode__type_support.cpp.o[0m
[15.649s] [ 33%] [32mBuilding CXX object CMakeFiles/ctl_mission_interfaces__rosidl_typesupport_cpp.dir/rosidl_typesupport_cpp/ctl_mission_interfaces/srv/config_simple_ctl__type_support.cpp.o[0m
[15.677s] [ 33%] [32mBuilding CXX object CMakeFiles/ctl_mission_interfaces__rosidl_typesupport_fastrtps_c.dir/rosidl_typesupport_fastrtps_c/ctl_mission_interfaces/srv/detail/change_mode__type_support_c.cpp.o[0m
[15.724s] [ 34%] [32mBuilding CXX object CMakeFiles/ctl_mission_interfaces__rosidl_typesupport_c.dir/rosidl_typesupport_c/ctl_mission_interfaces/srv/change_speed__type_support.cpp.o[0m
[15.810s] [ 35%] [32mBuilding CXX object CMakeFiles/ctl_mission_interfaces__rosidl_typesupport_c.dir/rosidl_typesupport_c/ctl_mission_interfaces/srv/config_simple_ctl__type_support.cpp.o[0m
[15.824s] [ 36%] [32mBuilding CXX object CMakeFiles/ctl_mission_interfaces__rosidl_typesupport_cpp.dir/rosidl_typesupport_cpp/ctl_mission_interfaces/srv/get_possible_transitions__type_support.cpp.o[0m
[15.978s] [ 37%] [32mBuilding CXX object CMakeFiles/ctl_mission_interfaces__rosidl_typesupport_cpp.dir/rosidl_typesupport_cpp/ctl_mission_interfaces/srv/change_controller__type_support.cpp.o[0m
[15.979s] [ 38%] [32mBuilding CXX object CMakeFiles/ctl_mission_interfaces__rosidl_typesupport_c.dir/rosidl_typesupport_c/ctl_mission_interfaces/srv/get_possible_transitions__type_support.cpp.o[0m
[16.043s] [ 39%] [32mBuilding CXX object CMakeFiles/ctl_mission_interfaces__rosidl_typesupport_fastrtps_c.dir/rosidl_typesupport_fastrtps_c/ctl_mission_interfaces/srv/detail/get_mode__type_support_c.cpp.o[0m
[16.085s] [ 40%] [32mBuilding CXX object CMakeFiles/ctl_mission_interfaces__rosidl_typesupport_cpp.dir/rosidl_typesupport_cpp/ctl_mission_interfaces/srv/config_pure_pursuit_ctrl__type_support.cpp.o[0m
[16.142s] [ 41%] [32mBuilding CXX object CMakeFiles/ctl_mission_interfaces__rosidl_typesupport_c.dir/rosidl_typesupport_c/ctl_mission_interfaces/srv/change_controller__type_support.cpp.o[0m
[16.154s] [ 42%] [32mBuilding CXX object CMakeFiles/ctl_mission_interfaces__rosidl_typesupport_c.dir/rosidl_typesupport_c/ctl_mission_interfaces/srv/config_pure_pursuit_ctrl__type_support.cpp.o[0m
[16.217s] [ 43%] [32mBuilding CXX object CMakeFiles/ctl_mission_interfaces__rosidl_typesupport_fastrtps_c.dir/rosidl_typesupport_fastrtps_c/ctl_mission_interfaces/srv/detail/change_speed__type_support_c.cpp.o[0m
[16.228s] [ 44%] [32mBuilding CXX object CMakeFiles/ctl_mission_interfaces__rosidl_typesupport_c.dir/rosidl_typesupport_c/ctl_mission_interfaces/srv/config_stanley_ctrl__type_support.cpp.o[0m
[16.240s] [ 45%] [32mBuilding CXX object CMakeFiles/ctl_mission_interfaces__rosidl_typesupport_cpp.dir/rosidl_typesupport_cpp/ctl_mission_interfaces/srv/config_stanley_ctrl__type_support.cpp.o[0m
[16.292s] [ 46%] [32mBuilding CXX object CMakeFiles/ctl_mission_interfaces__rosidl_typesupport_c.dir/rosidl_typesupport_c/ctl_mission_interfaces/srv/config_dynamic_pure_ctrl__type_support.cpp.o[0m
[16.344s] [ 47%] [32mBuilding CXX object CMakeFiles/ctl_mission_interfaces__rosidl_typesupport_fastrtps_c.dir/rosidl_typesupport_fastrtps_c/ctl_mission_interfaces/srv/detail/config_simple_ctl__type_support_c.cpp.o[0m
[16.354s] [ 48%] [32mBuilding CXX object CMakeFiles/ctl_mission_interfaces__rosidl_typesupport_fastrtps_c.dir/rosidl_typesupport_fastrtps_c/ctl_mission_interfaces/srv/detail/get_possible_transitions__type_support_c.cpp.o[0m
[16.384s] [ 49%] [32mBuilding CXX object CMakeFiles/ctl_mission_interfaces__rosidl_typesupport_cpp.dir/rosidl_typesupport_cpp/ctl_mission_interfaces/srv/config_dynamic_pure_ctrl__type_support.cpp.o[0m
[16.423s] [ 50%] [32mBuilding CXX object CMakeFiles/ctl_mission_interfaces__rosidl_typesupport_fastrtps_c.dir/rosidl_typesupport_fastrtps_c/ctl_mission_interfaces/srv/detail/change_controller__type_support_c.cpp.o[0m
[16.423s] [ 50%] [32mBuilding CXX object CMakeFiles/ctl_mission_interfaces__rosidl_typesupport_c.dir/rosidl_typesupport_c/ctl_mission_interfaces/srv/config_dynamic_la_pure_ctrl__type_support.cpp.o[0m
[16.479s] [ 51%] [32m[1mLinking CXX shared library libctl_mission_interfaces__rosidl_typesupport_introspection_cpp.so[0m
[16.544s] [ 52%] [32mBuilding CXX object CMakeFiles/ctl_mission_interfaces__rosidl_typesupport_c.dir/rosidl_typesupport_c/ctl_mission_interfaces/srv/config_regulated_pure_ctrl__type_support.cpp.o[0m
[16.688s] [ 53%] [32m[1mLinking CXX shared library libctl_mission_interfaces__rosidl_typesupport_c.so[0m
[16.790s] [ 53%] Built target ctl_mission_interfaces__rosidl_typesupport_c
[16.793s] [ 54%] [32mBuilding CXX object CMakeFiles/ctl_mission_interfaces__rosidl_typesupport_fastrtps_c.dir/rosidl_typesupport_fastrtps_c/ctl_mission_interfaces/srv/detail/config_pure_pursuit_ctrl__type_support_c.cpp.o[0m
[16.796s] [ 55%] [32mBuilding CXX object CMakeFiles/ctl_mission_interfaces__rosidl_typesupport_fastrtps_c.dir/rosidl_typesupport_fastrtps_c/ctl_mission_interfaces/srv/detail/config_stanley_ctrl__type_support_c.cpp.o[0m
[16.801s] [ 56%] [32mBuilding CXX object CMakeFiles/ctl_mission_interfaces__rosidl_typesupport_cpp.dir/rosidl_typesupport_cpp/ctl_mission_interfaces/srv/config_dynamic_la_pure_ctrl__type_support.cpp.o[0m
[16.803s] [ 57%] [32mBuilding CXX object CMakeFiles/ctl_mission_interfaces__rosidl_typesupport_fastrtps_c.dir/rosidl_typesupport_fastrtps_c/ctl_mission_interfaces/srv/detail/config_dynamic_pure_ctrl__type_support_c.cpp.o[0m
[16.862s] [ 57%] [32mBuilding CXX object CMakeFiles/ctl_mission_interfaces__rosidl_typesupport_fastrtps_c.dir/rosidl_typesupport_fastrtps_c/ctl_mission_interfaces/srv/detail/config_dynamic_la_pure_ctrl__type_support_c.cpp.o[0m
[16.920s] [ 57%] Built target ctl_mission_interfaces__rosidl_typesupport_introspection_cpp
[16.944s] [ 58%] [32mBuilding CXX object CMakeFiles/ctl_mission_interfaces__rosidl_typesupport_fastrtps_c.dir/rosidl_typesupport_fastrtps_c/ctl_mission_interfaces/srv/detail/config_regulated_pure_ctrl__type_support_c.cpp.o[0m
[17.327s] [ 59%] [32mBuilding CXX object CMakeFiles/ctl_mission_interfaces__rosidl_typesupport_fastrtps_cpp.dir/rosidl_typesupport_fastrtps_cpp/ctl_mission_interfaces/srv/detail/dds_fastrtps/change_mode__type_support.cpp.o[0m
[17.348s] [ 60%] [32mBuilding CXX object CMakeFiles/ctl_mission_interfaces__rosidl_typesupport_fastrtps_cpp.dir/rosidl_typesupport_fastrtps_cpp/ctl_mission_interfaces/srv/detail/dds_fastrtps/get_mode__type_support.cpp.o[0m
[17.386s] [ 61%] [32mBuilding CXX object CMakeFiles/ctl_mission_interfaces__rosidl_typesupport_cpp.dir/rosidl_typesupport_cpp/ctl_mission_interfaces/srv/config_regulated_pure_ctrl__type_support.cpp.o[0m
[17.578s] [ 62%] [32mBuilding CXX object CMakeFiles/ctl_mission_interfaces__rosidl_typesupport_fastrtps_cpp.dir/rosidl_typesupport_fastrtps_cpp/ctl_mission_interfaces/srv/detail/dds_fastrtps/change_speed__type_support.cpp.o[0m
[17.578s] [ 62%] [32mBuilding CXX object CMakeFiles/ctl_mission_interfaces__rosidl_typesupport_fastrtps_cpp.dir/rosidl_typesupport_fastrtps_cpp/ctl_mission_interfaces/srv/detail/dds_fastrtps/config_simple_ctl__type_support.cpp.o[0m
[17.622s] [ 63%] [32mBuilding CXX object CMakeFiles/ctl_mission_interfaces__rosidl_typesupport_fastrtps_cpp.dir/rosidl_typesupport_fastrtps_cpp/ctl_mission_interfaces/srv/detail/dds_fastrtps/get_possible_transitions__type_support.cpp.o[0m
[17.630s] [ 64%] [32mBuilding CXX object CMakeFiles/ctl_mission_interfaces__rosidl_typesupport_fastrtps_cpp.dir/rosidl_typesupport_fastrtps_cpp/ctl_mission_interfaces/srv/detail/dds_fastrtps/change_controller__type_support.cpp.o[0m
[17.733s] [ 65%] [32mBuilding CXX object CMakeFiles/ctl_mission_interfaces__rosidl_typesupport_fastrtps_cpp.dir/rosidl_typesupport_fastrtps_cpp/ctl_mission_interfaces/srv/detail/dds_fastrtps/config_pure_pursuit_ctrl__type_support.cpp.o[0m
[18.028s] [ 66%] [32mBuilding CXX object CMakeFiles/ctl_mission_interfaces__rosidl_typesupport_fastrtps_cpp.dir/rosidl_typesupport_fastrtps_cpp/ctl_mission_interfaces/srv/detail/dds_fastrtps/config_stanley_ctrl__type_support.cpp.o[0m
[18.095s] [ 67%] [32mBuilding CXX object CMakeFiles/ctl_mission_interfaces__rosidl_typesupport_fastrtps_cpp.dir/rosidl_typesupport_fastrtps_cpp/ctl_mission_interfaces/srv/detail/dds_fastrtps/config_dynamic_pure_ctrl__type_support.cpp.o[0m
[18.146s] [ 68%] [32mBuilding CXX object CMakeFiles/ctl_mission_interfaces__rosidl_typesupport_fastrtps_cpp.dir/rosidl_typesupport_fastrtps_cpp/ctl_mission_interfaces/srv/detail/dds_fastrtps/config_dynamic_la_pure_ctrl__type_support.cpp.o[0m
[18.150s] [ 69%] [32mBuilding CXX object CMakeFiles/ctl_mission_interfaces__rosidl_typesupport_fastrtps_cpp.dir/rosidl_typesupport_fastrtps_cpp/ctl_mission_interfaces/srv/detail/dds_fastrtps/config_regulated_pure_ctrl__type_support.cpp.o[0m
[18.288s] [ 70%] [32m[1mLinking CXX shared library libctl_mission_interfaces__rosidl_typesupport_fastrtps_c.so[0m
[18.426s] [ 71%] [32m[1mLinking CXX shared library libctl_mission_interfaces__rosidl_typesupport_cpp.so[0m
[18.446s] [ 71%] Built target ctl_mission_interfaces__rosidl_typesupport_fastrtps_c
[18.529s] [ 71%] Built target ctl_mission_interfaces__rosidl_typesupport_cpp
[18.569s] [ 71%] [32mBuilding C object CMakeFiles/ctl_mission_interfaces__rosidl_typesupport_introspection_c.dir/rosidl_typesupport_introspection_c/ctl_mission_interfaces/srv/detail/change_mode__type_support.c.o[0m
[18.573s] [ 72%] [32mBuilding C object CMakeFiles/ctl_mission_interfaces__rosidl_typesupport_introspection_c.dir/rosidl_typesupport_introspection_c/ctl_mission_interfaces/srv/detail/get_mode__type_support.c.o[0m
[18.576s] [ 73%] [32mBuilding C object CMakeFiles/ctl_mission_interfaces__rosidl_typesupport_introspection_c.dir/rosidl_typesupport_introspection_c/ctl_mission_interfaces/srv/detail/get_possible_transitions__type_support.c.o[0m
[18.579s] [ 74%] [32mBuilding C object CMakeFiles/ctl_mission_interfaces__rosidl_typesupport_introspection_c.dir/rosidl_typesupport_introspection_c/ctl_mission_interfaces/srv/detail/config_simple_ctl__type_support.c.o[0m
[18.579s] [ 75%] [32mBuilding C object CMakeFiles/ctl_mission_interfaces__rosidl_typesupport_introspection_c.dir/rosidl_typesupport_introspection_c/ctl_mission_interfaces/srv/detail/change_speed__type_support.c.o[0m
[18.585s] [ 76%] [32mBuilding C object CMakeFiles/ctl_mission_interfaces__rosidl_typesupport_introspection_c.dir/rosidl_typesupport_introspection_c/ctl_mission_interfaces/srv/detail/change_controller__type_support.c.o[0m
[18.603s] [ 77%] [32mBuilding C object CMakeFiles/ctl_mission_interfaces__rosidl_typesupport_introspection_c.dir/rosidl_typesupport_introspection_c/ctl_mission_interfaces/srv/detail/config_pure_pursuit_ctrl__type_support.c.o[0m
[18.668s] [ 78%] [32mBuilding C object CMakeFiles/ctl_mission_interfaces__rosidl_typesupport_introspection_c.dir/rosidl_typesupport_introspection_c/ctl_mission_interfaces/srv/detail/config_stanley_ctrl__type_support.c.o[0m
[18.681s] [ 79%] [32mBuilding C object CMakeFiles/ctl_mission_interfaces__rosidl_typesupport_introspection_c.dir/rosidl_typesupport_introspection_c/ctl_mission_interfaces/srv/detail/config_dynamic_pure_ctrl__type_support.c.o[0m
[18.683s] [ 79%] [32mBuilding C object CMakeFiles/ctl_mission_interfaces__rosidl_typesupport_introspection_c.dir/rosidl_typesupport_introspection_c/ctl_mission_interfaces/srv/detail/config_dynamic_la_pure_ctrl__type_support.c.o[0m
[18.688s] [ 80%] [32mBuilding C object CMakeFiles/ctl_mission_interfaces__rosidl_typesupport_introspection_c.dir/rosidl_typesupport_introspection_c/ctl_mission_interfaces/srv/detail/config_regulated_pure_ctrl__type_support.c.o[0m
[18.796s] [ 81%] [32m[1mLinking C shared library libctl_mission_interfaces__rosidl_typesupport_introspection_c.so[0m
[18.833s] [ 81%] Built target ctl_mission_interfaces__rosidl_typesupport_introspection_c
[19.100s] [ 82%] [32m[1mLinking CXX shared library libctl_mission_interfaces__rosidl_typesupport_fastrtps_cpp.so[0m
[19.182s] [ 82%] Built target ctl_mission_interfaces__rosidl_typesupport_fastrtps_cpp
[19.191s] [ 82%] Built target ctl_mission_interfaces
[19.200s] [ 83%] [34m[1mGenerating Python code for ROS interfaces[0m
[21.473s] [ 83%] Built target ctl_mission_interfaces__py
[21.485s] [ 84%] [32mBuilding C object CMakeFiles/ctl_mission_interfaces__rosidl_generator_py.dir/rosidl_generator_py/ctl_mission_interfaces/srv/_change_mode_s.c.o[0m
[21.485s] [ 85%] [32mBuilding C object CMakeFiles/ctl_mission_interfaces__rosidl_generator_py.dir/rosidl_generator_py/ctl_mission_interfaces/srv/_get_mode_s.c.o[0m
[21.486s] [ 85%] [32mBuilding C object CMakeFiles/ctl_mission_interfaces__rosidl_generator_py.dir/rosidl_generator_py/ctl_mission_interfaces/srv/_config_simple_ctl_s.c.o[0m
[21.486s] [ 86%] [32mBuilding C object CMakeFiles/ctl_mission_interfaces__rosidl_generator_py.dir/rosidl_generator_py/ctl_mission_interfaces/srv/_change_speed_s.c.o[0m
[21.486s] [ 87%] [32mBuilding C object CMakeFiles/ctl_mission_interfaces__rosidl_generator_py.dir/rosidl_generator_py/ctl_mission_interfaces/srv/_change_controller_s.c.o[0m
[21.486s] [ 88%] [32mBuilding C object CMakeFiles/ctl_mission_interfaces__rosidl_generator_py.dir/rosidl_generator_py/ctl_mission_interfaces/srv/_get_possible_transitions_s.c.o[0m
[21.488s] [ 89%] [32mBuilding C object CMakeFiles/ctl_mission_interfaces__rosidl_generator_py.dir/rosidl_generator_py/ctl_mission_interfaces/srv/_config_stanley_ctrl_s.c.o[0m
[21.488s] [ 90%] [32mBuilding C object CMakeFiles/ctl_mission_interfaces__rosidl_generator_py.dir/rosidl_generator_py/ctl_mission_interfaces/srv/_config_pure_pursuit_ctrl_s.c.o[0m
[21.493s] [ 91%] [32mBuilding C object CMakeFiles/ctl_mission_interfaces__rosidl_generator_py.dir/rosidl_generator_py/ctl_mission_interfaces/srv/_config_dynamic_pure_ctrl_s.c.o[0m
[21.510s] [ 93%] [32mBuilding C object CMakeFiles/ctl_mission_interfaces__rosidl_generator_py.dir/rosidl_generator_py/ctl_mission_interfaces/srv/_config_regulated_pure_ctrl_s.c.o[0m
[21.510s] [ 93%] [32mBuilding C object CMakeFiles/ctl_mission_interfaces__rosidl_generator_py.dir/rosidl_generator_py/ctl_mission_interfaces/srv/_config_dynamic_la_pure_ctrl_s.c.o[0m
[21.747s] [ 94%] [32m[1mLinking C shared library rosidl_generator_py/ctl_mission_interfaces/libctl_mission_interfaces__rosidl_generator_py.so[0m
[21.783s] [ 94%] Built target ctl_mission_interfaces__rosidl_generator_py
[21.792s] [ 95%] [32mBuilding C object CMakeFiles/ctl_mission_interfaces__rosidl_typesupport_c__pyext.dir/rosidl_generator_py/ctl_mission_interfaces/_ctl_mission_interfaces_s.ep.rosidl_typesupport_c.c.o[0m
[21.793s] [ 96%] [32mBuilding C object CMakeFiles/ctl_mission_interfaces__rosidl_typesupport_fastrtps_c__pyext.dir/rosidl_generator_py/ctl_mission_interfaces/_ctl_mission_interfaces_s.ep.rosidl_typesupport_fastrtps_c.c.o[0m
[21.796s] [ 97%] [32mBuilding C object CMakeFiles/ctl_mission_interfaces__rosidl_typesupport_introspection_c__pyext.dir/rosidl_generator_py/ctl_mission_interfaces/_ctl_mission_interfaces_s.ep.rosidl_typesupport_introspection_c.c.o[0m
[21.950s] [ 98%] [32m[1mLinking C shared library rosidl_generator_py/ctl_mission_interfaces/ctl_mission_interfaces_s__rosidl_typesupport_c.cpython-310-x86_64-linux-gnu.so[0m
[21.952s] [ 99%] [32m[1mLinking C shared library rosidl_generator_py/ctl_mission_interfaces/ctl_mission_interfaces_s__rosidl_typesupport_fastrtps_c.cpython-310-x86_64-linux-gnu.so[0m
[21.981s] [ 99%] Built target ctl_mission_interfaces__rosidl_typesupport_c__pyext
[21.984s] [ 99%] Built target ctl_mission_interfaces__rosidl_typesupport_fastrtps_c__pyext
[22.037s] [100%] [32m[1mLinking C shared library rosidl_generator_py/ctl_mission_interfaces/ctl_mission_interfaces_s__rosidl_typesupport_introspection_c.cpython-310-x86_64-linux-gnu.so[0m
[22.071s] [100%] Built target ctl_mission_interfaces__rosidl_typesupport_introspection_c__pyext
