[0.013s] Invoking command in '/workspaces/Cuadriga_IA_/build/path_manager_interfaces': CMAKE_PREFIX_PATH=${CMAKE_PREFIX_PATH}:/ros2_ws/install/cuadriga_gui:/opt/ros/humble /usr/bin/cmake --build /workspaces/Cuadriga_IA_/build/path_manager_interfaces -- -j8 -l8
[0.075s] [35m[1mConsolidate compiler generated dependencies of target path_manager_interfaces__rosidl_generator_c[0m
[0.077s] [  1%] Built target path_manager_interfaces__rs
[0.080s] [  2%] Built target path_manager_interfaces__cpp
[0.089s] [  2%] Built target ament_cmake_python_symlink_path_manager_interfaces
[0.095s] [ 13%] Built target path_manager_interfaces__rosidl_generator_c
[0.102s] [35m[1mConsolidate compiler generated dependencies of target path_manager_interfaces__rosidl_typesupport_introspection_cpp[0m
[0.102s] [35m[1mConsolidate compiler generated dependencies of target path_manager_interfaces__rosidl_typesupport_cpp[0m
[0.107s] [35m[1mConsolidate compiler generated dependencies of target path_manager_interfaces__rosidl_typesupport_fastrtps_cpp[0m
[0.121s] [35m[1mConsolidate compiler generated dependencies of target path_manager_interfaces__rosidl_typesupport_c[0m
[0.141s] [35m[1mConsolidate compiler generated dependencies of target path_manager_interfaces__rosidl_typesupport_introspection_c[0m
[0.155s] [ 25%] Built target path_manager_interfaces__rosidl_typesupport_introspection_cpp
[0.162s] [35m[1mConsolidate compiler generated dependencies of target path_manager_interfaces__rosidl_typesupport_fastrtps_c[0m
[0.174s] [ 36%] Built target path_manager_interfaces__rosidl_typesupport_fastrtps_cpp
[0.178s] [ 47%] Built target path_manager_interfaces__rosidl_typesupport_c
[0.182s] [ 59%] Built target path_manager_interfaces__rosidl_typesupport_introspection_c
[0.189s] [ 70%] Built target path_manager_interfaces__rosidl_typesupport_cpp
[0.210s] [ 81%] Built target path_manager_interfaces__rosidl_typesupport_fastrtps_c
[0.232s] [ 81%] Built target path_manager_interfaces
[0.256s] [ 82%] Built target path_manager_interfaces__py
[0.268s] [35m[1mConsolidate compiler generated dependencies of target path_manager_interfaces__rosidl_generator_py[0m
[0.291s] [ 93%] Built target path_manager_interfaces__rosidl_generator_py
[0.308s] [35m[1mConsolidate compiler generated dependencies of target path_manager_interfaces__rosidl_typesupport_c__pyext[0m
[0.308s] [35m[1mConsolidate compiler generated dependencies of target path_manager_interfaces__rosidl_typesupport_introspection_c__pyext[0m
[0.308s] [35m[1mConsolidate compiler generated dependencies of target path_manager_interfaces__rosidl_typesupport_fastrtps_c__pyext[0m
[0.340s] [ 95%] Built target path_manager_interfaces__rosidl_typesupport_fastrtps_c__pyext
[0.342s] [ 97%] Built target path_manager_interfaces__rosidl_typesupport_introspection_c__pyext
[0.346s] [100%] Built target path_manager_interfaces__rosidl_typesupport_c__pyext
[0.409s] running egg_info
[0.423s] writing path_manager_interfaces.egg-info/PKG-INFO
[0.423s] writing dependency_links to path_manager_interfaces.egg-info/dependency_links.txt
[0.424s] writing top-level names to path_manager_interfaces.egg-info/top_level.txt
[0.462s] reading manifest file 'path_manager_interfaces.egg-info/SOURCES.txt'
[0.462s] writing manifest file 'path_manager_interfaces.egg-info/SOURCES.txt'
[0.492s] [100%] Built target ament_cmake_python_build_path_manager_interfaces_egg
[0.517s] Invoked command in '/workspaces/Cuadriga_IA_/build/path_manager_interfaces' returned '0': CMAKE_PREFIX_PATH=${CMAKE_PREFIX_PATH}:/ros2_ws/install/cuadriga_gui:/opt/ros/humble /usr/bin/cmake --build /workspaces/Cuadriga_IA_/build/path_manager_interfaces -- -j8 -l8
[0.519s] Invoking command in '/workspaces/Cuadriga_IA_/build/path_manager_interfaces': CMAKE_PREFIX_PATH=${CMAKE_PREFIX_PATH}:/ros2_ws/install/cuadriga_gui:/opt/ros/humble /usr/bin/cmake --install /workspaces/Cuadriga_IA_/build/path_manager_interfaces
[0.527s] -- Install configuration: ""
[0.528s] -- Execute custom install script
[0.528s] -- Up-to-date symlink: /workspaces/Cuadriga_IA_/install/path_manager_interfaces/share/ament_index/resource_index/rosidl_interfaces/path_manager_interfaces
[0.529s] -- Up-to-date symlink: /workspaces/Cuadriga_IA_/install/path_manager_interfaces/include/path_manager_interfaces/path_manager_interfaces/msg/rosidl_generator_c__visibility_control.h
[0.530s] -- Up-to-date symlink: /workspaces/Cuadriga_IA_/install/path_manager_interfaces/include/path_manager_interfaces/path_manager_interfaces/srv/assist_emergency.h
[0.530s] -- Up-to-date symlink: /workspaces/Cuadriga_IA_/install/path_manager_interfaces/include/path_manager_interfaces/path_manager_interfaces/srv/detail/assist_emergency__functions.h
[0.530s] -- Up-to-date symlink: /workspaces/Cuadriga_IA_/install/path_manager_interfaces/include/path_manager_interfaces/path_manager_interfaces/srv/detail/assist_emergency__struct.h
[0.531s] -- Up-to-date symlink: /workspaces/Cuadriga_IA_/install/path_manager_interfaces/include/path_manager_interfaces/path_manager_interfaces/srv/detail/assist_emergency__type_support.h
[0.531s] -- Up-to-date symlink: /workspaces/Cuadriga_IA_/install/path_manager_interfaces/include/path_manager_interfaces/path_manager_interfaces/srv/detail/get_fix_frame_path__functions.h
[0.531s] -- Up-to-date symlink: /workspaces/Cuadriga_IA_/install/path_manager_interfaces/include/path_manager_interfaces/path_manager_interfaces/srv/detail/get_fix_frame_path__struct.h
[0.532s] -- Up-to-date symlink: /workspaces/Cuadriga_IA_/install/path_manager_interfaces/include/path_manager_interfaces/path_manager_interfaces/srv/detail/get_fix_frame_path__type_support.h
[0.532s] -- Up-to-date symlink: /workspaces/Cuadriga_IA_/install/path_manager_interfaces/include/path_manager_interfaces/path_manager_interfaces/srv/detail/get_ll_path__functions.h
[0.532s] -- Up-to-date symlink: /workspaces/Cuadriga_IA_/install/path_manager_interfaces/include/path_manager_interfaces/path_manager_interfaces/srv/detail/get_ll_path__struct.h
[0.532s] -- Up-to-date symlink: /workspaces/Cuadriga_IA_/install/path_manager_interfaces/include/path_manager_interfaces/path_manager_interfaces/srv/detail/get_ll_path__type_support.h
[0.533s] -- Up-to-date symlink: /workspaces/Cuadriga_IA_/install/path_manager_interfaces/include/path_manager_interfaces/path_manager_interfaces/srv/detail/plan_path__functions.h
[0.533s] -- Up-to-date symlink: /workspaces/Cuadriga_IA_/install/path_manager_interfaces/include/path_manager_interfaces/path_manager_interfaces/srv/detail/plan_path__struct.h
[0.533s] -- Up-to-date symlink: /workspaces/Cuadriga_IA_/install/path_manager_interfaces/include/path_manager_interfaces/path_manager_interfaces/srv/detail/plan_path__type_support.h
[0.533s] -- Up-to-date symlink: /workspaces/Cuadriga_IA_/install/path_manager_interfaces/include/path_manager_interfaces/path_manager_interfaces/srv/detail/read_path_from_file__functions.h
[0.534s] -- Up-to-date symlink: /workspaces/Cuadriga_IA_/install/path_manager_interfaces/include/path_manager_interfaces/path_manager_interfaces/srv/detail/read_path_from_file__struct.h
[0.534s] -- Up-to-date symlink: /workspaces/Cuadriga_IA_/install/path_manager_interfaces/include/path_manager_interfaces/path_manager_interfaces/srv/detail/read_path_from_file__type_support.h
[0.534s] -- Up-to-date symlink: /workspaces/Cuadriga_IA_/install/path_manager_interfaces/include/path_manager_interfaces/path_manager_interfaces/srv/detail/return_robot_path__functions.h
[0.535s] -- Up-to-date symlink: /workspaces/Cuadriga_IA_/install/path_manager_interfaces/include/path_manager_interfaces/path_manager_interfaces/srv/detail/return_robot_path__struct.h
[0.535s] -- Up-to-date symlink: /workspaces/Cuadriga_IA_/install/path_manager_interfaces/include/path_manager_interfaces/path_manager_interfaces/srv/detail/return_robot_path__type_support.h
[0.535s] -- Up-to-date symlink: /workspaces/Cuadriga_IA_/install/path_manager_interfaces/include/path_manager_interfaces/path_manager_interfaces/srv/detail/robot_path__functions.h
[0.535s] -- Up-to-date symlink: /workspaces/Cuadriga_IA_/install/path_manager_interfaces/include/path_manager_interfaces/path_manager_interfaces/srv/detail/robot_path__struct.h
[0.536s] -- Up-to-date symlink: /workspaces/Cuadriga_IA_/install/path_manager_interfaces/include/path_manager_interfaces/path_manager_interfaces/srv/detail/robot_path__type_support.h
[0.536s] -- Up-to-date symlink: /workspaces/Cuadriga_IA_/install/path_manager_interfaces/include/path_manager_interfaces/path_manager_interfaces/srv/detail/write_path_to_file__functions.h
[0.536s] -- Up-to-date symlink: /workspaces/Cuadriga_IA_/install/path_manager_interfaces/include/path_manager_interfaces/path_manager_interfaces/srv/detail/write_path_to_file__struct.h
[0.536s] -- Up-to-date symlink: /workspaces/Cuadriga_IA_/install/path_manager_interfaces/include/path_manager_interfaces/path_manager_interfaces/srv/detail/write_path_to_file__type_support.h
[0.536s] -- Up-to-date symlink: /workspaces/Cuadriga_IA_/install/path_manager_interfaces/include/path_manager_interfaces/path_manager_interfaces/srv/get_fix_frame_path.h
[0.537s] -- Up-to-date symlink: /workspaces/Cuadriga_IA_/install/path_manager_interfaces/include/path_manager_interfaces/path_manager_interfaces/srv/get_ll_path.h
[0.537s] -- Up-to-date symlink: /workspaces/Cuadriga_IA_/install/path_manager_interfaces/include/path_manager_interfaces/path_manager_interfaces/srv/plan_path.h
[0.538s] -- Up-to-date symlink: /workspaces/Cuadriga_IA_/install/path_manager_interfaces/include/path_manager_interfaces/path_manager_interfaces/srv/read_path_from_file.h
[0.538s] -- Up-to-date symlink: /workspaces/Cuadriga_IA_/install/path_manager_interfaces/include/path_manager_interfaces/path_manager_interfaces/srv/return_robot_path.h
[0.538s] -- Up-to-date symlink: /workspaces/Cuadriga_IA_/install/path_manager_interfaces/include/path_manager_interfaces/path_manager_interfaces/srv/robot_path.h
[0.538s] -- Up-to-date symlink: /workspaces/Cuadriga_IA_/install/path_manager_interfaces/include/path_manager_interfaces/path_manager_interfaces/srv/write_path_to_file.h
[0.538s] -- Up-to-date symlink: /workspaces/Cuadriga_IA_/install/path_manager_interfaces/share/path_manager_interfaces/environment/library_path.sh
[0.539s] -- Up-to-date symlink: /workspaces/Cuadriga_IA_/install/path_manager_interfaces/share/path_manager_interfaces/environment/library_path.dsv
[0.539s] -- Up-to-date symlink: /workspaces/Cuadriga_IA_/install/path_manager_interfaces/include/path_manager_interfaces/path_manager_interfaces/msg/rosidl_typesupport_fastrtps_c__visibility_control.h
[0.539s] -- Up-to-date symlink: /workspaces/Cuadriga_IA_/install/path_manager_interfaces/include/path_manager_interfaces/path_manager_interfaces/srv/detail/assist_emergency__rosidl_typesupport_fastrtps_c.h
[0.539s] -- Up-to-date symlink: /workspaces/Cuadriga_IA_/install/path_manager_interfaces/include/path_manager_interfaces/path_manager_interfaces/srv/detail/get_fix_frame_path__rosidl_typesupport_fastrtps_c.h
[0.540s] -- Up-to-date symlink: /workspaces/Cuadriga_IA_/install/path_manager_interfaces/include/path_manager_interfaces/path_manager_interfaces/srv/detail/get_ll_path__rosidl_typesupport_fastrtps_c.h
[0.540s] -- Up-to-date symlink: /workspaces/Cuadriga_IA_/install/path_manager_interfaces/include/path_manager_interfaces/path_manager_interfaces/srv/detail/plan_path__rosidl_typesupport_fastrtps_c.h
[0.540s] -- Up-to-date symlink: /workspaces/Cuadriga_IA_/install/path_manager_interfaces/include/path_manager_interfaces/path_manager_interfaces/srv/detail/read_path_from_file__rosidl_typesupport_fastrtps_c.h
[0.541s] -- Up-to-date symlink: /workspaces/Cuadriga_IA_/install/path_manager_interfaces/include/path_manager_interfaces/path_manager_interfaces/srv/detail/return_robot_path__rosidl_typesupport_fastrtps_c.h
[0.541s] -- Up-to-date symlink: /workspaces/Cuadriga_IA_/install/path_manager_interfaces/include/path_manager_interfaces/path_manager_interfaces/srv/detail/robot_path__rosidl_typesupport_fastrtps_c.h
[0.541s] -- Up-to-date symlink: /workspaces/Cuadriga_IA_/install/path_manager_interfaces/include/path_manager_interfaces/path_manager_interfaces/srv/detail/write_path_to_file__rosidl_typesupport_fastrtps_c.h
[0.542s] -- Up-to-date symlink: /workspaces/Cuadriga_IA_/install/path_manager_interfaces/include/path_manager_interfaces/path_manager_interfaces/msg/rosidl_typesupport_introspection_c__visibility_control.h
[0.542s] -- Up-to-date symlink: /workspaces/Cuadriga_IA_/install/path_manager_interfaces/include/path_manager_interfaces/path_manager_interfaces/srv/detail/assist_emergency__rosidl_typesupport_introspection_c.h
[0.542s] -- Up-to-date symlink: /workspaces/Cuadriga_IA_/install/path_manager_interfaces/include/path_manager_interfaces/path_manager_interfaces/srv/detail/get_fix_frame_path__rosidl_typesupport_introspection_c.h
[0.542s] -- Up-to-date symlink: /workspaces/Cuadriga_IA_/install/path_manager_interfaces/include/path_manager_interfaces/path_manager_interfaces/srv/detail/get_ll_path__rosidl_typesupport_introspection_c.h
[0.543s] -- Up-to-date symlink: /workspaces/Cuadriga_IA_/install/path_manager_interfaces/include/path_manager_interfaces/path_manager_interfaces/srv/detail/plan_path__rosidl_typesupport_introspection_c.h
[0.543s] -- Up-to-date symlink: /workspaces/Cuadriga_IA_/install/path_manager_interfaces/include/path_manager_interfaces/path_manager_interfaces/srv/detail/read_path_from_file__rosidl_typesupport_introspection_c.h
[0.543s] -- Up-to-date symlink: /workspaces/Cuadriga_IA_/install/path_manager_interfaces/include/path_manager_interfaces/path_manager_interfaces/srv/detail/return_robot_path__rosidl_typesupport_introspection_c.h
[0.544s] -- Up-to-date symlink: /workspaces/Cuadriga_IA_/install/path_manager_interfaces/include/path_manager_interfaces/path_manager_interfaces/srv/detail/robot_path__rosidl_typesupport_introspection_c.h
[0.544s] -- Up-to-date symlink: /workspaces/Cuadriga_IA_/install/path_manager_interfaces/include/path_manager_interfaces/path_manager_interfaces/srv/detail/write_path_to_file__rosidl_typesupport_introspection_c.h
[0.545s] -- Up-to-date symlink: /workspaces/Cuadriga_IA_/install/path_manager_interfaces/include/path_manager_interfaces/path_manager_interfaces/msg/rosidl_generator_cpp__visibility_control.hpp
[0.545s] -- Up-to-date symlink: /workspaces/Cuadriga_IA_/install/path_manager_interfaces/include/path_manager_interfaces/path_manager_interfaces/srv/assist_emergency.hpp
[0.545s] -- Up-to-date symlink: /workspaces/Cuadriga_IA_/install/path_manager_interfaces/include/path_manager_interfaces/path_manager_interfaces/srv/detail/assist_emergency__builder.hpp
[0.546s] -- Up-to-date symlink: /workspaces/Cuadriga_IA_/install/path_manager_interfaces/include/path_manager_interfaces/path_manager_interfaces/srv/detail/assist_emergency__struct.hpp
[0.546s] -- Up-to-date symlink: /workspaces/Cuadriga_IA_/install/path_manager_interfaces/include/path_manager_interfaces/path_manager_interfaces/srv/detail/assist_emergency__traits.hpp
[0.546s] -- Up-to-date symlink: /workspaces/Cuadriga_IA_/install/path_manager_interfaces/include/path_manager_interfaces/path_manager_interfaces/srv/detail/assist_emergency__type_support.hpp
[0.547s] -- Up-to-date symlink: /workspaces/Cuadriga_IA_/install/path_manager_interfaces/include/path_manager_interfaces/path_manager_interfaces/srv/detail/get_fix_frame_path__builder.hpp
[0.547s] -- Up-to-date symlink: /workspaces/Cuadriga_IA_/install/path_manager_interfaces/include/path_manager_interfaces/path_manager_interfaces/srv/detail/get_fix_frame_path__struct.hpp
[0.547s] -- Up-to-date symlink: /workspaces/Cuadriga_IA_/install/path_manager_interfaces/include/path_manager_interfaces/path_manager_interfaces/srv/detail/get_fix_frame_path__traits.hpp
[0.548s] -- Up-to-date symlink: /workspaces/Cuadriga_IA_/install/path_manager_interfaces/include/path_manager_interfaces/path_manager_interfaces/srv/detail/get_fix_frame_path__type_support.hpp
[0.548s] -- Up-to-date symlink: /workspaces/Cuadriga_IA_/install/path_manager_interfaces/include/path_manager_interfaces/path_manager_interfaces/srv/detail/get_ll_path__builder.hpp
[0.548s] -- Up-to-date symlink: /workspaces/Cuadriga_IA_/install/path_manager_interfaces/include/path_manager_interfaces/path_manager_interfaces/srv/detail/get_ll_path__struct.hpp
[0.549s] -- Up-to-date symlink: /workspaces/Cuadriga_IA_/install/path_manager_interfaces/include/path_manager_interfaces/path_manager_interfaces/srv/detail/get_ll_path__traits.hpp
[0.549s] -- Up-to-date symlink: /workspaces/Cuadriga_IA_/install/path_manager_interfaces/include/path_manager_interfaces/path_manager_interfaces/srv/detail/get_ll_path__type_support.hpp
[0.549s] -- Up-to-date symlink: /workspaces/Cuadriga_IA_/install/path_manager_interfaces/include/path_manager_interfaces/path_manager_interfaces/srv/detail/plan_path__builder.hpp
[0.550s] -- Up-to-date symlink: /workspaces/Cuadriga_IA_/install/path_manager_interfaces/include/path_manager_interfaces/path_manager_interfaces/srv/detail/plan_path__struct.hpp
[0.550s] -- Up-to-date symlink: /workspaces/Cuadriga_IA_/install/path_manager_interfaces/include/path_manager_interfaces/path_manager_interfaces/srv/detail/plan_path__traits.hpp
[0.550s] -- Up-to-date symlink: /workspaces/Cuadriga_IA_/install/path_manager_interfaces/include/path_manager_interfaces/path_manager_interfaces/srv/detail/plan_path__type_support.hpp
[0.550s] -- Up-to-date symlink: /workspaces/Cuadriga_IA_/install/path_manager_interfaces/include/path_manager_interfaces/path_manager_interfaces/srv/detail/read_path_from_file__builder.hpp
[0.551s] -- Up-to-date symlink: /workspaces/Cuadriga_IA_/install/path_manager_interfaces/include/path_manager_interfaces/path_manager_interfaces/srv/detail/read_path_from_file__struct.hpp
[0.551s] -- Up-to-date symlink: /workspaces/Cuadriga_IA_/install/path_manager_interfaces/include/path_manager_interfaces/path_manager_interfaces/srv/detail/read_path_from_file__traits.hpp
[0.551s] -- Up-to-date symlink: /workspaces/Cuadriga_IA_/install/path_manager_interfaces/include/path_manager_interfaces/path_manager_interfaces/srv/detail/read_path_from_file__type_support.hpp
[0.552s] -- Up-to-date symlink: /workspaces/Cuadriga_IA_/install/path_manager_interfaces/include/path_manager_interfaces/path_manager_interfaces/srv/detail/return_robot_path__builder.hpp
[0.552s] -- Up-to-date symlink: /workspaces/Cuadriga_IA_/install/path_manager_interfaces/include/path_manager_interfaces/path_manager_interfaces/srv/detail/return_robot_path__struct.hpp
[0.552s] -- Up-to-date symlink: /workspaces/Cuadriga_IA_/install/path_manager_interfaces/include/path_manager_interfaces/path_manager_interfaces/srv/detail/return_robot_path__traits.hpp
[0.552s] -- Up-to-date symlink: /workspaces/Cuadriga_IA_/install/path_manager_interfaces/include/path_manager_interfaces/path_manager_interfaces/srv/detail/return_robot_path__type_support.hpp
[0.553s] -- Up-to-date symlink: /workspaces/Cuadriga_IA_/install/path_manager_interfaces/include/path_manager_interfaces/path_manager_interfaces/srv/detail/robot_path__builder.hpp
[0.553s] -- Up-to-date symlink: /workspaces/Cuadriga_IA_/install/path_manager_interfaces/include/path_manager_interfaces/path_manager_interfaces/srv/detail/robot_path__struct.hpp
[0.553s] -- Up-to-date symlink: /workspaces/Cuadriga_IA_/install/path_manager_interfaces/include/path_manager_interfaces/path_manager_interfaces/srv/detail/robot_path__traits.hpp
[0.554s] -- Up-to-date symlink: /workspaces/Cuadriga_IA_/install/path_manager_interfaces/include/path_manager_interfaces/path_manager_interfaces/srv/detail/robot_path__type_support.hpp
[0.554s] -- Up-to-date symlink: /workspaces/Cuadriga_IA_/install/path_manager_interfaces/include/path_manager_interfaces/path_manager_interfaces/srv/detail/write_path_to_file__builder.hpp
[0.554s] -- Up-to-date symlink: /workspaces/Cuadriga_IA_/install/path_manager_interfaces/include/path_manager_interfaces/path_manager_interfaces/srv/detail/write_path_to_file__struct.hpp
[0.555s] -- Up-to-date symlink: /workspaces/Cuadriga_IA_/install/path_manager_interfaces/include/path_manager_interfaces/path_manager_interfaces/srv/detail/write_path_to_file__traits.hpp
[0.555s] -- Up-to-date symlink: /workspaces/Cuadriga_IA_/install/path_manager_interfaces/include/path_manager_interfaces/path_manager_interfaces/srv/detail/write_path_to_file__type_support.hpp
[0.555s] -- Up-to-date symlink: /workspaces/Cuadriga_IA_/install/path_manager_interfaces/include/path_manager_interfaces/path_manager_interfaces/srv/get_fix_frame_path.hpp
[0.555s] -- Up-to-date symlink: /workspaces/Cuadriga_IA_/install/path_manager_interfaces/include/path_manager_interfaces/path_manager_interfaces/srv/get_ll_path.hpp
[0.556s] -- Up-to-date symlink: /workspaces/Cuadriga_IA_/install/path_manager_interfaces/include/path_manager_interfaces/path_manager_interfaces/srv/plan_path.hpp
[0.556s] -- Up-to-date symlink: /workspaces/Cuadriga_IA_/install/path_manager_interfaces/include/path_manager_interfaces/path_manager_interfaces/srv/read_path_from_file.hpp
[0.556s] -- Up-to-date symlink: /workspaces/Cuadriga_IA_/install/path_manager_interfaces/include/path_manager_interfaces/path_manager_interfaces/srv/return_robot_path.hpp
[0.557s] -- Up-to-date symlink: /workspaces/Cuadriga_IA_/install/path_manager_interfaces/include/path_manager_interfaces/path_manager_interfaces/srv/robot_path.hpp
[0.557s] -- Up-to-date symlink: /workspaces/Cuadriga_IA_/install/path_manager_interfaces/include/path_manager_interfaces/path_manager_interfaces/srv/write_path_to_file.hpp
[0.558s] -- Up-to-date symlink: /workspaces/Cuadriga_IA_/install/path_manager_interfaces/include/path_manager_interfaces/path_manager_interfaces/msg/rosidl_typesupport_fastrtps_cpp__visibility_control.h
[0.558s] -- Up-to-date symlink: /workspaces/Cuadriga_IA_/install/path_manager_interfaces/include/path_manager_interfaces/path_manager_interfaces/srv/detail/assist_emergency__rosidl_typesupport_fastrtps_cpp.hpp
[0.559s] -- Up-to-date symlink: /workspaces/Cuadriga_IA_/install/path_manager_interfaces/include/path_manager_interfaces/path_manager_interfaces/srv/detail/get_fix_frame_path__rosidl_typesupport_fastrtps_cpp.hpp
[0.559s] -- Up-to-date symlink: /workspaces/Cuadriga_IA_/install/path_manager_interfaces/include/path_manager_interfaces/path_manager_interfaces/srv/detail/get_ll_path__rosidl_typesupport_fastrtps_cpp.hpp
[0.559s] -- Up-to-date symlink: /workspaces/Cuadriga_IA_/install/path_manager_interfaces/include/path_manager_interfaces/path_manager_interfaces/srv/detail/plan_path__rosidl_typesupport_fastrtps_cpp.hpp
[0.559s] -- Up-to-date symlink: /workspaces/Cuadriga_IA_/install/path_manager_interfaces/include/path_manager_interfaces/path_manager_interfaces/srv/detail/read_path_from_file__rosidl_typesupport_fastrtps_cpp.hpp
[0.560s] -- Up-to-date symlink: /workspaces/Cuadriga_IA_/install/path_manager_interfaces/include/path_manager_interfaces/path_manager_interfaces/srv/detail/return_robot_path__rosidl_typesupport_fastrtps_cpp.hpp
[0.560s] -- Up-to-date symlink: /workspaces/Cuadriga_IA_/install/path_manager_interfaces/include/path_manager_interfaces/path_manager_interfaces/srv/detail/robot_path__rosidl_typesupport_fastrtps_cpp.hpp
[0.560s] -- Up-to-date symlink: /workspaces/Cuadriga_IA_/install/path_manager_interfaces/include/path_manager_interfaces/path_manager_interfaces/srv/detail/write_path_to_file__rosidl_typesupport_fastrtps_cpp.hpp
[0.560s] -- Up-to-date symlink: /workspaces/Cuadriga_IA_/install/path_manager_interfaces/include/path_manager_interfaces/path_manager_interfaces/srv/detail/assist_emergency__rosidl_typesupport_introspection_cpp.hpp
[0.561s] -- Up-to-date symlink: /workspaces/Cuadriga_IA_/install/path_manager_interfaces/include/path_manager_interfaces/path_manager_interfaces/srv/detail/get_fix_frame_path__rosidl_typesupport_introspection_cpp.hpp
[0.561s] -- Up-to-date symlink: /workspaces/Cuadriga_IA_/install/path_manager_interfaces/include/path_manager_interfaces/path_manager_interfaces/srv/detail/get_ll_path__rosidl_typesupport_introspection_cpp.hpp
[0.561s] -- Up-to-date symlink: /workspaces/Cuadriga_IA_/install/path_manager_interfaces/include/path_manager_interfaces/path_manager_interfaces/srv/detail/plan_path__rosidl_typesupport_introspection_cpp.hpp
[0.562s] -- Up-to-date symlink: /workspaces/Cuadriga_IA_/install/path_manager_interfaces/include/path_manager_interfaces/path_manager_interfaces/srv/detail/read_path_from_file__rosidl_typesupport_introspection_cpp.hpp
[0.562s] -- Up-to-date symlink: /workspaces/Cuadriga_IA_/install/path_manager_interfaces/include/path_manager_interfaces/path_manager_interfaces/srv/detail/return_robot_path__rosidl_typesupport_introspection_cpp.hpp
[0.562s] -- Up-to-date symlink: /workspaces/Cuadriga_IA_/install/path_manager_interfaces/include/path_manager_interfaces/path_manager_interfaces/srv/detail/robot_path__rosidl_typesupport_introspection_cpp.hpp
[0.563s] -- Up-to-date symlink: /workspaces/Cuadriga_IA_/install/path_manager_interfaces/include/path_manager_interfaces/path_manager_interfaces/srv/detail/write_path_to_file__rosidl_typesupport_introspection_cpp.hpp
[0.563s] -- Up-to-date symlink: /workspaces/Cuadriga_IA_/install/path_manager_interfaces/share/path_manager_interfaces/environment/pythonpath.sh
[0.563s] -- Up-to-date symlink: /workspaces/Cuadriga_IA_/install/path_manager_interfaces/share/path_manager_interfaces/environment/pythonpath.dsv
[0.563s] -- Up-to-date symlink: /workspaces/Cuadriga_IA_/install/path_manager_interfaces/local/lib/python3.10/dist-packages/path_manager_interfaces-0.0.0-py3.10.egg-info/PKG-INFO
[0.564s] -- Up-to-date symlink: /workspaces/Cuadriga_IA_/install/path_manager_interfaces/local/lib/python3.10/dist-packages/path_manager_interfaces-0.0.0-py3.10.egg-info/SOURCES.txt
[0.564s] -- Up-to-date symlink: /workspaces/Cuadriga_IA_/install/path_manager_interfaces/local/lib/python3.10/dist-packages/path_manager_interfaces-0.0.0-py3.10.egg-info/dependency_links.txt
[0.564s] -- Up-to-date symlink: /workspaces/Cuadriga_IA_/install/path_manager_interfaces/local/lib/python3.10/dist-packages/path_manager_interfaces-0.0.0-py3.10.egg-info/top_level.txt
[0.565s] -- Up-to-date symlink: /workspaces/Cuadriga_IA_/install/path_manager_interfaces/local/lib/python3.10/dist-packages/path_manager_interfaces/__init__.py
[0.566s] -- Up-to-date symlink: /workspaces/Cuadriga_IA_/install/path_manager_interfaces/local/lib/python3.10/dist-packages/path_manager_interfaces/_path_manager_interfaces_s.ep.rosidl_typesupport_c.c
[0.566s] -- Up-to-date symlink: /workspaces/Cuadriga_IA_/install/path_manager_interfaces/local/lib/python3.10/dist-packages/path_manager_interfaces/_path_manager_interfaces_s.ep.rosidl_typesupport_fastrtps_c.c
[0.566s] -- Up-to-date symlink: /workspaces/Cuadriga_IA_/install/path_manager_interfaces/local/lib/python3.10/dist-packages/path_manager_interfaces/_path_manager_interfaces_s.ep.rosidl_typesupport_introspection_c.c
[0.567s] -- Up-to-date symlink: /workspaces/Cuadriga_IA_/install/path_manager_interfaces/local/lib/python3.10/dist-packages/path_manager_interfaces/libpath_manager_interfaces__rosidl_generator_py.so
[0.567s] -- Up-to-date symlink: /workspaces/Cuadriga_IA_/install/path_manager_interfaces/local/lib/python3.10/dist-packages/path_manager_interfaces/path_manager_interfaces_s__rosidl_typesupport_c.cpython-310-x86_64-linux-gnu.so
[0.567s] -- Up-to-date symlink: /workspaces/Cuadriga_IA_/install/path_manager_interfaces/local/lib/python3.10/dist-packages/path_manager_interfaces/path_manager_interfaces_s__rosidl_typesupport_fastrtps_c.cpython-310-x86_64-linux-gnu.so
[0.567s] -- Up-to-date symlink: /workspaces/Cuadriga_IA_/install/path_manager_interfaces/local/lib/python3.10/dist-packages/path_manager_interfaces/path_manager_interfaces_s__rosidl_typesupport_introspection_c.cpython-310-x86_64-linux-gnu.so
[0.567s] -- Up-to-date symlink: /workspaces/Cuadriga_IA_/install/path_manager_interfaces/local/lib/python3.10/dist-packages/path_manager_interfaces/srv/__init__.py
[0.567s] -- Up-to-date symlink: /workspaces/Cuadriga_IA_/install/path_manager_interfaces/local/lib/python3.10/dist-packages/path_manager_interfaces/srv/_assist_emergency.py
[0.567s] -- Up-to-date symlink: /workspaces/Cuadriga_IA_/install/path_manager_interfaces/local/lib/python3.10/dist-packages/path_manager_interfaces/srv/_assist_emergency_s.c
[0.568s] -- Up-to-date symlink: /workspaces/Cuadriga_IA_/install/path_manager_interfaces/local/lib/python3.10/dist-packages/path_manager_interfaces/srv/_get_fix_frame_path.py
[0.568s] -- Up-to-date symlink: /workspaces/Cuadriga_IA_/install/path_manager_interfaces/local/lib/python3.10/dist-packages/path_manager_interfaces/srv/_get_fix_frame_path_s.c
[0.568s] -- Up-to-date symlink: /workspaces/Cuadriga_IA_/install/path_manager_interfaces/local/lib/python3.10/dist-packages/path_manager_interfaces/srv/_get_ll_path.py
[0.568s] -- Up-to-date symlink: /workspaces/Cuadriga_IA_/install/path_manager_interfaces/local/lib/python3.10/dist-packages/path_manager_interfaces/srv/_get_ll_path_s.c
[0.569s] -- Up-to-date symlink: /workspaces/Cuadriga_IA_/install/path_manager_interfaces/local/lib/python3.10/dist-packages/path_manager_interfaces/srv/_plan_path.py
[0.569s] -- Up-to-date symlink: /workspaces/Cuadriga_IA_/install/path_manager_interfaces/local/lib/python3.10/dist-packages/path_manager_interfaces/srv/_plan_path_s.c
[0.569s] -- Up-to-date symlink: /workspaces/Cuadriga_IA_/install/path_manager_interfaces/local/lib/python3.10/dist-packages/path_manager_interfaces/srv/_read_path_from_file.py
[0.570s] -- Up-to-date symlink: /workspaces/Cuadriga_IA_/install/path_manager_interfaces/local/lib/python3.10/dist-packages/path_manager_interfaces/srv/_read_path_from_file_s.c
[0.570s] -- Up-to-date symlink: /workspaces/Cuadriga_IA_/install/path_manager_interfaces/local/lib/python3.10/dist-packages/path_manager_interfaces/srv/_return_robot_path.py
[0.570s] -- Up-to-date symlink: /workspaces/Cuadriga_IA_/install/path_manager_interfaces/local/lib/python3.10/dist-packages/path_manager_interfaces/srv/_return_robot_path_s.c
[0.570s] -- Up-to-date symlink: /workspaces/Cuadriga_IA_/install/path_manager_interfaces/local/lib/python3.10/dist-packages/path_manager_interfaces/srv/_robot_path.py
[0.571s] -- Up-to-date symlink: /workspaces/Cuadriga_IA_/install/path_manager_interfaces/local/lib/python3.10/dist-packages/path_manager_interfaces/srv/_robot_path_s.c
[0.571s] -- Up-to-date symlink: /workspaces/Cuadriga_IA_/install/path_manager_interfaces/local/lib/python3.10/dist-packages/path_manager_interfaces/srv/_write_path_to_file.py
[0.571s] -- Up-to-date symlink: /workspaces/Cuadriga_IA_/install/path_manager_interfaces/local/lib/python3.10/dist-packages/path_manager_interfaces/srv/_write_path_to_file_s.c
[0.572s] -- Up-to-date symlink: /workspaces/Cuadriga_IA_/install/path_manager_interfaces/local/lib/python3.10/dist-packages/path_manager_interfaces/path_manager_interfaces_s__rosidl_typesupport_fastrtps_c.cpython-310-x86_64-linux-gnu.so
[0.572s] -- Up-to-date symlink: /workspaces/Cuadriga_IA_/install/path_manager_interfaces/local/lib/python3.10/dist-packages/path_manager_interfaces/path_manager_interfaces_s__rosidl_typesupport_introspection_c.cpython-310-x86_64-linux-gnu.so
[0.572s] -- Up-to-date symlink: /workspaces/Cuadriga_IA_/install/path_manager_interfaces/local/lib/python3.10/dist-packages/path_manager_interfaces/path_manager_interfaces_s__rosidl_typesupport_c.cpython-310-x86_64-linux-gnu.so
[0.573s] -- Up-to-date symlink: /workspaces/Cuadriga_IA_/install/path_manager_interfaces/share/ament_index/resource_index/rust_packages/path_manager_interfaces
[0.573s] -- Up-to-date symlink: /workspaces/Cuadriga_IA_/install/path_manager_interfaces/share/path_manager_interfaces/rust/Cargo.toml
[0.574s] -- Up-to-date symlink: /workspaces/Cuadriga_IA_/install/path_manager_interfaces/share/path_manager_interfaces/rust/build.rs
[0.574s] -- Up-to-date symlink: /workspaces/Cuadriga_IA_/install/path_manager_interfaces/share/path_manager_interfaces/rust/src/lib.rs
[0.574s] -- Up-to-date symlink: /workspaces/Cuadriga_IA_/install/path_manager_interfaces/share/path_manager_interfaces/rust/src/srv.rs
[0.574s] -- Up-to-date symlink: /workspaces/Cuadriga_IA_/install/path_manager_interfaces/share/path_manager_interfaces/rust/src/srv/rmw.rs
[0.574s] -- Up-to-date symlink: /workspaces/Cuadriga_IA_/install/path_manager_interfaces/share/path_manager_interfaces/srv/WritePathToFile.idl
[0.574s] -- Up-to-date symlink: /workspaces/Cuadriga_IA_/install/path_manager_interfaces/share/path_manager_interfaces/srv/ReadPathFromFile.idl
[0.575s] -- Up-to-date symlink: /workspaces/Cuadriga_IA_/install/path_manager_interfaces/share/path_manager_interfaces/srv/ReturnRobotPath.idl
[0.575s] -- Up-to-date symlink: /workspaces/Cuadriga_IA_/install/path_manager_interfaces/share/path_manager_interfaces/srv/RobotPath.idl
[0.575s] -- Up-to-date symlink: /workspaces/Cuadriga_IA_/install/path_manager_interfaces/share/path_manager_interfaces/srv/GetFixFramePath.idl
[0.575s] -- Up-to-date symlink: /workspaces/Cuadriga_IA_/install/path_manager_interfaces/share/path_manager_interfaces/srv/GetLLPath.idl
[0.576s] -- Up-to-date symlink: /workspaces/Cuadriga_IA_/install/path_manager_interfaces/share/path_manager_interfaces/srv/PlanPath.idl
[0.576s] -- Up-to-date symlink: /workspaces/Cuadriga_IA_/install/path_manager_interfaces/share/path_manager_interfaces/srv/AssistEmergency.idl
[0.576s] -- Up-to-date symlink: /workspaces/Cuadriga_IA_/install/path_manager_interfaces/share/path_manager_interfaces/srv/WritePathToFile.srv
[0.576s] -- Up-to-date symlink: /workspaces/Cuadriga_IA_/install/path_manager_interfaces/share/path_manager_interfaces/srv/WritePathToFile_Request.msg
[0.577s] -- Up-to-date symlink: /workspaces/Cuadriga_IA_/install/path_manager_interfaces/share/path_manager_interfaces/srv/WritePathToFile_Response.msg
[0.577s] -- Up-to-date symlink: /workspaces/Cuadriga_IA_/install/path_manager_interfaces/share/path_manager_interfaces/srv/ReadPathFromFile.srv
[0.577s] -- Up-to-date symlink: /workspaces/Cuadriga_IA_/install/path_manager_interfaces/share/path_manager_interfaces/srv/ReadPathFromFile_Request.msg
[0.577s] -- Up-to-date symlink: /workspaces/Cuadriga_IA_/install/path_manager_interfaces/share/path_manager_interfaces/srv/ReadPathFromFile_Response.msg
[0.578s] -- Up-to-date symlink: /workspaces/Cuadriga_IA_/install/path_manager_interfaces/share/path_manager_interfaces/srv/ReturnRobotPath.srv
[0.578s] -- Up-to-date symlink: /workspaces/Cuadriga_IA_/install/path_manager_interfaces/share/path_manager_interfaces/srv/ReturnRobotPath_Request.msg
[0.578s] -- Up-to-date symlink: /workspaces/Cuadriga_IA_/install/path_manager_interfaces/share/path_manager_interfaces/srv/ReturnRobotPath_Response.msg
[0.578s] -- Up-to-date symlink: /workspaces/Cuadriga_IA_/install/path_manager_interfaces/share/path_manager_interfaces/srv/RobotPath.srv
[0.578s] -- Up-to-date symlink: /workspaces/Cuadriga_IA_/install/path_manager_interfaces/share/path_manager_interfaces/srv/RobotPath_Request.msg
[0.579s] -- Up-to-date symlink: /workspaces/Cuadriga_IA_/install/path_manager_interfaces/share/path_manager_interfaces/srv/RobotPath_Response.msg
[0.579s] -- Up-to-date symlink: /workspaces/Cuadriga_IA_/install/path_manager_interfaces/share/path_manager_interfaces/srv/GetFixFramePath.srv
[0.579s] -- Up-to-date symlink: /workspaces/Cuadriga_IA_/install/path_manager_interfaces/share/path_manager_interfaces/srv/GetFixFramePath_Request.msg
[0.579s] -- Up-to-date symlink: /workspaces/Cuadriga_IA_/install/path_manager_interfaces/share/path_manager_interfaces/srv/GetFixFramePath_Response.msg
[0.580s] -- Up-to-date symlink: /workspaces/Cuadriga_IA_/install/path_manager_interfaces/share/path_manager_interfaces/srv/GetLLPath.srv
[0.580s] -- Up-to-date symlink: /workspaces/Cuadriga_IA_/install/path_manager_interfaces/share/path_manager_interfaces/srv/GetLLPath_Request.msg
[0.580s] -- Up-to-date symlink: /workspaces/Cuadriga_IA_/install/path_manager_interfaces/share/path_manager_interfaces/srv/GetLLPath_Response.msg
[0.581s] -- Up-to-date symlink: /workspaces/Cuadriga_IA_/install/path_manager_interfaces/share/path_manager_interfaces/srv/PlanPath.srv
[0.581s] -- Up-to-date symlink: /workspaces/Cuadriga_IA_/install/path_manager_interfaces/share/path_manager_interfaces/srv/PlanPath_Request.msg
[0.581s] -- Up-to-date symlink: /workspaces/Cuadriga_IA_/install/path_manager_interfaces/share/path_manager_interfaces/srv/PlanPath_Response.msg
[0.581s] -- Up-to-date symlink: /workspaces/Cuadriga_IA_/install/path_manager_interfaces/share/path_manager_interfaces/srv/AssistEmergency.srv
[0.581s] -- Up-to-date symlink: /workspaces/Cuadriga_IA_/install/path_manager_interfaces/share/path_manager_interfaces/srv/AssistEmergency_Request.msg
[0.581s] -- Up-to-date symlink: /workspaces/Cuadriga_IA_/install/path_manager_interfaces/share/path_manager_interfaces/srv/AssistEmergency_Response.msg
[0.582s] -- Up-to-date symlink: /workspaces/Cuadriga_IA_/install/path_manager_interfaces/share/ament_index/resource_index/package_run_dependencies/path_manager_interfaces
[0.582s] -- Up-to-date symlink: /workspaces/Cuadriga_IA_/install/path_manager_interfaces/share/ament_index/resource_index/parent_prefix_path/path_manager_interfaces
[0.582s] -- Up-to-date symlink: /workspaces/Cuadriga_IA_/install/path_manager_interfaces/share/path_manager_interfaces/environment/ament_prefix_path.sh
[0.582s] -- Up-to-date symlink: /workspaces/Cuadriga_IA_/install/path_manager_interfaces/share/path_manager_interfaces/environment/ament_prefix_path.dsv
[0.583s] -- Up-to-date symlink: /workspaces/Cuadriga_IA_/install/path_manager_interfaces/share/path_manager_interfaces/environment/path.sh
[0.583s] -- Up-to-date symlink: /workspaces/Cuadriga_IA_/install/path_manager_interfaces/share/path_manager_interfaces/environment/path.dsv
[0.583s] -- Up-to-date symlink: /workspaces/Cuadriga_IA_/install/path_manager_interfaces/share/path_manager_interfaces/local_setup.bash
[0.583s] -- Up-to-date symlink: /workspaces/Cuadriga_IA_/install/path_manager_interfaces/share/path_manager_interfaces/local_setup.sh
[0.583s] -- Up-to-date symlink: /workspaces/Cuadriga_IA_/install/path_manager_interfaces/share/path_manager_interfaces/local_setup.zsh
[0.584s] -- Up-to-date symlink: /workspaces/Cuadriga_IA_/install/path_manager_interfaces/share/path_manager_interfaces/local_setup.dsv
[0.584s] -- Symlinking: /workspaces/Cuadriga_IA_/install/path_manager_interfaces/share/path_manager_interfaces/package.dsv
[0.586s] -- Up-to-date symlink: /workspaces/Cuadriga_IA_/install/path_manager_interfaces/share/ament_index/resource_index/packages/path_manager_interfaces
[0.587s] -- Up-to-date symlink: /workspaces/Cuadriga_IA_/install/path_manager_interfaces/share/path_manager_interfaces/cmake/rosidl_cmake-extras.cmake
[0.587s] -- Up-to-date symlink: /workspaces/Cuadriga_IA_/install/path_manager_interfaces/share/path_manager_interfaces/cmake/ament_cmake_export_dependencies-extras.cmake
[0.587s] -- Up-to-date symlink: /workspaces/Cuadriga_IA_/install/path_manager_interfaces/share/path_manager_interfaces/cmake/ament_cmake_export_include_directories-extras.cmake
[0.587s] -- Up-to-date symlink: /workspaces/Cuadriga_IA_/install/path_manager_interfaces/share/path_manager_interfaces/cmake/ament_cmake_export_libraries-extras.cmake
[0.587s] -- Up-to-date symlink: /workspaces/Cuadriga_IA_/install/path_manager_interfaces/share/path_manager_interfaces/cmake/ament_cmake_export_targets-extras.cmake
[0.588s] -- Up-to-date symlink: /workspaces/Cuadriga_IA_/install/path_manager_interfaces/share/path_manager_interfaces/cmake/rosidl_cmake_export_typesupport_targets-extras.cmake
[0.588s] -- Up-to-date symlink: /workspaces/Cuadriga_IA_/install/path_manager_interfaces/share/path_manager_interfaces/cmake/rosidl_cmake_export_typesupport_libraries-extras.cmake
[0.588s] -- Up-to-date symlink: /workspaces/Cuadriga_IA_/install/path_manager_interfaces/share/path_manager_interfaces/cmake/path_manager_interfacesConfig.cmake
[0.588s] -- Up-to-date symlink: /workspaces/Cuadriga_IA_/install/path_manager_interfaces/share/path_manager_interfaces/cmake/path_manager_interfacesConfig-version.cmake
[0.588s] -- Up-to-date symlink: /workspaces/Cuadriga_IA_/install/path_manager_interfaces/share/path_manager_interfaces/package.xml
[0.589s] -- Up-to-date: /workspaces/Cuadriga_IA_/install/path_manager_interfaces/lib/libpath_manager_interfaces__rosidl_generator_c.so
[0.589s] -- Up-to-date: /workspaces/Cuadriga_IA_/install/path_manager_interfaces/lib/libpath_manager_interfaces__rosidl_typesupport_fastrtps_c.so
[0.590s] -- Up-to-date: /workspaces/Cuadriga_IA_/install/path_manager_interfaces/lib/libpath_manager_interfaces__rosidl_typesupport_introspection_c.so
[0.590s] -- Up-to-date: /workspaces/Cuadriga_IA_/install/path_manager_interfaces/lib/libpath_manager_interfaces__rosidl_typesupport_c.so
[0.591s] -- Up-to-date: /workspaces/Cuadriga_IA_/install/path_manager_interfaces/lib/libpath_manager_interfaces__rosidl_typesupport_fastrtps_cpp.so
[0.591s] -- Up-to-date: /workspaces/Cuadriga_IA_/install/path_manager_interfaces/lib/libpath_manager_interfaces__rosidl_typesupport_introspection_cpp.so
[0.592s] -- Up-to-date: /workspaces/Cuadriga_IA_/install/path_manager_interfaces/lib/libpath_manager_interfaces__rosidl_typesupport_cpp.so
[0.626s] Listing '/workspaces/Cuadriga_IA_/install/path_manager_interfaces/local/lib/python3.10/dist-packages/path_manager_interfaces'...
[0.626s] Listing '/workspaces/Cuadriga_IA_/install/path_manager_interfaces/local/lib/python3.10/dist-packages/path_manager_interfaces/srv'...
[0.630s] -- Up-to-date: /workspaces/Cuadriga_IA_/install/path_manager_interfaces/lib/libpath_manager_interfaces__rosidl_generator_py.so
[0.630s] -- Up-to-date: /workspaces/Cuadriga_IA_/install/path_manager_interfaces/share/path_manager_interfaces/cmake/export_path_manager_interfaces__rosidl_generator_cExport.cmake
[0.630s] -- Up-to-date: /workspaces/Cuadriga_IA_/install/path_manager_interfaces/share/path_manager_interfaces/cmake/export_path_manager_interfaces__rosidl_generator_cExport-noconfig.cmake
[0.630s] -- Up-to-date: /workspaces/Cuadriga_IA_/install/path_manager_interfaces/share/path_manager_interfaces/cmake/export_path_manager_interfaces__rosidl_typesupport_fastrtps_cExport.cmake
[0.630s] -- Up-to-date: /workspaces/Cuadriga_IA_/install/path_manager_interfaces/share/path_manager_interfaces/cmake/export_path_manager_interfaces__rosidl_typesupport_fastrtps_cExport-noconfig.cmake
[0.631s] -- Up-to-date: /workspaces/Cuadriga_IA_/install/path_manager_interfaces/share/path_manager_interfaces/cmake/path_manager_interfaces__rosidl_typesupport_introspection_cExport.cmake
[0.631s] -- Up-to-date: /workspaces/Cuadriga_IA_/install/path_manager_interfaces/share/path_manager_interfaces/cmake/path_manager_interfaces__rosidl_typesupport_introspection_cExport-noconfig.cmake
[0.631s] -- Up-to-date: /workspaces/Cuadriga_IA_/install/path_manager_interfaces/share/path_manager_interfaces/cmake/path_manager_interfaces__rosidl_typesupport_cExport.cmake
[0.631s] -- Up-to-date: /workspaces/Cuadriga_IA_/install/path_manager_interfaces/share/path_manager_interfaces/cmake/path_manager_interfaces__rosidl_typesupport_cExport-noconfig.cmake
[0.631s] -- Up-to-date: /workspaces/Cuadriga_IA_/install/path_manager_interfaces/share/path_manager_interfaces/cmake/export_path_manager_interfaces__rosidl_generator_cppExport.cmake
[0.631s] -- Up-to-date: /workspaces/Cuadriga_IA_/install/path_manager_interfaces/share/path_manager_interfaces/cmake/export_path_manager_interfaces__rosidl_typesupport_fastrtps_cppExport.cmake
[0.631s] -- Up-to-date: /workspaces/Cuadriga_IA_/install/path_manager_interfaces/share/path_manager_interfaces/cmake/export_path_manager_interfaces__rosidl_typesupport_fastrtps_cppExport-noconfig.cmake
[0.631s] -- Up-to-date: /workspaces/Cuadriga_IA_/install/path_manager_interfaces/share/path_manager_interfaces/cmake/path_manager_interfaces__rosidl_typesupport_introspection_cppExport.cmake
[0.631s] -- Up-to-date: /workspaces/Cuadriga_IA_/install/path_manager_interfaces/share/path_manager_interfaces/cmake/path_manager_interfaces__rosidl_typesupport_introspection_cppExport-noconfig.cmake
[0.632s] -- Up-to-date: /workspaces/Cuadriga_IA_/install/path_manager_interfaces/share/path_manager_interfaces/cmake/path_manager_interfaces__rosidl_typesupport_cppExport.cmake
[0.632s] -- Up-to-date: /workspaces/Cuadriga_IA_/install/path_manager_interfaces/share/path_manager_interfaces/cmake/path_manager_interfaces__rosidl_typesupport_cppExport-noconfig.cmake
[0.632s] -- Up-to-date: /workspaces/Cuadriga_IA_/install/path_manager_interfaces/share/path_manager_interfaces/cmake/export_path_manager_interfaces__rosidl_generator_pyExport.cmake
[0.632s] -- Up-to-date: /workspaces/Cuadriga_IA_/install/path_manager_interfaces/share/path_manager_interfaces/cmake/export_path_manager_interfaces__rosidl_generator_pyExport-noconfig.cmake
[0.635s] Invoked command in '/workspaces/Cuadriga_IA_/build/path_manager_interfaces' returned '0': CMAKE_PREFIX_PATH=${CMAKE_PREFIX_PATH}:/ros2_ws/install/cuadriga_gui:/opt/ros/humble /usr/bin/cmake --install /workspaces/Cuadriga_IA_/build/path_manager_interfaces
