[0.213s] Invoking command in '/home/rhobtor/PHD/Cuadriga_j8/src/Cuadriga/src/ARGOSJ8_IA_/build/hikmicro_thermal_camera': CMAKE_PREFIX_PATH=${CMAKE_PREFIX_PATH}:/opt/ros/humble /opt/st/stm32cubeclt_1.18.0/CMake/bin/cmake /home/rhobtor/PHD/Cuadriga_j8/src/Cuadriga/src/ARGOSJ8_IA_/src/hikmicro_thermal_camera -DCMAKE_INSTALL_PREFIX=/home/rhobtor/PHD/Cuadriga_j8/src/Cuadriga/src/ARGOSJ8_IA_/install/hikmicro_thermal_camera
[0.589s] -- The C compiler identification is GNU 11.4.0
[0.589s] -- The CXX compiler identification is GNU 11.4.0
[0.589s] -- Detecting C compiler ABI info
[0.589s] -- Detecting C compiler ABI info - done
[0.589s] -- Check for working C compiler: /usr/bin/cc - skipped
[0.589s] -- Detecting C compile features
[0.589s] -- Detecting C compile features - done
[0.589s] -- Detecting CXX compiler ABI info
[0.589s] -- Detecting CXX compiler ABI info - done
[0.590s] -- Check for working CXX compiler: /usr/bin/c++ - skipped
[0.590s] -- Detecting CXX compile features
[0.590s] -- Detecting CXX compile features - done
[0.590s] -- Found ament_cmake: 1.3.14 (/opt/ros/humble/share/ament_cmake/cmake)
[0.714s] -- Found Python3: /usr/bin/python3 (found version "3.10.12") found components: Interpreter 
[0.884s] -- Found rclcpp: 16.0.18 (/opt/ros/humble/share/rclcpp/cmake)
[0.993s] -- Found rosidl_generator_c: 3.1.8 (/opt/ros/humble/share/rosidl_generator_c/cmake)
[1.006s] -- Found rosidl_adapter: 3.1.8 (/opt/ros/humble/share/rosidl_adapter/cmake)
[1.027s] -- Found rosidl_generator_cpp: 3.1.8 (/opt/ros/humble/share/rosidl_generator_cpp/cmake)
[1.053s] -- Using all available rosidl_typesupport_c: rosidl_typesupport_fastrtps_c;rosidl_typesupport_introspection_c
[1.097s] -- Using all available rosidl_typesupport_cpp: rosidl_typesupport_fastrtps_cpp;rosidl_typesupport_introspection_cpp
[1.225s] -- Found rmw_implementation_cmake: 6.1.2 (/opt/ros/humble/share/rmw_implementation_cmake/cmake)
[1.232s] -- Found rmw_fastrtps_cpp: 6.2.10 (/opt/ros/humble/share/rmw_fastrtps_cpp/cmake)
[1.390s] -- Found OpenSSL: /usr/lib/x86_64-linux-gnu/libcrypto.so (found version "3.0.2")  
[1.441s] -- Found FastRTPS: /opt/ros/humble/include  
[1.509s] -- Using RMW implementation 'rmw_fastrtps_cpp' as default
[1.526s] -- Performing Test CMAKE_HAVE_LIBC_PTHREAD
[1.631s] -- Performing Test CMAKE_HAVE_LIBC_PTHREAD - Success
[1.633s] -- Found Threads: TRUE  
[1.801s] -- Found sensor_msgs: 4.9.1 (/opt/ros/humble/share/sensor_msgs/cmake)
[1.882s] -- Found cv_bridge: 3.2.1 (/opt/ros/humble/share/cv_bridge/cmake)
[1.920s] -- Found OpenCV: /usr (found version "4.5.4") found components: core imgproc videoio 
[2.031s] -- Configuring done (1.8s)
[2.068s] -- Generating done (0.0s)
[2.079s] -- Build files have been written to: /home/rhobtor/PHD/Cuadriga_j8/src/Cuadriga/src/ARGOSJ8_IA_/build/hikmicro_thermal_camera
[2.100s] Invoked command in '/home/rhobtor/PHD/Cuadriga_j8/src/Cuadriga/src/ARGOSJ8_IA_/build/hikmicro_thermal_camera' returned '0': CMAKE_PREFIX_PATH=${CMAKE_PREFIX_PATH}:/opt/ros/humble /opt/st/stm32cubeclt_1.18.0/CMake/bin/cmake /home/rhobtor/PHD/Cuadriga_j8/src/Cuadriga/src/ARGOSJ8_IA_/src/hikmicro_thermal_camera -DCMAKE_INSTALL_PREFIX=/home/rhobtor/PHD/Cuadriga_j8/src/Cuadriga/src/ARGOSJ8_IA_/install/hikmicro_thermal_camera
[2.101s] Invoking command in '/home/rhobtor/PHD/Cuadriga_j8/src/Cuadriga/src/ARGOSJ8_IA_/build/hikmicro_thermal_camera': CMAKE_PREFIX_PATH=${CMAKE_PREFIX_PATH}:/opt/ros/humble /opt/st/stm32cubeclt_1.18.0/CMake/bin/cmake --build /home/rhobtor/PHD/Cuadriga_j8/src/Cuadriga/src/ARGOSJ8_IA_/build/hikmicro_thermal_camera -- -j16 -l16
[2.690s] [ 25%] [32mBuilding CXX object CMakeFiles/termical_camera_ffmpeg_pipe.dir/src/termical_hikmicro_ffmpeg_pipe.cpp.o[0m
[2.691s] [ 50%] [32mBuilding CXX object CMakeFiles/termical_camera.dir/src/termical_hikmicro.cpp.o[0m
[17.859s] [ 75%] [32m[1mLinking CXX executable termical_camera_ffmpeg_pipe[0m
[18.503s] [ 75%] Built target termical_camera_ffmpeg_pipe
[20.288s] [100%] [32m[1mLinking CXX executable termical_camera[0m
[21.188s] [100%] Built target termical_camera
