[0.015s] Invoking command in '/home/cuadriga/cuadriga_ws/Cuadriga/src/Cuadriga_IA_/build/fixposition_gnss_tf': CMAKE_PREFIX_PATH=${CMAKE_PREFIX_PATH}:/home/cuadriga/tfgcuadriga/install/gpx_loader:/opt/ros/humble /usr/bin/cmake /home/cuadriga/cuadriga_ws/Cuadriga/src/Cuadriga_IA_/src/argo_drivers_pkgs/Fixposition_driver_pkg/fixposition_gnss_tf-main -DCMAKE_INSTALL_PREFIX=/home/cuadriga/cuadriga_ws/Cuadriga/src/Cuadriga_IA_/install/fixposition_gnss_tf
[0.305s] -- The CXX compiler identification is GNU 11.4.0
[0.319s] -- Detecting CXX compiler ABI info
[0.407s] -- Detecting CXX compiler ABI info - done
[0.414s] -- Check for working CXX compiler: /usr/bin/c++ - skipped
[0.415s] -- Detecting CXX compile features
[0.416s] -- Detecting CXX compile features - done
[0.430s] -- Configuring done
[0.434s] -- Generating done
[0.435s] -- Build files have been written to: /home/cuadriga/cuadriga_ws/Cuadriga/src/Cuadriga_IA_/build/fixposition_gnss_tf
[0.438s] Invoked command in '/home/cuadriga/cuadriga_ws/Cuadriga/src/Cuadriga_IA_/build/fixposition_gnss_tf' returned '0': CMAKE_PREFIX_PATH=${CMAKE_PREFIX_PATH}:/home/cuadriga/tfgcuadriga/install/gpx_loader:/opt/ros/humble /usr/bin/cmake /home/cuadriga/cuadriga_ws/Cuadriga/src/Cuadriga_IA_/src/argo_drivers_pkgs/Fixposition_driver_pkg/fixposition_gnss_tf-main -DCMAKE_INSTALL_PREFIX=/home/cuadriga/cuadriga_ws/Cuadriga/src/Cuadriga_IA_/install/fixposition_gnss_tf
[0.440s] Invoking command in '/home/cuadriga/cuadriga_ws/Cuadriga/src/Cuadriga_IA_/build/fixposition_gnss_tf': CMAKE_PREFIX_PATH=${CMAKE_PREFIX_PATH}:/home/cuadriga/tfgcuadriga/install/gpx_loader:/opt/ros/humble /usr/bin/cmake --build /home/cuadriga/cuadriga_ws/Cuadriga/src/Cuadriga_IA_/build/fixposition_gnss_tf -- -j8 -l8
[0.485s] [ 50%] [32mBuilding CXX object CMakeFiles/fixposition_gnss_tf.dir/src/gnss_tf.cpp.o[0m
[1.803s] [100%] [32m[1mLinking CXX shared library libfixposition_gnss_tf.so[0m
[1.847s] [100%] Built target fixposition_gnss_tf
[1.858s] Invoked command in '/home/cuadriga/cuadriga_ws/Cuadriga/src/Cuadriga_IA_/build/fixposition_gnss_tf' returned '0': CMAKE_PREFIX_PATH=${CMAKE_PREFIX_PATH}:/home/cuadriga/tfgcuadriga/install/gpx_loader:/opt/ros/humble /usr/bin/cmake --build /home/cuadriga/cuadriga_ws/Cuadriga/src/Cuadriga_IA_/build/fixposition_gnss_tf -- -j8 -l8
[1.859s] Invoking command in '/home/cuadriga/cuadriga_ws/Cuadriga/src/Cuadriga_IA_/build/fixposition_gnss_tf': CMAKE_PREFIX_PATH=${CMAKE_PREFIX_PATH}:/home/cuadriga/tfgcuadriga/install/gpx_loader:/opt/ros/humble /usr/bin/cmake --install /home/cuadriga/cuadriga_ws/Cuadriga/src/Cuadriga_IA_/build/fixposition_gnss_tf
[1.866s] -- Install configuration: "Release"
[1.867s] -- Installing: /home/cuadriga/cuadriga_ws/Cuadriga/src/Cuadriga_IA_/install/fixposition_gnss_tf/./include
[1.867s] -- Installing: /home/cuadriga/cuadriga_ws/Cuadriga/src/Cuadriga_IA_/install/fixposition_gnss_tf/./include/fixposition_gnss_tf
[1.867s] -- Installing: /home/cuadriga/cuadriga_ws/Cuadriga/src/Cuadriga_IA_/install/fixposition_gnss_tf/./include/fixposition_gnss_tf/gnss_tf.hpp
[1.867s] -- Installing: /home/cuadriga/cuadriga_ws/Cuadriga/src/Cuadriga_IA_/install/fixposition_gnss_tf/lib/libfixposition_gnss_tf.so
[1.867s] -- Up-to-date: /home/cuadriga/cuadriga_ws/Cuadriga/src/Cuadriga_IA_/install/fixposition_gnss_tf/lib/libfixposition_gnss_tf.so
[1.868s] -- Installing: /home/cuadriga/cuadriga_ws/Cuadriga/src/Cuadriga_IA_/install/fixposition_gnss_tf/lib/cmake/fixposition_gnss_tf/fixposition_gnss_tf-targets.cmake
[1.868s] -- Installing: /home/cuadriga/cuadriga_ws/Cuadriga/src/Cuadriga_IA_/install/fixposition_gnss_tf/lib/cmake/fixposition_gnss_tf/fixposition_gnss_tf-targets-release.cmake
[1.868s] -- Up-to-date: /home/cuadriga/cuadriga_ws/Cuadriga/src/Cuadriga_IA_/install/fixposition_gnss_tf/include/fixposition_gnss_tf
[1.868s] -- Up-to-date: /home/cuadriga/cuadriga_ws/Cuadriga/src/Cuadriga_IA_/install/fixposition_gnss_tf/include/fixposition_gnss_tf/gnss_tf.hpp
[1.868s] -- Installing: /home/cuadriga/cuadriga_ws/Cuadriga/src/Cuadriga_IA_/install/fixposition_gnss_tf/share/fixposition_gnss_tf/package.xml
[1.868s] -- Installing: /home/cuadriga/cuadriga_ws/Cuadriga/src/Cuadriga_IA_/install/fixposition_gnss_tf/lib/cmake/fixposition_gnss_tf/fixposition_gnss_tf-config.cmake
[1.868s] -- Installing: /home/cuadriga/cuadriga_ws/Cuadriga/src/Cuadriga_IA_/install/fixposition_gnss_tf/lib/cmake/fixposition_gnss_tf/fixposition_gnss_tf-config-version.cmake
[1.870s] Invoked command in '/home/cuadriga/cuadriga_ws/Cuadriga/src/Cuadriga_IA_/build/fixposition_gnss_tf' returned '0': CMAKE_PREFIX_PATH=${CMAKE_PREFIX_PATH}:/home/cuadriga/tfgcuadriga/install/gpx_loader:/opt/ros/humble /usr/bin/cmake --install /home/cuadriga/cuadriga_ws/Cuadriga/src/Cuadriga_IA_/build/fixposition_gnss_tf
