[0.268s] Invoking command in '/home/rhobtor/PHD/Cuadriga_j8/src/Cuadriga/src/ARGOSJ8_IA_/build/hikmicro_thermal_camera': CMAKE_PREFIX_PATH=${CMAKE_PREFIX_PATH}:/home/rhobtor/PHD/Cuadriga_j8/src/Cuadriga/src/ARGOSJ8_IA_/install/cuadriga_gui:/home/rhobtor/PHD/Cuadriga_j8/src/Cuadriga/src/ARGOSJ8_IA_/install/GUI_pkg:/opt/ros/humble /opt/st/stm32cubeclt_1.18.0/CMake/bin/cmake --build /home/rhobtor/PHD/Cuadriga_j8/src/Cuadriga/src/ARGOSJ8_IA_/build/hikmicro_thermal_camera -- -j16 -l16
[0.294s] [ 50%] Built target termical_camera_ffmpeg_pipe
[0.300s] [100%] Built target termical_camera
[0.382s] Invoked command in '/home/rhobtor/PHD/Cuadriga_j8/src/Cuadriga/src/ARGOSJ8_IA_/build/hikmicro_thermal_camera' returned '0': CMAKE_PREFIX_PATH=${CMAKE_PREFIX_PATH}:/home/rhobtor/PHD/Cuadriga_j8/src/Cuadriga/src/ARGOSJ8_IA_/install/cuadriga_gui:/home/rhobtor/PHD/Cuadriga_j8/src/Cuadriga/src/ARGOSJ8_IA_/install/GUI_pkg:/opt/ros/humble /opt/st/stm32cubeclt_1.18.0/CMake/bin/cmake --build /home/rhobtor/PHD/Cuadriga_j8/src/Cuadriga/src/ARGOSJ8_IA_/build/hikmicro_thermal_camera -- -j16 -l16
[0.384s] Invoking command in '/home/rhobtor/PHD/Cuadriga_j8/src/Cuadriga/src/ARGOSJ8_IA_/build/hikmicro_thermal_camera': CMAKE_PREFIX_PATH=${CMAKE_PREFIX_PATH}:/home/rhobtor/PHD/Cuadriga_j8/src/Cuadriga/src/ARGOSJ8_IA_/install/cuadriga_gui:/home/rhobtor/PHD/Cuadriga_j8/src/Cuadriga/src/ARGOSJ8_IA_/install/GUI_pkg:/opt/ros/humble /opt/st/stm32cubeclt_1.18.0/CMake/bin/cmake --install /home/rhobtor/PHD/Cuadriga_j8/src/Cuadriga/src/ARGOSJ8_IA_/build/hikmicro_thermal_camera
[0.402s] -- Install configuration: ""
[0.402s] -- Up-to-date: /home/rhobtor/PHD/Cuadriga_j8/src/Cuadriga/src/ARGOSJ8_IA_/install/hikmicro_thermal_camera/lib/hikmicro_thermal_camera/termical_camera
[0.402s] -- Up-to-date: /home/rhobtor/PHD/Cuadriga_j8/src/Cuadriga/src/ARGOSJ8_IA_/install/hikmicro_thermal_camera/lib/hikmicro_thermal_camera/termical_camera_ffmpeg_pipe
[0.402s] -- Up-to-date: /home/rhobtor/PHD/Cuadriga_j8/src/Cuadriga/src/ARGOSJ8_IA_/install/hikmicro_thermal_camera/share/hikmicro_thermal_camera/launch
[0.402s] -- Up-to-date: /home/rhobtor/PHD/Cuadriga_j8/src/Cuadriga/src/ARGOSJ8_IA_/install/hikmicro_thermal_camera/share/hikmicro_thermal_camera/launch/termical_camera.launch.py
[0.402s] -- Up-to-date: /home/rhobtor/PHD/Cuadriga_j8/src/Cuadriga/src/ARGOSJ8_IA_/install/hikmicro_thermal_camera/share/hikmicro_thermal_camera/launch/termical_camera_ffmpeg_pipe.launch.py
[0.402s] -- Up-to-date: /home/rhobtor/PHD/Cuadriga_j8/src/Cuadriga/src/ARGOSJ8_IA_/install/hikmicro_thermal_camera/share/hikmicro_thermal_camera/config
[0.402s] -- Up-to-date: /home/rhobtor/PHD/Cuadriga_j8/src/Cuadriga/src/ARGOSJ8_IA_/install/hikmicro_thermal_camera/share/hikmicro_thermal_camera/config/termical_camera_ffmpeg_pipe.yaml
[0.402s] -- Up-to-date: /home/rhobtor/PHD/Cuadriga_j8/src/Cuadriga/src/ARGOSJ8_IA_/install/hikmicro_thermal_camera/share/hikmicro_thermal_camera/config/termical_camera.yaml
[0.403s] -- Up-to-date: /home/rhobtor/PHD/Cuadriga_j8/src/Cuadriga/src/ARGOSJ8_IA_/install/hikmicro_thermal_camera/share/ament_index/resource_index/package_run_dependencies/hikmicro_thermal_camera
[0.404s] -- Up-to-date: /home/rhobtor/PHD/Cuadriga_j8/src/Cuadriga/src/ARGOSJ8_IA_/install/hikmicro_thermal_camera/share/ament_index/resource_index/parent_prefix_path/hikmicro_thermal_camera
[0.405s] -- Up-to-date: /home/rhobtor/PHD/Cuadriga_j8/src/Cuadriga/src/ARGOSJ8_IA_/install/hikmicro_thermal_camera/share/hikmicro_thermal_camera/environment/ament_prefix_path.sh
[0.406s] -- Up-to-date: /home/rhobtor/PHD/Cuadriga_j8/src/Cuadriga/src/ARGOSJ8_IA_/install/hikmicro_thermal_camera/share/hikmicro_thermal_camera/environment/ament_prefix_path.dsv
[0.406s] -- Up-to-date: /home/rhobtor/PHD/Cuadriga_j8/src/Cuadriga/src/ARGOSJ8_IA_/install/hikmicro_thermal_camera/share/hikmicro_thermal_camera/environment/path.sh
[0.408s] -- Up-to-date: /home/rhobtor/PHD/Cuadriga_j8/src/Cuadriga/src/ARGOSJ8_IA_/install/hikmicro_thermal_camera/share/hikmicro_thermal_camera/environment/path.dsv
[0.409s] -- Up-to-date: /home/rhobtor/PHD/Cuadriga_j8/src/Cuadriga/src/ARGOSJ8_IA_/install/hikmicro_thermal_camera/share/hikmicro_thermal_camera/local_setup.bash
[0.409s] -- Up-to-date: /home/rhobtor/PHD/Cuadriga_j8/src/Cuadriga/src/ARGOSJ8_IA_/install/hikmicro_thermal_camera/share/hikmicro_thermal_camera/local_setup.sh
[0.409s] -- Up-to-date: /home/rhobtor/PHD/Cuadriga_j8/src/Cuadriga/src/ARGOSJ8_IA_/install/hikmicro_thermal_camera/share/hikmicro_thermal_camera/local_setup.zsh
[0.409s] -- Up-to-date: /home/rhobtor/PHD/Cuadriga_j8/src/Cuadriga/src/ARGOSJ8_IA_/install/hikmicro_thermal_camera/share/hikmicro_thermal_camera/local_setup.dsv
[0.409s] -- Installing: /home/rhobtor/PHD/Cuadriga_j8/src/Cuadriga/src/ARGOSJ8_IA_/install/hikmicro_thermal_camera/share/hikmicro_thermal_camera/package.dsv
[0.409s] -- Up-to-date: /home/rhobtor/PHD/Cuadriga_j8/src/Cuadriga/src/ARGOSJ8_IA_/install/hikmicro_thermal_camera/share/ament_index/resource_index/packages/hikmicro_thermal_camera
[0.409s] -- Up-to-date: /home/rhobtor/PHD/Cuadriga_j8/src/Cuadriga/src/ARGOSJ8_IA_/install/hikmicro_thermal_camera/share/hikmicro_thermal_camera/cmake/hikmicro_thermal_cameraConfig.cmake
[0.409s] -- Up-to-date: /home/rhobtor/PHD/Cuadriga_j8/src/Cuadriga/src/ARGOSJ8_IA_/install/hikmicro_thermal_camera/share/hikmicro_thermal_camera/cmake/hikmicro_thermal_cameraConfig-version.cmake
[0.410s] -- Up-to-date: /home/rhobtor/PHD/Cuadriga_j8/src/Cuadriga/src/ARGOSJ8_IA_/install/hikmicro_thermal_camera/share/hikmicro_thermal_camera/package.xml
[0.420s] Invoked command in '/home/rhobtor/PHD/Cuadriga_j8/src/Cuadriga/src/ARGOSJ8_IA_/build/hikmicro_thermal_camera' returned '0': CMAKE_PREFIX_PATH=${CMAKE_PREFIX_PATH}:/home/rhobtor/PHD/Cuadriga_j8/src/Cuadriga/src/ARGOSJ8_IA_/install/cuadriga_gui:/home/rhobtor/PHD/Cuadriga_j8/src/Cuadriga/src/ARGOSJ8_IA_/install/GUI_pkg:/opt/ros/humble /opt/st/stm32cubeclt_1.18.0/CMake/bin/cmake --install /home/rhobtor/PHD/Cuadriga_j8/src/Cuadriga/src/ARGOSJ8_IA_/build/hikmicro_thermal_camera
