[01m[K/workspaces/Cuadriga_IA_/src/ctl_mission/ctl_mission/src/FSM_states/path_record_node.cpp:106:31:[m[K [01;35m[Kwarning: [m[Kmulti-character character constant [[01;35m[K-Wmultichar[m[K]
  106 |     ll_path.header.frame_id = [01;35m[K'll'[m[K;
      |                               [01;35m[K^~~~[m[K
[01m[K/workspaces/Cuadriga_IA_/src/ctl_mission/ctl_mission/src/FSM_states/estop_node.cpp:[m[K In member function ‘[01m[Kvirtual rclcpp_lifecycle::node_interfaces::LifecycleNodeInterface::CallbackReturn EstopNode::on_deactivate(const rclcpp_lifecycle::State&)[m[K’:
[01m[K/workspaces/Cuadriga_IA_/src/ctl_mission/ctl_mission/src/FSM_states/estop_node.cpp:69:58:[m[K [01;35m[Kwarning: [m[Kunused parameter ‘[01m[Kstate[m[K’ [[01;35m[K-Wunused-parameter[m[K]
   69 | EstopNode::on_deactivate([01;35m[Kconst rclcpp_lifecycle::State & state[m[K) {
      |                          [01;35m[K~~~~~~~~~~~~~~~~~~~~~~~~~~~~~~~~^~~~~[m[K
[01m[K/workspaces/Cuadriga_IA_/src/ctl_mission/ctl_mission/src/FSM_states/path_record_node.cpp:[m[K In member function ‘[01m[Kvirtual rclcpp_lifecycle::node_interfaces::LifecycleNodeInterface::CallbackReturn PathRecordNode::on_deactivate(const rclcpp_lifecycle::State&)[m[K’:
[01m[K/workspaces/Cuadriga_IA_/src/ctl_mission/ctl_mission/src/FSM_states/path_record_node.cpp:106:31:[m[K [01;35m[Kwarning: [m[Koverflow in conversion from ‘[01m[Kint[m[K’ to ‘[01m[Kchar[m[K’ changes value from ‘[01m[K27756[m[K’ to ‘[01m[K'l'[m[K’ [[01;35m[K-Woverflow[m[K]
[01m[K/workspaces/Cuadriga_IA_/src/ctl_mission/ctl_mission/src/FSM_states/path_record_node.cpp:[m[K In member function ‘[01m[Kvirtual rclcpp_lifecycle::node_interfaces::LifecycleNodeInterface::CallbackReturn PathRecordNode::on_cleanup(const rclcpp_lifecycle::State&)[m[K’:
[01m[K/workspaces/Cuadriga_IA_/src/ctl_mission/ctl_mission/src/FSM_states/path_record_node.cpp:113:60:[m[K [01;35m[Kwarning: [m[Kunused parameter ‘[01m[Kstate[m[K’ [[01;35m[K-Wunused-parameter[m[K]
  113 | PathRecordNode::on_cleanup([01;35m[Kconst rclcpp_lifecycle::State & state[m[K) {
      |                            [01;35m[K~~~~~~~~~~~~~~~~~~~~~~~~~~~~~~~~^~~~~[m[K
[01m[K/workspaces/Cuadriga_IA_/src/ctl_mission/ctl_mission/src/FSM_states/path_record_node.cpp:[m[K In member function ‘[01m[Kvirtual rclcpp_lifecycle::node_interfaces::LifecycleNodeInterface::CallbackReturn PathRecordNode::on_shutdown(const rclcpp_lifecycle::State&)[m[K’:
[01m[K/workspaces/Cuadriga_IA_/src/ctl_mission/ctl_mission/src/FSM_states/path_record_node.cpp:120:61:[m[K [01;35m[Kwarning: [m[Kunused parameter ‘[01m[Kstate[m[K’ [[01;35m[K-Wunused-parameter[m[K]
  120 | PathRecordNode::on_shutdown([01;35m[Kconst rclcpp_lifecycle::State & state[m[K) {
      |                             [01;35m[K~~~~~~~~~~~~~~~~~~~~~~~~~~~~~~~~^~~~~[m[K
[01m[K/workspaces/Cuadriga_IA_/src/ctl_mission/ctl_mission/src/argj08_ctl_node.cpp:[m[K In member function ‘[01m[Kvoid CtlMissionNode::sendLifecycleStateRequest(const SharedPtr&, uint8_t)[m[K’:
[01m[K/workspaces/Cuadriga_IA_/src/ctl_mission/ctl_mission/src/argj08_ctl_node.cpp:128:57:[m[K [01;35m[Kwarning: [m[K‘[01m[Krclcpp::Client<ServiceT>::FutureAndRequestId::operator rclcpp::Client<ServiceT>::SharedFuture() [with ServiceT = lifecycle_msgs::srv::ChangeState; rclcpp::Client<ServiceT>::SharedFuture = std::shared_future<std::shared_ptr<lifecycle_msgs::srv::ChangeState_Response_<std::allocator<void> > > >][m[K’ is deprecated: FutureAndRequestId: use .future.share() instead of an implicit conversion [[01;35m[K-Wdeprecated-declarations[m[K]
  128 |     service_future_ = client->async_send_request(request[01;35m[K)[m[K;
      |                                                         [01;35m[K^[m[K
In file included from [01m[K/opt/ros/humble/include/rclcpp/rclcpp/callback_group.hpp:24[m[K,
                 from [01m[K/opt/ros/humble/include/rclcpp/rclcpp/any_executable.hpp:20[m[K,
                 from [01m[K/opt/ros/humble/include/rclcpp/rclcpp/memory_strategy.hpp:25[m[K,
                 from [01m[K/opt/ros/humble/include/rclcpp/rclcpp/memory_strategies.hpp:18[m[K,
                 from [01m[K/opt/ros/humble/include/rclcpp/rclcpp/executor_options.hpp:20[m[K,
                 from [01m[K/opt/ros/humble/include/rclcpp/rclcpp/executor.hpp:37[m[K,
                 from [01m[K/opt/ros/humble/include/rclcpp/rclcpp/executors/multi_threaded_executor.hpp:25[m[K,
                 from [01m[K/opt/ros/humble/include/rclcpp/rclcpp/executors.hpp:21[m[K,
                 from [01m[K/opt/ros/humble/include/rclcpp/rclcpp/rclcpp.hpp:155[m[K,
                 from [01m[K/workspaces/Cuadriga_IA_/src/ctl_mission/ctl_mission/src/argj08_ctl_node.cpp:50[m[K:
[01m[K/opt/ros/humble/include/rclcpp/rclcpp/client.hpp:415:5:[m[K [01;36m[Knote: [m[Kdeclared here
  415 |     [01;36m[Koperator[m[K SharedFuture() {return this->future.share();}
      |     [01;36m[K^~~~~~~~[m[K
[01m[K/workspaces/Cuadriga_IA_/src/ctl_mission/ctl_mission/src/argj08_ctl_node.cpp:[m[K In member function ‘[01m[Kvoid CtlMissionNode::getMode(std::shared_ptr<ctl_mission_interfaces::srv::GetMode_Request_<std::allocator<void> > >, std::shared_ptr<ctl_mission_interfaces::srv::GetMode_Response_<std::allocator<void> > >)[m[K’:
[01m[K/workspaces/Cuadriga_IA_/src/ctl_mission/ctl_mission/src/argj08_ctl_node.cpp:327:99:[m[K [01;35m[Kwarning: [m[Kunused parameter ‘[01m[Kreq[m[K’ [[01;35m[K-Wunused-parameter[m[K]
  327 | void CtlMissionNode::getMode([01;35m[Kconst std::shared_ptr<ctl_mission_interfaces::srv::GetMode::Request> req[m[K,
      |                              [01;35m[K~~~~~~~~~~~~~~~~~~~~~~~~~~~~~~~~~~~~~~~~~~~~~~~~~~~~~~~~~~~~~~~~~~~~~^~~[m[K
[01m[K/workspaces/Cuadriga_IA_/src/ctl_mission/ctl_mission/src/argj08_ctl_node.cpp:[m[K In member function ‘[01m[Kvoid CtlMissionNode::handle_get_possible_transitions(std::shared_ptr<ctl_mission_interfaces::srv::GetPossibleTransitions_Request_<std::allocator<void> > >, std::shared_ptr<ctl_mission_interfaces::srv::GetPossibleTransitions_Response_<std::allocator<void> > >)[m[K’:
[01m[K/workspaces/Cuadriga_IA_/src/ctl_mission/ctl_mission/src/argj08_ctl_node.cpp:333:89:[m[K [01;35m[Kwarning: [m[Kunused parameter ‘[01m[Krequest[m[K’ [[01;35m[K-Wunused-parameter[m[K]
  333 |     [01;35m[Kconst std::shared_ptr<ctl_mission_interfaces::srv::GetPossibleTransitions::Request> request[m[K,
      |     [01;35m[K~~~~~~~~~~~~~~~~~~~~~~~~~~~~~~~~~~~~~~~~~~~~~~~~~~~~~~~~~~~~~~~~~~~~~~~~~~~~~~~~~~~~^~~~~~~[m[K
[01m[K/workspaces/Cuadriga_IA_/src/ctl_mission/ctl_mission/src/FSM_states/path_following_node.cpp:[m[K In member function ‘[01m[Kvoid PathFollowingNode::sendChangeModeRequest(const SharedPtr&, int)[m[K’:
[01m[K/workspaces/Cuadriga_IA_/src/ctl_mission/ctl_mission/src/FSM_states/path_following_node.cpp:141:60:[m[K [01;35m[Kwarning: [m[K‘[01m[Krclcpp::Client<ServiceT>::FutureAndRequestId::operator rclcpp::Client<ServiceT>::SharedFuture() [with ServiceT = ctl_mission_interfaces::srv::ChangeMode; rclcpp::Client<ServiceT>::SharedFuture = std::shared_future<std::shared_ptr<ctl_mission_interfaces::srv::ChangeMode_Response_<std::allocator<void> > > >][m[K’ is deprecated: FutureAndRequestId: use .future.share() instead of an implicit conversion [[01;35m[K-Wdeprecated-declarations[m[K]
  141 |     service_future_fsm = client->async_send_request(request[01;35m[K)[m[K;
      |                                                            [01;35m[K^[m[K
In file included from [01m[K/opt/ros/humble/include/rclcpp/rclcpp/callback_group.hpp:24[m[K,
                 from [01m[K/opt/ros/humble/include/rclcpp/rclcpp/any_executable.hpp:20[m[K,
                 from [01m[K/opt/ros/humble/include/rclcpp/rclcpp/memory_strategy.hpp:25[m[K,
                 from [01m[K/opt/ros/humble/include/rclcpp/rclcpp/memory_strategies.hpp:18[m[K,
                 from [01m[K/opt/ros/humble/include/rclcpp/rclcpp/executor_options.hpp:20[m[K,
                 from [01m[K/opt/ros/humble/include/rclcpp/rclcpp/executor.hpp:37[m[K,
                 from [01m[K/opt/ros/humble/include/rclcpp/rclcpp/executors/multi_threaded_executor.hpp:25[m[K,
                 from [01m[K/opt/ros/humble/include/rclcpp/rclcpp/executors.hpp:21[m[K,
                 from [01m[K/opt/ros/humble/include/rclcpp/rclcpp/rclcpp.hpp:155[m[K,
                 from [01m[K/workspaces/Cuadriga_IA_/src/ctl_mission/ctl_mission/include/ctl_mission/PathFollowingNode.hpp:12[m[K,
                 from [01m[K/workspaces/Cuadriga_IA_/src/ctl_mission/ctl_mission/src/FSM_states/path_following_node.cpp:52[m[K:
[01m[K/opt/ros/humble/include/rclcpp/rclcpp/client.hpp:415:5:[m[K [01;36m[Knote: [m[Kdeclared here
  415 |     [01;36m[Koperator[m[K SharedFuture() {return this->future.share();}
      |     [01;36m[K^~~~~~~~[m[K
[01m[K/workspaces/Cuadriga_IA_/src/ctl_mission/ctl_mission/src/FSM_states/path_following_node.cpp:[m[K In member function ‘[01m[Kvoid PathFollowingNode::callGetFixFramePathService()[m[K’:
[01m[K/workspaces/Cuadriga_IA_/src/ctl_mission/ctl_mission/src/FSM_states/path_following_node.cpp:177:65:[m[K [01;35m[Kwarning: [m[K‘[01m[Krclcpp::Client<ServiceT>::FutureAndRequestId::operator rclcpp::Client<ServiceT>::SharedFuture() [with ServiceT = path_manager_interfaces::srv::GetFixFramePath; rclcpp::Client<ServiceT>::SharedFuture = std::shared_future<std::shared_ptr<path_manager_interfaces::srv::GetFixFramePath_Response_<std::allocator<void> > > >][m[K’ is deprecated: FutureAndRequestId: use .future.share() instead of an implicit conversion [[01;35m[K-Wdeprecated-declarations[m[K]
  177 |     service_future_ = getRPathClient->async_send_request(request[01;35m[K)[m[K;
      |                                                                 [01;35m[K^[m[K
In file included from [01m[K/opt/ros/humble/include/rclcpp/rclcpp/callback_group.hpp:24[m[K,
                 from [01m[K/opt/ros/humble/include/rclcpp/rclcpp/any_executable.hpp:20[m[K,
                 from [01m[K/opt/ros/humble/include/rclcpp/rclcpp/memory_strategy.hpp:25[m[K,
                 from [01m[K/opt/ros/humble/include/rclcpp/rclcpp/memory_strategies.hpp:18[m[K,
                 from [01m[K/opt/ros/humble/include/rclcpp/rclcpp/executor_options.hpp:20[m[K,
                 from [01m[K/opt/ros/humble/include/rclcpp/rclcpp/executor.hpp:37[m[K,
                 from [01m[K/opt/ros/humble/include/rclcpp/rclcpp/executors/multi_threaded_executor.hpp:25[m[K,
                 from [01m[K/opt/ros/humble/include/rclcpp/rclcpp/executors.hpp:21[m[K,
                 from [01m[K/opt/ros/humble/include/rclcpp/rclcpp/rclcpp.hpp:155[m[K,
                 from [01m[K/workspaces/Cuadriga_IA_/src/ctl_mission/ctl_mission/include/ctl_mission/PathFollowingNode.hpp:12[m[K,
                 from [01m[K/workspaces/Cuadriga_IA_/src/ctl_mission/ctl_mission/src/FSM_states/path_following_node.cpp:52[m[K:
[01m[K/opt/ros/humble/include/rclcpp/rclcpp/client.hpp:415:5:[m[K [01;36m[Knote: [m[Kdeclared here
  415 |     [01;36m[Koperator[m[K SharedFuture() {return this->future.share();}
      |     [01;36m[K^~~~~~~~[m[K
[01m[K/workspaces/Cuadriga_IA_/src/ctl_mission/ctl_mission/src/FSM_states/path_following_node.cpp:[m[K In member function ‘[01m[Kvoid PathFollowingNode::first_not_negative(const Path&)[m[K’:
[01m[K/workspaces/Cuadriga_IA_/src/ctl_mission/ctl_mission/src/FSM_states/path_following_node.cpp:350:39:[m[K [01;35m[Kwarning: [m[Kcomparison of integer expressions of different signedness: ‘[01m[Kint[m[K’ and ‘[01m[Kstd::vector<geometry_msgs::msg::PoseStamped_<std::allocator<void> >, std::allocator<geometry_msgs::msg::PoseStamped_<std::allocator<void> > > >::size_type[m[K’ {aka ‘[01m[Klong unsigned int[m[K’} [[01;35m[K-Wsign-compare[m[K]
  350 |         for (int i = min_point_idx; [01;35m[Ki < path_in.poses.size()[m[K; i++) {
      |                                     [01;35m[K~~^~~~~~~~~~~~~~~~~~~~~~[m[K
[01m[K/workspaces/Cuadriga_IA_/src/ctl_mission/ctl_mission/src/FSM_states/path_following_node.cpp:349:20:[m[K [01;35m[Kwarning: [m[Kunused variable ‘[01m[Kmin_distance[m[K’ [[01;35m[K-Wunused-variable[m[K]
  349 |             double [01;35m[Kmin_distance[m[K = std::numeric_limits<double>::max();
      |                    [01;35m[K^~~~~~~~~~~~[m[K
[01m[K/workspaces/Cuadriga_IA_/src/ctl_mission/ctl_mission/src/FSM_states/path_following_node.cpp:[m[K In member function ‘[01m[Kvoid PathFollowingNode::distances_to_wp(const Path&, const Odometry&)[m[K’:
[01m[K/workspaces/Cuadriga_IA_/src/ctl_mission/ctl_mission/src/FSM_states/path_following_node.cpp:365:17:[m[K [01;35m[Kwarning: [m[Kcomparison of integer expressions of different signedness: ‘[01m[Kint[m[K’ and ‘[01m[Kstd::vector<geometry_msgs::msg::PoseStamped_<std::allocator<void> >, std::allocator<geometry_msgs::msg::PoseStamped_<std::allocator<void> > > >::size_type[m[K’ {aka ‘[01m[Klong unsigned int[m[K’} [[01;35m[K-Wsign-compare[m[K]
  365 |     if ([01;35m[Kmax_idx > path_in.poses.size()[m[K) max_idx = path_in.poses.size();
      |         [01;35m[K~~~~~~~~^~~~~~~~~~~~~~~~~~~~~~[m[K
[01m[K/workspaces/Cuadriga_IA_/src/ctl_mission/ctl_mission/src/FSM_states/path_following_node.cpp:[m[K In member function ‘[01m[Kint PathFollowingNode::min_id_all_path(const Path&)[m[K’:
[01m[K/workspaces/Cuadriga_IA_/src/ctl_mission/ctl_mission/src/FSM_states/path_following_node.cpp:380:27:[m[K [01;35m[Kwarning: [m[Kcomparison of integer expressions of different signedness: ‘[01m[Kint[m[K’ and ‘[01m[Kstd::vector<geometry_msgs::msg::PoseStamped_<std::allocator<void> >, std::allocator<geometry_msgs::msg::PoseStamped_<std::allocator<void> > > >::size_type[m[K’ {aka ‘[01m[Klong unsigned int[m[K’} [[01;35m[K-Wsign-compare[m[K]
  380 |         for (int i = 0; [01;35m[Ki < path_in.poses.size()[m[K; i++) {
      |                         [01;35m[K~~^~~~~~~~~~~~~~~~~~~~~~[m[K
[01m[K/workspaces/Cuadriga_IA_/src/ctl_mission/ctl_mission/src/FSM_states/path_following_node.cpp:[m[K In member function ‘[01m[Knav_msgs::msg::Path PathFollowingNode::transform_path_to_robot_frame(const Path&, std::string)[m[K’:
[01m[K/workspaces/Cuadriga_IA_/src/ctl_mission/ctl_mission/src/FSM_states/path_following_node.cpp:438:23:[m[K [01;35m[Kwarning: [m[Kcomparison of integer expressions of different signedness: ‘[01m[Kint[m[K’ and ‘[01m[Kstd::vector<geometry_msgs::msg::PoseStamped_<std::allocator<void> >, std::allocator<geometry_msgs::msg::PoseStamped_<std::allocator<void> > > >::size_type[m[K’ {aka ‘[01m[Klong unsigned int[m[K’} [[01;35m[K-Wsign-compare[m[K]
  438 |     for (int i = 0; [01;35m[Ki < path_in.poses.size()[m[K; i++) {
      |                     [01;35m[K~~^~~~~~~~~~~~~~~~~~~~~~[m[K
[01m[K/workspaces/Cuadriga_IA_/src/ctl_mission/ctl_mission/src/FSM_states/Ctrl_node.cpp:[m[K In member function ‘[01m[Kvoid CtrlNode::configPurePursuit(std::shared_ptr<ctl_mission_interfaces::srv::ConfigPurePursuitCtrl_Request_<std::allocator<void> > >, std::shared_ptr<ctl_mission_interfaces::srv::ConfigPurePursuitCtrl_Response_<std::allocator<void> > >)[m[K’:
[01m[K/workspaces/Cuadriga_IA_/src/ctl_mission/ctl_mission/src/FSM_states/Ctrl_node.cpp:263:87:[m[K [01;35m[Kwarning: [m[Kunused parameter ‘[01m[Kresponse[m[K’ [[01;35m[K-Wunused-parameter[m[K]
  263 |         [01;35m[Kstd::shared_ptr<ctl_mission_interfaces::srv::ConfigPurePursuitCtrl::Response> response[m[K)
      |         [01;35m[K~~~~~~~~~~~~~~~~~~~~~~~~~~~~~~~~~~~~~~~~~~~~~~~~~~~~~~~~~~~~~~~~~~~~~~~~~~~~~~^~~~~~~~[m[K
[01m[K/workspaces/Cuadriga_IA_/src/ctl_mission/ctl_mission/src/FSM_states/Ctrl_node.cpp:[m[K In member function ‘[01m[Kvoid CtrlNode::configRegulatedPure(std::shared_ptr<ctl_mission_interfaces::srv::ConfigRegulatedPureCtrl_Request_<std::allocator<void> > >, std::shared_ptr<ctl_mission_interfaces::srv::ConfigRegulatedPureCtrl_Response_<std::allocator<void> > >)[m[K’:
[01m[K/workspaces/Cuadriga_IA_/src/ctl_mission/ctl_mission/src/FSM_states/Ctrl_node.cpp:272:89:[m[K [01;35m[Kwarning: [m[Kunused parameter ‘[01m[Kresponse[m[K’ [[01;35m[K-Wunused-parameter[m[K]
  272 |         [01;35m[Kstd::shared_ptr<ctl_mission_interfaces::srv::ConfigRegulatedPureCtrl::Response> response[m[K)
      |         [01;35m[K~~~~~~~~~~~~~~~~~~~~~~~~~~~~~~~~~~~~~~~~~~~~~~~~~~~~~~~~~~~~~~~~~~~~~~~~~~~~~~~~^~~~~~~~[m[K
[01m[K/workspaces/Cuadriga_IA_/src/ctl_mission/ctl_mission/src/FSM_states/Ctrl_node.cpp:[m[K In member function ‘[01m[Kvoid CtrlNode::configDynamic(std::shared_ptr<ctl_mission_interfaces::srv::ConfigDynamicPureCtrl_Request_<std::allocator<void> > >, std::shared_ptr<ctl_mission_interfaces::srv::ConfigDynamicPureCtrl_Response_<std::allocator<void> > >)[m[K’:
[01m[K/workspaces/Cuadriga_IA_/src/ctl_mission/ctl_mission/src/FSM_states/Ctrl_node.cpp:281:87:[m[K [01;35m[Kwarning: [m[Kunused parameter ‘[01m[Kresponse[m[K’ [[01;35m[K-Wunused-parameter[m[K]
  281 |         [01;35m[Kstd::shared_ptr<ctl_mission_interfaces::srv::ConfigDynamicPureCtrl::Response> response[m[K)
      |         [01;35m[K~~~~~~~~~~~~~~~~~~~~~~~~~~~~~~~~~~~~~~~~~~~~~~~~~~~~~~~~~~~~~~~~~~~~~~~~~~~~~~^~~~~~~~[m[K
[01m[K/workspaces/Cuadriga_IA_/src/ctl_mission/ctl_mission/src/FSM_states/Ctrl_node.cpp:[m[K In member function ‘[01m[Kvoid CtrlNode::configDynamicLA(std::shared_ptr<ctl_mission_interfaces::srv::ConfigDynamicLAPureCtrl_Request_<std::allocator<void> > >, std::shared_ptr<ctl_mission_interfaces::srv::ConfigDynamicLAPureCtrl_Response_<std::allocator<void> > >)[m[K’:
[01m[K/workspaces/Cuadriga_IA_/src/ctl_mission/ctl_mission/src/FSM_states/Ctrl_node.cpp:290:89:[m[K [01;35m[Kwarning: [m[Kunused parameter ‘[01m[Kresponse[m[K’ [[01;35m[K-Wunused-parameter[m[K]
  290 |         [01;35m[Kstd::shared_ptr<ctl_mission_interfaces::srv::ConfigDynamicLAPureCtrl::Response> response[m[K)
      |         [01;35m[K~~~~~~~~~~~~~~~~~~~~~~~~~~~~~~~~~~~~~~~~~~~~~~~~~~~~~~~~~~~~~~~~~~~~~~~~~~~~~~~~^~~~~~~~[m[K
gmake[2]: *** Deleting file 'ctl_mission'
gmake[2]: *** [CMakeFiles/path_following.dir/build.make:76: CMakeFiles/path_following.dir/src/FSM_states/path_following_node.cpp.o] Interrupt
gmake[2]: *** [CMakeFiles/controller_node.dir/build.make:90: CMakeFiles/controller_node.dir/src/FSM_states/Ctrl_node_main.cpp.o] Interrupt
gmake[2]: *** [CMakeFiles/path_following.dir/build.make:90: CMakeFiles/path_following.dir/src/FSM_states/path_following_node_main.cpp.o] Interrupt
gmake[2]: *** [CMakeFiles/controller_node.dir/build.make:104: CMakeFiles/controller_node.dir/src/controllers/stanley_ctrl.cpp.o] Interrupt
gmake[2]: *** [CMakeFiles/path_record_node.dir/build.make:76: CMakeFiles/path_record_node.dir/src/FSM_states/path_record_node.cpp.o] Interrupt
gmake[2]: *** [CMakeFiles/controller_node.dir/build.make:76: CMakeFiles/controller_node.dir/src/FSM_states/Ctrl_node.cpp.o] Interrupt
gmake[1]: *** [CMakeFiles/Makefile2:184: CMakeFiles/path_following.dir/all] Interrupt
gmake[1]: *** [CMakeFiles/Makefile2:210: CMakeFiles/path_record_node.dir/all] Interrupt
gmake[1]: *** [CMakeFiles/Makefile2:288: CMakeFiles/controller_node.dir/all] Interrupt
gmake[2]: *** Deleting file 'CMakeFiles/teleoperation_node.dir/src/FSM_states/teleoperation_node.cpp.o'
gmake[2]: *** [CMakeFiles/teleoperation_node.dir/build.make:76: CMakeFiles/teleoperation_node.dir/src/FSM_states/teleoperation_node.cpp.o] Interrupt
gmake[1]: *** [CMakeFiles/Makefile2:314: CMakeFiles/teleoperation_node.dir/all] Interrupt
gmake[2]: *** [CMakeFiles/ctl_mission.dir/build.make:310: ctl_mission] Interrupt
gmake[1]: *** [CMakeFiles/Makefile2:158: CMakeFiles/ctl_mission.dir/all] Interrupt
gmake: *** [Makefile:146: all] Interrupt
