-- The C compiler identification is GNU 11.4.0
-- The CXX compiler identification is GNU 11.4.0
-- Detecting C compiler ABI info
-- Detecting C compiler ABI info - done
-- Check for working C compiler: /usr/bin/cc - skipped
-- Detecting C compile features
-- Detecting C compile features - done
-- Detecting CXX compiler ABI info
-- Detecting CXX compiler ABI info - done
-- Check for working CXX compiler: /usr/bin/c++ - skipped
-- Detecting CXX compile features
-- Detecting CXX compile features - done
-- Found ament_cmake: 1.3.14 (/opt/ros/humble/share/ament_cmake/cmake)
-- Found Python3: /usr/bin/python3 (found version "3.10.12") found components: Interpreter 
-- Override CMake install command with custom implementation using symlinks instead of copying resources
-- Found rclcpp: 16.0.19 (/opt/ros/humble/share/rclcpp/cmake)
-- Found rosidl_generator_c: 3.1.8 (/opt/ros/humble/share/rosidl_generator_c/cmake)
-- Found rosidl_adapter: 3.1.8 (/opt/ros/humble/share/rosidl_adapter/cmake)
-- Found rosidl_generator_cpp: 3.1.8 (/opt/ros/humble/share/rosidl_generator_cpp/cmake)
-- Using all available rosidl_typesupport_c: rosidl_typesupport_fastrtps_c;rosidl_typesupport_introspection_c
-- Using all available rosidl_typesupport_cpp: rosidl_typesupport_fastrtps_cpp;rosidl_typesupport_introspection_cpp
-- Found rmw_implementation_cmake: 6.1.2 (/opt/ros/humble/share/rmw_implementation_cmake/cmake)
-- Found rmw_cyclonedds_cpp: 1.3.4 (/opt/ros/humble/share/rmw_cyclonedds_cpp/cmake)
-- Using RMW implementation 'rmw_cyclonedds_cpp' as default
-- Looking for pthread.h
-- Looking for pthread.h - found
-- Performing Test CMAKE_HAVE_LIBC_PTHREAD
-- Performing Test CMAKE_HAVE_LIBC_PTHREAD - Success
-- Found Threads: TRUE  
-- Found rclcpp_lifecycle: 16.0.19 (/opt/ros/humble/share/rclcpp_lifecycle/cmake)
-- Found std_srvs: 4.9.1 (/opt/ros/humble/share/std_srvs/cmake)
-- Found sensor_msgs: 4.9.1 (/opt/ros/humble/share/sensor_msgs/cmake)
-- Found Boost: /usr/lib/x86_64-linux-gnu/cmake/Boost-1.74.0/BoostConfig.cmake (found version "1.74.0")  
-- Found tf2: 0.25.20 (/opt/ros/humble/share/tf2/cmake)
-- Found tf2_ros: 0.25.20 (/opt/ros/humble/share/tf2_ros/cmake)
-- Found tf2_geometry_msgs: 0.25.20 (/opt/ros/humble/share/tf2_geometry_msgs/cmake)
-- Found eigen3_cmake_module: 0.1.1 (/opt/ros/humble/share/eigen3_cmake_module/cmake)
-- Found Eigen3: TRUE (found version "3.4.0") 
-- Ensuring Eigen3 include directory is part of orocos-kdl CMake target
-- Found nav_msgs: 4.9.1 (/opt/ros/humble/share/nav_msgs/cmake)
-- Found trajectory_msgs: 4.9.1 (/opt/ros/humble/share/trajectory_msgs/cmake)
-- Found OpenCV: /usr (found version "4.5.4") 
-- Found ctl_mission_interfaces: 0.0.0 (/workspaces/Cuadriga_IA_/install/ctl_mission_interfaces/share/ctl_mission_interfaces/cmake)
-- Found path_manager_interfaces: 0.0.0 (/workspaces/Cuadriga_IA_/install/path_manager_interfaces/share/path_manager_interfaces/cmake)
-- Found rosidl_default_generators: 1.2.1 (/opt/ros/humble/share/rosidl_default_generators/cmake)
-- Found GeographicLib: /usr/lib/x86_64-linux-gnu  
-- Found ament_lint_auto: 0.12.15 (/opt/ros/humble/share/ament_lint_auto/cmake)
-- Found launch_testing_ament_cmake: 1.0.14 (/opt/ros/humble/share/launch_testing_ament_cmake/cmake)
-- Found python_cmake_module: 0.10.0 (/opt/ros/humble/share/python_cmake_module/cmake)
-- Found PythonInterp: /usr/bin/python3 (found suitable version "3.10.12", minimum required is "3.6") 
-- Found PythonLibs: /usr/lib/x86_64-linux-gnu/libpython3.10.so (found suitable version "3.10.12", minimum required is "3.5") 
-- Using PYTHON_EXECUTABLE: /usr/bin/python3
-- Using PYTHON_INCLUDE_DIRS: /usr/include/python3.10
-- Using PYTHON_LIBRARIES: /usr/lib/x86_64-linux-gnu/libpython3.10.so
-- Found PythonExtra: .so  
-- Added test 'copyright' to check source files copyright and LICENSE
-- Added test 'cppcheck' to perform static code analysis on C / C++ code
-- Configured cppcheck include dirs: $<BUILD_INTERFACE:/workspaces/Cuadriga_IA_/src/ctl_mission/ctl_mission/include>
-- Configured cppcheck exclude dirs and/or files: 
-- Added test 'cpplint' to check C / C++ code against the Google style
-- Configured cpplint exclude dirs and/or files: 
-- Added test 'flake8' to check Python code syntax and style conventions
-- Added test 'lint_cmake' to check CMake code style
-- Added test 'pep257' to check Python code against some of the docstring style conventions in PEP 257
-- Added test 'uncrustify' to check C / C++ code style
-- Configured uncrustify additional arguments: 
-- Added test 'xmllint' to check XML markup files
-- Configuring done
-- Generating done
-- Build files have been written to: /workspaces/Cuadriga_IA_/build/ctl_mission
[ 11%] [32mBuilding CXX object CMakeFiles/ctl_mission.dir/src/cuadriga_FSM.cpp.o[0m
[ 11%] [32mBuilding CXX object CMakeFiles/path_following.dir/src/FSM_states/path_following_node.cpp.o[0m
[ 11%] [32mBuilding CXX object CMakeFiles/path_record_node.dir/src/FSM_states/path_record_node.cpp.o[0m
[ 11%] [32mBuilding CXX object CMakeFiles/estop_node.dir/src/FSM_states/estop_node.cpp.o[0m
[ 20%] [32mBuilding CXX object CMakeFiles/back_home_node.dir/src/FSM_states/back_home_node.cpp.o[0m
[ 17%] [32mBuilding CXX object CMakeFiles/teleoperation_node.dir/src/FSM_states/teleoperation_node.cpp.o[0m
[ 23%] [32mBuilding CXX object CMakeFiles/ready_node.dir/src/FSM_states/ready_node.cpp.o[0m
[ 23%] [32mBuilding CXX object CMakeFiles/controller_node.dir/src/FSM_states/Ctrl_node.cpp.o[0m
[ 26%] [32mBuilding CXX object CMakeFiles/ctl_mission.dir/src/argj08_ctl_node.cpp.o[0m
[ 29%] [32mBuilding CXX object CMakeFiles/estop_node.dir/src/FSM_states/estop_node_main.cpp.o[0m
[ 32%] [32mBuilding CXX object CMakeFiles/ready_node.dir/src/FSM_states/ready_node_main.cpp.o[0m
[ 35%] [32m[1mLinking CXX executable back_home_node[0m
[ 35%] Built target back_home_node
[ 38%] [32mBuilding CXX object CMakeFiles/teleoperation_node.dir/src/FSM_states/teleoperation_node_main.cpp.o[0m
[ 41%] [32m[1mLinking CXX executable ready_node[0m
[ 44%] [32m[1mLinking CXX executable estop_node[0m
[ 44%] Built target estop_node
[ 47%] [32mBuilding CXX object CMakeFiles/path_following.dir/src/FSM_states/path_following_node_main.cpp.o[0m
[ 47%] Built target ready_node
[ 50%] [32mBuilding CXX object CMakeFiles/controller_node.dir/src/FSM_states/Ctrl_node_main.cpp.o[0m
[ 52%] [32mBuilding CXX object CMakeFiles/controller_node.dir/src/controllers/stanley_ctrl.cpp.o[0m
[ 55%] [32m[1mLinking CXX executable ctl_mission[0m
