[0.013s] Invoking command in '/workspaces/Cuadriga_IA_/build/ctl_mission': AMENT_PREFIX_PATH=/workspaces/Cuadriga_IA_/install/path_manager_interfaces:/workspaces/Cuadriga_IA_/install/ctl_mission_interfaces:${AMENT_PREFIX_PATH} CMAKE_PREFIX_PATH=/workspaces/Cuadriga_IA_/install/path_manager_interfaces:/workspaces/Cuadriga_IA_/install/ctl_mission_interfaces:/ros2_ws/install/wiimote_msgs:/ros2_ws/install/spacenav:/ros2_ws/install/security_check:/ros2_ws/install/security_check_interfaces:/ros2_ws/install/joy:/ros2_ws/install/sdl2_vendor:/ros2_ws/install/path_manager:/ros2_ws/install/path_manager_interfaces:/ros2_ws/install/joy_linux:/ros2_ws/install/hikmicro_thermal_camera:/ros2_ws/install/fixposition_odometry_converter_ros2:/ros2_ws/install/fixposition_driver_ros2:/ros2_ws/install/fixposition_driver_lib:/ros2_ws/install/fixposition_gnss_tf:/ros2_ws/install/cuadriga_setup:/ros2_ws/install/cuadriga_actuator:/ros2_ws/install/ctl_mission_interfaces:/ros2_ws/install/ctl_mission:/ros2_ws/install/cuadriga_gui:/opt/ros/humble LD_LIBRARY_PATH=/workspaces/Cuadriga_IA_/install/path_manager_interfaces/lib:/workspaces/Cuadriga_IA_/install/ctl_mission_interfaces/lib:${LD_LIBRARY_PATH} PYTHONPATH=/workspaces/Cuadriga_IA_/install/path_manager_interfaces/local/lib/python3.10/dist-packages:/workspaces/Cuadriga_IA_/install/ctl_mission_interfaces/local/lib/python3.10/dist-packages:${PYTHONPATH} /usr/bin/cmake /workspaces/Cuadriga_IA_/src/ctl_mission/ctl_mission -DAMENT_CMAKE_SYMLINK_INSTALL=1 -DCMAKE_INSTALL_PREFIX=/workspaces/Cuadriga_IA_/install/ctl_mission
[0.069s] -- The C compiler identification is GNU 11.4.0
[0.122s] -- The CXX compiler identification is GNU 11.4.0
[0.131s] -- Detecting C compiler ABI info
[0.200s] -- Detecting C compiler ABI info - done
[0.207s] -- Check for working C compiler: /usr/bin/cc - skipped
[0.207s] -- Detecting C compile features
[0.207s] -- Detecting C compile features - done
[0.210s] -- Detecting CXX compiler ABI info
[0.287s] -- Detecting CXX compiler ABI info - done
[0.295s] -- Check for working CXX compiler: /usr/bin/c++ - skipped
[0.295s] -- Detecting CXX compile features
[0.295s] -- Detecting CXX compile features - done
[0.301s] -- Found ament_cmake: 1.3.14 (/opt/ros/humble/share/ament_cmake/cmake)
[0.453s] -- Found Python3: /usr/bin/python3 (found version "3.10.12") found components: Interpreter 
[0.512s] -- Override CMake install command with custom implementation using symlinks instead of copying resources
[0.577s] -- Found rclcpp: 16.0.19 (/opt/ros/humble/share/rclcpp/cmake)
[0.649s] -- Found rosidl_generator_c: 3.1.8 (/opt/ros/humble/share/rosidl_generator_c/cmake)
[0.658s] -- Found rosidl_adapter: 3.1.8 (/opt/ros/humble/share/rosidl_adapter/cmake)
[0.671s] -- Found rosidl_generator_cpp: 3.1.8 (/opt/ros/humble/share/rosidl_generator_cpp/cmake)
[0.687s] -- Using all available rosidl_typesupport_c: rosidl_typesupport_fastrtps_c;rosidl_typesupport_introspection_c
[0.712s] -- Using all available rosidl_typesupport_cpp: rosidl_typesupport_fastrtps_cpp;rosidl_typesupport_introspection_cpp
[0.816s] -- Found rmw_implementation_cmake: 6.1.2 (/opt/ros/humble/share/rmw_implementation_cmake/cmake)
[0.824s] -- Found rmw_cyclonedds_cpp: 1.3.4 (/opt/ros/humble/share/rmw_cyclonedds_cpp/cmake)
[0.878s] -- Using RMW implementation 'rmw_cyclonedds_cpp' as default
[0.900s] -- Looking for pthread.h
[0.973s] -- Looking for pthread.h - found
[0.973s] -- Performing Test CMAKE_HAVE_LIBC_PTHREAD
[1.048s] -- Performing Test CMAKE_HAVE_LIBC_PTHREAD - Success
[1.049s] -- Found Threads: TRUE  
[1.137s] -- Found rclcpp_lifecycle: 16.0.19 (/opt/ros/humble/share/rclcpp_lifecycle/cmake)
[1.178s] -- Found std_srvs: 4.9.1 (/opt/ros/humble/share/std_srvs/cmake)
[1.200s] -- Found sensor_msgs: 4.9.1 (/opt/ros/humble/share/sensor_msgs/cmake)
[1.248s] -- Found Boost: /usr/lib/x86_64-linux-gnu/cmake/Boost-1.74.0/BoostConfig.cmake (found version "1.74.0")  
[1.254s] -- Found tf2: 0.25.20 (/opt/ros/humble/share/tf2/cmake)
[1.274s] -- Found tf2_ros: 0.25.20 (/opt/ros/humble/share/tf2_ros/cmake)
[1.430s] -- Found tf2_geometry_msgs: 0.25.20 (/opt/ros/humble/share/tf2_geometry_msgs/cmake)
[1.457s] -- Found eigen3_cmake_module: 0.1.1 (/opt/ros/humble/share/eigen3_cmake_module/cmake)
[1.459s] -- Found Eigen3: TRUE (found version "3.4.0") 
[1.460s] -- Ensuring Eigen3 include directory is part of orocos-kdl CMake target
[1.465s] -- Found nav_msgs: 4.9.1 (/opt/ros/humble/share/nav_msgs/cmake)
[1.484s] -- Found trajectory_msgs: 4.9.1 (/opt/ros/humble/share/trajectory_msgs/cmake)
[1.518s] -- Found OpenCV: /usr (found version "4.5.4") 
[1.518s] -- Found ctl_mission_interfaces: 0.0.0 (/workspaces/Cuadriga_IA_/install/ctl_mission_interfaces/share/ctl_mission_interfaces/cmake)
[1.534s] -- Found path_manager_interfaces: 0.0.0 (/workspaces/Cuadriga_IA_/install/path_manager_interfaces/share/path_manager_interfaces/cmake)
[1.552s] -- Found rosidl_default_generators: 1.2.1 (/opt/ros/humble/share/rosidl_default_generators/cmake)
[1.571s] -- Found GeographicLib: /usr/lib/x86_64-linux-gnu  
[1.748s] -- Found ament_lint_auto: 0.12.15 (/opt/ros/humble/share/ament_lint_auto/cmake)
[1.863s] -- Found launch_testing_ament_cmake: 1.0.14 (/opt/ros/humble/share/launch_testing_ament_cmake/cmake)
[1.867s] -- Found python_cmake_module: 0.10.0 (/opt/ros/humble/share/python_cmake_module/cmake)
[1.888s] -- Found PythonInterp: /usr/bin/python3 (found suitable version "3.10.12", minimum required is "3.6") 
[1.893s] -- Found PythonLibs: /usr/lib/x86_64-linux-gnu/libpython3.10.so (found suitable version "3.10.12", minimum required is "3.5") 
[1.893s] -- Using PYTHON_EXECUTABLE: /usr/bin/python3
[1.893s] -- Using PYTHON_INCLUDE_DIRS: /usr/include/python3.10
[1.893s] -- Using PYTHON_LIBRARIES: /usr/lib/x86_64-linux-gnu/libpython3.10.so
[1.914s] -- Found PythonExtra: .so  
[1.922s] -- Added test 'copyright' to check source files copyright and LICENSE
[2.021s] -- Added test 'cppcheck' to perform static code analysis on C / C++ code
[2.023s] -- Configured cppcheck include dirs: $<BUILD_INTERFACE:/workspaces/Cuadriga_IA_/src/ctl_mission/ctl_mission/include>
[2.023s] -- Configured cppcheck exclude dirs and/or files: 
[2.121s] -- Added test 'cpplint' to check C / C++ code against the Google style
[2.121s] -- Configured cpplint exclude dirs and/or files: 
[2.135s] -- Added test 'flake8' to check Python code syntax and style conventions
[2.160s] -- Added test 'lint_cmake' to check CMake code style
[2.174s] -- Added test 'pep257' to check Python code against some of the docstring style conventions in PEP 257
[2.273s] -- Added test 'uncrustify' to check C / C++ code style
[2.273s] -- Configured uncrustify additional arguments: 
[2.287s] -- Added test 'xmllint' to check XML markup files
[2.291s] -- Configuring done
[2.366s] -- Generating done
[2.391s] -- Build files have been written to: /workspaces/Cuadriga_IA_/build/ctl_mission
[2.400s] Invoked command in '/workspaces/Cuadriga_IA_/build/ctl_mission' returned '0': AMENT_PREFIX_PATH=/workspaces/Cuadriga_IA_/install/path_manager_interfaces:/workspaces/Cuadriga_IA_/install/ctl_mission_interfaces:${AMENT_PREFIX_PATH} CMAKE_PREFIX_PATH=/workspaces/Cuadriga_IA_/install/path_manager_interfaces:/workspaces/Cuadriga_IA_/install/ctl_mission_interfaces:/ros2_ws/install/wiimote_msgs:/ros2_ws/install/spacenav:/ros2_ws/install/security_check:/ros2_ws/install/security_check_interfaces:/ros2_ws/install/joy:/ros2_ws/install/sdl2_vendor:/ros2_ws/install/path_manager:/ros2_ws/install/path_manager_interfaces:/ros2_ws/install/joy_linux:/ros2_ws/install/hikmicro_thermal_camera:/ros2_ws/install/fixposition_odometry_converter_ros2:/ros2_ws/install/fixposition_driver_ros2:/ros2_ws/install/fixposition_driver_lib:/ros2_ws/install/fixposition_gnss_tf:/ros2_ws/install/cuadriga_setup:/ros2_ws/install/cuadriga_actuator:/ros2_ws/install/ctl_mission_interfaces:/ros2_ws/install/ctl_mission:/ros2_ws/install/cuadriga_gui:/opt/ros/humble LD_LIBRARY_PATH=/workspaces/Cuadriga_IA_/install/path_manager_interfaces/lib:/workspaces/Cuadriga_IA_/install/ctl_mission_interfaces/lib:${LD_LIBRARY_PATH} PYTHONPATH=/workspaces/Cuadriga_IA_/install/path_manager_interfaces/local/lib/python3.10/dist-packages:/workspaces/Cuadriga_IA_/install/ctl_mission_interfaces/local/lib/python3.10/dist-packages:${PYTHONPATH} /usr/bin/cmake /workspaces/Cuadriga_IA_/src/ctl_mission/ctl_mission -DAMENT_CMAKE_SYMLINK_INSTALL=1 -DCMAKE_INSTALL_PREFIX=/workspaces/Cuadriga_IA_/install/ctl_mission
[2.402s] Invoking command in '/workspaces/Cuadriga_IA_/build/ctl_mission': AMENT_PREFIX_PATH=/workspaces/Cuadriga_IA_/install/path_manager_interfaces:/workspaces/Cuadriga_IA_/install/ctl_mission_interfaces:${AMENT_PREFIX_PATH} CMAKE_PREFIX_PATH=/workspaces/Cuadriga_IA_/install/path_manager_interfaces:/workspaces/Cuadriga_IA_/install/ctl_mission_interfaces:/ros2_ws/install/wiimote_msgs:/ros2_ws/install/spacenav:/ros2_ws/install/security_check:/ros2_ws/install/security_check_interfaces:/ros2_ws/install/joy:/ros2_ws/install/sdl2_vendor:/ros2_ws/install/path_manager:/ros2_ws/install/path_manager_interfaces:/ros2_ws/install/joy_linux:/ros2_ws/install/hikmicro_thermal_camera:/ros2_ws/install/fixposition_odometry_converter_ros2:/ros2_ws/install/fixposition_driver_ros2:/ros2_ws/install/fixposition_driver_lib:/ros2_ws/install/fixposition_gnss_tf:/ros2_ws/install/cuadriga_setup:/ros2_ws/install/cuadriga_actuator:/ros2_ws/install/ctl_mission_interfaces:/ros2_ws/install/ctl_mission:/ros2_ws/install/cuadriga_gui:/opt/ros/humble LD_LIBRARY_PATH=/workspaces/Cuadriga_IA_/install/path_manager_interfaces/lib:/workspaces/Cuadriga_IA_/install/ctl_mission_interfaces/lib:${LD_LIBRARY_PATH} PYTHONPATH=/workspaces/Cuadriga_IA_/install/path_manager_interfaces/local/lib/python3.10/dist-packages:/workspaces/Cuadriga_IA_/install/ctl_mission_interfaces/local/lib/python3.10/dist-packages:${PYTHONPATH} /usr/bin/cmake --build /workspaces/Cuadriga_IA_/build/ctl_mission -- -j8 -l8
[2.471s] [ 11%] [32mBuilding CXX object CMakeFiles/ctl_mission.dir/src/cuadriga_FSM.cpp.o[0m
[2.471s] [ 11%] [32mBuilding CXX object CMakeFiles/path_following.dir/src/FSM_states/path_following_node.cpp.o[0m
[2.471s] [ 11%] [32mBuilding CXX object CMakeFiles/path_record_node.dir/src/FSM_states/path_record_node.cpp.o[0m
[2.471s] [ 11%] [32mBuilding CXX object CMakeFiles/estop_node.dir/src/FSM_states/estop_node.cpp.o[0m
[2.472s] [ 20%] [32mBuilding CXX object CMakeFiles/back_home_node.dir/src/FSM_states/back_home_node.cpp.o[0m
[2.472s] [ 17%] [32mBuilding CXX object CMakeFiles/teleoperation_node.dir/src/FSM_states/teleoperation_node.cpp.o[0m
[2.475s] [ 23%] [32mBuilding CXX object CMakeFiles/ready_node.dir/src/FSM_states/ready_node.cpp.o[0m
[2.475s] [ 23%] [32mBuilding CXX object CMakeFiles/controller_node.dir/src/FSM_states/Ctrl_node.cpp.o[0m
[2.929s] [ 26%] [32mBuilding CXX object CMakeFiles/ctl_mission.dir/src/argj08_ctl_node.cpp.o[0m
[3.179s] [01m[K/workspaces/Cuadriga_IA_/src/ctl_mission/ctl_mission/src/FSM_states/path_record_node.cpp:106:31:[m[K [01;35m[Kwarning: [m[Kmulti-character character constant [[01;35m[K-Wmultichar[m[K]
[3.184s]   106 |     ll_path.header.frame_id = [01;35m[K'll'[m[K;
[3.184s]       |                               [01;35m[K^~~~[m[K
[6.465s] [01m[K/workspaces/Cuadriga_IA_/src/ctl_mission/ctl_mission/src/FSM_states/estop_node.cpp:[m[K In member function ‘[01m[Kvirtual rclcpp_lifecycle::node_interfaces::LifecycleNodeInterface::CallbackReturn EstopNode::on_deactivate(const rclcpp_lifecycle::State&)[m[K’:
[6.465s] [01m[K/workspaces/Cuadriga_IA_/src/ctl_mission/ctl_mission/src/FSM_states/estop_node.cpp:69:58:[m[K [01;35m[Kwarning: [m[Kunused parameter ‘[01m[Kstate[m[K’ [[01;35m[K-Wunused-parameter[m[K]
[6.465s]    69 | EstopNode::on_deactivate([01;35m[Kconst rclcpp_lifecycle::State & state[m[K) {
[6.465s]       |                          [01;35m[K~~~~~~~~~~~~~~~~~~~~~~~~~~~~~~~~^~~~~[m[K
[6.727s] [01m[K/workspaces/Cuadriga_IA_/src/ctl_mission/ctl_mission/src/FSM_states/path_record_node.cpp:[m[K In member function ‘[01m[Kvirtual rclcpp_lifecycle::node_interfaces::LifecycleNodeInterface::CallbackReturn PathRecordNode::on_deactivate(const rclcpp_lifecycle::State&)[m[K’:
[6.727s] [01m[K/workspaces/Cuadriga_IA_/src/ctl_mission/ctl_mission/src/FSM_states/path_record_node.cpp:106:31:[m[K [01;35m[Kwarning: [m[Koverflow in conversion from ‘[01m[Kint[m[K’ to ‘[01m[Kchar[m[K’ changes value from ‘[01m[K27756[m[K’ to ‘[01m[K'l'[m[K’ [[01;35m[K-Woverflow[m[K]
[6.729s] [01m[K/workspaces/Cuadriga_IA_/src/ctl_mission/ctl_mission/src/FSM_states/path_record_node.cpp:[m[K In member function ‘[01m[Kvirtual rclcpp_lifecycle::node_interfaces::LifecycleNodeInterface::CallbackReturn PathRecordNode::on_cleanup(const rclcpp_lifecycle::State&)[m[K’:
[6.729s] [01m[K/workspaces/Cuadriga_IA_/src/ctl_mission/ctl_mission/src/FSM_states/path_record_node.cpp:113:60:[m[K [01;35m[Kwarning: [m[Kunused parameter ‘[01m[Kstate[m[K’ [[01;35m[K-Wunused-parameter[m[K]
[6.729s]   113 | PathRecordNode::on_cleanup([01;35m[Kconst rclcpp_lifecycle::State & state[m[K) {
[6.729s]       |                            [01;35m[K~~~~~~~~~~~~~~~~~~~~~~~~~~~~~~~~^~~~~[m[K
[6.733s] [01m[K/workspaces/Cuadriga_IA_/src/ctl_mission/ctl_mission/src/FSM_states/path_record_node.cpp:[m[K In member function ‘[01m[Kvirtual rclcpp_lifecycle::node_interfaces::LifecycleNodeInterface::CallbackReturn PathRecordNode::on_shutdown(const rclcpp_lifecycle::State&)[m[K’:
[6.733s] [01m[K/workspaces/Cuadriga_IA_/src/ctl_mission/ctl_mission/src/FSM_states/path_record_node.cpp:120:61:[m[K [01;35m[Kwarning: [m[Kunused parameter ‘[01m[Kstate[m[K’ [[01;35m[K-Wunused-parameter[m[K]
[6.733s]   120 | PathRecordNode::on_shutdown([01;35m[Kconst rclcpp_lifecycle::State & state[m[K) {
[6.733s]       |                             [01;35m[K~~~~~~~~~~~~~~~~~~~~~~~~~~~~~~~~^~~~~[m[K
[7.166s] [01m[K/workspaces/Cuadriga_IA_/src/ctl_mission/ctl_mission/src/argj08_ctl_node.cpp:[m[K In member function ‘[01m[Kvoid CtlMissionNode::sendLifecycleStateRequest(const SharedPtr&, uint8_t)[m[K’:
[7.166s] [01m[K/workspaces/Cuadriga_IA_/src/ctl_mission/ctl_mission/src/argj08_ctl_node.cpp:128:57:[m[K [01;35m[Kwarning: [m[K‘[01m[Krclcpp::Client<ServiceT>::FutureAndRequestId::operator rclcpp::Client<ServiceT>::SharedFuture() [with ServiceT = lifecycle_msgs::srv::ChangeState; rclcpp::Client<ServiceT>::SharedFuture = std::shared_future<std::shared_ptr<lifecycle_msgs::srv::ChangeState_Response_<std::allocator<void> > > >][m[K’ is deprecated: FutureAndRequestId: use .future.share() instead of an implicit conversion [[01;35m[K-Wdeprecated-declarations[m[K]
[7.167s]   128 |     service_future_ = client->async_send_request(request[01;35m[K)[m[K;
[7.167s]       |                                                         [01;35m[K^[m[K
[7.167s] In file included from [01m[K/opt/ros/humble/include/rclcpp/rclcpp/callback_group.hpp:24[m[K,
[7.167s]                  from [01m[K/opt/ros/humble/include/rclcpp/rclcpp/any_executable.hpp:20[m[K,
[7.167s]                  from [01m[K/opt/ros/humble/include/rclcpp/rclcpp/memory_strategy.hpp:25[m[K,
[7.167s]                  from [01m[K/opt/ros/humble/include/rclcpp/rclcpp/memory_strategies.hpp:18[m[K,
[7.167s]                  from [01m[K/opt/ros/humble/include/rclcpp/rclcpp/executor_options.hpp:20[m[K,
[7.167s]                  from [01m[K/opt/ros/humble/include/rclcpp/rclcpp/executor.hpp:37[m[K,
[7.168s]                  from [01m[K/opt/ros/humble/include/rclcpp/rclcpp/executors/multi_threaded_executor.hpp:25[m[K,
[7.168s]                  from [01m[K/opt/ros/humble/include/rclcpp/rclcpp/executors.hpp:21[m[K,
[7.168s]                  from [01m[K/opt/ros/humble/include/rclcpp/rclcpp/rclcpp.hpp:155[m[K,
[7.168s]                  from [01m[K/workspaces/Cuadriga_IA_/src/ctl_mission/ctl_mission/src/argj08_ctl_node.cpp:50[m[K:
[7.168s] [01m[K/opt/ros/humble/include/rclcpp/rclcpp/client.hpp:415:5:[m[K [01;36m[Knote: [m[Kdeclared here
[7.168s]   415 |     [01;36m[Koperator[m[K SharedFuture() {return this->future.share();}
[7.168s]       |     [01;36m[K^~~~~~~~[m[K
[7.224s] [01m[K/workspaces/Cuadriga_IA_/src/ctl_mission/ctl_mission/src/argj08_ctl_node.cpp:[m[K In member function ‘[01m[Kvoid CtlMissionNode::getMode(std::shared_ptr<ctl_mission_interfaces::srv::GetMode_Request_<std::allocator<void> > >, std::shared_ptr<ctl_mission_interfaces::srv::GetMode_Response_<std::allocator<void> > >)[m[K’:
[7.224s] [01m[K/workspaces/Cuadriga_IA_/src/ctl_mission/ctl_mission/src/argj08_ctl_node.cpp:327:99:[m[K [01;35m[Kwarning: [m[Kunused parameter ‘[01m[Kreq[m[K’ [[01;35m[K-Wunused-parameter[m[K]
[7.224s]   327 | void CtlMissionNode::getMode([01;35m[Kconst std::shared_ptr<ctl_mission_interfaces::srv::GetMode::Request> req[m[K,
[7.224s]       |                              [01;35m[K~~~~~~~~~~~~~~~~~~~~~~~~~~~~~~~~~~~~~~~~~~~~~~~~~~~~~~~~~~~~~~~~~~~~~^~~[m[K
[7.227s] [01m[K/workspaces/Cuadriga_IA_/src/ctl_mission/ctl_mission/src/argj08_ctl_node.cpp:[m[K In member function ‘[01m[Kvoid CtlMissionNode::handle_get_possible_transitions(std::shared_ptr<ctl_mission_interfaces::srv::GetPossibleTransitions_Request_<std::allocator<void> > >, std::shared_ptr<ctl_mission_interfaces::srv::GetPossibleTransitions_Response_<std::allocator<void> > >)[m[K’:
[7.227s] [01m[K/workspaces/Cuadriga_IA_/src/ctl_mission/ctl_mission/src/argj08_ctl_node.cpp:333:89:[m[K [01;35m[Kwarning: [m[Kunused parameter ‘[01m[Krequest[m[K’ [[01;35m[K-Wunused-parameter[m[K]
[7.227s]   333 |     [01;35m[Kconst std::shared_ptr<ctl_mission_interfaces::srv::GetPossibleTransitions::Request> request[m[K,
[7.227s]       |     [01;35m[K~~~~~~~~~~~~~~~~~~~~~~~~~~~~~~~~~~~~~~~~~~~~~~~~~~~~~~~~~~~~~~~~~~~~~~~~~~~~~~~~~~~~^~~~~~~[m[K
[7.395s] [01m[K/workspaces/Cuadriga_IA_/src/ctl_mission/ctl_mission/src/FSM_states/path_following_node.cpp:[m[K In member function ‘[01m[Kvoid PathFollowingNode::sendChangeModeRequest(const SharedPtr&, int)[m[K’:
[7.395s] [01m[K/workspaces/Cuadriga_IA_/src/ctl_mission/ctl_mission/src/FSM_states/path_following_node.cpp:141:60:[m[K [01;35m[Kwarning: [m[K‘[01m[Krclcpp::Client<ServiceT>::FutureAndRequestId::operator rclcpp::Client<ServiceT>::SharedFuture() [with ServiceT = ctl_mission_interfaces::srv::ChangeMode; rclcpp::Client<ServiceT>::SharedFuture = std::shared_future<std::shared_ptr<ctl_mission_interfaces::srv::ChangeMode_Response_<std::allocator<void> > > >][m[K’ is deprecated: FutureAndRequestId: use .future.share() instead of an implicit conversion [[01;35m[K-Wdeprecated-declarations[m[K]
[7.396s]   141 |     service_future_fsm = client->async_send_request(request[01;35m[K)[m[K;
[7.396s]       |                                                            [01;35m[K^[m[K
[7.396s] In file included from [01m[K/opt/ros/humble/include/rclcpp/rclcpp/callback_group.hpp:24[m[K,
[7.396s]                  from [01m[K/opt/ros/humble/include/rclcpp/rclcpp/any_executable.hpp:20[m[K,
[7.396s]                  from [01m[K/opt/ros/humble/include/rclcpp/rclcpp/memory_strategy.hpp:25[m[K,
[7.396s]                  from [01m[K/opt/ros/humble/include/rclcpp/rclcpp/memory_strategies.hpp:18[m[K,
[7.396s]                  from [01m[K/opt/ros/humble/include/rclcpp/rclcpp/executor_options.hpp:20[m[K,
[7.396s]                  from [01m[K/opt/ros/humble/include/rclcpp/rclcpp/executor.hpp:37[m[K,
[7.397s]                  from [01m[K/opt/ros/humble/include/rclcpp/rclcpp/executors/multi_threaded_executor.hpp:25[m[K,
[7.397s]                  from [01m[K/opt/ros/humble/include/rclcpp/rclcpp/executors.hpp:21[m[K,
[7.397s]                  from [01m[K/opt/ros/humble/include/rclcpp/rclcpp/rclcpp.hpp:155[m[K,
[7.397s]                  from [01m[K/workspaces/Cuadriga_IA_/src/ctl_mission/ctl_mission/include/ctl_mission/PathFollowingNode.hpp:12[m[K,
[7.397s]                  from [01m[K/workspaces/Cuadriga_IA_/src/ctl_mission/ctl_mission/src/FSM_states/path_following_node.cpp:52[m[K:
[7.397s] [01m[K/opt/ros/humble/include/rclcpp/rclcpp/client.hpp:415:5:[m[K [01;36m[Knote: [m[Kdeclared here
[7.397s]   415 |     [01;36m[Koperator[m[K SharedFuture() {return this->future.share();}
[7.397s]       |     [01;36m[K^~~~~~~~[m[K
[7.420s] [01m[K/workspaces/Cuadriga_IA_/src/ctl_mission/ctl_mission/src/FSM_states/path_following_node.cpp:[m[K In member function ‘[01m[Kvoid PathFollowingNode::callGetFixFramePathService()[m[K’:
[7.420s] [01m[K/workspaces/Cuadriga_IA_/src/ctl_mission/ctl_mission/src/FSM_states/path_following_node.cpp:177:65:[m[K [01;35m[Kwarning: [m[K‘[01m[Krclcpp::Client<ServiceT>::FutureAndRequestId::operator rclcpp::Client<ServiceT>::SharedFuture() [with ServiceT = path_manager_interfaces::srv::GetFixFramePath; rclcpp::Client<ServiceT>::SharedFuture = std::shared_future<std::shared_ptr<path_manager_interfaces::srv::GetFixFramePath_Response_<std::allocator<void> > > >][m[K’ is deprecated: FutureAndRequestId: use .future.share() instead of an implicit conversion [[01;35m[K-Wdeprecated-declarations[m[K]
[7.420s]   177 |     service_future_ = getRPathClient->async_send_request(request[01;35m[K)[m[K;
[7.420s]       |                                                                 [01;35m[K^[m[K
[7.420s] In file included from [01m[K/opt/ros/humble/include/rclcpp/rclcpp/callback_group.hpp:24[m[K,
[7.420s]                  from [01m[K/opt/ros/humble/include/rclcpp/rclcpp/any_executable.hpp:20[m[K,
[7.420s]                  from [01m[K/opt/ros/humble/include/rclcpp/rclcpp/memory_strategy.hpp:25[m[K,
[7.420s]                  from [01m[K/opt/ros/humble/include/rclcpp/rclcpp/memory_strategies.hpp:18[m[K,
[7.421s]                  from [01m[K/opt/ros/humble/include/rclcpp/rclcpp/executor_options.hpp:20[m[K,
[7.421s]                  from [01m[K/opt/ros/humble/include/rclcpp/rclcpp/executor.hpp:37[m[K,
[7.421s]                  from [01m[K/opt/ros/humble/include/rclcpp/rclcpp/executors/multi_threaded_executor.hpp:25[m[K,
[7.421s]                  from [01m[K/opt/ros/humble/include/rclcpp/rclcpp/executors.hpp:21[m[K,
[7.421s]                  from [01m[K/opt/ros/humble/include/rclcpp/rclcpp/rclcpp.hpp:155[m[K,
[7.421s]                  from [01m[K/workspaces/Cuadriga_IA_/src/ctl_mission/ctl_mission/include/ctl_mission/PathFollowingNode.hpp:12[m[K,
[7.421s]                  from [01m[K/workspaces/Cuadriga_IA_/src/ctl_mission/ctl_mission/src/FSM_states/path_following_node.cpp:52[m[K:
[7.421s] [01m[K/opt/ros/humble/include/rclcpp/rclcpp/client.hpp:415:5:[m[K [01;36m[Knote: [m[Kdeclared here
[7.421s]   415 |     [01;36m[Koperator[m[K SharedFuture() {return this->future.share();}
[7.422s]       |     [01;36m[K^~~~~~~~[m[K
[7.703s] [01m[K/workspaces/Cuadriga_IA_/src/ctl_mission/ctl_mission/src/FSM_states/path_following_node.cpp:[m[K In member function ‘[01m[Kvoid PathFollowingNode::first_not_negative(const Path&)[m[K’:
[7.704s] [01m[K/workspaces/Cuadriga_IA_/src/ctl_mission/ctl_mission/src/FSM_states/path_following_node.cpp:350:39:[m[K [01;35m[Kwarning: [m[Kcomparison of integer expressions of different signedness: ‘[01m[Kint[m[K’ and ‘[01m[Kstd::vector<geometry_msgs::msg::PoseStamped_<std::allocator<void> >, std::allocator<geometry_msgs::msg::PoseStamped_<std::allocator<void> > > >::size_type[m[K’ {aka ‘[01m[Klong unsigned int[m[K’} [[01;35m[K-Wsign-compare[m[K]
[7.704s]   350 |         for (int i = min_point_idx; [01;35m[Ki < path_in.poses.size()[m[K; i++) {
[7.704s]       |                                     [01;35m[K~~^~~~~~~~~~~~~~~~~~~~~~[m[K
[7.704s] [01m[K/workspaces/Cuadriga_IA_/src/ctl_mission/ctl_mission/src/FSM_states/path_following_node.cpp:349:20:[m[K [01;35m[Kwarning: [m[Kunused variable ‘[01m[Kmin_distance[m[K’ [[01;35m[K-Wunused-variable[m[K]
[7.704s]   349 |             double [01;35m[Kmin_distance[m[K = std::numeric_limits<double>::max();
[7.704s]       |                    [01;35m[K^~~~~~~~~~~~[m[K
[7.705s] [01m[K/workspaces/Cuadriga_IA_/src/ctl_mission/ctl_mission/src/FSM_states/path_following_node.cpp:[m[K In member function ‘[01m[Kvoid PathFollowingNode::distances_to_wp(const Path&, const Odometry&)[m[K’:
[7.705s] [01m[K/workspaces/Cuadriga_IA_/src/ctl_mission/ctl_mission/src/FSM_states/path_following_node.cpp:365:17:[m[K [01;35m[Kwarning: [m[Kcomparison of integer expressions of different signedness: ‘[01m[Kint[m[K’ and ‘[01m[Kstd::vector<geometry_msgs::msg::PoseStamped_<std::allocator<void> >, std::allocator<geometry_msgs::msg::PoseStamped_<std::allocator<void> > > >::size_type[m[K’ {aka ‘[01m[Klong unsigned int[m[K’} [[01;35m[K-Wsign-compare[m[K]
[7.705s]   365 |     if ([01;35m[Kmax_idx > path_in.poses.size()[m[K) max_idx = path_in.poses.size();
[7.705s]       |         [01;35m[K~~~~~~~~^~~~~~~~~~~~~~~~~~~~~~[m[K
[7.705s] [01m[K/workspaces/Cuadriga_IA_/src/ctl_mission/ctl_mission/src/FSM_states/path_following_node.cpp:[m[K In member function ‘[01m[Kint PathFollowingNode::min_id_all_path(const Path&)[m[K’:
[7.705s] [01m[K/workspaces/Cuadriga_IA_/src/ctl_mission/ctl_mission/src/FSM_states/path_following_node.cpp:380:27:[m[K [01;35m[Kwarning: [m[Kcomparison of integer expressions of different signedness: ‘[01m[Kint[m[K’ and ‘[01m[Kstd::vector<geometry_msgs::msg::PoseStamped_<std::allocator<void> >, std::allocator<geometry_msgs::msg::PoseStamped_<std::allocator<void> > > >::size_type[m[K’ {aka ‘[01m[Klong unsigned int[m[K’} [[01;35m[K-Wsign-compare[m[K]
[7.705s]   380 |         for (int i = 0; [01;35m[Ki < path_in.poses.size()[m[K; i++) {
[7.705s]       |                         [01;35m[K~~^~~~~~~~~~~~~~~~~~~~~~[m[K
[7.708s] [01m[K/workspaces/Cuadriga_IA_/src/ctl_mission/ctl_mission/src/FSM_states/path_following_node.cpp:[m[K In member function ‘[01m[Knav_msgs::msg::Path PathFollowingNode::transform_path_to_robot_frame(const Path&, std::string)[m[K’:
[7.708s] [01m[K/workspaces/Cuadriga_IA_/src/ctl_mission/ctl_mission/src/FSM_states/path_following_node.cpp:438:23:[m[K [01;35m[Kwarning: [m[Kcomparison of integer expressions of different signedness: ‘[01m[Kint[m[K’ and ‘[01m[Kstd::vector<geometry_msgs::msg::PoseStamped_<std::allocator<void> >, std::allocator<geometry_msgs::msg::PoseStamped_<std::allocator<void> > > >::size_type[m[K’ {aka ‘[01m[Klong unsigned int[m[K’} [[01;35m[K-Wsign-compare[m[K]
[7.708s]   438 |     for (int i = 0; [01;35m[Ki < path_in.poses.size()[m[K; i++) {
[7.708s]       |                     [01;35m[K~~^~~~~~~~~~~~~~~~~~~~~~[m[K
[7.861s] [01m[K/workspaces/Cuadriga_IA_/src/ctl_mission/ctl_mission/src/FSM_states/Ctrl_node.cpp:[m[K In member function ‘[01m[Kvoid CtrlNode::configPurePursuit(std::shared_ptr<ctl_mission_interfaces::srv::ConfigPurePursuitCtrl_Request_<std::allocator<void> > >, std::shared_ptr<ctl_mission_interfaces::srv::ConfigPurePursuitCtrl_Response_<std::allocator<void> > >)[m[K’:
[7.865s] [01m[K/workspaces/Cuadriga_IA_/src/ctl_mission/ctl_mission/src/FSM_states/Ctrl_node.cpp:263:87:[m[K [01;35m[Kwarning: [m[Kunused parameter ‘[01m[Kresponse[m[K’ [[01;35m[K-Wunused-parameter[m[K]
[7.865s]   263 |         [01;35m[Kstd::shared_ptr<ctl_mission_interfaces::srv::ConfigPurePursuitCtrl::Response> response[m[K)
[7.865s]       |         [01;35m[K~~~~~~~~~~~~~~~~~~~~~~~~~~~~~~~~~~~~~~~~~~~~~~~~~~~~~~~~~~~~~~~~~~~~~~~~~~~~~~^~~~~~~~[m[K
[7.871s] [01m[K/workspaces/Cuadriga_IA_/src/ctl_mission/ctl_mission/src/FSM_states/Ctrl_node.cpp:[m[K In member function ‘[01m[Kvoid CtrlNode::configRegulatedPure(std::shared_ptr<ctl_mission_interfaces::srv::ConfigRegulatedPureCtrl_Request_<std::allocator<void> > >, std::shared_ptr<ctl_mission_interfaces::srv::ConfigRegulatedPureCtrl_Response_<std::allocator<void> > >)[m[K’:
[7.872s] [01m[K/workspaces/Cuadriga_IA_/src/ctl_mission/ctl_mission/src/FSM_states/Ctrl_node.cpp:272:89:[m[K [01;35m[Kwarning: [m[Kunused parameter ‘[01m[Kresponse[m[K’ [[01;35m[K-Wunused-parameter[m[K]
[7.872s]   272 |         [01;35m[Kstd::shared_ptr<ctl_mission_interfaces::srv::ConfigRegulatedPureCtrl::Response> response[m[K)
[7.872s]       |         [01;35m[K~~~~~~~~~~~~~~~~~~~~~~~~~~~~~~~~~~~~~~~~~~~~~~~~~~~~~~~~~~~~~~~~~~~~~~~~~~~~~~~~^~~~~~~~[m[K
[7.882s] [01m[K/workspaces/Cuadriga_IA_/src/ctl_mission/ctl_mission/src/FSM_states/Ctrl_node.cpp:[m[K In member function ‘[01m[Kvoid CtrlNode::configDynamic(std::shared_ptr<ctl_mission_interfaces::srv::ConfigDynamicPureCtrl_Request_<std::allocator<void> > >, std::shared_ptr<ctl_mission_interfaces::srv::ConfigDynamicPureCtrl_Response_<std::allocator<void> > >)[m[K’:
[7.882s] [01m[K/workspaces/Cuadriga_IA_/src/ctl_mission/ctl_mission/src/FSM_states/Ctrl_node.cpp:281:87:[m[K [01;35m[Kwarning: [m[Kunused parameter ‘[01m[Kresponse[m[K’ [[01;35m[K-Wunused-parameter[m[K]
[7.882s]   281 |         [01;35m[Kstd::shared_ptr<ctl_mission_interfaces::srv::ConfigDynamicPureCtrl::Response> response[m[K)
[7.882s]       |         [01;35m[K~~~~~~~~~~~~~~~~~~~~~~~~~~~~~~~~~~~~~~~~~~~~~~~~~~~~~~~~~~~~~~~~~~~~~~~~~~~~~~^~~~~~~~[m[K
[7.892s] [01m[K/workspaces/Cuadriga_IA_/src/ctl_mission/ctl_mission/src/FSM_states/Ctrl_node.cpp:[m[K In member function ‘[01m[Kvoid CtrlNode::configDynamicLA(std::shared_ptr<ctl_mission_interfaces::srv::ConfigDynamicLAPureCtrl_Request_<std::allocator<void> > >, std::shared_ptr<ctl_mission_interfaces::srv::ConfigDynamicLAPureCtrl_Response_<std::allocator<void> > >)[m[K’:
[7.892s] [01m[K/workspaces/Cuadriga_IA_/src/ctl_mission/ctl_mission/src/FSM_states/Ctrl_node.cpp:290:89:[m[K [01;35m[Kwarning: [m[Kunused parameter ‘[01m[Kresponse[m[K’ [[01;35m[K-Wunused-parameter[m[K]
[7.892s]   290 |         [01;35m[Kstd::shared_ptr<ctl_mission_interfaces::srv::ConfigDynamicLAPureCtrl::Response> response[m[K)
[7.892s]       |         [01;35m[K~~~~~~~~~~~~~~~~~~~~~~~~~~~~~~~~~~~~~~~~~~~~~~~~~~~~~~~~~~~~~~~~~~~~~~~~~~~~~~~~^~~~~~~~[m[K
[9.502s] [ 29%] [32mBuilding CXX object CMakeFiles/estop_node.dir/src/FSM_states/estop_node_main.cpp.o[0m
[9.520s] [ 32%] [32mBuilding CXX object CMakeFiles/ready_node.dir/src/FSM_states/ready_node_main.cpp.o[0m
[9.541s] [ 35%] [32m[1mLinking CXX executable back_home_node[0m
[10.094s] [ 35%] Built target back_home_node
[10.111s] [ 38%] [32mBuilding CXX object CMakeFiles/teleoperation_node.dir/src/FSM_states/teleoperation_node_main.cpp.o[0m
[14.658s] [ 41%] [32m[1mLinking CXX executable ready_node[0m
[14.666s] [ 44%] [32m[1mLinking CXX executable estop_node[0m
[15.111s] [ 44%] Built target estop_node
[15.126s] [ 47%] [32mBuilding CXX object CMakeFiles/path_following.dir/src/FSM_states/path_following_node_main.cpp.o[0m
[15.129s] [ 47%] Built target ready_node
[15.146s] [ 50%] [32mBuilding CXX object CMakeFiles/controller_node.dir/src/FSM_states/Ctrl_node_main.cpp.o[0m
[15.366s] [ 52%] [32mBuilding CXX object CMakeFiles/controller_node.dir/src/controllers/stanley_ctrl.cpp.o[0m
[16.319s] [ 55%] [32m[1mLinking CXX executable ctl_mission[0m
[16.382s] gmake[2]: *** Deleting file 'ctl_mission'
[16.383s] gmake[2]: *** [CMakeFiles/path_following.dir/build.make:76: CMakeFiles/path_following.dir/src/FSM_states/path_following_node.cpp.o] Interrupt
[16.383s] gmake[2]: *** [CMakeFiles/controller_node.dir/build.make:90: CMakeFiles/controller_node.dir/src/FSM_states/Ctrl_node_main.cpp.o] Interrupt
[16.383s] gmake[2]: *** [CMakeFiles/path_following.dir/build.make:90: CMakeFiles/path_following.dir/src/FSM_states/path_following_node_main.cpp.o] Interrupt
[16.384s] gmake[2]: *** [CMakeFiles/controller_node.dir/build.make:104: CMakeFiles/controller_node.dir/src/controllers/stanley_ctrl.cpp.o] Interrupt
[16.384s] gmake[2]: *** [CMakeFiles/path_record_node.dir/build.make:76: CMakeFiles/path_record_node.dir/src/FSM_states/path_record_node.cpp.o] Interrupt
[16.384s] gmake[2]: *** [CMakeFiles/controller_node.dir/build.make:76: CMakeFiles/controller_node.dir/src/FSM_states/Ctrl_node.cpp.o] Interrupt
[16.384s] gmake[1]: *** [CMakeFiles/Makefile2:184: CMakeFiles/path_following.dir/all] Interrupt
[16.385s] gmake[1]: *** [CMakeFiles/Makefile2:210: CMakeFiles/path_record_node.dir/all] Interrupt
[16.385s] gmake[1]: *** [CMakeFiles/Makefile2:288: CMakeFiles/controller_node.dir/all] Interrupt
[16.385s] gmake[2]: *** Deleting file 'CMakeFiles/teleoperation_node.dir/src/FSM_states/teleoperation_node.cpp.o'
[16.387s] gmake[2]: *** [CMakeFiles/teleoperation_node.dir/build.make:76: CMakeFiles/teleoperation_node.dir/src/FSM_states/teleoperation_node.cpp.o] Interrupt
[16.388s] gmake[1]: *** [CMakeFiles/Makefile2:314: CMakeFiles/teleoperation_node.dir/all] Interrupt
[16.388s] gmake[2]: *** [CMakeFiles/ctl_mission.dir/build.make:310: ctl_mission] Interrupt
[16.388s] gmake[1]: *** [CMakeFiles/Makefile2:158: CMakeFiles/ctl_mission.dir/all] Interrupt
[16.388s] gmake: *** [Makefile:146: all] Interrupt
[16.451s] Invoked command in '/workspaces/Cuadriga_IA_/build/ctl_mission' returned '-2': AMENT_PREFIX_PATH=/workspaces/Cuadriga_IA_/install/path_manager_interfaces:/workspaces/Cuadriga_IA_/install/ctl_mission_interfaces:${AMENT_PREFIX_PATH} CMAKE_PREFIX_PATH=/workspaces/Cuadriga_IA_/install/path_manager_interfaces:/workspaces/Cuadriga_IA_/install/ctl_mission_interfaces:/ros2_ws/install/wiimote_msgs:/ros2_ws/install/spacenav:/ros2_ws/install/security_check:/ros2_ws/install/security_check_interfaces:/ros2_ws/install/joy:/ros2_ws/install/sdl2_vendor:/ros2_ws/install/path_manager:/ros2_ws/install/path_manager_interfaces:/ros2_ws/install/joy_linux:/ros2_ws/install/hikmicro_thermal_camera:/ros2_ws/install/fixposition_odometry_converter_ros2:/ros2_ws/install/fixposition_driver_ros2:/ros2_ws/install/fixposition_driver_lib:/ros2_ws/install/fixposition_gnss_tf:/ros2_ws/install/cuadriga_setup:/ros2_ws/install/cuadriga_actuator:/ros2_ws/install/ctl_mission_interfaces:/ros2_ws/install/ctl_mission:/ros2_ws/install/cuadriga_gui:/opt/ros/humble LD_LIBRARY_PATH=/workspaces/Cuadriga_IA_/install/path_manager_interfaces/lib:/workspaces/Cuadriga_IA_/install/ctl_mission_interfaces/lib:${LD_LIBRARY_PATH} PYTHONPATH=/workspaces/Cuadriga_IA_/install/path_manager_interfaces/local/lib/python3.10/dist-packages:/workspaces/Cuadriga_IA_/install/ctl_mission_interfaces/local/lib/python3.10/dist-packages:${PYTHONPATH} /usr/bin/cmake --build /workspaces/Cuadriga_IA_/build/ctl_mission -- -j8 -l8
