[0.000000] (-) TimerEvent: {}
[0.000328] (-) JobUnselected: {'identifier': 'ctl_mission_interfaces'}
[0.000370] (-) JobUnselected: {'identifier': 'cuadriga_actuator'}
[0.000396] (-) JobUnselected: {'identifier': 'cuadriga_gui'}
[0.000474] (-) JobUnselected: {'identifier': 'cuadriga_setup'}
[0.000521] (-) JobUnselected: {'identifier': 'fixposition_driver_lib'}
[0.000602] (-) JobUnselected: {'identifier': 'fixposition_driver_ros2'}
[0.000659] (-) JobUnselected: {'identifier': 'fixposition_gnss_tf'}
[0.000702] (-) JobUnselected: {'identifier': 'fixposition_odometry_converter_ros2'}
[0.000798] (-) JobUnselected: {'identifier': 'hikmicro_thermal_camera'}
[0.000880] (-) JobUnselected: {'identifier': 'joy'}
[0.000922] (-) JobUnselected: {'identifier': 'joy_linux'}
[0.000975] (-) JobUnselected: {'identifier': 'path_manager'}
[0.001007] (-) JobUnselected: {'identifier': 'path_manager_interfaces'}
[0.001037] (-) JobUnselected: {'identifier': 'sdl2_vendor'}
[0.001069] (-) JobUnselected: {'identifier': 'security_check'}
[0.001116] (-) JobUnselected: {'identifier': 'security_check_interfaces'}
[0.001180] (-) JobUnselected: {'identifier': 'spacenav'}
[0.001208] (-) JobUnselected: {'identifier': 'wiimote_msgs'}
[0.001237] (ctl_mission) JobQueued: {'identifier': 'ctl_mission', 'dependencies': OrderedDict([('ctl_mission_interfaces', '/home/cuadriga/cuadriga_ws/Cuadriga/src/Cuadriga_IA_/install/ctl_mission_interfaces'), ('path_manager_interfaces', '/home/cuadriga/cuadriga_ws/Cuadriga/src/Cuadriga_IA_/install/path_manager_interfaces')])}
[0.001271] (ctl_mission) JobStarted: {'identifier': 'ctl_mission'}
[0.024718] (ctl_mission) JobEnded: {'identifier': 'ctl_mission', 'rc': 1}
[0.035226] (-) EventReactorShutdown: {}
