[0.023s] Invoking command in '/home/rhobtor/PHD/Cuadriga_j8/src/Cuadriga/src/ARGOSJ8_IA_/build/ctl_mission': CMAKE_PREFIX_PATH=/home/rhobtor/PHD/Cuadriga_j8/src/Cuadriga/src/ARGOSJ8_IA_/install/path_manager_interfaces:/home/rhobtor/PHD/Cuadriga_j8/src/Cuadriga/src/ARGOSJ8_IA_/install/ctl_mission_interfaces:/home/rhobtor/PHD/Cuadriga_j8/src/Cuadriga/src/ARGOSJ8_IA_/install/wiimote_msgs:/home/rhobtor/PHD/Cuadriga_j8/src/Cuadriga/src/ARGOSJ8_IA_/install/spacenav:/home/rhobtor/PHD/Cuadriga_j8/src/Cuadriga/src/ARGOSJ8_IA_/install/security_check:/home/rhobtor/PHD/Cuadriga_j8/src/Cuadriga/src/ARGOSJ8_IA_/install/security_check_interfaces:/home/rhobtor/PHD/Cuadriga_j8/src/Cuadriga/src/ARGOSJ8_IA_/install/joy:/home/rhobtor/PHD/Cuadriga_j8/src/Cuadriga/src/ARGOSJ8_IA_/install/sdl2_vendor:/home/rhobtor/PHD/Cuadriga_j8/src/Cuadriga/src/ARGOSJ8_IA_/install/path_manager:/home/rhobtor/PHD/Cuadriga_j8/src/Cuadriga/src/ARGOSJ8_IA_/install/joy_linux:/home/rhobtor/PHD/Cuadriga_j8/src/Cuadriga/src/ARGOSJ8_IA_/install/hikmicro_thermal_camera:/home/rhobtor/PHD/Cuadriga_j8/src/Cuadriga/src/ARGOSJ8_IA_/install/cuadriga_setup:/home/rhobtor/PHD/Cuadriga_j8/src/Cuadriga/src/ARGOSJ8_IA_/install/cuadriga_ctl_platform_interfaces:/home/rhobtor/PHD/Cuadriga_j8/src/Cuadriga/src/ARGOSJ8_IA_/install/cuadriga_actuator:/home/rhobtor/PHD/Cuadriga_j8/src/Cuadriga/src/ARGOSJ8_IA_/install/ctl_mission:/home/rhobtor/zed/install/zed_ros2:/home/rhobtor/zed/install/zed_wrapper:/home/rhobtor/zed/install/zed_components:/home/rhobtor/zed/install/zed_interfaces:/home/rhobtor/PHD/Cuadriga_j8/src/Cuadriga/src/ARGOSJ8_IA_/install/j8_gui:/home/rhobtor/PHD/Cuadriga_j8/src/Cuadriga/src/ARGOSJ8_IA_/install/GUI_pkg:/opt/ros/humble LD_LIBRARY_PATH=/home/rhobtor/PHD/Cuadriga_j8/src/Cuadriga/src/ARGOSJ8_IA_/install/path_manager_interfaces/lib:/home/rhobtor/PHD/Cuadriga_j8/src/Cuadriga/src/ARGOSJ8_IA_/install/ctl_mission_interfaces/lib:/home/rhobtor/PHD/Cuadriga_j8/src/Cuadriga/src/ARGOSJ8_IA_/install/wiimote_msgs/lib:/home/rhobtor/PHD/Cuadriga_j8/src/Cuadriga/src/ARGOSJ8_IA_/install/spacenav/lib:/home/rhobtor/PHD/Cuadriga_j8/src/Cuadriga/src/ARGOSJ8_IA_/install/security_check_interfaces/lib:/home/rhobtor/PHD/Cuadriga_j8/src/Cuadriga/src/ARGOSJ8_IA_/install/joy/lib:/home/rhobtor/PHD/Cuadriga_j8/src/Cuadriga/src/ARGOSJ8_IA_/install/cuadriga_ctl_platform_interfaces/lib:/usr/local/cuda/lib64:/usr/local/cuda/lib64:/usr/local/cuda-12.1/lib64:/usr/local/cuda-11.8/lib64:/usr/local/cuda/lib64:/usr/local/cuda/lib64:/usr/local/cuda-12.1/lib64:/usr/local/cuda-11.8/lib64:/home/rhobtor/zed/install/zed_components/lib:/home/rhobtor/zed/install/zed_interfaces/lib:/usr/lib/x86_64-linux-gnu/gazebo-11/plugins:/opt/ros/humble/opt/rviz_ogre_vendor/lib:/opt/ros/humble/lib/x86_64-linux-gnu:/opt/ros/humble/lib /opt/st/stm32cubeclt_1.18.0/CMake/bin/cmake --build /home/rhobtor/PHD/Cuadriga_j8/src/Cuadriga/src/ARGOSJ8_IA_/build/ctl_mission -- -j16 -l16
[0.043s] -- Found ament_cmake: 1.3.14 (/opt/ros/humble/share/ament_cmake/cmake)
[0.244s] -- Found rclcpp: 16.0.18 (/opt/ros/humble/share/rclcpp/cmake)
[0.270s] -- Found rosidl_generator_c: 3.1.8 (/opt/ros/humble/share/rosidl_generator_c/cmake)
[0.272s] -- Found rosidl_adapter: 3.1.8 (/opt/ros/humble/share/rosidl_adapter/cmake)
[0.278s] -- Found rosidl_generator_cpp: 3.1.8 (/opt/ros/humble/share/rosidl_generator_cpp/cmake)
[0.288s] -- Using all available rosidl_typesupport_c: rosidl_typesupport_fastrtps_c;rosidl_typesupport_introspection_c
[0.301s] -- Using all available rosidl_typesupport_cpp: rosidl_typesupport_fastrtps_cpp;rosidl_typesupport_introspection_cpp
[0.335s] -- Found rmw_implementation_cmake: 6.1.2 (/opt/ros/humble/share/rmw_implementation_cmake/cmake)
[0.336s] -- Found rmw_fastrtps_cpp: 6.2.10 (/opt/ros/humble/share/rmw_fastrtps_cpp/cmake)
[0.439s] -- Using RMW implementation 'rmw_fastrtps_cpp' as default
[0.488s] -- Found rclcpp_lifecycle: 16.0.18 (/opt/ros/humble/share/rclcpp_lifecycle/cmake)
[0.503s] -- Found std_srvs: 4.9.1 (/opt/ros/humble/share/std_srvs/cmake)
[0.512s] -- Found sensor_msgs: 4.9.1 (/opt/ros/humble/share/sensor_msgs/cmake)
[0.545s] -- Found tf2: 0.25.19 (/opt/ros/humble/share/tf2/cmake)
[0.549s] -- Found tf2_ros: 0.25.19 (/opt/ros/humble/share/tf2_ros/cmake)
[0.628s] -- Found tf2_geometry_msgs: 0.25.19 (/opt/ros/humble/share/tf2_geometry_msgs/cmake)
[0.631s] -- Found eigen3_cmake_module: 0.1.1 (/opt/ros/humble/share/eigen3_cmake_module/cmake)
[0.633s] -- Ensuring Eigen3 include directory is part of orocos-kdl CMake target
[0.635s] -- Found nav_msgs: 4.9.1 (/opt/ros/humble/share/nav_msgs/cmake)
[0.655s] -- Found trajectory_msgs: 4.9.1 (/opt/ros/humble/share/trajectory_msgs/cmake)
[0.680s] -- Found ctl_mission_interfaces: 0.0.0 (/home/rhobtor/PHD/Cuadriga_j8/src/Cuadriga/src/ARGOSJ8_IA_/install/ctl_mission_interfaces/share/ctl_mission_interfaces/cmake)
[0.699s] -- Found path_manager_interfaces: 0.0.0 (/home/rhobtor/PHD/Cuadriga_j8/src/Cuadriga/src/ARGOSJ8_IA_/install/path_manager_interfaces/share/path_manager_interfaces/cmake)
[0.719s] -- Found rosidl_default_generators: 1.2.1 (/opt/ros/humble/share/rosidl_default_generators/cmake)
[0.888s] -- Found ament_lint_auto: 0.12.15 (/opt/ros/humble/share/ament_lint_auto/cmake)
[0.951s] -- Found launch_testing_ament_cmake: 1.0.14 (/opt/ros/humble/share/launch_testing_ament_cmake/cmake)
[0.951s] -- Found python_cmake_module: 0.10.0 (/opt/ros/humble/share/python_cmake_module/cmake)
[0.952s] [33mCMake Warning (dev) at /opt/ros/humble/share/python_cmake_module/cmake/Modules/FindPythonExtra.cmake:52 (find_package):
[0.952s]   Policy CMP0148 is not set: The FindPythonInterp and FindPythonLibs modules
[0.952s]   are removed.  Run "cmake --help-policy CMP0148" for policy details.  Use
[0.952s]   the cmake_policy command to set the policy and suppress this warning.
[0.952s] 
[0.952s] Call Stack (most recent call first):
[0.952s]   /opt/ros/humble/share/launch_testing_ament_cmake/cmake/launch_testing_ament_cmake-extras.cmake:18 (find_package)
[0.952s]   /opt/ros/humble/share/launch_testing_ament_cmake/cmake/launch_testing_ament_cmakeConfig.cmake:41 (include)
[0.952s]   /opt/ros/humble/share/ros_testing/cmake/ros_testing-extras.cmake:15 (find_package)
[0.952s]   /opt/ros/humble/share/ros_testing/cmake/ros_testingConfig.cmake:41 (include)
[0.952s]   /opt/ros/humble/share/ament_lint_auto/cmake/ament_lint_auto_find_test_dependencies.cmake:36 (find_package)
[0.952s]   CMakeLists.txt:249 (ament_lint_auto_find_test_dependencies)
[0.952s] This warning is for project developers.  Use -Wno-dev to suppress it.
[0.952s] [0m
[0.972s] [33mCMake Warning (dev) at /opt/ros/humble/share/python_cmake_module/cmake/Modules/FindPythonExtra.cmake:140 (find_package):
[0.973s]   Policy CMP0148 is not set: The FindPythonInterp and FindPythonLibs modules
[0.973s]   are removed.  Run "cmake --help-policy CMP0148" for policy details.  Use
[0.973s]   the cmake_policy command to set the policy and suppress this warning.
[0.973s] 
[0.973s] Call Stack (most recent call first):
[0.973s]   /opt/ros/humble/share/launch_testing_ament_cmake/cmake/launch_testing_ament_cmake-extras.cmake:18 (find_package)
[0.973s]   /opt/ros/humble/share/launch_testing_ament_cmake/cmake/launch_testing_ament_cmakeConfig.cmake:41 (include)
[0.973s]   /opt/ros/humble/share/ros_testing/cmake/ros_testing-extras.cmake:15 (find_package)
[0.973s]   /opt/ros/humble/share/ros_testing/cmake/ros_testingConfig.cmake:41 (include)
[0.973s]   /opt/ros/humble/share/ament_lint_auto/cmake/ament_lint_auto_find_test_dependencies.cmake:36 (find_package)
[0.973s]   CMakeLists.txt:249 (ament_lint_auto_find_test_dependencies)
[0.973s] This warning is for project developers.  Use -Wno-dev to suppress it.
[0.973s] [0m
[0.974s] -- Using PYTHON_EXECUTABLE: /usr/bin/python3
[0.974s] -- Using PYTHON_INCLUDE_DIRS: /usr/include/python3.10
[0.974s] -- Using PYTHON_LIBRARIES: /usr/lib/x86_64-linux-gnu/libpython3.10.so
[0.978s] -- Added test 'copyright' to check source files copyright and LICENSE
[1.017s] -- Added test 'cppcheck' to perform static code analysis on C / C++ code
[1.018s] -- Configured cppcheck include dirs: $<BUILD_INTERFACE:/home/rhobtor/PHD/Cuadriga_j8/src/Cuadriga/src/ARGOSJ8_IA_/src/ctl_mission/ctl_mission/include>
[1.018s] -- Configured cppcheck exclude dirs and/or files: 
[1.061s] -- Added test 'cpplint' to check C / C++ code against the Google style
[1.061s] -- Configured cpplint exclude dirs and/or files: 
[1.068s] -- Added test 'flake8' to check Python code syntax and style conventions
[1.078s] -- Added test 'lint_cmake' to check CMake code style
[1.083s] -- Added test 'pep257' to check Python code against some of the docstring style conventions in PEP 257
[1.124s] -- Added test 'uncrustify' to check C / C++ code style
[1.124s] -- Configured uncrustify additional arguments: 
[1.129s] -- Added test 'xmllint' to check XML markup files
[1.130s] -- Configuring done (1.1s)
[1.137s] [31mCMake Error at CMakeLists.txt:36 (add_executable):
[1.137s]   Cannot find source file:
[1.137s] 
[1.137s]     src/cuadriga_FSM.cpp
[1.137s] 
[1.137s]   Tried extensions .c .C .c++ .cc .cpp .cxx .cu .mpp .m .M .mm .ixx .cppm
[1.137s]   .ccm .cxxm .c++m .h .hh .h++ .hm .hpp .hxx .in .txx .f .F .for .f77 .f90
[1.137s]   .f95 .f03 .hip .ispc
[1.137s] 
[1.137s] [0m
[1.148s] [31mCMake Error at CMakeLists.txt:36 (add_executable):
[1.148s]   No SOURCES given to target: ctl_mission
[1.148s] 
[1.148s] [0m
[1.148s] [0mCMake Generate step failed.  Build files cannot be regenerated correctly.[0m
[1.156s] gmake: *** [Makefile:1042: cmake_check_build_system] Error 1
[1.157s] Invoked command in '/home/rhobtor/PHD/Cuadriga_j8/src/Cuadriga/src/ARGOSJ8_IA_/build/ctl_mission' returned '2': CMAKE_PREFIX_PATH=/home/rhobtor/PHD/Cuadriga_j8/src/Cuadriga/src/ARGOSJ8_IA_/install/path_manager_interfaces:/home/rhobtor/PHD/Cuadriga_j8/src/Cuadriga/src/ARGOSJ8_IA_/install/ctl_mission_interfaces:/home/rhobtor/PHD/Cuadriga_j8/src/Cuadriga/src/ARGOSJ8_IA_/install/wiimote_msgs:/home/rhobtor/PHD/Cuadriga_j8/src/Cuadriga/src/ARGOSJ8_IA_/install/spacenav:/home/rhobtor/PHD/Cuadriga_j8/src/Cuadriga/src/ARGOSJ8_IA_/install/security_check:/home/rhobtor/PHD/Cuadriga_j8/src/Cuadriga/src/ARGOSJ8_IA_/install/security_check_interfaces:/home/rhobtor/PHD/Cuadriga_j8/src/Cuadriga/src/ARGOSJ8_IA_/install/joy:/home/rhobtor/PHD/Cuadriga_j8/src/Cuadriga/src/ARGOSJ8_IA_/install/sdl2_vendor:/home/rhobtor/PHD/Cuadriga_j8/src/Cuadriga/src/ARGOSJ8_IA_/install/path_manager:/home/rhobtor/PHD/Cuadriga_j8/src/Cuadriga/src/ARGOSJ8_IA_/install/joy_linux:/home/rhobtor/PHD/Cuadriga_j8/src/Cuadriga/src/ARGOSJ8_IA_/install/hikmicro_thermal_camera:/home/rhobtor/PHD/Cuadriga_j8/src/Cuadriga/src/ARGOSJ8_IA_/install/cuadriga_setup:/home/rhobtor/PHD/Cuadriga_j8/src/Cuadriga/src/ARGOSJ8_IA_/install/cuadriga_ctl_platform_interfaces:/home/rhobtor/PHD/Cuadriga_j8/src/Cuadriga/src/ARGOSJ8_IA_/install/cuadriga_actuator:/home/rhobtor/PHD/Cuadriga_j8/src/Cuadriga/src/ARGOSJ8_IA_/install/ctl_mission:/home/rhobtor/zed/install/zed_ros2:/home/rhobtor/zed/install/zed_wrapper:/home/rhobtor/zed/install/zed_components:/home/rhobtor/zed/install/zed_interfaces:/home/rhobtor/PHD/Cuadriga_j8/src/Cuadriga/src/ARGOSJ8_IA_/install/j8_gui:/home/rhobtor/PHD/Cuadriga_j8/src/Cuadriga/src/ARGOSJ8_IA_/install/GUI_pkg:/opt/ros/humble LD_LIBRARY_PATH=/home/rhobtor/PHD/Cuadriga_j8/src/Cuadriga/src/ARGOSJ8_IA_/install/path_manager_interfaces/lib:/home/rhobtor/PHD/Cuadriga_j8/src/Cuadriga/src/ARGOSJ8_IA_/install/ctl_mission_interfaces/lib:/home/rhobtor/PHD/Cuadriga_j8/src/Cuadriga/src/ARGOSJ8_IA_/install/wiimote_msgs/lib:/home/rhobtor/PHD/Cuadriga_j8/src/Cuadriga/src/ARGOSJ8_IA_/install/spacenav/lib:/home/rhobtor/PHD/Cuadriga_j8/src/Cuadriga/src/ARGOSJ8_IA_/install/security_check_interfaces/lib:/home/rhobtor/PHD/Cuadriga_j8/src/Cuadriga/src/ARGOSJ8_IA_/install/joy/lib:/home/rhobtor/PHD/Cuadriga_j8/src/Cuadriga/src/ARGOSJ8_IA_/install/cuadriga_ctl_platform_interfaces/lib:/usr/local/cuda/lib64:/usr/local/cuda/lib64:/usr/local/cuda-12.1/lib64:/usr/local/cuda-11.8/lib64:/usr/local/cuda/lib64:/usr/local/cuda/lib64:/usr/local/cuda-12.1/lib64:/usr/local/cuda-11.8/lib64:/home/rhobtor/zed/install/zed_components/lib:/home/rhobtor/zed/install/zed_interfaces/lib:/usr/lib/x86_64-linux-gnu/gazebo-11/plugins:/opt/ros/humble/opt/rviz_ogre_vendor/lib:/opt/ros/humble/lib/x86_64-linux-gnu:/opt/ros/humble/lib /opt/st/stm32cubeclt_1.18.0/CMake/bin/cmake --build /home/rhobtor/PHD/Cuadriga_j8/src/Cuadriga/src/ARGOSJ8_IA_/build/ctl_mission -- -j16 -l16
