[0.090s] DEBUG:colcon:Command line arguments: ['/usr/bin/colcon', 'build']
[0.090s] DEBUG:colcon:Parsed command line arguments: Namespace(log_base=None, log_level=None, verb_name='build', build_base='build', install_base='install', merge_install=False, symlink_install=False, test_result_base=None, continue_on_error=False, executor='parallel', parallel_workers=8, event_handlers=None, ignore_user_meta=False, metas=['./colcon.meta'], base_paths=['.'], packages_ignore=None, packages_ignore_regex=None, paths=None, packages_up_to=None, packages_up_to_regex=None, packages_above=None, packages_above_and_dependencies=None, packages_above_depth=None, packages_select_by_dep=None, packages_skip_by_dep=None, packages_skip_up_to=None, packages_select_build_failed=False, packages_skip_build_finished=False, packages_select_test_failures=False, packages_skip_test_passed=False, packages_select=None, packages_skip=None, packages_select_regex=None, packages_skip_regex=None, packages_start=None, packages_end=None, allow_overriding=[], cmake_args=None, cmake_target=None, cmake_target_skip_unavailable=False, cmake_clean_cache=False, cmake_clean_first=False, cmake_force_configure=False, ament_cmake_args=None, catkin_cmake_args=None, catkin_skip_building_tests=False, verb_parser=<colcon_defaults.argument_parser.defaults.DefaultArgumentsDecorator object at 0x701a04cb7b20>, verb_extension=<colcon_core.verb.build.BuildVerb object at 0x701a04cb6ce0>, main=<bound method BuildVerb.main of <colcon_core.verb.build.BuildVerb object at 0x701a04cb6ce0>>)
[0.230s] Level 1:colcon.colcon_core.package_discovery:discover_packages(colcon_meta) check parameters
[0.231s] Level 1:colcon.colcon_core.package_discovery:discover_packages(recursive) check parameters
[0.231s] Level 1:colcon.colcon_core.package_discovery:discover_packages(ignore) check parameters
[0.231s] Level 1:colcon.colcon_core.package_discovery:discover_packages(path) check parameters
[0.231s] Level 1:colcon.colcon_core.package_discovery:discover_packages(colcon_meta) discover
[0.231s] Level 1:colcon.colcon_core.package_discovery:discover_packages(recursive) discover
[0.231s] INFO:colcon.colcon_core.package_discovery:Crawling recursively for packages in '/home/cuadriga/tfgcuadriga/src/cuadriga'
[0.231s] Level 1:colcon.colcon_core.package_identification:_identify(.) by extensions ['ignore', 'ignore_ament_install']
[0.231s] Level 1:colcon.colcon_core.package_identification:_identify(.) by extension 'ignore'
[0.231s] Level 1:colcon.colcon_core.package_identification:_identify(.) by extension 'ignore_ament_install'
[0.231s] Level 1:colcon.colcon_core.package_identification:_identify(.) by extensions ['colcon_pkg']
[0.231s] Level 1:colcon.colcon_core.package_identification:_identify(.) by extension 'colcon_pkg'
[0.231s] Level 1:colcon.colcon_core.package_identification:_identify(.) by extensions ['colcon_meta']
[0.231s] Level 1:colcon.colcon_core.package_identification:_identify(.) by extension 'colcon_meta'
[0.231s] Level 1:colcon.colcon_core.package_identification:_identify(.) by extensions ['ros']
[0.231s] Level 1:colcon.colcon_core.package_identification:_identify(.) by extension 'ros'
[0.244s] DEBUG:colcon.colcon_core.package_identification:Package '.' with type 'ros.ament_cmake' and name 'cuadriga'
[0.244s] Level 1:colcon.colcon_core.package_discovery:discover_packages(recursive) using defaults
[0.244s] Level 1:colcon.colcon_core.package_discovery:discover_packages(ignore) discover
[0.244s] Level 1:colcon.colcon_core.package_discovery:discover_packages(ignore) using defaults
[0.244s] Level 1:colcon.colcon_core.package_discovery:discover_packages(path) discover
[0.244s] Level 1:colcon.colcon_core.package_discovery:discover_packages(path) using defaults
[0.261s] Level 1:colcon.colcon_core.package_discovery:discover_packages(prefix_path) check parameters
[0.261s] Level 1:colcon.colcon_core.package_discovery:discover_packages(prefix_path) discover
[0.263s] DEBUG:colcon.colcon_installed_package_information.package_discovery:Found 12 installed packages in /home/cuadriga/tfgcuadriga/install
[0.264s] DEBUG:colcon.colcon_installed_package_information.package_discovery:Found 273 installed packages in /opt/ros/humble
[0.266s] Level 1:colcon.colcon_core.package_discovery:discover_packages(prefix_path) using defaults
[0.308s] Level 5:colcon.colcon_core.verb:set package 'cuadriga' build argument 'cmake_args' from command line to 'None'
[0.308s] Level 5:colcon.colcon_core.verb:set package 'cuadriga' build argument 'cmake_target' from command line to 'None'
[0.308s] Level 5:colcon.colcon_core.verb:set package 'cuadriga' build argument 'cmake_target_skip_unavailable' from command line to 'False'
[0.308s] Level 5:colcon.colcon_core.verb:set package 'cuadriga' build argument 'cmake_clean_cache' from command line to 'False'
[0.308s] Level 5:colcon.colcon_core.verb:set package 'cuadriga' build argument 'cmake_clean_first' from command line to 'False'
[0.308s] Level 5:colcon.colcon_core.verb:set package 'cuadriga' build argument 'cmake_force_configure' from command line to 'False'
[0.308s] Level 5:colcon.colcon_core.verb:set package 'cuadriga' build argument 'ament_cmake_args' from command line to 'None'
[0.308s] Level 5:colcon.colcon_core.verb:set package 'cuadriga' build argument 'catkin_cmake_args' from command line to 'None'
[0.308s] Level 5:colcon.colcon_core.verb:set package 'cuadriga' build argument 'catkin_skip_building_tests' from command line to 'False'
[0.308s] DEBUG:colcon.colcon_core.verb:Building package 'cuadriga' with the following arguments: {'ament_cmake_args': None, 'build_base': '/home/cuadriga/tfgcuadriga/src/cuadriga/build/cuadriga', 'catkin_cmake_args': None, 'catkin_skip_building_tests': False, 'cmake_args': None, 'cmake_clean_cache': False, 'cmake_clean_first': False, 'cmake_force_configure': False, 'cmake_target': None, 'cmake_target_skip_unavailable': False, 'install_base': '/home/cuadriga/tfgcuadriga/src/cuadriga/install/cuadriga', 'merge_install': False, 'path': '/home/cuadriga/tfgcuadriga/src/cuadriga', 'symlink_install': False, 'test_result_base': None}
[0.308s] INFO:colcon.colcon_core.executor:Executing jobs using 'parallel' executor
[0.309s] DEBUG:colcon.colcon_parallel_executor.executor.parallel:run_until_complete
[0.310s] INFO:colcon.colcon_ros.task.ament_cmake.build:Building ROS package in '/home/cuadriga/tfgcuadriga/src/cuadriga' with build type 'ament_cmake'
[0.310s] INFO:colcon.colcon_cmake.task.cmake.build:Building CMake package in '/home/cuadriga/tfgcuadriga/src/cuadriga'
[0.312s] INFO:colcon.colcon_core.plugin_system:Skipping extension 'colcon_core.shell.bat': Not used on non-Windows systems
[0.312s] INFO:colcon.colcon_core.shell:Skip shell extension 'powershell' for command environment: Not usable outside of PowerShell
[0.312s] DEBUG:colcon.colcon_core.shell:Skip shell extension 'dsv' for command environment
[0.322s] DEBUG:colcon.colcon_core.event_handler.log_command:Invoking command in '/home/cuadriga/tfgcuadriga/src/cuadriga/build/cuadriga': CMAKE_PREFIX_PATH=${CMAKE_PREFIX_PATH}:/home/cuadriga/tfgcuadriga/install/gpx_loader:/opt/ros/humble /usr/bin/cmake --build /home/cuadriga/tfgcuadriga/src/cuadriga/build/cuadriga -- -cuadriga -l8
[21.803s] DEBUG:colcon.colcon_core.event_handler.log_command:Invoked command in '/home/cuadriga/tfgcuadriga/src/cuadriga/build/cuadriga' returned '0': CMAKE_PREFIX_PATH=${CMAKE_PREFIX_PATH}:/home/cuadriga/tfgcuadriga/install/gpx_loader:/opt/ros/humble /usr/bin/cmake --build /home/cuadriga/tfgcuadriga/src/cuadriga/build/cuadriga -- -cuadriga -l8
[21.812s] DEBUG:colcon.colcon_core.event_handler.log_command:Invoking command in '/home/cuadriga/tfgcuadriga/src/cuadriga/build/cuadriga': CMAKE_PREFIX_PATH=${CMAKE_PREFIX_PATH}:/home/cuadriga/tfgcuadriga/install/gpx_loader:/opt/ros/humble /usr/bin/cmake --install /home/cuadriga/tfgcuadriga/src/cuadriga/build/cuadriga
[21.834s] Level 1:colcon.colcon_core.environment:create_environment_scripts_only(cuadriga)
[21.834s] DEBUG:colcon.colcon_core.event_handler.log_command:Invoked command in '/home/cuadriga/tfgcuadriga/src/cuadriga/build/cuadriga' returned '0': CMAKE_PREFIX_PATH=${CMAKE_PREFIX_PATH}:/home/cuadriga/tfgcuadriga/install/gpx_loader:/opt/ros/humble /usr/bin/cmake --install /home/cuadriga/tfgcuadriga/src/cuadriga/build/cuadriga
[21.836s] Level 1:colcon.colcon_core.environment:checking '/home/cuadriga/tfgcuadriga/src/cuadriga/install/cuadriga' for CMake module files
[21.836s] Level 1:colcon.colcon_core.environment:checking '/home/cuadriga/tfgcuadriga/src/cuadriga/install/cuadriga' for CMake config files
[21.837s] Level 1:colcon.colcon_core.shell:create_environment_hook('cuadriga', 'cmake_prefix_path')
[21.837s] INFO:colcon.colcon_core.shell:Creating environment hook '/home/cuadriga/tfgcuadriga/src/cuadriga/install/cuadriga/share/cuadriga/hook/cmake_prefix_path.ps1'
[21.837s] INFO:colcon.colcon_core.shell:Creating environment descriptor '/home/cuadriga/tfgcuadriga/src/cuadriga/install/cuadriga/share/cuadriga/hook/cmake_prefix_path.dsv'
[21.838s] INFO:colcon.colcon_core.shell:Creating environment hook '/home/cuadriga/tfgcuadriga/src/cuadriga/install/cuadriga/share/cuadriga/hook/cmake_prefix_path.sh'
[21.839s] Level 1:colcon.colcon_core.environment:checking '/home/cuadriga/tfgcuadriga/src/cuadriga/install/cuadriga/lib'
[21.839s] Level 1:colcon.colcon_core.environment:checking '/home/cuadriga/tfgcuadriga/src/cuadriga/install/cuadriga/bin'
[21.839s] Level 1:colcon.colcon_core.environment:checking '/home/cuadriga/tfgcuadriga/src/cuadriga/install/cuadriga/lib/pkgconfig/cuadriga.pc'
[21.840s] Level 1:colcon.colcon_core.environment:checking '/home/cuadriga/tfgcuadriga/src/cuadriga/install/cuadriga/lib/python3.10/site-packages'
[21.840s] Level 1:colcon.colcon_core.environment:checking '/home/cuadriga/tfgcuadriga/src/cuadriga/install/cuadriga/bin'
[21.840s] INFO:colcon.colcon_core.shell:Creating package script '/home/cuadriga/tfgcuadriga/src/cuadriga/install/cuadriga/share/cuadriga/package.ps1'
[21.841s] INFO:colcon.colcon_core.shell:Creating package descriptor '/home/cuadriga/tfgcuadriga/src/cuadriga/install/cuadriga/share/cuadriga/package.dsv'
[21.841s] INFO:colcon.colcon_core.shell:Creating package script '/home/cuadriga/tfgcuadriga/src/cuadriga/install/cuadriga/share/cuadriga/package.sh'
[21.842s] INFO:colcon.colcon_core.shell:Creating package script '/home/cuadriga/tfgcuadriga/src/cuadriga/install/cuadriga/share/cuadriga/package.bash'
[21.843s] INFO:colcon.colcon_core.shell:Creating package script '/home/cuadriga/tfgcuadriga/src/cuadriga/install/cuadriga/share/cuadriga/package.zsh'
[21.843s] Level 1:colcon.colcon_core.environment:create_file_with_runtime_dependencies(/home/cuadriga/tfgcuadriga/src/cuadriga/install/cuadriga/share/colcon-core/packages/cuadriga)
[21.844s] Level 1:colcon.colcon_core.environment:create_environment_scripts_only(cuadriga)
[21.844s] Level 1:colcon.colcon_core.environment:checking '/home/cuadriga/tfgcuadriga/src/cuadriga/install/cuadriga' for CMake module files
[21.845s] Level 1:colcon.colcon_core.environment:checking '/home/cuadriga/tfgcuadriga/src/cuadriga/install/cuadriga' for CMake config files
[21.845s] Level 1:colcon.colcon_core.shell:create_environment_hook('cuadriga', 'cmake_prefix_path')
[21.845s] INFO:colcon.colcon_core.shell:Creating environment hook '/home/cuadriga/tfgcuadriga/src/cuadriga/install/cuadriga/share/cuadriga/hook/cmake_prefix_path.ps1'
[21.846s] INFO:colcon.colcon_core.shell:Creating environment descriptor '/home/cuadriga/tfgcuadriga/src/cuadriga/install/cuadriga/share/cuadriga/hook/cmake_prefix_path.dsv'
[21.846s] INFO:colcon.colcon_core.shell:Creating environment hook '/home/cuadriga/tfgcuadriga/src/cuadriga/install/cuadriga/share/cuadriga/hook/cmake_prefix_path.sh'
[21.846s] Level 1:colcon.colcon_core.environment:checking '/home/cuadriga/tfgcuadriga/src/cuadriga/install/cuadriga/lib'
[21.847s] Level 1:colcon.colcon_core.environment:checking '/home/cuadriga/tfgcuadriga/src/cuadriga/install/cuadriga/bin'
[21.847s] Level 1:colcon.colcon_core.environment:checking '/home/cuadriga/tfgcuadriga/src/cuadriga/install/cuadriga/lib/pkgconfig/cuadriga.pc'
[21.847s] Level 1:colcon.colcon_core.environment:checking '/home/cuadriga/tfgcuadriga/src/cuadriga/install/cuadriga/lib/python3.10/site-packages'
[21.848s] Level 1:colcon.colcon_core.environment:checking '/home/cuadriga/tfgcuadriga/src/cuadriga/install/cuadriga/bin'
[21.848s] INFO:colcon.colcon_core.shell:Creating package script '/home/cuadriga/tfgcuadriga/src/cuadriga/install/cuadriga/share/cuadriga/package.ps1'
[21.848s] INFO:colcon.colcon_core.shell:Creating package descriptor '/home/cuadriga/tfgcuadriga/src/cuadriga/install/cuadriga/share/cuadriga/package.dsv'
[21.849s] INFO:colcon.colcon_core.shell:Creating package script '/home/cuadriga/tfgcuadriga/src/cuadriga/install/cuadriga/share/cuadriga/package.sh'
[21.849s] INFO:colcon.colcon_core.shell:Creating package script '/home/cuadriga/tfgcuadriga/src/cuadriga/install/cuadriga/share/cuadriga/package.bash'
[21.850s] INFO:colcon.colcon_core.shell:Creating package script '/home/cuadriga/tfgcuadriga/src/cuadriga/install/cuadriga/share/cuadriga/package.zsh'
[21.850s] Level 1:colcon.colcon_core.environment:create_file_with_runtime_dependencies(/home/cuadriga/tfgcuadriga/src/cuadriga/install/cuadriga/share/colcon-core/packages/cuadriga)
[21.851s] DEBUG:colcon.colcon_parallel_executor.executor.parallel:closing loop
[21.851s] DEBUG:colcon.colcon_parallel_executor.executor.parallel:loop closed
[21.851s] DEBUG:colcon.colcon_parallel_executor.executor.parallel:run_until_complete finished with '0'
[21.851s] DEBUG:colcon.colcon_core.event_reactor:joining thread
[21.856s] INFO:colcon.colcon_core.plugin_system:Skipping extension 'colcon_notification.desktop_notification.terminal_notifier': Not used on non-Darwin systems
[21.856s] INFO:colcon.colcon_core.plugin_system:Skipping extension 'colcon_notification.desktop_notification.win32': Not used on non-Windows systems
[21.856s] INFO:colcon.colcon_notification.desktop_notification:Sending desktop notification using 'notify2'
[21.867s] DEBUG:colcon.colcon_core.event_reactor:joined thread
[21.868s] INFO:colcon.colcon_core.shell:Creating prefix script '/home/cuadriga/tfgcuadriga/src/cuadriga/install/local_setup.ps1'
[21.869s] INFO:colcon.colcon_core.shell:Creating prefix util module '/home/cuadriga/tfgcuadriga/src/cuadriga/install/_local_setup_util_ps1.py'
[21.871s] INFO:colcon.colcon_core.shell:Creating prefix chain script '/home/cuadriga/tfgcuadriga/src/cuadriga/install/setup.ps1'
[21.872s] INFO:colcon.colcon_core.shell:Creating prefix script '/home/cuadriga/tfgcuadriga/src/cuadriga/install/local_setup.sh'
[21.873s] INFO:colcon.colcon_core.shell:Creating prefix util module '/home/cuadriga/tfgcuadriga/src/cuadriga/install/_local_setup_util_sh.py'
[21.873s] INFO:colcon.colcon_core.shell:Creating prefix chain script '/home/cuadriga/tfgcuadriga/src/cuadriga/install/setup.sh'
[21.875s] INFO:colcon.colcon_core.shell:Creating prefix script '/home/cuadriga/tfgcuadriga/src/cuadriga/install/local_setup.bash'
[21.875s] INFO:colcon.colcon_core.shell:Creating prefix chain script '/home/cuadriga/tfgcuadriga/src/cuadriga/install/setup.bash'
[21.876s] INFO:colcon.colcon_core.shell:Creating prefix script '/home/cuadriga/tfgcuadriga/src/cuadriga/install/local_setup.zsh'
[21.877s] INFO:colcon.colcon_core.shell:Creating prefix chain script '/home/cuadriga/tfgcuadriga/src/cuadriga/install/setup.zsh'
