[0.010s] Invoking command in '/home/cuadriga/cuadriga_ws/Cuadriga/src/Cuadriga_IA_/build/cuadriga_setup': CMAKE_PREFIX_PATH=${CMAKE_PREFIX_PATH}:/home/cuadriga/tfgcuadriga/install/gpx_loader:/opt/ros/humble /usr/bin/cmake /home/cuadriga/cuadriga_ws/Cuadriga/src/Cuadriga_IA_/src/argj801_setup -DAMENT_CMAKE_SYMLINK_INSTALL=1 -DCMAKE_INSTALL_PREFIX=/home/cuadriga/cuadriga_ws/Cuadriga/src/Cuadriga_IA_/install/cuadriga_setup
[0.283s] -- The C compiler identification is GNU 11.4.0
[0.340s] -- The CXX compiler identification is GNU 11.4.0
[0.348s] -- Detecting C compiler ABI info
[0.417s] -- Detecting C compiler ABI info - done
[0.430s] -- Check for working C compiler: /usr/bin/cc - skipped
[0.431s] -- Detecting C compile features
[0.431s] -- Detecting C compile features - done
[0.434s] -- Detecting CXX compiler ABI info
[0.511s] -- Detecting CXX compiler ABI info - done
[0.521s] -- Check for working CXX compiler: /usr/bin/c++ - skipped
[0.521s] -- Detecting CXX compile features
[0.522s] -- Detecting CXX compile features - done
[0.533s] -- Found ament_cmake: 1.3.12 (/opt/ros/humble/share/ament_cmake/cmake)
[0.677s] -- Found Python3: /usr/bin/python3 (found version "3.10.12") found components: Interpreter 
[0.745s] -- Override CMake install command with custom implementation using symlinks instead of copying resources
[0.804s] -- Found ament_lint_auto: 0.12.14 (/opt/ros/humble/share/ament_lint_auto/cmake)
[0.889s] -- Added test 'flake8' to check Python code syntax and style conventions
[0.891s] -- Added test 'lint_cmake' to check CMake code style
[0.892s] -- Added test 'pep257' to check Python code against some of the docstring style conventions in PEP 257
[0.894s] -- Added test 'xmllint' to check XML markup files
[0.897s] -- Configuring done
[0.900s] -- Generating done
[0.903s] -- Build files have been written to: /home/cuadriga/cuadriga_ws/Cuadriga/src/Cuadriga_IA_/build/cuadriga_setup
[0.907s] Invoked command in '/home/cuadriga/cuadriga_ws/Cuadriga/src/Cuadriga_IA_/build/cuadriga_setup' returned '0': CMAKE_PREFIX_PATH=${CMAKE_PREFIX_PATH}:/home/cuadriga/tfgcuadriga/install/gpx_loader:/opt/ros/humble /usr/bin/cmake /home/cuadriga/cuadriga_ws/Cuadriga/src/Cuadriga_IA_/src/argj801_setup -DAMENT_CMAKE_SYMLINK_INSTALL=1 -DCMAKE_INSTALL_PREFIX=/home/cuadriga/cuadriga_ws/Cuadriga/src/Cuadriga_IA_/install/cuadriga_setup
[0.909s] Invoking command in '/home/cuadriga/cuadriga_ws/Cuadriga/src/Cuadriga_IA_/build/cuadriga_setup': CMAKE_PREFIX_PATH=${CMAKE_PREFIX_PATH}:/home/cuadriga/tfgcuadriga/install/gpx_loader:/opt/ros/humble /usr/bin/cmake --build /home/cuadriga/cuadriga_ws/Cuadriga/src/Cuadriga_IA_/build/cuadriga_setup -- -j8 -l8
[0.946s] Invoked command in '/home/cuadriga/cuadriga_ws/Cuadriga/src/Cuadriga_IA_/build/cuadriga_setup' returned '0': CMAKE_PREFIX_PATH=${CMAKE_PREFIX_PATH}:/home/cuadriga/tfgcuadriga/install/gpx_loader:/opt/ros/humble /usr/bin/cmake --build /home/cuadriga/cuadriga_ws/Cuadriga/src/Cuadriga_IA_/build/cuadriga_setup -- -j8 -l8
[0.955s] Invoking command in '/home/cuadriga/cuadriga_ws/Cuadriga/src/Cuadriga_IA_/build/cuadriga_setup': CMAKE_PREFIX_PATH=${CMAKE_PREFIX_PATH}:/home/cuadriga/tfgcuadriga/install/gpx_loader:/opt/ros/humble /usr/bin/cmake --install /home/cuadriga/cuadriga_ws/Cuadriga/src/Cuadriga_IA_/build/cuadriga_setup
[0.963s] -- Install configuration: ""
[0.964s] -- Execute custom install script
[0.964s] -- Symlinking: /home/cuadriga/cuadriga_ws/Cuadriga/src/Cuadriga_IA_/install/cuadriga_setup/share/cuadriga_setup//launch/J8_launch.py
[0.973s] -- Symlinking: /home/cuadriga/cuadriga_ws/Cuadriga/src/Cuadriga_IA_/install/cuadriga_setup/share/cuadriga_setup//launch/README.md
[0.981s] -- Symlinking: /home/cuadriga/cuadriga_ws/Cuadriga/src/Cuadriga_IA_/install/cuadriga_setup/share/cuadriga_setup//launch/__pycache__/cuadriga_launch.cpython-310.pyc
[0.990s] -- Symlinking: /home/cuadriga/cuadriga_ws/Cuadriga/src/Cuadriga_IA_/install/cuadriga_setup/share/cuadriga_setup//launch/cuadriga_launch.py
[0.999s] -- Symlinking: /home/cuadriga/cuadriga_ws/Cuadriga/src/Cuadriga_IA_/install/cuadriga_setup/share/cuadriga_setup//config/README.md
[1.007s] -- Symlinking: /home/cuadriga/cuadriga_ws/Cuadriga/src/Cuadriga_IA_/install/cuadriga_setup/share/cuadriga_setup//config/cuadriga_params.yaml
[1.016s] -- Symlinking: /home/cuadriga/cuadriga_ws/Cuadriga/src/Cuadriga_IA_/install/cuadriga_setup/share/ament_index/resource_index/package_run_dependencies/cuadriga_setup
[1.025s] -- Symlinking: /home/cuadriga/cuadriga_ws/Cuadriga/src/Cuadriga_IA_/install/cuadriga_setup/share/ament_index/resource_index/parent_prefix_path/cuadriga_setup
[1.033s] -- Symlinking: /home/cuadriga/cuadriga_ws/Cuadriga/src/Cuadriga_IA_/install/cuadriga_setup/share/cuadriga_setup/environment/ament_prefix_path.sh
[1.041s] -- Symlinking: /home/cuadriga/cuadriga_ws/Cuadriga/src/Cuadriga_IA_/install/cuadriga_setup/share/cuadriga_setup/environment/ament_prefix_path.dsv
[1.050s] -- Symlinking: /home/cuadriga/cuadriga_ws/Cuadriga/src/Cuadriga_IA_/install/cuadriga_setup/share/cuadriga_setup/environment/path.sh
[1.058s] -- Symlinking: /home/cuadriga/cuadriga_ws/Cuadriga/src/Cuadriga_IA_/install/cuadriga_setup/share/cuadriga_setup/environment/path.dsv
[1.066s] -- Symlinking: /home/cuadriga/cuadriga_ws/Cuadriga/src/Cuadriga_IA_/install/cuadriga_setup/share/cuadriga_setup/local_setup.bash
[1.075s] -- Symlinking: /home/cuadriga/cuadriga_ws/Cuadriga/src/Cuadriga_IA_/install/cuadriga_setup/share/cuadriga_setup/local_setup.sh
[1.083s] -- Symlinking: /home/cuadriga/cuadriga_ws/Cuadriga/src/Cuadriga_IA_/install/cuadriga_setup/share/cuadriga_setup/local_setup.zsh
[1.091s] -- Symlinking: /home/cuadriga/cuadriga_ws/Cuadriga/src/Cuadriga_IA_/install/cuadriga_setup/share/cuadriga_setup/local_setup.dsv
[1.100s] -- Symlinking: /home/cuadriga/cuadriga_ws/Cuadriga/src/Cuadriga_IA_/install/cuadriga_setup/share/cuadriga_setup/package.dsv
[1.108s] -- Symlinking: /home/cuadriga/cuadriga_ws/Cuadriga/src/Cuadriga_IA_/install/cuadriga_setup/share/ament_index/resource_index/packages/cuadriga_setup
[1.116s] -- Symlinking: /home/cuadriga/cuadriga_ws/Cuadriga/src/Cuadriga_IA_/install/cuadriga_setup/share/cuadriga_setup/cmake/cuadriga_setupConfig.cmake
[1.125s] -- Symlinking: /home/cuadriga/cuadriga_ws/Cuadriga/src/Cuadriga_IA_/install/cuadriga_setup/share/cuadriga_setup/cmake/cuadriga_setupConfig-version.cmake
[1.133s] -- Symlinking: /home/cuadriga/cuadriga_ws/Cuadriga/src/Cuadriga_IA_/install/cuadriga_setup/share/cuadriga_setup/package.xml
[1.143s] Invoked command in '/home/cuadriga/cuadriga_ws/Cuadriga/src/Cuadriga_IA_/build/cuadriga_setup' returned '0': CMAKE_PREFIX_PATH=${CMAKE_PREFIX_PATH}:/home/cuadriga/tfgcuadriga/install/gpx_loader:/opt/ros/humble /usr/bin/cmake --install /home/cuadriga/cuadriga_ws/Cuadriga/src/Cuadriga_IA_/build/cuadriga_setup
