[0.046s] Invoking command in '/home/rhobtor/PHD/Cuadriga_j8/src/Cuadriga/src/ARGOSJ8_IA_/build/path_manager_interfaces': CMAKE_PREFIX_PATH=${CMAKE_PREFIX_PATH}:/opt/ros/humble /opt/st/stm32cubeclt_1.18.0/CMake/bin/cmake /home/rhobtor/PHD/Cuadriga_j8/src/Cuadriga/src/ARGOSJ8_IA_/src/path_manager/path_manager_interfaces -DCMAKE_INSTALL_PREFIX=/home/rhobtor/PHD/Cuadriga_j8/src/Cuadriga/src/ARGOSJ8_IA_/install/path_manager_interfaces
[0.599s] -- The C compiler identification is GNU 11.4.0
[0.599s] -- The CXX compiler identification is GNU 11.4.0
[0.599s] -- Detecting C compiler ABI info
[0.599s] -- Detecting C compiler ABI info - done
[0.599s] -- Check for working C compiler: /usr/bin/cc - skipped
[0.599s] -- Detecting C compile features
[0.599s] -- Detecting C compile features - done
[0.599s] -- Detecting CXX compiler ABI info
[0.599s] -- Detecting CXX compiler ABI info - done
[0.599s] -- Check for working CXX compiler: /usr/bin/c++ - skipped
[0.599s] -- Detecting CXX compile features
[0.600s] -- Detecting CXX compile features - done
[0.602s] -- Found ament_cmake: 1.3.14 (/opt/ros/humble/share/ament_cmake/cmake)
[0.676s] -- Found Python3: /usr/bin/python3 (found version "3.10.12") found components: Interpreter 
[0.883s] -- Found rosidl_default_generators: 1.2.1 (/opt/ros/humble/share/rosidl_default_generators/cmake)
[0.889s] -- Using all available rosidl_typesupport_c: rosidl_typesupport_fastrtps_c;rosidl_typesupport_introspection_c
[0.906s] -- Found rosidl_adapter: 3.1.8 (/opt/ros/humble/share/rosidl_adapter/cmake)
[1.030s] -- Using all available rosidl_typesupport_cpp: rosidl_typesupport_fastrtps_cpp;rosidl_typesupport_introspection_cpp
[1.131s] -- Found std_msgs: 4.9.1 (/opt/ros/humble/share/std_msgs/cmake)
[1.198s] -- Found nav_msgs: 4.9.1 (/opt/ros/humble/share/nav_msgs/cmake)
[2.179s] -- Found ament_cmake_ros: 0.10.0 (/opt/ros/humble/share/ament_cmake_ros/cmake)
[3.113s] -- Using all available rosidl_typesupport_c: rosidl_typesupport_fastrtps_c;rosidl_typesupport_introspection_c
[4.609s] -- Using all available rosidl_typesupport_cpp: rosidl_typesupport_fastrtps_cpp;rosidl_typesupport_introspection_cpp
[4.618s] [33mCMake Warning (dev) at /opt/ros/humble/share/rosidl_generator_py/cmake/rosidl_generator_py_generate_interfaces.cmake:20 (find_package):
[4.618s]   Policy CMP0148 is not set: The FindPythonInterp and FindPythonLibs modules
[4.618s]   are removed.  Run "cmake --help-policy CMP0148" for policy details.  Use
[4.618s]   the cmake_policy command to set the policy and suppress this warning.
[4.618s] 
[4.618s] Call Stack (most recent call first):
[4.618s]   /opt/ros/humble/share/ament_cmake_core/cmake/core/ament_execute_extensions.cmake:48 (include)
[4.618s]   /opt/ros/humble/share/rosidl_cmake/cmake/rosidl_generate_interfaces.cmake:286 (ament_execute_extensions)
[4.618s]   CMakeLists.txt:21 (rosidl_generate_interfaces)
[4.618s] This warning is for project developers.  Use -Wno-dev to suppress it.
[4.618s] [0m
[4.657s] -- Found PythonInterp: /usr/bin/python3 (found suitable version "3.10.12", minimum required is "3.6") 
[4.662s] -- Found python_cmake_module: 0.10.0 (/opt/ros/humble/share/python_cmake_module/cmake)
[4.663s] [33mCMake Warning (dev) at /opt/ros/humble/share/python_cmake_module/cmake/Modules/FindPythonExtra.cmake:52 (find_package):
[4.663s]   Policy CMP0148 is not set: The FindPythonInterp and FindPythonLibs modules
[4.663s]   are removed.  Run "cmake --help-policy CMP0148" for policy details.  Use
[4.663s]   the cmake_policy command to set the policy and suppress this warning.
[4.664s] 
[4.664s] Call Stack (most recent call first):
[4.664s]   /opt/ros/humble/share/rosidl_generator_py/cmake/rosidl_generator_py_generate_interfaces.cmake:23 (find_package)
[4.664s]   /opt/ros/humble/share/ament_cmake_core/cmake/core/ament_execute_extensions.cmake:48 (include)
[4.664s]   /opt/ros/humble/share/rosidl_cmake/cmake/rosidl_generate_interfaces.cmake:286 (ament_execute_extensions)
[4.664s]   CMakeLists.txt:21 (rosidl_generate_interfaces)
[4.665s] This warning is for project developers.  Use -Wno-dev to suppress it.
[4.665s] [0m
[4.704s] [33mCMake Warning (dev) at /opt/ros/humble/share/python_cmake_module/cmake/Modules/FindPythonExtra.cmake:140 (find_package):
[4.704s]   Policy CMP0148 is not set: The FindPythonInterp and FindPythonLibs modules
[4.704s]   are removed.  Run "cmake --help-policy CMP0148" for policy details.  Use
[4.704s]   the cmake_policy command to set the policy and suppress this warning.
[4.704s] 
[4.709s] Call Stack (most recent call first):
[4.709s]   /opt/ros/humble/share/rosidl_generator_py/cmake/rosidl_generator_py_generate_interfaces.cmake:23 (find_package)
[4.709s]   /opt/ros/humble/share/ament_cmake_core/cmake/core/ament_execute_extensions.cmake:48 (include)
[4.709s]   /opt/ros/humble/share/rosidl_cmake/cmake/rosidl_generate_interfaces.cmake:286 (ament_execute_extensions)
[4.709s]   CMakeLists.txt:21 (rosidl_generate_interfaces)
[4.709s] This warning is for project developers.  Use -Wno-dev to suppress it.
[4.709s] [0m
[4.725s] -- Found PythonLibs: /usr/lib/x86_64-linux-gnu/libpython3.10.so (found suitable version "3.10.12", minimum required is "3.5") 
[4.725s] -- Using PYTHON_EXECUTABLE: /usr/bin/python3
[4.726s] -- Using PYTHON_INCLUDE_DIRS: /usr/include/python3.10
[4.726s] -- Using PYTHON_LIBRARIES: /usr/lib/x86_64-linux-gnu/libpython3.10.so
[4.788s] -- Found PythonExtra: .so  
[5.752s] -- Configuring done (5.7s)
[5.996s] -- Generating done (0.2s)
[6.037s] -- Build files have been written to: /home/rhobtor/PHD/Cuadriga_j8/src/Cuadriga/src/ARGOSJ8_IA_/build/path_manager_interfaces
[6.064s] Invoked command in '/home/rhobtor/PHD/Cuadriga_j8/src/Cuadriga/src/ARGOSJ8_IA_/build/path_manager_interfaces' returned '0': CMAKE_PREFIX_PATH=${CMAKE_PREFIX_PATH}:/opt/ros/humble /opt/st/stm32cubeclt_1.18.0/CMake/bin/cmake /home/rhobtor/PHD/Cuadriga_j8/src/Cuadriga/src/ARGOSJ8_IA_/src/path_manager/path_manager_interfaces -DCMAKE_INSTALL_PREFIX=/home/rhobtor/PHD/Cuadriga_j8/src/Cuadriga/src/ARGOSJ8_IA_/install/path_manager_interfaces
[6.065s] Invoking command in '/home/rhobtor/PHD/Cuadriga_j8/src/Cuadriga/src/ARGOSJ8_IA_/build/path_manager_interfaces': CMAKE_PREFIX_PATH=${CMAKE_PREFIX_PATH}:/opt/ros/humble /opt/st/stm32cubeclt_1.18.0/CMake/bin/cmake --build /home/rhobtor/PHD/Cuadriga_j8/src/Cuadriga/src/ARGOSJ8_IA_/build/path_manager_interfaces -- -j16 -l16
[6.111s] [  1%] [34m[1mGenerating C code for ROS interfaces[0m
[6.135s] [  3%] [34m[1mGenerating Rust code for ROS interfaces[0m
[6.140s] [  3%] [34m[1mGenerating C++ code for ROS interfaces[0m
[6.143s] [  3%] Built target ament_cmake_python_copy_path_manager_interfaces
[6.949s] running egg_info
[7.036s] creating path_manager_interfaces.egg-info
[7.036s] writing path_manager_interfaces.egg-info/PKG-INFO
[7.037s] writing dependency_links to path_manager_interfaces.egg-info/dependency_links.txt
[7.038s] writing top-level names to path_manager_interfaces.egg-info/top_level.txt
[7.038s] writing manifest file 'path_manager_interfaces.egg-info/SOURCES.txt'
[7.352s] [  3%] Built target path_manager_interfaces__rs
[7.419s] reading manifest file 'path_manager_interfaces.egg-info/SOURCES.txt'
[7.430s] writing manifest file 'path_manager_interfaces.egg-info/SOURCES.txt'
[7.611s] [  3%] Built target ament_cmake_python_build_path_manager_interfaces_egg
[9.807s] [  4%] [32mBuilding C object CMakeFiles/path_manager_interfaces__rosidl_generator_c.dir/rosidl_generator_c/path_manager_interfaces/srv/detail/write_path_to_file__functions.c.o[0m
[9.811s] [  5%] [32mBuilding C object CMakeFiles/path_manager_interfaces__rosidl_generator_c.dir/rosidl_generator_c/path_manager_interfaces/srv/detail/read_path_from_file__functions.c.o[0m
[9.815s] [  6%] [32mBuilding C object CMakeFiles/path_manager_interfaces__rosidl_generator_c.dir/rosidl_generator_c/path_manager_interfaces/srv/detail/return_robot_path__functions.c.o[0m
[9.825s] [  7%] [32mBuilding C object CMakeFiles/path_manager_interfaces__rosidl_generator_c.dir/rosidl_generator_c/path_manager_interfaces/srv/detail/robot_path__functions.c.o[0m
[9.831s] [  9%] [32mBuilding C object CMakeFiles/path_manager_interfaces__rosidl_generator_c.dir/rosidl_generator_c/path_manager_interfaces/srv/detail/get_fix_frame_path__functions.c.o[0m
[9.840s] [ 10%] [32mBuilding C object CMakeFiles/path_manager_interfaces__rosidl_generator_c.dir/rosidl_generator_c/path_manager_interfaces/srv/detail/get_ll_path__functions.c.o[0m
[9.851s] [ 11%] [32mBuilding C object CMakeFiles/path_manager_interfaces__rosidl_generator_c.dir/rosidl_generator_c/path_manager_interfaces/srv/detail/plan_path__functions.c.o[0m
[9.860s] [ 12%] [32mBuilding C object CMakeFiles/path_manager_interfaces__rosidl_generator_c.dir/rosidl_generator_c/path_manager_interfaces/srv/detail/assist_emergency__functions.c.o[0m
[10.180s] [ 13%] [32m[1mLinking C shared library libpath_manager_interfaces__rosidl_generator_c.so[0m
[10.301s] [ 13%] Built target path_manager_interfaces__rosidl_generator_c
[10.318s] [ 14%] [34m[1mGenerating C type support dispatch for ROS interfaces[0m
[10.323s] [ 15%] [34m[1mGenerating C type support for eProsima Fast-RTPS[0m
[10.329s] [ 17%] [34m[1mGenerating C introspection for ROS interfaces[0m
[11.195s] [ 17%] Built target path_manager_interfaces__cpp
[11.208s] [ 18%] [34m[1mGenerating C++ type support for eProsima Fast-RTPS[0m
[11.212s] [ 19%] [34m[1mGenerating C++ introspection for ROS interfaces[0m
[11.218s] [ 20%] [34m[1mGenerating C++ type support dispatch for ROS interfaces[0m
[11.849s] [ 22%] [32mBuilding CXX object CMakeFiles/path_manager_interfaces__rosidl_typesupport_c.dir/rosidl_typesupport_c/path_manager_interfaces/srv/read_path_from_file__type_support.cpp.o[0m
[11.850s] [ 22%] [32mBuilding CXX object CMakeFiles/path_manager_interfaces__rosidl_typesupport_c.dir/rosidl_typesupport_c/path_manager_interfaces/srv/write_path_to_file__type_support.cpp.o[0m
[11.853s] [ 23%] [32mBuilding CXX object CMakeFiles/path_manager_interfaces__rosidl_typesupport_c.dir/rosidl_typesupport_c/path_manager_interfaces/srv/robot_path__type_support.cpp.o[0m
[11.853s] [ 25%] [32mBuilding CXX object CMakeFiles/path_manager_interfaces__rosidl_typesupport_c.dir/rosidl_typesupport_c/path_manager_interfaces/srv/return_robot_path__type_support.cpp.o[0m
[11.855s] [ 26%] [32mBuilding CXX object CMakeFiles/path_manager_interfaces__rosidl_typesupport_c.dir/rosidl_typesupport_c/path_manager_interfaces/srv/get_fix_frame_path__type_support.cpp.o[0m
[11.858s] [ 27%] [32mBuilding CXX object CMakeFiles/path_manager_interfaces__rosidl_typesupport_c.dir/rosidl_typesupport_c/path_manager_interfaces/srv/get_ll_path__type_support.cpp.o[0m
[11.890s] [ 28%] [32mBuilding CXX object CMakeFiles/path_manager_interfaces__rosidl_typesupport_c.dir/rosidl_typesupport_c/path_manager_interfaces/srv/plan_path__type_support.cpp.o[0m
[11.893s] [ 29%] [32mBuilding CXX object CMakeFiles/path_manager_interfaces__rosidl_typesupport_c.dir/rosidl_typesupport_c/path_manager_interfaces/srv/assist_emergency__type_support.cpp.o[0m
[11.993s] [ 30%] [32mBuilding CXX object CMakeFiles/path_manager_interfaces__rosidl_typesupport_fastrtps_c.dir/rosidl_typesupport_fastrtps_c/path_manager_interfaces/srv/detail/write_path_to_file__type_support_c.cpp.o[0m
[12.006s] [ 31%] [32mBuilding CXX object CMakeFiles/path_manager_interfaces__rosidl_typesupport_fastrtps_c.dir/rosidl_typesupport_fastrtps_c/path_manager_interfaces/srv/detail/read_path_from_file__type_support_c.cpp.o[0m
[12.006s] [ 32%] [32mBuilding CXX object CMakeFiles/path_manager_interfaces__rosidl_typesupport_fastrtps_c.dir/rosidl_typesupport_fastrtps_c/path_manager_interfaces/srv/detail/robot_path__type_support_c.cpp.o[0m
[12.006s] [ 34%] [32mBuilding CXX object CMakeFiles/path_manager_interfaces__rosidl_typesupport_fastrtps_c.dir/rosidl_typesupport_fastrtps_c/path_manager_interfaces/srv/detail/return_robot_path__type_support_c.cpp.o[0m
[12.009s] [ 35%] [32mBuilding CXX object CMakeFiles/path_manager_interfaces__rosidl_typesupport_fastrtps_c.dir/rosidl_typesupport_fastrtps_c/path_manager_interfaces/srv/detail/get_fix_frame_path__type_support_c.cpp.o[0m
[12.027s] [ 36%] [32mBuilding CXX object CMakeFiles/path_manager_interfaces__rosidl_typesupport_fastrtps_c.dir/rosidl_typesupport_fastrtps_c/path_manager_interfaces/srv/detail/get_ll_path__type_support_c.cpp.o[0m
[12.033s] [ 37%] [32mBuilding CXX object CMakeFiles/path_manager_interfaces__rosidl_typesupport_fastrtps_c.dir/rosidl_typesupport_fastrtps_c/path_manager_interfaces/srv/detail/plan_path__type_support_c.cpp.o[0m
[12.043s] [ 38%] [32mBuilding CXX object CMakeFiles/path_manager_interfaces__rosidl_typesupport_fastrtps_c.dir/rosidl_typesupport_fastrtps_c/path_manager_interfaces/srv/detail/assist_emergency__type_support_c.cpp.o[0m
[12.046s] [ 39%] [32m[1mLinking CXX shared library libpath_manager_interfaces__rosidl_typesupport_c.so[0m
[12.226s] [ 39%] Built target path_manager_interfaces__rosidl_typesupport_c
[13.101s] [ 40%] [32mBuilding CXX object CMakeFiles/path_manager_interfaces__rosidl_typesupport_fastrtps_cpp.dir/rosidl_typesupport_fastrtps_cpp/path_manager_interfaces/srv/detail/dds_fastrtps/write_path_to_file__type_support.cpp.o[0m
[13.105s] [ 42%] [32mBuilding CXX object CMakeFiles/path_manager_interfaces__rosidl_typesupport_fastrtps_cpp.dir/rosidl_typesupport_fastrtps_cpp/path_manager_interfaces/srv/detail/dds_fastrtps/read_path_from_file__type_support.cpp.o[0m
[13.109s] [ 43%] [32mBuilding CXX object CMakeFiles/path_manager_interfaces__rosidl_typesupport_fastrtps_cpp.dir/rosidl_typesupport_fastrtps_cpp/path_manager_interfaces/srv/detail/dds_fastrtps/return_robot_path__type_support.cpp.o[0m
[13.119s] [ 44%] [32mBuilding CXX object CMakeFiles/path_manager_interfaces__rosidl_typesupport_fastrtps_cpp.dir/rosidl_typesupport_fastrtps_cpp/path_manager_interfaces/srv/detail/dds_fastrtps/robot_path__type_support.cpp.o[0m
[13.121s] [ 45%] [32mBuilding CXX object CMakeFiles/path_manager_interfaces__rosidl_typesupport_fastrtps_cpp.dir/rosidl_typesupport_fastrtps_cpp/path_manager_interfaces/srv/detail/dds_fastrtps/get_fix_frame_path__type_support.cpp.o[0m
[13.157s] [ 46%] [32mBuilding CXX object CMakeFiles/path_manager_interfaces__rosidl_typesupport_fastrtps_cpp.dir/rosidl_typesupport_fastrtps_cpp/path_manager_interfaces/srv/detail/dds_fastrtps/get_ll_path__type_support.cpp.o[0m
[13.158s] [ 47%] [32mBuilding CXX object CMakeFiles/path_manager_interfaces__rosidl_typesupport_fastrtps_cpp.dir/rosidl_typesupport_fastrtps_cpp/path_manager_interfaces/srv/detail/dds_fastrtps/plan_path__type_support.cpp.o[0m
[13.160s] [ 48%] [32mBuilding CXX object CMakeFiles/path_manager_interfaces__rosidl_typesupport_fastrtps_cpp.dir/rosidl_typesupport_fastrtps_cpp/path_manager_interfaces/srv/detail/dds_fastrtps/assist_emergency__type_support.cpp.o[0m
[13.575s] [ 50%] [32mBuilding CXX object CMakeFiles/path_manager_interfaces__rosidl_typesupport_cpp.dir/rosidl_typesupport_cpp/path_manager_interfaces/srv/write_path_to_file__type_support.cpp.o[0m
[13.826s] [ 51%] [32mBuilding CXX object CMakeFiles/path_manager_interfaces__rosidl_typesupport_cpp.dir/rosidl_typesupport_cpp/path_manager_interfaces/srv/read_path_from_file__type_support.cpp.o[0m
[13.938s] [ 52%] [32mBuilding CXX object CMakeFiles/path_manager_interfaces__rosidl_typesupport_cpp.dir/rosidl_typesupport_cpp/path_manager_interfaces/srv/return_robot_path__type_support.cpp.o[0m
[14.003s] [ 53%] [32mBuilding CXX object CMakeFiles/path_manager_interfaces__rosidl_typesupport_cpp.dir/rosidl_typesupport_cpp/path_manager_interfaces/srv/robot_path__type_support.cpp.o[0m
[14.012s] [ 54%] [32mBuilding CXX object CMakeFiles/path_manager_interfaces__rosidl_typesupport_cpp.dir/rosidl_typesupport_cpp/path_manager_interfaces/srv/get_fix_frame_path__type_support.cpp.o[0m
[14.064s] [ 55%] [32mBuilding CXX object CMakeFiles/path_manager_interfaces__rosidl_typesupport_cpp.dir/rosidl_typesupport_cpp/path_manager_interfaces/srv/get_ll_path__type_support.cpp.o[0m
[14.108s] [ 56%] [32mBuilding CXX object CMakeFiles/path_manager_interfaces__rosidl_typesupport_cpp.dir/rosidl_typesupport_cpp/path_manager_interfaces/srv/plan_path__type_support.cpp.o[0m
[14.336s] [ 57%] [32m[1mLinking CXX shared library libpath_manager_interfaces__rosidl_typesupport_fastrtps_c.so[0m
[14.495s] [ 59%] [32mBuilding CXX object CMakeFiles/path_manager_interfaces__rosidl_typesupport_cpp.dir/rosidl_typesupport_cpp/path_manager_interfaces/srv/assist_emergency__type_support.cpp.o[0m
[14.505s] [ 59%] Built target path_manager_interfaces__rosidl_typesupport_fastrtps_c
[15.165s] [ 62%] [32mBuilding C object CMakeFiles/path_manager_interfaces__rosidl_typesupport_introspection_c.dir/rosidl_typesupport_introspection_c/path_manager_interfaces/srv/detail/return_robot_path__type_support.c.o[0m
[15.168s] [ 62%] [32mBuilding C object CMakeFiles/path_manager_interfaces__rosidl_typesupport_introspection_c.dir/rosidl_typesupport_introspection_c/path_manager_interfaces/srv/detail/write_path_to_file__type_support.c.o[0m
[15.168s] [ 62%] [32mBuilding C object CMakeFiles/path_manager_interfaces__rosidl_typesupport_introspection_c.dir/rosidl_typesupport_introspection_c/path_manager_interfaces/srv/detail/read_path_from_file__type_support.c.o[0m
[15.168s] [ 63%] [32mBuilding C object CMakeFiles/path_manager_interfaces__rosidl_typesupport_introspection_c.dir/rosidl_typesupport_introspection_c/path_manager_interfaces/srv/detail/robot_path__type_support.c.o[0m
[15.250s] [ 64%] [32mBuilding C object CMakeFiles/path_manager_interfaces__rosidl_typesupport_introspection_c.dir/rosidl_typesupport_introspection_c/path_manager_interfaces/srv/detail/get_fix_frame_path__type_support.c.o[0m
[15.284s] [ 65%] [32mBuilding C object CMakeFiles/path_manager_interfaces__rosidl_typesupport_introspection_c.dir/rosidl_typesupport_introspection_c/path_manager_interfaces/srv/detail/get_ll_path__type_support.c.o[0m
[15.287s] [ 67%] [32mBuilding C object CMakeFiles/path_manager_interfaces__rosidl_typesupport_introspection_c.dir/rosidl_typesupport_introspection_c/path_manager_interfaces/srv/detail/plan_path__type_support.c.o[0m
[15.315s] [ 68%] [32mBuilding C object CMakeFiles/path_manager_interfaces__rosidl_typesupport_introspection_c.dir/rosidl_typesupport_introspection_c/path_manager_interfaces/srv/detail/assist_emergency__type_support.c.o[0m
[15.459s] [ 69%] [32m[1mLinking C shared library libpath_manager_interfaces__rosidl_typesupport_introspection_c.so[0m
[15.553s] [ 69%] Built target path_manager_interfaces__rosidl_typesupport_introspection_c
[15.770s] [ 70%] [32mBuilding CXX object CMakeFiles/path_manager_interfaces__rosidl_typesupport_introspection_cpp.dir/rosidl_typesupport_introspection_cpp/path_manager_interfaces/srv/detail/write_path_to_file__type_support.cpp.o[0m
[15.773s] [ 71%] [32mBuilding CXX object CMakeFiles/path_manager_interfaces__rosidl_typesupport_introspection_cpp.dir/rosidl_typesupport_introspection_cpp/path_manager_interfaces/srv/detail/read_path_from_file__type_support.cpp.o[0m
[15.786s] [ 72%] [32mBuilding CXX object CMakeFiles/path_manager_interfaces__rosidl_typesupport_introspection_cpp.dir/rosidl_typesupport_introspection_cpp/path_manager_interfaces/srv/detail/return_robot_path__type_support.cpp.o[0m
[15.790s] [ 73%] [32mBuilding CXX object CMakeFiles/path_manager_interfaces__rosidl_typesupport_introspection_cpp.dir/rosidl_typesupport_introspection_cpp/path_manager_interfaces/srv/detail/robot_path__type_support.cpp.o[0m
[15.792s] [ 75%] [32mBuilding CXX object CMakeFiles/path_manager_interfaces__rosidl_typesupport_introspection_cpp.dir/rosidl_typesupport_introspection_cpp/path_manager_interfaces/srv/detail/get_fix_frame_path__type_support.cpp.o[0m
[15.800s] [ 76%] [32mBuilding CXX object CMakeFiles/path_manager_interfaces__rosidl_typesupport_introspection_cpp.dir/rosidl_typesupport_introspection_cpp/path_manager_interfaces/srv/detail/get_ll_path__type_support.cpp.o[0m
[15.804s] [ 77%] [32mBuilding CXX object CMakeFiles/path_manager_interfaces__rosidl_typesupport_introspection_cpp.dir/rosidl_typesupport_introspection_cpp/path_manager_interfaces/srv/detail/plan_path__type_support.cpp.o[0m
[15.814s] [ 78%] [32mBuilding CXX object CMakeFiles/path_manager_interfaces__rosidl_typesupport_introspection_cpp.dir/rosidl_typesupport_introspection_cpp/path_manager_interfaces/srv/detail/assist_emergency__type_support.cpp.o[0m
[16.076s] [ 79%] [32m[1mLinking CXX shared library libpath_manager_interfaces__rosidl_typesupport_cpp.so[0m
[16.205s] [ 80%] [32m[1mLinking CXX shared library libpath_manager_interfaces__rosidl_typesupport_fastrtps_cpp.so[0m
[16.247s] [ 80%] Built target path_manager_interfaces__rosidl_typesupport_cpp
[16.514s] [ 80%] Built target path_manager_interfaces__rosidl_typesupport_fastrtps_cpp
[18.301s] [ 81%] [32m[1mLinking CXX shared library libpath_manager_interfaces__rosidl_typesupport_introspection_cpp.so[0m
[18.442s] [ 81%] Built target path_manager_interfaces__rosidl_typesupport_introspection_cpp
[18.474s] [ 81%] Built target path_manager_interfaces
[18.510s] [ 82%] [34m[1mGenerating Python code for ROS interfaces[0m
[20.743s] [ 82%] Built target path_manager_interfaces__py
[20.753s] [ 84%] [32mBuilding C object CMakeFiles/path_manager_interfaces__rosidl_generator_py.dir/rosidl_generator_py/path_manager_interfaces/srv/_read_path_from_file_s.c.o[0m
[20.754s] [ 85%] [32mBuilding C object CMakeFiles/path_manager_interfaces__rosidl_generator_py.dir/rosidl_generator_py/path_manager_interfaces/srv/_write_path_to_file_s.c.o[0m
[20.754s] [ 86%] [32mBuilding C object CMakeFiles/path_manager_interfaces__rosidl_generator_py.dir/rosidl_generator_py/path_manager_interfaces/srv/_return_robot_path_s.c.o[0m
[20.754s] [ 87%] [32mBuilding C object CMakeFiles/path_manager_interfaces__rosidl_generator_py.dir/rosidl_generator_py/path_manager_interfaces/srv/_robot_path_s.c.o[0m
[20.754s] [ 88%] [32mBuilding C object CMakeFiles/path_manager_interfaces__rosidl_generator_py.dir/rosidl_generator_py/path_manager_interfaces/srv/_get_fix_frame_path_s.c.o[0m
[20.755s] [ 92%] [32mBuilding C object CMakeFiles/path_manager_interfaces__rosidl_generator_py.dir/rosidl_generator_py/path_manager_interfaces/srv/_assist_emergency_s.c.o[0m
[20.755s] [ 92%] [32mBuilding C object CMakeFiles/path_manager_interfaces__rosidl_generator_py.dir/rosidl_generator_py/path_manager_interfaces/srv/_get_ll_path_s.c.o[0m
[20.755s] [ 92%] [32mBuilding C object CMakeFiles/path_manager_interfaces__rosidl_generator_py.dir/rosidl_generator_py/path_manager_interfaces/srv/_plan_path_s.c.o[0m
[20.971s] [ 93%] [32m[1mLinking C shared library rosidl_generator_py/path_manager_interfaces/libpath_manager_interfaces__rosidl_generator_py.so[0m
[21.007s] [ 93%] Built target path_manager_interfaces__rosidl_generator_py
[21.018s] [ 94%] [32mBuilding C object CMakeFiles/path_manager_interfaces__rosidl_typesupport_introspection_c__pyext.dir/rosidl_generator_py/path_manager_interfaces/_path_manager_interfaces_s.ep.rosidl_typesupport_introspection_c.c.o[0m
[21.019s] [ 95%] [32mBuilding C object CMakeFiles/path_manager_interfaces__rosidl_typesupport_fastrtps_c__pyext.dir/rosidl_generator_py/path_manager_interfaces/_path_manager_interfaces_s.ep.rosidl_typesupport_fastrtps_c.c.o[0m
[21.020s] [ 96%] [32mBuilding C object CMakeFiles/path_manager_interfaces__rosidl_typesupport_c__pyext.dir/rosidl_generator_py/path_manager_interfaces/_path_manager_interfaces_s.ep.rosidl_typesupport_c.c.o[0m
[21.189s] [ 97%] [32m[1mLinking C shared library rosidl_generator_py/path_manager_interfaces/path_manager_interfaces_s__rosidl_typesupport_c.cpython-310-x86_64-linux-gnu.so[0m
[21.209s] [ 98%] [32m[1mLinking C shared library rosidl_generator_py/path_manager_interfaces/path_manager_interfaces_s__rosidl_typesupport_introspection_c.cpython-310-x86_64-linux-gnu.so[0m
[21.225s] [100%] [32m[1mLinking C shared library rosidl_generator_py/path_manager_interfaces/path_manager_interfaces_s__rosidl_typesupport_fastrtps_c.cpython-310-x86_64-linux-gnu.so[0m
[21.241s] [100%] Built target path_manager_interfaces__rosidl_typesupport_c__pyext
[21.257s] [100%] Built target path_manager_interfaces__rosidl_typesupport_introspection_c__pyext
[21.270s] [100%] Built target path_manager_interfaces__rosidl_typesupport_fastrtps_c__pyext
