[0.000000] (-) TimerEvent: {}
[0.000204] (-) JobUnselected: {'identifier': 'cuadriga_actuator'}
[0.000264] (-) JobUnselected: {'identifier': 'cuadriga_gui'}
[0.000342] (-) JobUnselected: {'identifier': 'cuadriga_setup'}
[0.000389] (-) JobUnselected: {'identifier': 'fixposition_driver_lib'}
[0.000425] (-) JobUnselected: {'identifier': 'fixposition_driver_ros2'}
[0.000489] (-) JobUnselected: {'identifier': 'fixposition_gnss_tf'}
[0.000550] (-) JobUnselected: {'identifier': 'fixposition_odometry_converter_ros2'}
[0.000608] (-) JobUnselected: {'identifier': 'hikmicro_thermal_camera'}
[0.000658] (-) JobUnselected: {'identifier': 'joy'}
[0.000709] (-) JobUnselected: {'identifier': 'joy_linux'}
[0.000756] (-) JobUnselected: {'identifier': 'path_manager'}
[0.000804] (-) JobUnselected: {'identifier': 'sdl2_vendor'}
[0.000899] (-) JobUnselected: {'identifier': 'security_check'}
[0.000954] (-) JobUnselected: {'identifier': 'security_check_interfaces'}
[0.000990] (-) JobUnselected: {'identifier': 'spacenav'}
[0.001023] (-) JobUnselected: {'identifier': 'wiimote_msgs'}
[0.001076] (ctl_mission_interfaces) JobQueued: {'identifier': 'ctl_mission_interfaces', 'dependencies': OrderedDict()}
[0.001120] (path_manager_interfaces) JobQueued: {'identifier': 'path_manager_interfaces', 'dependencies': OrderedDict()}
[0.001217] (ctl_mission) JobQueued: {'identifier': 'ctl_mission', 'dependencies': OrderedDict([('ctl_mission_interfaces', '/workspaces/Cuadriga_IA_/install/ctl_mission_interfaces'), ('path_manager_interfaces', '/workspaces/Cuadriga_IA_/install/path_manager_interfaces')])}
[0.001271] (ctl_mission_interfaces) JobStarted: {'identifier': 'ctl_mission_interfaces'}
[0.010056] (path_manager_interfaces) JobStarted: {'identifier': 'path_manager_interfaces'}
[0.016063] (ctl_mission_interfaces) JobProgress: {'identifier': 'ctl_mission_interfaces', 'progress': 'cmake'}
[0.016773] (ctl_mission_interfaces) JobProgress: {'identifier': 'ctl_mission_interfaces', 'progress': 'build'}
[0.017646] (ctl_mission_interfaces) Command: {'cmd': ['/usr/bin/cmake', '--build', '/workspaces/Cuadriga_IA_/build/ctl_mission_interfaces', '--', '-j8', '-l8'], 'cwd': '/workspaces/Cuadriga_IA_/build/ctl_mission_interfaces', 'env': OrderedDict([('MESA_LOADER_DRIVER_OVERRIDE', 'llvmpipe'), ('HOSTNAME', 'cuadriga-NUC8i7BEH'), ('SHLVL', '1'), ('LIBGL_ALWAYS_SOFTWARE', '1'), ('LD_LIBRARY_PATH', '/ros2_ws/install/wiimote_msgs/lib:/ros2_ws/install/spacenav/lib:/ros2_ws/install/security_check_interfaces/lib:/ros2_ws/install/joy/lib:/ros2_ws/install/path_manager_interfaces/lib:/ros2_ws/install/fixposition_odometry_converter_ros2/lib:/ros2_ws/install/fixposition_driver_ros2/lib:/ros2_ws/install/fixposition_driver_lib/lib:/ros2_ws/install/fixposition_gnss_tf/lib:/ros2_ws/install/ctl_mission_interfaces/lib:/opt/ros/humble/opt/rviz_ogre_vendor/lib:/opt/ros/humble/lib/x86_64-linux-gnu:/opt/ros/humble/lib'), ('HOME', '/root'), ('CYCLONEDDS_URI', 'file:///etc/cyclonedds/local_cyclonedds.xml'), ('ROS_PYTHON_VERSION', '3'), ('QTWEBENGINE_CHROMIUM_FLAGS', '--disable-gpu --disable-dev-shm-usage'), ('COLCON_PREFIX_PATH', '/ros2_ws/install'), ('ROS_DISTRO', 'humble'), ('_', '/usr/bin/colcon'), ('ROS_VERSION', '2'), ('PKG_CONFIG_PATH', '/ros2_ws/install/fixposition_driver_lib/lib/x86_64-linux-gnu/pkgconfig:/ros2_ws/install/fixposition_driver_lib/lib/pkgconfig:/ros2_ws/install/fixposition_gnss_tf/lib/x86_64-linux-gnu/pkgconfig:/ros2_ws/install/fixposition_gnss_tf/lib/pkgconfig'), ('TERM', 'xterm'), ('ROS_LOCALHOST_ONLY', '0'), ('QT_X11_NO_MITSHM', '1'), ('PATH', '/opt/ros/humble/bin:/usr/local/sbin:/usr/local/bin:/usr/sbin:/usr/bin:/sbin:/bin'), ('QTWEBENGINE_DISABLE_SANDBOX', '1'), ('DISPLAY', 'localhost:10.0'), ('LANG', 'en_US.UTF-8'), ('RMW_IMPLEMENTATION', 'rmw_cyclonedds_cpp'), ('XAUTHORITY', '/root/.Xauthority'), ('ROS_DOMAIN_ID', '0'), ('AMENT_PREFIX_PATH', '/ros2_ws/install/wiimote_msgs:/ros2_ws/install/spacenav:/ros2_ws/install/security_check:/ros2_ws/install/security_check_interfaces:/ros2_ws/install/joy:/ros2_ws/install/sdl2_vendor:/ros2_ws/install/path_manager:/ros2_ws/install/path_manager_interfaces:/ros2_ws/install/joy_linux:/ros2_ws/install/hikmicro_thermal_camera:/ros2_ws/install/fixposition_odometry_converter_ros2:/ros2_ws/install/fixposition_driver_ros2:/ros2_ws/install/cuadriga_setup:/ros2_ws/install/cuadriga_gui:/ros2_ws/install/cuadriga_actuator:/ros2_ws/install/ctl_mission_interfaces:/ros2_ws/install/ctl_mission:/opt/ros/humble'), ('DEBIAN_FRONTEND', 'noninteractive'), ('ZT_IP', '10.142.47.160'), ('SETUPTOOLS_USE_DISTUTILS', 'stdlib'), ('PWD', '/workspaces/Cuadriga_IA_/build/ctl_mission_interfaces'), ('LC_ALL', 'en_US.UTF-8'), ('PYTHONPATH', '/ros2_ws/install/wiimote_msgs/local/lib/python3.10/dist-packages:/ros2_ws/install/security_check_interfaces/local/lib/python3.10/dist-packages:/ros2_ws/install/path_manager_interfaces/local/lib/python3.10/dist-packages:/ros2_ws/install/fixposition_driver_ros2/local/lib/python3.10/dist-packages:/ros2_ws/build/cuadriga_gui:/ros2_ws/install/cuadriga_gui/lib/python3.10/site-packages:/ros2_ws/install/ctl_mission_interfaces/local/lib/python3.10/dist-packages:/ros2_ws/install/ctl_mission/local/lib/python3.10/dist-packages:/opt/ros/humble/lib/python3.10/site-packages:/opt/ros/humble/local/lib/python3.10/dist-packages'), ('COLCON', '1'), ('CMAKE_PREFIX_PATH', '/ros2_ws/install/wiimote_msgs:/ros2_ws/install/spacenav:/ros2_ws/install/security_check:/ros2_ws/install/security_check_interfaces:/ros2_ws/install/joy:/ros2_ws/install/sdl2_vendor:/ros2_ws/install/path_manager:/ros2_ws/install/path_manager_interfaces:/ros2_ws/install/joy_linux:/ros2_ws/install/hikmicro_thermal_camera:/ros2_ws/install/fixposition_odometry_converter_ros2:/ros2_ws/install/fixposition_driver_ros2:/ros2_ws/install/fixposition_driver_lib:/ros2_ws/install/fixposition_gnss_tf:/ros2_ws/install/cuadriga_setup:/ros2_ws/install/cuadriga_actuator:/ros2_ws/install/ctl_mission_interfaces:/ros2_ws/install/ctl_mission:/ros2_ws/install/cuadriga_gui:/opt/ros/humble')]), 'shell': False}
[0.021486] (path_manager_interfaces) JobProgress: {'identifier': 'path_manager_interfaces', 'progress': 'cmake'}
[0.022071] (path_manager_interfaces) JobProgress: {'identifier': 'path_manager_interfaces', 'progress': 'build'}
[0.022316] (path_manager_interfaces) Command: {'cmd': ['/usr/bin/cmake', '--build', '/workspaces/Cuadriga_IA_/build/path_manager_interfaces', '--', '-j8', '-l8'], 'cwd': '/workspaces/Cuadriga_IA_/build/path_manager_interfaces', 'env': OrderedDict([('MESA_LOADER_DRIVER_OVERRIDE', 'llvmpipe'), ('HOSTNAME', 'cuadriga-NUC8i7BEH'), ('SHLVL', '1'), ('LIBGL_ALWAYS_SOFTWARE', '1'), ('LD_LIBRARY_PATH', '/ros2_ws/install/wiimote_msgs/lib:/ros2_ws/install/spacenav/lib:/ros2_ws/install/security_check_interfaces/lib:/ros2_ws/install/joy/lib:/ros2_ws/install/path_manager_interfaces/lib:/ros2_ws/install/fixposition_odometry_converter_ros2/lib:/ros2_ws/install/fixposition_driver_ros2/lib:/ros2_ws/install/fixposition_driver_lib/lib:/ros2_ws/install/fixposition_gnss_tf/lib:/ros2_ws/install/ctl_mission_interfaces/lib:/opt/ros/humble/opt/rviz_ogre_vendor/lib:/opt/ros/humble/lib/x86_64-linux-gnu:/opt/ros/humble/lib'), ('HOME', '/root'), ('CYCLONEDDS_URI', 'file:///etc/cyclonedds/local_cyclonedds.xml'), ('ROS_PYTHON_VERSION', '3'), ('QTWEBENGINE_CHROMIUM_FLAGS', '--disable-gpu --disable-dev-shm-usage'), ('COLCON_PREFIX_PATH', '/ros2_ws/install'), ('ROS_DISTRO', 'humble'), ('_', '/usr/bin/colcon'), ('ROS_VERSION', '2'), ('PKG_CONFIG_PATH', '/ros2_ws/install/fixposition_driver_lib/lib/x86_64-linux-gnu/pkgconfig:/ros2_ws/install/fixposition_driver_lib/lib/pkgconfig:/ros2_ws/install/fixposition_gnss_tf/lib/x86_64-linux-gnu/pkgconfig:/ros2_ws/install/fixposition_gnss_tf/lib/pkgconfig'), ('TERM', 'xterm'), ('ROS_LOCALHOST_ONLY', '0'), ('QT_X11_NO_MITSHM', '1'), ('PATH', '/opt/ros/humble/bin:/usr/local/sbin:/usr/local/bin:/usr/sbin:/usr/bin:/sbin:/bin'), ('QTWEBENGINE_DISABLE_SANDBOX', '1'), ('DISPLAY', 'localhost:10.0'), ('LANG', 'en_US.UTF-8'), ('RMW_IMPLEMENTATION', 'rmw_cyclonedds_cpp'), ('XAUTHORITY', '/root/.Xauthority'), ('ROS_DOMAIN_ID', '0'), ('AMENT_PREFIX_PATH', '/ros2_ws/install/wiimote_msgs:/ros2_ws/install/spacenav:/ros2_ws/install/security_check:/ros2_ws/install/security_check_interfaces:/ros2_ws/install/joy:/ros2_ws/install/sdl2_vendor:/ros2_ws/install/path_manager:/ros2_ws/install/path_manager_interfaces:/ros2_ws/install/joy_linux:/ros2_ws/install/hikmicro_thermal_camera:/ros2_ws/install/fixposition_odometry_converter_ros2:/ros2_ws/install/fixposition_driver_ros2:/ros2_ws/install/cuadriga_setup:/ros2_ws/install/cuadriga_gui:/ros2_ws/install/cuadriga_actuator:/ros2_ws/install/ctl_mission_interfaces:/ros2_ws/install/ctl_mission:/opt/ros/humble'), ('DEBIAN_FRONTEND', 'noninteractive'), ('ZT_IP', '10.142.47.160'), ('SETUPTOOLS_USE_DISTUTILS', 'stdlib'), ('PWD', '/workspaces/Cuadriga_IA_/build/path_manager_interfaces'), ('LC_ALL', 'en_US.UTF-8'), ('PYTHONPATH', '/ros2_ws/install/wiimote_msgs/local/lib/python3.10/dist-packages:/ros2_ws/install/security_check_interfaces/local/lib/python3.10/dist-packages:/ros2_ws/install/path_manager_interfaces/local/lib/python3.10/dist-packages:/ros2_ws/install/fixposition_driver_ros2/local/lib/python3.10/dist-packages:/ros2_ws/build/cuadriga_gui:/ros2_ws/install/cuadriga_gui/lib/python3.10/site-packages:/ros2_ws/install/ctl_mission_interfaces/local/lib/python3.10/dist-packages:/ros2_ws/install/ctl_mission/local/lib/python3.10/dist-packages:/opt/ros/humble/lib/python3.10/site-packages:/opt/ros/humble/local/lib/python3.10/dist-packages'), ('COLCON', '1'), ('CMAKE_PREFIX_PATH', '/ros2_ws/install/wiimote_msgs:/ros2_ws/install/spacenav:/ros2_ws/install/security_check:/ros2_ws/install/security_check_interfaces:/ros2_ws/install/joy:/ros2_ws/install/sdl2_vendor:/ros2_ws/install/path_manager:/ros2_ws/install/path_manager_interfaces:/ros2_ws/install/joy_linux:/ros2_ws/install/hikmicro_thermal_camera:/ros2_ws/install/fixposition_odometry_converter_ros2:/ros2_ws/install/fixposition_driver_ros2:/ros2_ws/install/fixposition_driver_lib:/ros2_ws/install/fixposition_gnss_tf:/ros2_ws/install/cuadriga_setup:/ros2_ws/install/cuadriga_actuator:/ros2_ws/install/ctl_mission_interfaces:/ros2_ws/install/ctl_mission:/ros2_ws/install/cuadriga_gui:/opt/ros/humble')]), 'shell': False}
[0.074776] (ctl_mission_interfaces) StderrLine: {'line': b'gmake[2]: *** [CMakeFiles/ctl_mission_interfaces__cpp.dir/build.make:459: CMakeFiles/ctl_mission_interfaces__cpp.dir/depend] Interrupt\n'}
[0.075020] (ctl_mission_interfaces) StderrLine: {'line': b'gmake[2]: *** [ctl_mission_interfaces__rs/CMakeFiles/ctl_mission_interfaces__rs.dir/build.make:216: ctl_mission_interfaces__rs/CMakeFiles/ctl_mission_interfaces__rs.dir/depend] Interrupt\n'}
[0.075222] (ctl_mission_interfaces) StderrLine: {'line': b'gmake[1]: *** [CMakeFiles/Makefile2:335: CMakeFiles/ctl_mission_interfaces__cpp.dir/all] Interrupt\n'}
[0.075344] (path_manager_interfaces) StderrLine: {'line': b'gmake[2]: *** [CMakeFiles/path_manager_interfaces__rosidl_generator_c.dir/build.make:480: CMakeFiles/path_manager_interfaces__rosidl_generator_c.dir/depend] Interrupt\n'}
[0.075483] (path_manager_interfaces) StderrLine: {'line': b'gmake[2]: *** [path_manager_interfaces__rs/CMakeFiles/path_manager_interfaces__rs.dir/build.make:210: path_manager_interfaces__rs/CMakeFiles/path_manager_interfaces__rs.dir/depend] Interrupt\n'}
[0.075599] (path_manager_interfaces) StderrLine: {'line': b'gmake[2]: *** [CMakeFiles/ament_cmake_python_symlink_path_manager_interfaces.dir/build.make:85: CMakeFiles/ament_cmake_python_symlink_path_manager_interfaces.dir/depend] Interrupt\n'}
[0.075719] (path_manager_interfaces) StderrLine: {'line': b'gmake[2]: *** [CMakeFiles/path_manager_interfaces__cpp.dir/build.make:381: CMakeFiles/path_manager_interfaces__cpp.dir/depend] Interrupt\n'}
[0.075836] (path_manager_interfaces) StderrLine: {'line': b'gmake[1]: *** [CMakeFiles/Makefile2:231: CMakeFiles/path_manager_interfaces__rosidl_generator_c.dir/all] Interrupt\n'}
[0.075941] (path_manager_interfaces) StderrLine: {'line': b'gmake[1]: *** [CMakeFiles/Makefile2:634: path_manager_interfaces__rs/CMakeFiles/path_manager_interfaces__rs.dir/all] Interrupt\n'}
[0.076312] (ctl_mission_interfaces) StderrLine: {'line': b'gmake[1]: *** [CMakeFiles/Makefile2:634: ctl_mission_interfaces__rs/CMakeFiles/ctl_mission_interfaces__rs.dir/all] Interrupt\n'}
[0.076666] (ctl_mission_interfaces) StderrLine: {'line': b'gmake[2]: *** [CMakeFiles/ctl_mission_interfaces__rosidl_generator_c.dir/build.make:591: CMakeFiles/ctl_mission_interfaces__rosidl_generator_c.dir/depend] Interrupt\n'}
[0.077314] (path_manager_interfaces) StderrLine: {'line': b'gmake[1]: *** [CMakeFiles/Makefile2:439: CMakeFiles/ament_cmake_python_symlink_path_manager_interfaces.dir/all] Interrupt\n'}
[0.077465] (path_manager_interfaces) StderrLine: {'line': b'gmake[1]: *** [CMakeFiles/Makefile2:335: CMakeFiles/path_manager_interfaces__cpp.dir/all] Interrupt\n'}
[0.077599] (path_manager_interfaces) StderrLine: {'line': b'gmake: *** [Makefile:146: all] Interrupt\n'}
[0.077749] (ctl_mission_interfaces) StderrLine: {'line': b'gmake[2]: *** [CMakeFiles/ament_cmake_python_symlink_ctl_mission_interfaces.dir/build.make:85: CMakeFiles/ament_cmake_python_symlink_ctl_mission_interfaces.dir/depend] Interrupt\n'}
[0.077884] (ctl_mission_interfaces) StderrLine: {'line': b'gmake[1]: *** [CMakeFiles/Makefile2:231: CMakeFiles/ctl_mission_interfaces__rosidl_generator_c.dir/all] Interrupt\n'}
[0.078047] (ctl_mission_interfaces) StderrLine: {'line': b'gmake[1]: *** [CMakeFiles/Makefile2:439: CMakeFiles/ament_cmake_python_symlink_ctl_mission_interfaces.dir/all] Interrupt\n'}
[0.078190] (ctl_mission_interfaces) StderrLine: {'line': b'gmake: *** [Makefile:146: all] Interrupt\n'}
[0.078943] (path_manager_interfaces) CommandEnded: {'returncode': -2}
[0.095523] (path_manager_interfaces) JobEnded: {'identifier': 'path_manager_interfaces', 'rc': 'SIGINT'}
[0.096010] (ctl_mission_interfaces) JobEnded: {'identifier': 'ctl_mission_interfaces', 'rc': 'SIGINT'}
[0.098902] (-) TimerEvent: {}
[0.106082] (ctl_mission) JobSkipped: {'identifier': 'ctl_mission'}
[0.106240] (-) EventReactorShutdown: {}
