[01m[K/workspaces/Cuadriga_IA_/src/ctl_mission/ctl_mission/src/FSM_states/path_record_node.cpp:106:31:[m[K [01;35m[Kwarning: [m[Kmulti-character character constant [[01;35m[K-Wmultichar[m[K]
  106 |     ll_path.header.frame_id = [01;35m[K'll'[m[K;
      |                               [01;35m[K^~~~[m[K
[01m[K/workspaces/Cuadriga_IA_/src/ctl_mission/ctl_mission/src/FSM_states/path_record_node.cpp:[m[K In member function ‘[01m[Kvirtual rclcpp_lifecycle::node_interfaces::LifecycleNodeInterface::CallbackReturn PathRecordNode::on_deactivate(const rclcpp_lifecycle::State&)[m[K’:
[01m[K/workspaces/Cuadriga_IA_/src/ctl_mission/ctl_mission/src/FSM_states/path_record_node.cpp:106:31:[m[K [01;35m[Kwarning: [m[Koverflow in conversion from ‘[01m[Kint[m[K’ to ‘[01m[Kchar[m[K’ changes value from ‘[01m[K27756[m[K’ to ‘[01m[K'l'[m[K’ [[01;35m[K-Woverflow[m[K]
[01m[K/workspaces/Cuadriga_IA_/src/ctl_mission/ctl_mission/src/FSM_states/path_record_node.cpp:[m[K In member function ‘[01m[Kvirtual rclcpp_lifecycle::node_interfaces::LifecycleNodeInterface::CallbackReturn PathRecordNode::on_cleanup(const rclcpp_lifecycle::State&)[m[K’:
[01m[K/workspaces/Cuadriga_IA_/src/ctl_mission/ctl_mission/src/FSM_states/path_record_node.cpp:113:60:[m[K [01;35m[Kwarning: [m[Kunused parameter ‘[01m[Kstate[m[K’ [[01;35m[K-Wunused-parameter[m[K]
  113 | PathRecordNode::on_cleanup([01;35m[Kconst rclcpp_lifecycle::State & state[m[K) {
      |                            [01;35m[K~~~~~~~~~~~~~~~~~~~~~~~~~~~~~~~~^~~~~[m[K
[01m[K/workspaces/Cuadriga_IA_/src/ctl_mission/ctl_mission/src/FSM_states/path_record_node.cpp:[m[K In member function ‘[01m[Kvirtual rclcpp_lifecycle::node_interfaces::LifecycleNodeInterface::CallbackReturn PathRecordNode::on_shutdown(const rclcpp_lifecycle::State&)[m[K’:
[01m[K/workspaces/Cuadriga_IA_/src/ctl_mission/ctl_mission/src/FSM_states/path_record_node.cpp:120:61:[m[K [01;35m[Kwarning: [m[Kunused parameter ‘[01m[Kstate[m[K’ [[01;35m[K-Wunused-parameter[m[K]
  120 | PathRecordNode::on_shutdown([01;35m[Kconst rclcpp_lifecycle::State & state[m[K) {
      |                             [01;35m[K~~~~~~~~~~~~~~~~~~~~~~~~~~~~~~~~^~~~~[m[K
[01m[K/workspaces/Cuadriga_IA_/src/ctl_mission/ctl_mission/src/FSM_states/path_following_node.cpp:[m[K In member function ‘[01m[Kvoid PathFollowingNode::sendChangeModeRequest(const SharedPtr&, int)[m[K’:
[01m[K/workspaces/Cuadriga_IA_/src/ctl_mission/ctl_mission/src/FSM_states/path_following_node.cpp:141:60:[m[K [01;35m[Kwarning: [m[K‘[01m[Krclcpp::Client<ServiceT>::FutureAndRequestId::operator rclcpp::Client<ServiceT>::SharedFuture() [with ServiceT = ctl_mission_interfaces::srv::ChangeMode; rclcpp::Client<ServiceT>::SharedFuture = std::shared_future<std::shared_ptr<ctl_mission_interfaces::srv::ChangeMode_Response_<std::allocator<void> > > >][m[K’ is deprecated: FutureAndRequestId: use .future.share() instead of an implicit conversion [[01;35m[K-Wdeprecated-declarations[m[K]
  141 |     service_future_fsm = client->async_send_request(request[01;35m[K)[m[K;
      |                                                            [01;35m[K^[m[K
In file included from [01m[K/opt/ros/humble/include/rclcpp/rclcpp/callback_group.hpp:24[m[K,
                 from [01m[K/opt/ros/humble/include/rclcpp/rclcpp/any_executable.hpp:20[m[K,
                 from [01m[K/opt/ros/humble/include/rclcpp/rclcpp/memory_strategy.hpp:25[m[K,
                 from [01m[K/opt/ros/humble/include/rclcpp/rclcpp/memory_strategies.hpp:18[m[K,
                 from [01m[K/opt/ros/humble/include/rclcpp/rclcpp/executor_options.hpp:20[m[K,
                 from [01m[K/opt/ros/humble/include/rclcpp/rclcpp/executor.hpp:37[m[K,
                 from [01m[K/opt/ros/humble/include/rclcpp/rclcpp/executors/multi_threaded_executor.hpp:25[m[K,
                 from [01m[K/opt/ros/humble/include/rclcpp/rclcpp/executors.hpp:21[m[K,
                 from [01m[K/opt/ros/humble/include/rclcpp/rclcpp/rclcpp.hpp:155[m[K,
                 from [01m[K/workspaces/Cuadriga_IA_/src/ctl_mission/ctl_mission/include/ctl_mission/PathFollowingNode.hpp:12[m[K,
                 from [01m[K/workspaces/Cuadriga_IA_/src/ctl_mission/ctl_mission/src/FSM_states/path_following_node.cpp:52[m[K:
[01m[K/opt/ros/humble/include/rclcpp/rclcpp/client.hpp:415:5:[m[K [01;36m[Knote: [m[Kdeclared here
  415 |     [01;36m[Koperator[m[K SharedFuture() {return this->future.share();}
      |     [01;36m[K^~~~~~~~[m[K
[01m[K/workspaces/Cuadriga_IA_/src/ctl_mission/ctl_mission/src/FSM_states/path_following_node.cpp:[m[K In member function ‘[01m[Kvoid PathFollowingNode::callGetFixFramePathService()[m[K’:
[01m[K/workspaces/Cuadriga_IA_/src/ctl_mission/ctl_mission/src/FSM_states/path_following_node.cpp:177:65:[m[K [01;35m[Kwarning: [m[K‘[01m[Krclcpp::Client<ServiceT>::FutureAndRequestId::operator rclcpp::Client<ServiceT>::SharedFuture() [with ServiceT = path_manager_interfaces::srv::GetFixFramePath; rclcpp::Client<ServiceT>::SharedFuture = std::shared_future<std::shared_ptr<path_manager_interfaces::srv::GetFixFramePath_Response_<std::allocator<void> > > >][m[K’ is deprecated: FutureAndRequestId: use .future.share() instead of an implicit conversion [[01;35m[K-Wdeprecated-declarations[m[K]
  177 |     service_future_ = getRPathClient->async_send_request(request[01;35m[K)[m[K;
      |                                                                 [01;35m[K^[m[K
In file included from [01m[K/opt/ros/humble/include/rclcpp/rclcpp/callback_group.hpp:24[m[K,
                 from [01m[K/opt/ros/humble/include/rclcpp/rclcpp/any_executable.hpp:20[m[K,
                 from [01m[K/opt/ros/humble/include/rclcpp/rclcpp/memory_strategy.hpp:25[m[K,
                 from [01m[K/opt/ros/humble/include/rclcpp/rclcpp/memory_strategies.hpp:18[m[K,
                 from [01m[K/opt/ros/humble/include/rclcpp/rclcpp/executor_options.hpp:20[m[K,
                 from [01m[K/opt/ros/humble/include/rclcpp/rclcpp/executor.hpp:37[m[K,
                 from [01m[K/opt/ros/humble/include/rclcpp/rclcpp/executors/multi_threaded_executor.hpp:25[m[K,
                 from [01m[K/opt/ros/humble/include/rclcpp/rclcpp/executors.hpp:21[m[K,
                 from [01m[K/opt/ros/humble/include/rclcpp/rclcpp/rclcpp.hpp:155[m[K,
                 from [01m[K/workspaces/Cuadriga_IA_/src/ctl_mission/ctl_mission/include/ctl_mission/PathFollowingNode.hpp:12[m[K,
                 from [01m[K/workspaces/Cuadriga_IA_/src/ctl_mission/ctl_mission/src/FSM_states/path_following_node.cpp:52[m[K:
[01m[K/opt/ros/humble/include/rclcpp/rclcpp/client.hpp:415:5:[m[K [01;36m[Knote: [m[Kdeclared here
  415 |     [01;36m[Koperator[m[K SharedFuture() {return this->future.share();}
      |     [01;36m[K^~~~~~~~[m[K
[01m[K/workspaces/Cuadriga_IA_/src/ctl_mission/ctl_mission/src/FSM_states/path_following_node.cpp:[m[K In member function ‘[01m[Kvoid PathFollowingNode::first_not_negative(const Path&)[m[K’:
[01m[K/workspaces/Cuadriga_IA_/src/ctl_mission/ctl_mission/src/FSM_states/path_following_node.cpp:350:39:[m[K [01;35m[Kwarning: [m[Kcomparison of integer expressions of different signedness: ‘[01m[Kint[m[K’ and ‘[01m[Kstd::vector<geometry_msgs::msg::PoseStamped_<std::allocator<void> >, std::allocator<geometry_msgs::msg::PoseStamped_<std::allocator<void> > > >::size_type[m[K’ {aka ‘[01m[Klong unsigned int[m[K’} [[01;35m[K-Wsign-compare[m[K]
  350 |         for (int i = min_point_idx; [01;35m[Ki < path_in.poses.size()[m[K; i++) {
      |                                     [01;35m[K~~^~~~~~~~~~~~~~~~~~~~~~[m[K
[01m[K/workspaces/Cuadriga_IA_/src/ctl_mission/ctl_mission/src/FSM_states/path_following_node.cpp:349:20:[m[K [01;35m[Kwarning: [m[Kunused variable ‘[01m[Kmin_distance[m[K’ [[01;35m[K-Wunused-variable[m[K]
  349 |             double [01;35m[Kmin_distance[m[K = std::numeric_limits<double>::max();
      |                    [01;35m[K^~~~~~~~~~~~[m[K
[01m[K/workspaces/Cuadriga_IA_/src/ctl_mission/ctl_mission/src/FSM_states/path_following_node.cpp:[m[K In member function ‘[01m[Kvoid PathFollowingNode::distances_to_wp(const Path&, const Odometry&)[m[K’:
[01m[K/workspaces/Cuadriga_IA_/src/ctl_mission/ctl_mission/src/FSM_states/path_following_node.cpp:365:17:[m[K [01;35m[Kwarning: [m[Kcomparison of integer expressions of different signedness: ‘[01m[Kint[m[K’ and ‘[01m[Kstd::vector<geometry_msgs::msg::PoseStamped_<std::allocator<void> >, std::allocator<geometry_msgs::msg::PoseStamped_<std::allocator<void> > > >::size_type[m[K’ {aka ‘[01m[Klong unsigned int[m[K’} [[01;35m[K-Wsign-compare[m[K]
  365 |     if ([01;35m[Kmax_idx > path_in.poses.size()[m[K) max_idx = path_in.poses.size();
      |         [01;35m[K~~~~~~~~^~~~~~~~~~~~~~~~~~~~~~[m[K
[01m[K/workspaces/Cuadriga_IA_/src/ctl_mission/ctl_mission/src/FSM_states/path_following_node.cpp:[m[K In member function ‘[01m[Kint PathFollowingNode::min_id_all_path(const Path&)[m[K’:
[01m[K/workspaces/Cuadriga_IA_/src/ctl_mission/ctl_mission/src/FSM_states/path_following_node.cpp:380:27:[m[K [01;35m[Kwarning: [m[Kcomparison of integer expressions of different signedness: ‘[01m[Kint[m[K’ and ‘[01m[Kstd::vector<geometry_msgs::msg::PoseStamped_<std::allocator<void> >, std::allocator<geometry_msgs::msg::PoseStamped_<std::allocator<void> > > >::size_type[m[K’ {aka ‘[01m[Klong unsigned int[m[K’} [[01;35m[K-Wsign-compare[m[K]
  380 |         for (int i = 0; [01;35m[Ki < path_in.poses.size()[m[K; i++) {
      |                         [01;35m[K~~^~~~~~~~~~~~~~~~~~~~~~[m[K
[01m[K/workspaces/Cuadriga_IA_/src/ctl_mission/ctl_mission/src/FSM_states/path_following_node.cpp:[m[K In member function ‘[01m[Knav_msgs::msg::Path PathFollowingNode::transform_path_to_robot_frame(const Path&, std::string)[m[K’:
[01m[K/workspaces/Cuadriga_IA_/src/ctl_mission/ctl_mission/src/FSM_states/path_following_node.cpp:438:23:[m[K [01;35m[Kwarning: [m[Kcomparison of integer expressions of different signedness: ‘[01m[Kint[m[K’ and ‘[01m[Kstd::vector<geometry_msgs::msg::PoseStamped_<std::allocator<void> >, std::allocator<geometry_msgs::msg::PoseStamped_<std::allocator<void> > > >::size_type[m[K’ {aka ‘[01m[Klong unsigned int[m[K’} [[01;35m[K-Wsign-compare[m[K]
  438 |     for (int i = 0; [01;35m[Ki < path_in.poses.size()[m[K; i++) {
      |                     [01;35m[K~~^~~~~~~~~~~~~~~~~~~~~~[m[K
[01m[K/workspaces/Cuadriga_IA_/src/ctl_mission/ctl_mission/src/FSM_states/Ctrl_node.cpp:[m[K In member function ‘[01m[Kvoid CtrlNode::configPurePursuit(std::shared_ptr<ctl_mission_interfaces::srv::ConfigPurePursuitCtrl_Request_<std::allocator<void> > >, std::shared_ptr<ctl_mission_interfaces::srv::ConfigPurePursuitCtrl_Response_<std::allocator<void> > >)[m[K’:
[01m[K/workspaces/Cuadriga_IA_/src/ctl_mission/ctl_mission/src/FSM_states/Ctrl_node.cpp:263:87:[m[K [01;35m[Kwarning: [m[Kunused parameter ‘[01m[Kresponse[m[K’ [[01;35m[K-Wunused-parameter[m[K]
  263 |         [01;35m[Kstd::shared_ptr<ctl_mission_interfaces::srv::ConfigPurePursuitCtrl::Response> response[m[K)
      |         [01;35m[K~~~~~~~~~~~~~~~~~~~~~~~~~~~~~~~~~~~~~~~~~~~~~~~~~~~~~~~~~~~~~~~~~~~~~~~~~~~~~~^~~~~~~~[m[K
[01m[K/workspaces/Cuadriga_IA_/src/ctl_mission/ctl_mission/src/FSM_states/Ctrl_node.cpp:[m[K In member function ‘[01m[Kvoid CtrlNode::configRegulatedPure(std::shared_ptr<ctl_mission_interfaces::srv::ConfigRegulatedPureCtrl_Request_<std::allocator<void> > >, std::shared_ptr<ctl_mission_interfaces::srv::ConfigRegulatedPureCtrl_Response_<std::allocator<void> > >)[m[K’:
[01m[K/workspaces/Cuadriga_IA_/src/ctl_mission/ctl_mission/src/FSM_states/Ctrl_node.cpp:272:89:[m[K [01;35m[Kwarning: [m[Kunused parameter ‘[01m[Kresponse[m[K’ [[01;35m[K-Wunused-parameter[m[K]
  272 |         [01;35m[Kstd::shared_ptr<ctl_mission_interfaces::srv::ConfigRegulatedPureCtrl::Response> response[m[K)
      |         [01;35m[K~~~~~~~~~~~~~~~~~~~~~~~~~~~~~~~~~~~~~~~~~~~~~~~~~~~~~~~~~~~~~~~~~~~~~~~~~~~~~~~~^~~~~~~~[m[K
[01m[K/workspaces/Cuadriga_IA_/src/ctl_mission/ctl_mission/src/FSM_states/Ctrl_node.cpp:[m[K In member function ‘[01m[Kvoid CtrlNode::configDynamic(std::shared_ptr<ctl_mission_interfaces::srv::ConfigDynamicPureCtrl_Request_<std::allocator<void> > >, std::shared_ptr<ctl_mission_interfaces::srv::ConfigDynamicPureCtrl_Response_<std::allocator<void> > >)[m[K’:
[01m[K/workspaces/Cuadriga_IA_/src/ctl_mission/ctl_mission/src/FSM_states/Ctrl_node.cpp:281:87:[m[K [01;35m[Kwarning: [m[Kunused parameter ‘[01m[Kresponse[m[K’ [[01;35m[K-Wunused-parameter[m[K]
  281 |         [01;35m[Kstd::shared_ptr<ctl_mission_interfaces::srv::ConfigDynamicPureCtrl::Response> response[m[K)
      |         [01;35m[K~~~~~~~~~~~~~~~~~~~~~~~~~~~~~~~~~~~~~~~~~~~~~~~~~~~~~~~~~~~~~~~~~~~~~~~~~~~~~~^~~~~~~~[m[K
[01m[K/workspaces/Cuadriga_IA_/src/ctl_mission/ctl_mission/src/FSM_states/Ctrl_node.cpp:[m[K In member function ‘[01m[Kvoid CtrlNode::configDynamicLA(std::shared_ptr<ctl_mission_interfaces::srv::ConfigDynamicLAPureCtrl_Request_<std::allocator<void> > >, std::shared_ptr<ctl_mission_interfaces::srv::ConfigDynamicLAPureCtrl_Response_<std::allocator<void> > >)[m[K’:
[01m[K/workspaces/Cuadriga_IA_/src/ctl_mission/ctl_mission/src/FSM_states/Ctrl_node.cpp:290:89:[m[K [01;35m[Kwarning: [m[Kunused parameter ‘[01m[Kresponse[m[K’ [[01;35m[K-Wunused-parameter[m[K]
  290 |         [01;35m[Kstd::shared_ptr<ctl_mission_interfaces::srv::ConfigDynamicLAPureCtrl::Response> response[m[K)
      |         [01;35m[K~~~~~~~~~~~~~~~~~~~~~~~~~~~~~~~~~~~~~~~~~~~~~~~~~~~~~~~~~~~~~~~~~~~~~~~~~~~~~~~~^~~~~~~~[m[K
[01m[K/workspaces/Cuadriga_IA_/src/ctl_mission/ctl_mission/src/controllers/stanley_ctrl.cpp:[m[K In member function ‘[01m[Kint Stanley_Ctrl::find_goal_point(const Path&, int)[m[K’:
[01m[K/workspaces/Cuadriga_IA_/src/ctl_mission/ctl_mission/src/controllers/stanley_ctrl.cpp:29:15:[m[K [01;35m[Kwarning: [m[Kcomparison of integer expressions of different signedness: ‘[01m[Kint[m[K’ and ‘[01m[Kstd::vector<geometry_msgs::msg::PoseStamped_<std::allocator<void> >, std::allocator<geometry_msgs::msg::PoseStamped_<std::allocator<void> > > >::size_type[m[K’ {aka ‘[01m[Klong unsigned int[m[K’} [[01;35m[K-Wsign-compare[m[K]
   29 |     if ([01;35m[Klimit > path.poses.size()[m[K) limit = path.poses.size(); // This check is redundant, consider removing it
      |         [01;35m[K~~~~~~^~~~~~~~~~~~~~~~~~~[m[K
[01m[K/workspaces/Cuadriga_IA_/src/ctl_mission/ctl_mission/src/controllers/stanley_ctrl.cpp:31:42:[m[K [01;35m[Kwarning: [m[Kcomparison of integer expressions of different signedness: ‘[01m[Kunsigned int[m[K’ and ‘[01m[Kint[m[K’ [[01;35m[K-Wsign-compare[m[K]
   31 |     for(unsigned int i = min_dist_idx; [01;35m[Ki < limit[m[K; i++) {
      |                                        [01;35m[K~~^~~~~~~[m[K
[01m[K/workspaces/Cuadriga_IA_/src/ctl_mission/ctl_mission/src/controllers/stanley_ctrl.cpp:[m[K In member function ‘[01m[Kvoid Stanley_Ctrl::calc_stanley_actions(const Path&)[m[K’:
[01m[K/workspaces/Cuadriga_IA_/src/ctl_mission/ctl_mission/src/controllers/stanley_ctrl.cpp:76:19:[m[K [01;35m[Kwarning: [m[Kunused variable ‘[01m[Kdistance_to_look_ahead[m[K’ [[01;35m[K-Wunused-variable[m[K]
   76 |             float [01;35m[Kdistance_to_look_ahead[m[K= sqrt(pow(look_ahead_pose.pose.position.x,2)+pow(look_ahead_pose.pose.position.y,2));
      |                   [01;35m[K^~~~~~~~~~~~~~~~~~~~~~[m[K
[01m[K/workspaces/Cuadriga_IA_/src/ctl_mission/ctl_mission/src/controllers/pure_pursuit_controller.cpp:[m[K In member function ‘[01m[Kint PurePursuit::find_goal_point(const Path&, int)[m[K’:
[01m[K/workspaces/Cuadriga_IA_/src/ctl_mission/ctl_mission/src/controllers/pure_pursuit_controller.cpp:34:15:[m[K [01;35m[Kwarning: [m[Kcomparison of integer expressions of different signedness: ‘[01m[Kint[m[K’ and ‘[01m[Kstd::vector<geometry_msgs::msg::PoseStamped_<std::allocator<void> >, std::allocator<geometry_msgs::msg::PoseStamped_<std::allocator<void> > > >::size_type[m[K’ {aka ‘[01m[Klong unsigned int[m[K’} [[01;35m[K-Wsign-compare[m[K]
   34 |     if ([01;35m[Klimit > path.poses.size()[m[K) limit = path.poses.size(); // This check is redundant, consider removing it
      |         [01;35m[K~~~~~~^~~~~~~~~~~~~~~~~~~[m[K
[01m[K/workspaces/Cuadriga_IA_/src/ctl_mission/ctl_mission/src/controllers/pure_pursuit_controller.cpp:36:42:[m[K [01;35m[Kwarning: [m[Kcomparison of integer expressions of different signedness: ‘[01m[Kunsigned int[m[K’ and ‘[01m[Kint[m[K’ [[01;35m[K-Wsign-compare[m[K]
   36 |     for(unsigned int i = min_dist_idx; [01;35m[Ki < limit[m[K; i++) {
      |                                        [01;35m[K~~^~~~~~~[m[K
[01m[K/workspaces/Cuadriga_IA_/src/ctl_mission/ctl_mission/src/controllers/pure_pursuit_controller.cpp:[m[K In member function ‘[01m[Kvoid PurePursuit::calc_pure_pursuit_actions(const Path&, float)[m[K’:
[01m[K/workspaces/Cuadriga_IA_/src/ctl_mission/ctl_mission/src/controllers/pure_pursuit_controller.cpp:102:15:[m[K [01;35m[Kwarning: [m[Kunused variable ‘[01m[Kyaw_error[m[K’ [[01;35m[K-Wunused-variable[m[K]
  102 |         float [01;35m[Kyaw_error[m[K= tf2::getYaw(look_ahead_pose.pose.orientation) ;
      |               [01;35m[K^~~~~~~~~[m[K
[01m[K/workspaces/Cuadriga_IA_/src/ctl_mission/ctl_mission/src/controllers/pure_pursuit_controller.cpp:103:19:[m[K [01;35m[Kwarning: [m[Kunused variable ‘[01m[Kdistance_to_look_ahead[m[K’ [[01;35m[K-Wunused-variable[m[K]
  103 |             float [01;35m[Kdistance_to_look_ahead[m[K= sqrt(pow(look_ahead_pose.pose.position.x,2)+pow(look_ahead_pose.pose.position.y,2));
      |                   [01;35m[K^~~~~~~~~~~~~~~~~~~~~~[m[K
[01m[K/workspaces/Cuadriga_IA_/src/ctl_mission/ctl_mission/src/controllers/pure_pursuit_controller.cpp:110:16:[m[K [01;35m[Kwarning: [m[Kunused variable ‘[01m[KremainingDistance[m[K’ [[01;35m[K-Wunused-variable[m[K]
  110 |         double [01;35m[KremainingDistance[m[K  = calculateTotal2DDistance(pose_vector) - 1.0; //minus 1, the robot stops at 1 m from last waypoint
      |                [01;35m[K^~~~~~~~~~~~~~~~~[m[K
[01m[K/workspaces/Cuadriga_IA_/src/ctl_mission/ctl_mission/src/controllers/dynamic_pp_controller.cpp:[m[K In member function ‘[01m[Kvoid DynamicPP::calc_dynamic_pp_actions(const Path&, float)[m[K’:
[01m[K/workspaces/Cuadriga_IA_/src/ctl_mission/ctl_mission/src/controllers/dynamic_pp_controller.cpp:139:16:[m[K [01;35m[Kwarning: [m[Kunused variable ‘[01m[Kmax_ang_dec[m[K’ [[01;35m[K-Wunused-variable[m[K]
  139 |         double [01;35m[Kmax_ang_dec[m[K = 2.0; //ToDO: CHECK THIS VAR
      |                [01;35m[K^~~~~~~~~~~[m[K
[01m[K/workspaces/Cuadriga_IA_/src/ctl_mission/ctl_mission/src/controllers/dynamic_pp_controller.cpp:141:15:[m[K [01;35m[Kwarning: [m[Kunused variable ‘[01m[Kyaw_error[m[K’ [[01;35m[K-Wunused-variable[m[K]
  141 |         float [01;35m[Kyaw_error[m[K= tf2::getYaw(look_ahead_pose.pose.orientation);
      |               [01;35m[K^~~~~~~~~[m[K
[01m[K/workspaces/Cuadriga_IA_/src/ctl_mission/ctl_mission/src/controllers/dynamic_pp_controller.cpp:146:14:[m[K [01;35m[Kwarning: [m[Kunused variable ‘[01m[Kaccelerate[m[K’ [[01;35m[K-Wunused-variable[m[K]
  146 |         bool [01;35m[Kaccelerate[m[K = true, keep = false, brake = false;
      |              [01;35m[K^~~~~~~~~~[m[K
[01m[K/workspaces/Cuadriga_IA_/src/ctl_mission/ctl_mission/src/controllers/dynamic_pp_controller.cpp:215:16:[m[K [01;35m[Kwarning: [m[Kunused variable ‘[01m[KminSpeed[m[K’ [[01;35m[K-Wunused-variable[m[K]
  215 |         double [01;35m[KminSpeed[m[K = 0.5;
      |                [01;35m[K^~~~~~~~[m[K
[01m[K/workspaces/Cuadriga_IA_/src/ctl_mission/ctl_mission/src/controllers/dynamic_pp_controller.cpp:216:16:[m[K [01;35m[Kwarning: [m[Kunused variable ‘[01m[KremainingDistance[m[K’ [[01;35m[K-Wunused-variable[m[K]
  216 |         double [01;35m[KremainingDistance[m[K  = calculateTotal2DDistance(pose_vector);
      |                [01;35m[K^~~~~~~~~~~~~~~~~[m[K
[01m[K/workspaces/Cuadriga_IA_/src/ctl_mission/ctl_mission/src/controllers/dynamic_pp_controller.cpp:218:14:[m[K [01;35m[Kwarning: [m[Kunused variable ‘[01m[Kstart_decelerating[m[K’ [[01;35m[K-Wunused-variable[m[K]
  218 |         bool [01;35m[Kstart_decelerating[m[K, keep_decelerating;
      |              [01;35m[K^~~~~~~~~~~~~~~~~~[m[K
[01m[K/workspaces/Cuadriga_IA_/src/ctl_mission/ctl_mission/src/controllers/dynamic_pp_controller.cpp:218:34:[m[K [01;35m[Kwarning: [m[Kunused variable ‘[01m[Kkeep_decelerating[m[K’ [[01;35m[K-Wunused-variable[m[K]
  218 |         bool start_decelerating, [01;35m[Kkeep_decelerating[m[K;
      |                                  [01;35m[K^~~~~~~~~~~~~~~~~[m[K
[01m[K/workspaces/Cuadriga_IA_/src/ctl_mission/ctl_mission/src/controllers/dynamic_la_pp_controller.cpp:[m[K In member function ‘[01m[Kint DynamicLAPP::find_goal_point(const Path&, const double&)[m[K’:
[01m[K/workspaces/Cuadriga_IA_/src/ctl_mission/ctl_mission/src/controllers/dynamic_la_pp_controller.cpp:66:20:[m[K [01;35m[Kwarning: [m[Kcomparison of integer expressions of different signedness: ‘[01m[Kint[m[K’ and ‘[01m[Kstd::vector<geometry_msgs::msg::PoseStamped_<std::allocator<void> >, std::allocator<geometry_msgs::msg::PoseStamped_<std::allocator<void> > > >::size_type[m[K’ {aka ‘[01m[Klong unsigned int[m[K’} [[01;35m[K-Wsign-compare[m[K]
   66 |         if([01;35m[Kmax_lim > pose_vector.poses.size()[m[K) max_lim = pose_vector.poses.size();
      |            [01;35m[K~~~~~~~~^~~~~~~~~~~~~~~~~~~~~~~~~~[m[K
[01m[K/workspaces/Cuadriga_IA_/src/ctl_mission/ctl_mission/src/controllers/dynamic_la_pp_controller.cpp:68:42:[m[K [01;35m[Kwarning: [m[Kcomparison of integer expressions of different signedness: ‘[01m[Kunsigned int[m[K’ and ‘[01m[Kint[m[K’ [[01;35m[K-Wsign-compare[m[K]
   68 |         for(unsigned int i = min_lim ; [01;35m[Ki < max_lim[m[K; i = i+1){
      |                                        [01;35m[K~~^~~~~~~~~[m[K
[01m[K/workspaces/Cuadriga_IA_/src/ctl_mission/ctl_mission/src/controllers/dynamic_la_pp_controller.cpp:[m[K In member function ‘[01m[Kstd::pair<double, double> DynamicLAPP::calculateCommands(const PoseStamped&, double, double, double, double, double, double)[m[K’:
[01m[K/workspaces/Cuadriga_IA_/src/ctl_mission/ctl_mission/src/controllers/dynamic_la_pp_controller.cpp:122:18:[m[K [01;35m[Kwarning: [m[Kunused variable ‘[01m[Kdead_zone_threshold[m[K’ [[01;35m[K-Wunused-variable[m[K]
  122 |     const double [01;35m[Kdead_zone_threshold[m[K = 0.1; // Define a dead zone threshold for angular speed
      |                  [01;35m[K^~~~~~~~~~~~~~~~~~~[m[K
[01m[K/workspaces/Cuadriga_IA_/src/ctl_mission/ctl_mission/src/controllers/dynamic_la_pp_controller.cpp:[m[K In member function ‘[01m[Kvoid DynamicLAPP::calc_dynamic_lapp_actions(const Path&, float, double, double)[m[K’:
[01m[K/workspaces/Cuadriga_IA_/src/ctl_mission/ctl_mission/src/controllers/dynamic_la_pp_controller.cpp:179:11:[m[K [01;35m[Kwarning: [m[Kunused variable ‘[01m[Kyaw_error[m[K’ [[01;35m[K-Wunused-variable[m[K]
  179 |     float [01;35m[Kyaw_error[m[K = tf2::getYaw(look_ahead_pose.pose.orientation);
      |           [01;35m[K^~~~~~~~~[m[K
[01m[K/workspaces/Cuadriga_IA_/src/ctl_mission/ctl_mission/src/controllers/dynamic_la_pp_controller.cpp:193:12:[m[K [01;35m[Kwarning: [m[Kunused variable ‘[01m[KminSpeed[m[K’ [[01;35m[K-Wunused-variable[m[K]
  193 |     double [01;35m[KminSpeed[m[K = 0.5;
      |            [01;35m[K^~~~~~~~[m[K
[01m[K/workspaces/Cuadriga_IA_/src/ctl_mission/ctl_mission/src/controllers/dynamic_la_pp_controller.cpp:194:12:[m[K [01;35m[Kwarning: [m[Kunused variable ‘[01m[KremainingDistance[m[K’ [[01;35m[K-Wunused-variable[m[K]
  194 |     double [01;35m[KremainingDistance[m[K = calculateTotal2DDistance(pose_vector);
      |            [01;35m[K^~~~~~~~~~~~~~~~~[m[K
[01m[K/workspaces/Cuadriga_IA_/src/ctl_mission/ctl_mission/src/controllers/dynamic_la_pp_controller.cpp:163:113:[m[K [01;35m[Kwarning: [m[Kunused parameter ‘[01m[Kv_x_odom[m[K’ [[01;35m[K-Wunused-parameter[m[K]
  163 | void DynamicLAPP::calc_dynamic_lapp_actions(const nav_msgs::msg::Path& pose_vector, float dist_last_obj, [01;35m[Kdouble v_x_odom[m[K, double w_z_odom) {
      |                                                                                                          [01;35m[K~~~~~~~^~~~~~~~[m[K
[01m[K/workspaces/Cuadriga_IA_/src/ctl_mission/ctl_mission/src/controllers/dynamic_la_pp_controller.cpp:163:130:[m[K [01;35m[Kwarning: [m[Kunused parameter ‘[01m[Kw_z_odom[m[K’ [[01;35m[K-Wunused-parameter[m[K]
  163 | void DynamicLAPP::calc_dynamic_lapp_actions(const nav_msgs::msg::Path& pose_vector, float dist_last_obj, double v_x_odom, [01;35m[Kdouble w_z_odom[m[K) {
      |                                                                                                                           [01;35m[K~~~~~~~^~~~~~~~[m[K
[01m[K/workspaces/Cuadriga_IA_/src/ctl_mission/ctl_mission/src/controllers/regulated_pure_pursuit_controller.cpp:[m[K In member function ‘[01m[Kint RegulatedPurePursuit::find_goal_point(const Path&, int)[m[K’:
[01m[K/workspaces/Cuadriga_IA_/src/ctl_mission/ctl_mission/src/controllers/regulated_pure_pursuit_controller.cpp:39:15:[m[K [01;35m[Kwarning: [m[Kcomparison of integer expressions of different signedness: ‘[01m[Kint[m[K’ and ‘[01m[Kstd::vector<geometry_msgs::msg::PoseStamped_<std::allocator<void> >, std::allocator<geometry_msgs::msg::PoseStamped_<std::allocator<void> > > >::size_type[m[K’ {aka ‘[01m[Klong unsigned int[m[K’} [[01;35m[K-Wsign-compare[m[K]
   39 |     if ([01;35m[Klimit > path.poses.size()[m[K) limit = path.poses.size(); // This check is redundant, consider removing it
      |         [01;35m[K~~~~~~^~~~~~~~~~~~~~~~~~~[m[K
[01m[K/workspaces/Cuadriga_IA_/src/ctl_mission/ctl_mission/src/controllers/regulated_pure_pursuit_controller.cpp:41:42:[m[K [01;35m[Kwarning: [m[Kcomparison of integer expressions of different signedness: ‘[01m[Kunsigned int[m[K’ and ‘[01m[Kint[m[K’ [[01;35m[K-Wsign-compare[m[K]
   41 |     for(unsigned int i = min_dist_idx; [01;35m[Ki < limit[m[K; i++) {
      |                                        [01;35m[K~~^~~~~~~[m[K
[01m[K/workspaces/Cuadriga_IA_/src/ctl_mission/ctl_mission/src/controllers/regulated_pure_pursuit_controller.cpp:[m[K In member function ‘[01m[Kvoid RegulatedPurePursuit::calc_regulated_pure_pursuit_actions(const Path&, float)[m[K’:
[01m[K/workspaces/Cuadriga_IA_/src/ctl_mission/ctl_mission/src/controllers/regulated_pure_pursuit_controller.cpp:106:15:[m[K [01;35m[Kwarning: [m[Kunused variable ‘[01m[Kyaw_error[m[K’ [[01;35m[K-Wunused-variable[m[K]
  106 |         float [01;35m[Kyaw_error[m[K= tf2::getYaw(look_ahead_pose.pose.orientation) ;
      |               [01;35m[K^~~~~~~~~[m[K
[01m[K/workspaces/Cuadriga_IA_/src/ctl_mission/ctl_mission/src/controllers/regulated_pure_pursuit_controller.cpp:107:19:[m[K [01;35m[Kwarning: [m[Kunused variable ‘[01m[Kdistance_to_look_ahead[m[K’ [[01;35m[K-Wunused-variable[m[K]
  107 |             float [01;35m[Kdistance_to_look_ahead[m[K= sqrt(pow(look_ahead_pose.pose.position.x,2)+pow(look_ahead_pose.pose.position.y,2));
      |                   [01;35m[K^~~~~~~~~~~~~~~~~~~~~~[m[K
[01m[K/workspaces/Cuadriga_IA_/src/ctl_mission/ctl_mission/src/controllers/regulated_pure_pursuit_controller.cpp:154:16:[m[K [01;35m[Kwarning: [m[Kunused variable ‘[01m[KremainingDistance[m[K’ [[01;35m[K-Wunused-variable[m[K]
  154 |         double [01;35m[KremainingDistance[m[K = calculateTotal2DDistance(pose_vector);
      |                [01;35m[K^~~~~~~~~~~~~~~~~[m[K
