[0.095s] DEBUG:colcon:Command line arguments: ['/usr/bin/colcon', 'build', '--packages-up-to', 'ctl_mission', '--symlink-install']
[0.095s] DEBUG:colcon:Parsed command line arguments: Namespace(log_base=None, log_level=None, verb_name='build', build_base='build', install_base='install', merge_install=False, symlink_install=True, test_result_base=None, continue_on_error=False, executor='parallel', parallel_workers=8, event_handlers=None, ignore_user_meta=False, metas=['./colcon.meta'], base_paths=['.'], packages_ignore=None, packages_ignore_regex=None, paths=None, packages_up_to=['ctl_mission'], packages_up_to_regex=None, packages_above=None, packages_above_and_dependencies=None, packages_above_depth=None, packages_select_by_dep=None, packages_skip_by_dep=None, packages_skip_up_to=None, packages_select_build_failed=False, packages_skip_build_finished=False, packages_select_test_failures=False, packages_skip_test_passed=False, packages_select=None, packages_skip=None, packages_select_regex=None, packages_skip_regex=None, packages_start=None, packages_end=None, allow_overriding=[], cmake_args=None, cmake_target=None, cmake_target_skip_unavailable=False, cmake_clean_cache=False, cmake_clean_first=False, cmake_force_configure=False, ament_cmake_args=None, catkin_cmake_args=None, catkin_skip_building_tests=False, verb_parser=<colcon_defaults.argument_parser.defaults.DefaultArgumentsDecorator object at 0x7e18c7323ca0>, verb_extension=<colcon_core.verb.build.BuildVerb object at 0x7e18c7322e60>, main=<bound method BuildVerb.main of <colcon_core.verb.build.BuildVerb object at 0x7e18c7322e60>>)
[0.243s] Level 1:colcon.colcon_core.package_discovery:discover_packages(colcon_meta) check parameters
[0.243s] Level 1:colcon.colcon_core.package_discovery:discover_packages(recursive) check parameters
[0.243s] Level 1:colcon.colcon_core.package_discovery:discover_packages(ignore) check parameters
[0.243s] Level 1:colcon.colcon_core.package_discovery:discover_packages(path) check parameters
[0.243s] Level 1:colcon.colcon_core.package_discovery:discover_packages(colcon_meta) discover
[0.243s] Level 1:colcon.colcon_core.package_discovery:discover_packages(recursive) discover
[0.243s] INFO:colcon.colcon_core.package_discovery:Crawling recursively for packages in '/home/cuadriga/cuadriga_ws/Cuadriga/src/Cuadriga_IA_'
[0.244s] Level 1:colcon.colcon_core.package_identification:_identify(.) by extensions ['ignore', 'ignore_ament_install']
[0.244s] Level 1:colcon.colcon_core.package_identification:_identify(.) by extension 'ignore'
[0.244s] Level 1:colcon.colcon_core.package_identification:_identify(.) by extension 'ignore_ament_install'
[0.244s] Level 1:colcon.colcon_core.package_identification:_identify(.) by extensions ['colcon_pkg']
[0.244s] Level 1:colcon.colcon_core.package_identification:_identify(.) by extension 'colcon_pkg'
[0.244s] Level 1:colcon.colcon_core.package_identification:_identify(.) by extensions ['colcon_meta']
[0.244s] Level 1:colcon.colcon_core.package_identification:_identify(.) by extension 'colcon_meta'
[0.244s] Level 1:colcon.colcon_core.package_identification:_identify(.) by extensions ['ros']
[0.244s] Level 1:colcon.colcon_core.package_identification:_identify(.) by extension 'ros'
[0.255s] Level 1:colcon.colcon_core.package_identification:_identify(.) by extensions ['cmake', 'python']
[0.255s] Level 1:colcon.colcon_core.package_identification:_identify(.) by extension 'cmake'
[0.255s] Level 1:colcon.colcon_core.package_identification:_identify(.) by extension 'python'
[0.255s] Level 1:colcon.colcon_core.package_identification:_identify(.) by extensions ['python_setup_py']
[0.255s] Level 1:colcon.colcon_core.package_identification:_identify(.) by extension 'python_setup_py'
[0.255s] Level 1:colcon.colcon_core.package_identification:_identify(build) by extensions ['ignore', 'ignore_ament_install']
[0.255s] Level 1:colcon.colcon_core.package_identification:_identify(build) by extension 'ignore'
[0.256s] Level 1:colcon.colcon_core.package_identification:_identify(build) ignored
[0.256s] Level 1:colcon.colcon_core.package_identification:_identify(install) by extensions ['ignore', 'ignore_ament_install']
[0.256s] Level 1:colcon.colcon_core.package_identification:_identify(install) by extension 'ignore'
[0.256s] Level 1:colcon.colcon_core.package_identification:_identify(install) ignored
[0.256s] Level 1:colcon.colcon_core.package_identification:_identify(log) by extensions ['ignore', 'ignore_ament_install']
[0.256s] Level 1:colcon.colcon_core.package_identification:_identify(log) by extension 'ignore'
[0.256s] Level 1:colcon.colcon_core.package_identification:_identify(log) ignored
[0.256s] Level 1:colcon.colcon_core.package_identification:_identify(src) by extensions ['ignore', 'ignore_ament_install']
[0.257s] Level 1:colcon.colcon_core.package_identification:_identify(src) by extension 'ignore'
[0.257s] Level 1:colcon.colcon_core.package_identification:_identify(src) by extension 'ignore_ament_install'
[0.257s] Level 1:colcon.colcon_core.package_identification:_identify(src) by extensions ['colcon_pkg']
[0.257s] Level 1:colcon.colcon_core.package_identification:_identify(src) by extension 'colcon_pkg'
[0.257s] Level 1:colcon.colcon_core.package_identification:_identify(src) by extensions ['colcon_meta']
[0.257s] Level 1:colcon.colcon_core.package_identification:_identify(src) by extension 'colcon_meta'
[0.257s] Level 1:colcon.colcon_core.package_identification:_identify(src) by extensions ['ros']
[0.257s] Level 1:colcon.colcon_core.package_identification:_identify(src) by extension 'ros'
[0.257s] Level 1:colcon.colcon_core.package_identification:_identify(src) by extensions ['cmake', 'python']
[0.257s] Level 1:colcon.colcon_core.package_identification:_identify(src) by extension 'cmake'
[0.257s] Level 1:colcon.colcon_core.package_identification:_identify(src) by extension 'python'
[0.257s] Level 1:colcon.colcon_core.package_identification:_identify(src) by extensions ['python_setup_py']
[0.257s] Level 1:colcon.colcon_core.package_identification:_identify(src) by extension 'python_setup_py'
[0.258s] Level 1:colcon.colcon_core.package_identification:_identify(src/argj801_setup) by extensions ['ignore', 'ignore_ament_install']
[0.258s] Level 1:colcon.colcon_core.package_identification:_identify(src/argj801_setup) by extension 'ignore'
[0.258s] Level 1:colcon.colcon_core.package_identification:_identify(src/argj801_setup) by extension 'ignore_ament_install'
[0.258s] Level 1:colcon.colcon_core.package_identification:_identify(src/argj801_setup) by extensions ['colcon_pkg']
[0.258s] Level 1:colcon.colcon_core.package_identification:_identify(src/argj801_setup) by extension 'colcon_pkg'
[0.258s] Level 1:colcon.colcon_core.package_identification:_identify(src/argj801_setup) by extensions ['colcon_meta']
[0.258s] Level 1:colcon.colcon_core.package_identification:_identify(src/argj801_setup) by extension 'colcon_meta'
[0.258s] Level 1:colcon.colcon_core.package_identification:_identify(src/argj801_setup) by extensions ['ros']
[0.258s] Level 1:colcon.colcon_core.package_identification:_identify(src/argj801_setup) by extension 'ros'
[0.261s] DEBUG:colcon.colcon_core.package_identification:Package 'src/argj801_setup' with type 'ros.ament_cmake' and name 'cuadriga_setup'
[0.261s] Level 1:colcon.colcon_core.package_identification:_identify(src/argo_drivers_pkgs) by extensions ['ignore', 'ignore_ament_install']
[0.261s] Level 1:colcon.colcon_core.package_identification:_identify(src/argo_drivers_pkgs) by extension 'ignore'
[0.261s] Level 1:colcon.colcon_core.package_identification:_identify(src/argo_drivers_pkgs) by extension 'ignore_ament_install'
[0.262s] Level 1:colcon.colcon_core.package_identification:_identify(src/argo_drivers_pkgs) by extensions ['colcon_pkg']
[0.262s] Level 1:colcon.colcon_core.package_identification:_identify(src/argo_drivers_pkgs) by extension 'colcon_pkg'
[0.262s] Level 1:colcon.colcon_core.package_identification:_identify(src/argo_drivers_pkgs) by extensions ['colcon_meta']
[0.262s] Level 1:colcon.colcon_core.package_identification:_identify(src/argo_drivers_pkgs) by extension 'colcon_meta'
[0.262s] Level 1:colcon.colcon_core.package_identification:_identify(src/argo_drivers_pkgs) by extensions ['ros']
[0.262s] Level 1:colcon.colcon_core.package_identification:_identify(src/argo_drivers_pkgs) by extension 'ros'
[0.262s] Level 1:colcon.colcon_core.package_identification:_identify(src/argo_drivers_pkgs) by extensions ['cmake', 'python']
[0.262s] Level 1:colcon.colcon_core.package_identification:_identify(src/argo_drivers_pkgs) by extension 'cmake'
[0.262s] Level 1:colcon.colcon_core.package_identification:_identify(src/argo_drivers_pkgs) by extension 'python'
[0.262s] Level 1:colcon.colcon_core.package_identification:_identify(src/argo_drivers_pkgs) by extensions ['python_setup_py']
[0.262s] Level 1:colcon.colcon_core.package_identification:_identify(src/argo_drivers_pkgs) by extension 'python_setup_py'
[0.262s] Level 1:colcon.colcon_core.package_identification:_identify(src/argo_drivers_pkgs/Fixposition_driver_pkg) by extensions ['ignore', 'ignore_ament_install']
[0.262s] Level 1:colcon.colcon_core.package_identification:_identify(src/argo_drivers_pkgs/Fixposition_driver_pkg) by extension 'ignore'
[0.263s] Level 1:colcon.colcon_core.package_identification:_identify(src/argo_drivers_pkgs/Fixposition_driver_pkg) by extension 'ignore_ament_install'
[0.263s] Level 1:colcon.colcon_core.package_identification:_identify(src/argo_drivers_pkgs/Fixposition_driver_pkg) by extensions ['colcon_pkg']
[0.263s] Level 1:colcon.colcon_core.package_identification:_identify(src/argo_drivers_pkgs/Fixposition_driver_pkg) by extension 'colcon_pkg'
[0.263s] Level 1:colcon.colcon_core.package_identification:_identify(src/argo_drivers_pkgs/Fixposition_driver_pkg) by extensions ['colcon_meta']
[0.263s] Level 1:colcon.colcon_core.package_identification:_identify(src/argo_drivers_pkgs/Fixposition_driver_pkg) by extension 'colcon_meta'
[0.263s] Level 1:colcon.colcon_core.package_identification:_identify(src/argo_drivers_pkgs/Fixposition_driver_pkg) by extensions ['ros']
[0.263s] Level 1:colcon.colcon_core.package_identification:_identify(src/argo_drivers_pkgs/Fixposition_driver_pkg) by extension 'ros'
[0.263s] Level 1:colcon.colcon_core.package_identification:_identify(src/argo_drivers_pkgs/Fixposition_driver_pkg) by extensions ['cmake', 'python']
[0.263s] Level 1:colcon.colcon_core.package_identification:_identify(src/argo_drivers_pkgs/Fixposition_driver_pkg) by extension 'cmake'
[0.263s] Level 1:colcon.colcon_core.package_identification:_identify(src/argo_drivers_pkgs/Fixposition_driver_pkg) by extension 'python'
[0.263s] Level 1:colcon.colcon_core.package_identification:_identify(src/argo_drivers_pkgs/Fixposition_driver_pkg) by extensions ['python_setup_py']
[0.263s] Level 1:colcon.colcon_core.package_identification:_identify(src/argo_drivers_pkgs/Fixposition_driver_pkg) by extension 'python_setup_py'
[0.263s] Level 1:colcon.colcon_core.package_identification:_identify(src/argo_drivers_pkgs/Fixposition_driver_pkg/fixposition_driver-main) by extensions ['ignore', 'ignore_ament_install']
[0.264s] Level 1:colcon.colcon_core.package_identification:_identify(src/argo_drivers_pkgs/Fixposition_driver_pkg/fixposition_driver-main) by extension 'ignore'
[0.264s] Level 1:colcon.colcon_core.package_identification:_identify(src/argo_drivers_pkgs/Fixposition_driver_pkg/fixposition_driver-main) by extension 'ignore_ament_install'
[0.264s] Level 1:colcon.colcon_core.package_identification:_identify(src/argo_drivers_pkgs/Fixposition_driver_pkg/fixposition_driver-main) by extensions ['colcon_pkg']
[0.264s] Level 1:colcon.colcon_core.package_identification:_identify(src/argo_drivers_pkgs/Fixposition_driver_pkg/fixposition_driver-main) by extension 'colcon_pkg'
[0.264s] Level 1:colcon.colcon_core.package_identification:_identify(src/argo_drivers_pkgs/Fixposition_driver_pkg/fixposition_driver-main) by extensions ['colcon_meta']
[0.264s] Level 1:colcon.colcon_core.package_identification:_identify(src/argo_drivers_pkgs/Fixposition_driver_pkg/fixposition_driver-main) by extension 'colcon_meta'
[0.264s] Level 1:colcon.colcon_core.package_identification:_identify(src/argo_drivers_pkgs/Fixposition_driver_pkg/fixposition_driver-main) by extensions ['ros']
[0.264s] Level 1:colcon.colcon_core.package_identification:_identify(src/argo_drivers_pkgs/Fixposition_driver_pkg/fixposition_driver-main) by extension 'ros'
[0.264s] Level 1:colcon.colcon_core.package_identification:_identify(src/argo_drivers_pkgs/Fixposition_driver_pkg/fixposition_driver-main) by extensions ['cmake', 'python']
[0.264s] Level 1:colcon.colcon_core.package_identification:_identify(src/argo_drivers_pkgs/Fixposition_driver_pkg/fixposition_driver-main) by extension 'cmake'
[0.264s] Level 1:colcon.colcon_core.package_identification:_identify(src/argo_drivers_pkgs/Fixposition_driver_pkg/fixposition_driver-main) by extension 'python'
[0.264s] Level 1:colcon.colcon_core.package_identification:_identify(src/argo_drivers_pkgs/Fixposition_driver_pkg/fixposition_driver-main) by extensions ['python_setup_py']
[0.264s] Level 1:colcon.colcon_core.package_identification:_identify(src/argo_drivers_pkgs/Fixposition_driver_pkg/fixposition_driver-main) by extension 'python_setup_py'
[0.264s] Level 1:colcon.colcon_core.package_identification:_identify(src/argo_drivers_pkgs/Fixposition_driver_pkg/fixposition_driver-main/fixposition_driver_lib) by extensions ['ignore', 'ignore_ament_install']
[0.265s] Level 1:colcon.colcon_core.package_identification:_identify(src/argo_drivers_pkgs/Fixposition_driver_pkg/fixposition_driver-main/fixposition_driver_lib) by extension 'ignore'
[0.265s] Level 1:colcon.colcon_core.package_identification:_identify(src/argo_drivers_pkgs/Fixposition_driver_pkg/fixposition_driver-main/fixposition_driver_lib) by extension 'ignore_ament_install'
[0.265s] Level 1:colcon.colcon_core.package_identification:_identify(src/argo_drivers_pkgs/Fixposition_driver_pkg/fixposition_driver-main/fixposition_driver_lib) by extensions ['colcon_pkg']
[0.265s] Level 1:colcon.colcon_core.package_identification:_identify(src/argo_drivers_pkgs/Fixposition_driver_pkg/fixposition_driver-main/fixposition_driver_lib) by extension 'colcon_pkg'
[0.265s] Level 1:colcon.colcon_core.package_identification:_identify(src/argo_drivers_pkgs/Fixposition_driver_pkg/fixposition_driver-main/fixposition_driver_lib) by extensions ['colcon_meta']
[0.265s] Level 1:colcon.colcon_core.package_identification:_identify(src/argo_drivers_pkgs/Fixposition_driver_pkg/fixposition_driver-main/fixposition_driver_lib) by extension 'colcon_meta'
[0.265s] Level 1:colcon.colcon_core.package_identification:_identify(src/argo_drivers_pkgs/Fixposition_driver_pkg/fixposition_driver-main/fixposition_driver_lib) by extensions ['ros']
[0.265s] Level 1:colcon.colcon_core.package_identification:_identify(src/argo_drivers_pkgs/Fixposition_driver_pkg/fixposition_driver-main/fixposition_driver_lib) by extension 'ros'
[0.272s] DEBUG:colcon.colcon_core.package_identification:Package 'src/argo_drivers_pkgs/Fixposition_driver_pkg/fixposition_driver-main/fixposition_driver_lib' with type 'ros.cmake' and name 'fixposition_driver_lib'
[0.272s] Level 1:colcon.colcon_core.package_identification:_identify(src/argo_drivers_pkgs/Fixposition_driver_pkg/fixposition_driver-main/fixposition_driver_ros1) by extensions ['ignore', 'ignore_ament_install']
[0.272s] Level 1:colcon.colcon_core.package_identification:_identify(src/argo_drivers_pkgs/Fixposition_driver_pkg/fixposition_driver-main/fixposition_driver_ros1) by extension 'ignore'
[0.272s] Level 1:colcon.colcon_core.package_identification:_identify(src/argo_drivers_pkgs/Fixposition_driver_pkg/fixposition_driver-main/fixposition_driver_ros1) ignored
[0.273s] Level 1:colcon.colcon_core.package_identification:_identify(src/argo_drivers_pkgs/Fixposition_driver_pkg/fixposition_driver-main/fixposition_driver_ros2) by extensions ['ignore', 'ignore_ament_install']
[0.273s] Level 1:colcon.colcon_core.package_identification:_identify(src/argo_drivers_pkgs/Fixposition_driver_pkg/fixposition_driver-main/fixposition_driver_ros2) by extension 'ignore'
[0.273s] Level 1:colcon.colcon_core.package_identification:_identify(src/argo_drivers_pkgs/Fixposition_driver_pkg/fixposition_driver-main/fixposition_driver_ros2) by extension 'ignore_ament_install'
[0.273s] Level 1:colcon.colcon_core.package_identification:_identify(src/argo_drivers_pkgs/Fixposition_driver_pkg/fixposition_driver-main/fixposition_driver_ros2) by extensions ['colcon_pkg']
[0.273s] Level 1:colcon.colcon_core.package_identification:_identify(src/argo_drivers_pkgs/Fixposition_driver_pkg/fixposition_driver-main/fixposition_driver_ros2) by extension 'colcon_pkg'
[0.273s] Level 1:colcon.colcon_core.package_identification:_identify(src/argo_drivers_pkgs/Fixposition_driver_pkg/fixposition_driver-main/fixposition_driver_ros2) by extensions ['colcon_meta']
[0.273s] Level 1:colcon.colcon_core.package_identification:_identify(src/argo_drivers_pkgs/Fixposition_driver_pkg/fixposition_driver-main/fixposition_driver_ros2) by extension 'colcon_meta'
[0.273s] Level 1:colcon.colcon_core.package_identification:_identify(src/argo_drivers_pkgs/Fixposition_driver_pkg/fixposition_driver-main/fixposition_driver_ros2) by extensions ['ros']
[0.273s] Level 1:colcon.colcon_core.package_identification:_identify(src/argo_drivers_pkgs/Fixposition_driver_pkg/fixposition_driver-main/fixposition_driver_ros2) by extension 'ros'
[0.275s] DEBUG:colcon.colcon_core.package_identification:Package 'src/argo_drivers_pkgs/Fixposition_driver_pkg/fixposition_driver-main/fixposition_driver_ros2' with type 'ros.ament_cmake' and name 'fixposition_driver_ros2'
[0.275s] Level 1:colcon.colcon_core.package_identification:_identify(src/argo_drivers_pkgs/Fixposition_driver_pkg/fixposition_driver-main/fixposition_odometry_converter_ros2) by extensions ['ignore', 'ignore_ament_install']
[0.275s] Level 1:colcon.colcon_core.package_identification:_identify(src/argo_drivers_pkgs/Fixposition_driver_pkg/fixposition_driver-main/fixposition_odometry_converter_ros2) by extension 'ignore'
[0.275s] Level 1:colcon.colcon_core.package_identification:_identify(src/argo_drivers_pkgs/Fixposition_driver_pkg/fixposition_driver-main/fixposition_odometry_converter_ros2) by extension 'ignore_ament_install'
[0.275s] Level 1:colcon.colcon_core.package_identification:_identify(src/argo_drivers_pkgs/Fixposition_driver_pkg/fixposition_driver-main/fixposition_odometry_converter_ros2) by extensions ['colcon_pkg']
[0.275s] Level 1:colcon.colcon_core.package_identification:_identify(src/argo_drivers_pkgs/Fixposition_driver_pkg/fixposition_driver-main/fixposition_odometry_converter_ros2) by extension 'colcon_pkg'
[0.275s] Level 1:colcon.colcon_core.package_identification:_identify(src/argo_drivers_pkgs/Fixposition_driver_pkg/fixposition_driver-main/fixposition_odometry_converter_ros2) by extensions ['colcon_meta']
[0.275s] Level 1:colcon.colcon_core.package_identification:_identify(src/argo_drivers_pkgs/Fixposition_driver_pkg/fixposition_driver-main/fixposition_odometry_converter_ros2) by extension 'colcon_meta'
[0.275s] Level 1:colcon.colcon_core.package_identification:_identify(src/argo_drivers_pkgs/Fixposition_driver_pkg/fixposition_driver-main/fixposition_odometry_converter_ros2) by extensions ['ros']
[0.276s] Level 1:colcon.colcon_core.package_identification:_identify(src/argo_drivers_pkgs/Fixposition_driver_pkg/fixposition_driver-main/fixposition_odometry_converter_ros2) by extension 'ros'
[0.277s] DEBUG:colcon.colcon_core.package_identification:Package 'src/argo_drivers_pkgs/Fixposition_driver_pkg/fixposition_driver-main/fixposition_odometry_converter_ros2' with type 'ros.ament_cmake' and name 'fixposition_odometry_converter_ros2'
[0.277s] Level 1:colcon.colcon_core.package_identification:_identify(src/argo_drivers_pkgs/Fixposition_driver_pkg/fixposition_driver-main/test) by extensions ['ignore', 'ignore_ament_install']
[0.277s] Level 1:colcon.colcon_core.package_identification:_identify(src/argo_drivers_pkgs/Fixposition_driver_pkg/fixposition_driver-main/test) by extension 'ignore'
[0.277s] Level 1:colcon.colcon_core.package_identification:_identify(src/argo_drivers_pkgs/Fixposition_driver_pkg/fixposition_driver-main/test) by extension 'ignore_ament_install'
[0.277s] Level 1:colcon.colcon_core.package_identification:_identify(src/argo_drivers_pkgs/Fixposition_driver_pkg/fixposition_driver-main/test) by extensions ['colcon_pkg']
[0.277s] Level 1:colcon.colcon_core.package_identification:_identify(src/argo_drivers_pkgs/Fixposition_driver_pkg/fixposition_driver-main/test) by extension 'colcon_pkg'
[0.277s] Level 1:colcon.colcon_core.package_identification:_identify(src/argo_drivers_pkgs/Fixposition_driver_pkg/fixposition_driver-main/test) by extensions ['colcon_meta']
[0.277s] Level 1:colcon.colcon_core.package_identification:_identify(src/argo_drivers_pkgs/Fixposition_driver_pkg/fixposition_driver-main/test) by extension 'colcon_meta'
[0.278s] Level 1:colcon.colcon_core.package_identification:_identify(src/argo_drivers_pkgs/Fixposition_driver_pkg/fixposition_driver-main/test) by extensions ['ros']
[0.278s] Level 1:colcon.colcon_core.package_identification:_identify(src/argo_drivers_pkgs/Fixposition_driver_pkg/fixposition_driver-main/test) by extension 'ros'
[0.278s] Level 1:colcon.colcon_core.package_identification:_identify(src/argo_drivers_pkgs/Fixposition_driver_pkg/fixposition_driver-main/test) by extensions ['cmake', 'python']
[0.278s] Level 1:colcon.colcon_core.package_identification:_identify(src/argo_drivers_pkgs/Fixposition_driver_pkg/fixposition_driver-main/test) by extension 'cmake'
[0.278s] Level 1:colcon.colcon_core.package_identification:_identify(src/argo_drivers_pkgs/Fixposition_driver_pkg/fixposition_driver-main/test) by extension 'python'
[0.278s] Level 1:colcon.colcon_core.package_identification:_identify(src/argo_drivers_pkgs/Fixposition_driver_pkg/fixposition_driver-main/test) by extensions ['python_setup_py']
[0.278s] Level 1:colcon.colcon_core.package_identification:_identify(src/argo_drivers_pkgs/Fixposition_driver_pkg/fixposition_driver-main/test) by extension 'python_setup_py'
[0.278s] Level 1:colcon.colcon_core.package_identification:_identify(src/argo_drivers_pkgs/Fixposition_driver_pkg/fixposition_driver-main/test/data) by extensions ['ignore', 'ignore_ament_install']
[0.278s] Level 1:colcon.colcon_core.package_identification:_identify(src/argo_drivers_pkgs/Fixposition_driver_pkg/fixposition_driver-main/test/data) by extension 'ignore'
[0.278s] Level 1:colcon.colcon_core.package_identification:_identify(src/argo_drivers_pkgs/Fixposition_driver_pkg/fixposition_driver-main/test/data) by extension 'ignore_ament_install'
[0.279s] Level 1:colcon.colcon_core.package_identification:_identify(src/argo_drivers_pkgs/Fixposition_driver_pkg/fixposition_driver-main/test/data) by extensions ['colcon_pkg']
[0.279s] Level 1:colcon.colcon_core.package_identification:_identify(src/argo_drivers_pkgs/Fixposition_driver_pkg/fixposition_driver-main/test/data) by extension 'colcon_pkg'
[0.279s] Level 1:colcon.colcon_core.package_identification:_identify(src/argo_drivers_pkgs/Fixposition_driver_pkg/fixposition_driver-main/test/data) by extensions ['colcon_meta']
[0.279s] Level 1:colcon.colcon_core.package_identification:_identify(src/argo_drivers_pkgs/Fixposition_driver_pkg/fixposition_driver-main/test/data) by extension 'colcon_meta'
[0.279s] Level 1:colcon.colcon_core.package_identification:_identify(src/argo_drivers_pkgs/Fixposition_driver_pkg/fixposition_driver-main/test/data) by extensions ['ros']
[0.279s] Level 1:colcon.colcon_core.package_identification:_identify(src/argo_drivers_pkgs/Fixposition_driver_pkg/fixposition_driver-main/test/data) by extension 'ros'
[0.279s] Level 1:colcon.colcon_core.package_identification:_identify(src/argo_drivers_pkgs/Fixposition_driver_pkg/fixposition_driver-main/test/data) by extensions ['cmake', 'python']
[0.279s] Level 1:colcon.colcon_core.package_identification:_identify(src/argo_drivers_pkgs/Fixposition_driver_pkg/fixposition_driver-main/test/data) by extension 'cmake'
[0.279s] Level 1:colcon.colcon_core.package_identification:_identify(src/argo_drivers_pkgs/Fixposition_driver_pkg/fixposition_driver-main/test/data) by extension 'python'
[0.279s] Level 1:colcon.colcon_core.package_identification:_identify(src/argo_drivers_pkgs/Fixposition_driver_pkg/fixposition_driver-main/test/data) by extensions ['python_setup_py']
[0.279s] Level 1:colcon.colcon_core.package_identification:_identify(src/argo_drivers_pkgs/Fixposition_driver_pkg/fixposition_driver-main/test/data) by extension 'python_setup_py'
[0.279s] Level 1:colcon.colcon_core.package_identification:_identify(src/argo_drivers_pkgs/Fixposition_driver_pkg/fixposition_gnss_tf-main) by extensions ['ignore', 'ignore_ament_install']
[0.280s] Level 1:colcon.colcon_core.package_identification:_identify(src/argo_drivers_pkgs/Fixposition_driver_pkg/fixposition_gnss_tf-main) by extension 'ignore'
[0.280s] Level 1:colcon.colcon_core.package_identification:_identify(src/argo_drivers_pkgs/Fixposition_driver_pkg/fixposition_gnss_tf-main) by extension 'ignore_ament_install'
[0.280s] Level 1:colcon.colcon_core.package_identification:_identify(src/argo_drivers_pkgs/Fixposition_driver_pkg/fixposition_gnss_tf-main) by extensions ['colcon_pkg']
[0.280s] Level 1:colcon.colcon_core.package_identification:_identify(src/argo_drivers_pkgs/Fixposition_driver_pkg/fixposition_gnss_tf-main) by extension 'colcon_pkg'
[0.280s] Level 1:colcon.colcon_core.package_identification:_identify(src/argo_drivers_pkgs/Fixposition_driver_pkg/fixposition_gnss_tf-main) by extensions ['colcon_meta']
[0.280s] Level 1:colcon.colcon_core.package_identification:_identify(src/argo_drivers_pkgs/Fixposition_driver_pkg/fixposition_gnss_tf-main) by extension 'colcon_meta'
[0.280s] Level 1:colcon.colcon_core.package_identification:_identify(src/argo_drivers_pkgs/Fixposition_driver_pkg/fixposition_gnss_tf-main) by extensions ['ros']
[0.280s] Level 1:colcon.colcon_core.package_identification:_identify(src/argo_drivers_pkgs/Fixposition_driver_pkg/fixposition_gnss_tf-main) by extension 'ros'
[0.282s] DEBUG:colcon.colcon_core.package_identification:Package 'src/argo_drivers_pkgs/Fixposition_driver_pkg/fixposition_gnss_tf-main' with type 'ros.cmake' and name 'fixposition_gnss_tf'
[0.282s] Level 1:colcon.colcon_core.package_identification:_identify(src/ctl_mission) by extensions ['ignore', 'ignore_ament_install']
[0.282s] Level 1:colcon.colcon_core.package_identification:_identify(src/ctl_mission) by extension 'ignore'
[0.282s] Level 1:colcon.colcon_core.package_identification:_identify(src/ctl_mission) by extension 'ignore_ament_install'
[0.282s] Level 1:colcon.colcon_core.package_identification:_identify(src/ctl_mission) by extensions ['colcon_pkg']
[0.282s] Level 1:colcon.colcon_core.package_identification:_identify(src/ctl_mission) by extension 'colcon_pkg'
[0.282s] Level 1:colcon.colcon_core.package_identification:_identify(src/ctl_mission) by extensions ['colcon_meta']
[0.283s] Level 1:colcon.colcon_core.package_identification:_identify(src/ctl_mission) by extension 'colcon_meta'
[0.283s] Level 1:colcon.colcon_core.package_identification:_identify(src/ctl_mission) by extensions ['ros']
[0.283s] Level 1:colcon.colcon_core.package_identification:_identify(src/ctl_mission) by extension 'ros'
[0.283s] Level 1:colcon.colcon_core.package_identification:_identify(src/ctl_mission) by extensions ['cmake', 'python']
[0.283s] Level 1:colcon.colcon_core.package_identification:_identify(src/ctl_mission) by extension 'cmake'
[0.283s] Level 1:colcon.colcon_core.package_identification:_identify(src/ctl_mission) by extension 'python'
[0.283s] Level 1:colcon.colcon_core.package_identification:_identify(src/ctl_mission) by extensions ['python_setup_py']
[0.283s] Level 1:colcon.colcon_core.package_identification:_identify(src/ctl_mission) by extension 'python_setup_py'
[0.283s] Level 1:colcon.colcon_core.package_identification:_identify(src/ctl_mission/ctl_mission) by extensions ['ignore', 'ignore_ament_install']
[0.283s] Level 1:colcon.colcon_core.package_identification:_identify(src/ctl_mission/ctl_mission) by extension 'ignore'
[0.283s] Level 1:colcon.colcon_core.package_identification:_identify(src/ctl_mission/ctl_mission) by extension 'ignore_ament_install'
[0.284s] Level 1:colcon.colcon_core.package_identification:_identify(src/ctl_mission/ctl_mission) by extensions ['colcon_pkg']
[0.284s] Level 1:colcon.colcon_core.package_identification:_identify(src/ctl_mission/ctl_mission) by extension 'colcon_pkg'
[0.284s] Level 1:colcon.colcon_core.package_identification:_identify(src/ctl_mission/ctl_mission) by extensions ['colcon_meta']
[0.284s] Level 1:colcon.colcon_core.package_identification:_identify(src/ctl_mission/ctl_mission) by extension 'colcon_meta'
[0.284s] Level 1:colcon.colcon_core.package_identification:_identify(src/ctl_mission/ctl_mission) by extensions ['ros']
[0.284s] Level 1:colcon.colcon_core.package_identification:_identify(src/ctl_mission/ctl_mission) by extension 'ros'
[0.286s] DEBUG:colcon.colcon_core.package_identification:Package 'src/ctl_mission/ctl_mission' with type 'ros.ament_cmake' and name 'ctl_mission'
[0.286s] Level 1:colcon.colcon_core.package_identification:_identify(src/ctl_mission/ctl_mission_interfaces) by extensions ['ignore', 'ignore_ament_install']
[0.286s] Level 1:colcon.colcon_core.package_identification:_identify(src/ctl_mission/ctl_mission_interfaces) by extension 'ignore'
[0.286s] Level 1:colcon.colcon_core.package_identification:_identify(src/ctl_mission/ctl_mission_interfaces) by extension 'ignore_ament_install'
[0.286s] Level 1:colcon.colcon_core.package_identification:_identify(src/ctl_mission/ctl_mission_interfaces) by extensions ['colcon_pkg']
[0.286s] Level 1:colcon.colcon_core.package_identification:_identify(src/ctl_mission/ctl_mission_interfaces) by extension 'colcon_pkg'
[0.286s] Level 1:colcon.colcon_core.package_identification:_identify(src/ctl_mission/ctl_mission_interfaces) by extensions ['colcon_meta']
[0.286s] Level 1:colcon.colcon_core.package_identification:_identify(src/ctl_mission/ctl_mission_interfaces) by extension 'colcon_meta'
[0.287s] Level 1:colcon.colcon_core.package_identification:_identify(src/ctl_mission/ctl_mission_interfaces) by extensions ['ros']
[0.287s] Level 1:colcon.colcon_core.package_identification:_identify(src/ctl_mission/ctl_mission_interfaces) by extension 'ros'
[0.288s] DEBUG:colcon.colcon_core.package_identification:Package 'src/ctl_mission/ctl_mission_interfaces' with type 'ros.ament_cmake' and name 'ctl_mission_interfaces'
[0.288s] Level 1:colcon.colcon_core.package_identification:_identify(src/ctl_mission/images) by extensions ['ignore', 'ignore_ament_install']
[0.288s] Level 1:colcon.colcon_core.package_identification:_identify(src/ctl_mission/images) by extension 'ignore'
[0.288s] Level 1:colcon.colcon_core.package_identification:_identify(src/ctl_mission/images) by extension 'ignore_ament_install'
[0.288s] Level 1:colcon.colcon_core.package_identification:_identify(src/ctl_mission/images) by extensions ['colcon_pkg']
[0.288s] Level 1:colcon.colcon_core.package_identification:_identify(src/ctl_mission/images) by extension 'colcon_pkg'
[0.288s] Level 1:colcon.colcon_core.package_identification:_identify(src/ctl_mission/images) by extensions ['colcon_meta']
[0.288s] Level 1:colcon.colcon_core.package_identification:_identify(src/ctl_mission/images) by extension 'colcon_meta'
[0.288s] Level 1:colcon.colcon_core.package_identification:_identify(src/ctl_mission/images) by extensions ['ros']
[0.289s] Level 1:colcon.colcon_core.package_identification:_identify(src/ctl_mission/images) by extension 'ros'
[0.289s] Level 1:colcon.colcon_core.package_identification:_identify(src/ctl_mission/images) by extensions ['cmake', 'python']
[0.289s] Level 1:colcon.colcon_core.package_identification:_identify(src/ctl_mission/images) by extension 'cmake'
[0.289s] Level 1:colcon.colcon_core.package_identification:_identify(src/ctl_mission/images) by extension 'python'
[0.289s] Level 1:colcon.colcon_core.package_identification:_identify(src/ctl_mission/images) by extensions ['python_setup_py']
[0.289s] Level 1:colcon.colcon_core.package_identification:_identify(src/ctl_mission/images) by extension 'python_setup_py'
[0.289s] Level 1:colcon.colcon_core.package_identification:_identify(src/cuadriga_actuator) by extensions ['ignore', 'ignore_ament_install']
[0.289s] Level 1:colcon.colcon_core.package_identification:_identify(src/cuadriga_actuator) by extension 'ignore'
[0.289s] Level 1:colcon.colcon_core.package_identification:_identify(src/cuadriga_actuator) by extension 'ignore_ament_install'
[0.289s] Level 1:colcon.colcon_core.package_identification:_identify(src/cuadriga_actuator) by extensions ['colcon_pkg']
[0.289s] Level 1:colcon.colcon_core.package_identification:_identify(src/cuadriga_actuator) by extension 'colcon_pkg'
[0.290s] Level 1:colcon.colcon_core.package_identification:_identify(src/cuadriga_actuator) by extensions ['colcon_meta']
[0.290s] Level 1:colcon.colcon_core.package_identification:_identify(src/cuadriga_actuator) by extension 'colcon_meta'
[0.290s] Level 1:colcon.colcon_core.package_identification:_identify(src/cuadriga_actuator) by extensions ['ros']
[0.290s] Level 1:colcon.colcon_core.package_identification:_identify(src/cuadriga_actuator) by extension 'ros'
[0.291s] DEBUG:colcon.colcon_core.package_identification:Package 'src/cuadriga_actuator' with type 'ros.ament_cmake' and name 'cuadriga_actuator'
[0.291s] Level 1:colcon.colcon_core.package_identification:_identify(src/hikmicro_thermal_camera) by extensions ['ignore', 'ignore_ament_install']
[0.291s] Level 1:colcon.colcon_core.package_identification:_identify(src/hikmicro_thermal_camera) by extension 'ignore'
[0.291s] Level 1:colcon.colcon_core.package_identification:_identify(src/hikmicro_thermal_camera) by extension 'ignore_ament_install'
[0.291s] Level 1:colcon.colcon_core.package_identification:_identify(src/hikmicro_thermal_camera) by extensions ['colcon_pkg']
[0.291s] Level 1:colcon.colcon_core.package_identification:_identify(src/hikmicro_thermal_camera) by extension 'colcon_pkg'
[0.291s] Level 1:colcon.colcon_core.package_identification:_identify(src/hikmicro_thermal_camera) by extensions ['colcon_meta']
[0.291s] Level 1:colcon.colcon_core.package_identification:_identify(src/hikmicro_thermal_camera) by extension 'colcon_meta'
[0.292s] Level 1:colcon.colcon_core.package_identification:_identify(src/hikmicro_thermal_camera) by extensions ['ros']
[0.292s] Level 1:colcon.colcon_core.package_identification:_identify(src/hikmicro_thermal_camera) by extension 'ros'
[0.293s] DEBUG:colcon.colcon_core.package_identification:Package 'src/hikmicro_thermal_camera' with type 'ros.ament_cmake' and name 'hikmicro_thermal_camera'
[0.293s] Level 1:colcon.colcon_core.package_identification:_identify(src/j8_joystick) by extensions ['ignore', 'ignore_ament_install']
[0.293s] Level 1:colcon.colcon_core.package_identification:_identify(src/j8_joystick) by extension 'ignore'
[0.293s] Level 1:colcon.colcon_core.package_identification:_identify(src/j8_joystick) by extension 'ignore_ament_install'
[0.293s] Level 1:colcon.colcon_core.package_identification:_identify(src/j8_joystick) by extensions ['colcon_pkg']
[0.293s] Level 1:colcon.colcon_core.package_identification:_identify(src/j8_joystick) by extension 'colcon_pkg'
[0.294s] Level 1:colcon.colcon_core.package_identification:_identify(src/j8_joystick) by extensions ['colcon_meta']
[0.294s] Level 1:colcon.colcon_core.package_identification:_identify(src/j8_joystick) by extension 'colcon_meta'
[0.294s] Level 1:colcon.colcon_core.package_identification:_identify(src/j8_joystick) by extensions ['ros']
[0.294s] Level 1:colcon.colcon_core.package_identification:_identify(src/j8_joystick) by extension 'ros'
[0.294s] Level 1:colcon.colcon_core.package_identification:_identify(src/j8_joystick) by extensions ['cmake', 'python']
[0.294s] Level 1:colcon.colcon_core.package_identification:_identify(src/j8_joystick) by extension 'cmake'
[0.294s] Level 1:colcon.colcon_core.package_identification:_identify(src/j8_joystick) by extension 'python'
[0.294s] Level 1:colcon.colcon_core.package_identification:_identify(src/j8_joystick) by extensions ['python_setup_py']
[0.294s] Level 1:colcon.colcon_core.package_identification:_identify(src/j8_joystick) by extension 'python_setup_py'
[0.294s] Level 1:colcon.colcon_core.package_identification:_identify(src/j8_joystick/joy) by extensions ['ignore', 'ignore_ament_install']
[0.294s] Level 1:colcon.colcon_core.package_identification:_identify(src/j8_joystick/joy) by extension 'ignore'
[0.295s] Level 1:colcon.colcon_core.package_identification:_identify(src/j8_joystick/joy) by extension 'ignore_ament_install'
[0.295s] Level 1:colcon.colcon_core.package_identification:_identify(src/j8_joystick/joy) by extensions ['colcon_pkg']
[0.295s] Level 1:colcon.colcon_core.package_identification:_identify(src/j8_joystick/joy) by extension 'colcon_pkg'
[0.295s] Level 1:colcon.colcon_core.package_identification:_identify(src/j8_joystick/joy) by extensions ['colcon_meta']
[0.295s] Level 1:colcon.colcon_core.package_identification:_identify(src/j8_joystick/joy) by extension 'colcon_meta'
[0.295s] Level 1:colcon.colcon_core.package_identification:_identify(src/j8_joystick/joy) by extensions ['ros']
[0.295s] Level 1:colcon.colcon_core.package_identification:_identify(src/j8_joystick/joy) by extension 'ros'
[0.297s] DEBUG:colcon.colcon_core.package_identification:Package 'src/j8_joystick/joy' with type 'ros.ament_cmake' and name 'joy'
[0.297s] Level 1:colcon.colcon_core.package_identification:_identify(src/j8_joystick/joy_linux) by extensions ['ignore', 'ignore_ament_install']
[0.297s] Level 1:colcon.colcon_core.package_identification:_identify(src/j8_joystick/joy_linux) by extension 'ignore'
[0.297s] Level 1:colcon.colcon_core.package_identification:_identify(src/j8_joystick/joy_linux) by extension 'ignore_ament_install'
[0.297s] Level 1:colcon.colcon_core.package_identification:_identify(src/j8_joystick/joy_linux) by extensions ['colcon_pkg']
[0.297s] Level 1:colcon.colcon_core.package_identification:_identify(src/j8_joystick/joy_linux) by extension 'colcon_pkg'
[0.297s] Level 1:colcon.colcon_core.package_identification:_identify(src/j8_joystick/joy_linux) by extensions ['colcon_meta']
[0.297s] Level 1:colcon.colcon_core.package_identification:_identify(src/j8_joystick/joy_linux) by extension 'colcon_meta'
[0.297s] Level 1:colcon.colcon_core.package_identification:_identify(src/j8_joystick/joy_linux) by extensions ['ros']
[0.297s] Level 1:colcon.colcon_core.package_identification:_identify(src/j8_joystick/joy_linux) by extension 'ros'
[0.299s] DEBUG:colcon.colcon_core.package_identification:Package 'src/j8_joystick/joy_linux' with type 'ros.ament_cmake' and name 'joy_linux'
[0.299s] Level 1:colcon.colcon_core.package_identification:_identify(src/j8_joystick/joystick_drivers) by extensions ['ignore', 'ignore_ament_install']
[0.299s] Level 1:colcon.colcon_core.package_identification:_identify(src/j8_joystick/joystick_drivers) by extension 'ignore'
[0.299s] Level 1:colcon.colcon_core.package_identification:_identify(src/j8_joystick/joystick_drivers) by extension 'ignore_ament_install'
[0.299s] Level 1:colcon.colcon_core.package_identification:_identify(src/j8_joystick/joystick_drivers) by extensions ['colcon_pkg']
[0.300s] Level 1:colcon.colcon_core.package_identification:_identify(src/j8_joystick/joystick_drivers) by extension 'colcon_pkg'
[0.300s] Level 1:colcon.colcon_core.package_identification:_identify(src/j8_joystick/joystick_drivers) by extensions ['colcon_meta']
[0.300s] Level 1:colcon.colcon_core.package_identification:_identify(src/j8_joystick/joystick_drivers) by extension 'colcon_meta'
[0.300s] Level 1:colcon.colcon_core.package_identification:_identify(src/j8_joystick/joystick_drivers) by extensions ['ros']
[0.300s] Level 1:colcon.colcon_core.package_identification:_identify(src/j8_joystick/joystick_drivers) by extension 'ros'
[0.300s] Level 1:colcon.colcon_core.package_identification:_identify(src/j8_joystick/joystick_drivers) ignored
[0.300s] Level 1:colcon.colcon_core.package_identification:_identify(src/j8_joystick/ps3joy) by extensions ['ignore', 'ignore_ament_install']
[0.300s] Level 1:colcon.colcon_core.package_identification:_identify(src/j8_joystick/ps3joy) by extension 'ignore'
[0.300s] Level 1:colcon.colcon_core.package_identification:_identify(src/j8_joystick/ps3joy) by extension 'ignore_ament_install'
[0.300s] Level 1:colcon.colcon_core.package_identification:_identify(src/j8_joystick/ps3joy) by extensions ['colcon_pkg']
[0.301s] Level 1:colcon.colcon_core.package_identification:_identify(src/j8_joystick/ps3joy) by extension 'colcon_pkg'
[0.301s] Level 1:colcon.colcon_core.package_identification:_identify(src/j8_joystick/ps3joy) by extensions ['colcon_meta']
[0.301s] Level 1:colcon.colcon_core.package_identification:_identify(src/j8_joystick/ps3joy) by extension 'colcon_meta'
[0.301s] Level 1:colcon.colcon_core.package_identification:_identify(src/j8_joystick/ps3joy) by extensions ['ros']
[0.301s] Level 1:colcon.colcon_core.package_identification:_identify(src/j8_joystick/ps3joy) by extension 'ros'
[0.301s] Level 1:colcon.colcon_core.package_identification:_identify(src/j8_joystick/ps3joy) ignored
[0.301s] Level 1:colcon.colcon_core.package_identification:_identify(src/j8_joystick/sdl2_vendor) by extensions ['ignore', 'ignore_ament_install']
[0.301s] Level 1:colcon.colcon_core.package_identification:_identify(src/j8_joystick/sdl2_vendor) by extension 'ignore'
[0.301s] Level 1:colcon.colcon_core.package_identification:_identify(src/j8_joystick/sdl2_vendor) by extension 'ignore_ament_install'
[0.301s] Level 1:colcon.colcon_core.package_identification:_identify(src/j8_joystick/sdl2_vendor) by extensions ['colcon_pkg']
[0.301s] Level 1:colcon.colcon_core.package_identification:_identify(src/j8_joystick/sdl2_vendor) by extension 'colcon_pkg'
[0.301s] Level 1:colcon.colcon_core.package_identification:_identify(src/j8_joystick/sdl2_vendor) by extensions ['colcon_meta']
[0.301s] Level 1:colcon.colcon_core.package_identification:_identify(src/j8_joystick/sdl2_vendor) by extension 'colcon_meta'
[0.302s] Level 1:colcon.colcon_core.package_identification:_identify(src/j8_joystick/sdl2_vendor) by extensions ['ros']
[0.302s] Level 1:colcon.colcon_core.package_identification:_identify(src/j8_joystick/sdl2_vendor) by extension 'ros'
[0.302s] DEBUG:colcon.colcon_core.package_identification:Package 'src/j8_joystick/sdl2_vendor' with type 'ros.ament_cmake' and name 'sdl2_vendor'
[0.303s] Level 1:colcon.colcon_core.package_identification:_identify(src/j8_joystick/spacenav) by extensions ['ignore', 'ignore_ament_install']
[0.303s] Level 1:colcon.colcon_core.package_identification:_identify(src/j8_joystick/spacenav) by extension 'ignore'
[0.303s] Level 1:colcon.colcon_core.package_identification:_identify(src/j8_joystick/spacenav) by extension 'ignore_ament_install'
[0.303s] Level 1:colcon.colcon_core.package_identification:_identify(src/j8_joystick/spacenav) by extensions ['colcon_pkg']
[0.303s] Level 1:colcon.colcon_core.package_identification:_identify(src/j8_joystick/spacenav) by extension 'colcon_pkg'
[0.303s] Level 1:colcon.colcon_core.package_identification:_identify(src/j8_joystick/spacenav) by extensions ['colcon_meta']
[0.303s] Level 1:colcon.colcon_core.package_identification:_identify(src/j8_joystick/spacenav) by extension 'colcon_meta'
[0.303s] Level 1:colcon.colcon_core.package_identification:_identify(src/j8_joystick/spacenav) by extensions ['ros']
[0.303s] Level 1:colcon.colcon_core.package_identification:_identify(src/j8_joystick/spacenav) by extension 'ros'
[0.305s] DEBUG:colcon.colcon_core.package_identification:Package 'src/j8_joystick/spacenav' with type 'ros.ament_cmake' and name 'spacenav'
[0.305s] Level 1:colcon.colcon_core.package_identification:_identify(src/j8_joystick/wiimote_msgs) by extensions ['ignore', 'ignore_ament_install']
[0.305s] Level 1:colcon.colcon_core.package_identification:_identify(src/j8_joystick/wiimote_msgs) by extension 'ignore'
[0.305s] Level 1:colcon.colcon_core.package_identification:_identify(src/j8_joystick/wiimote_msgs) by extension 'ignore_ament_install'
[0.305s] Level 1:colcon.colcon_core.package_identification:_identify(src/j8_joystick/wiimote_msgs) by extensions ['colcon_pkg']
[0.305s] Level 1:colcon.colcon_core.package_identification:_identify(src/j8_joystick/wiimote_msgs) by extension 'colcon_pkg'
[0.305s] Level 1:colcon.colcon_core.package_identification:_identify(src/j8_joystick/wiimote_msgs) by extensions ['colcon_meta']
[0.306s] Level 1:colcon.colcon_core.package_identification:_identify(src/j8_joystick/wiimote_msgs) by extension 'colcon_meta'
[0.306s] Level 1:colcon.colcon_core.package_identification:_identify(src/j8_joystick/wiimote_msgs) by extensions ['ros']
[0.306s] Level 1:colcon.colcon_core.package_identification:_identify(src/j8_joystick/wiimote_msgs) by extension 'ros'
[0.307s] DEBUG:colcon.colcon_core.package_identification:Package 'src/j8_joystick/wiimote_msgs' with type 'ros.ament_cmake' and name 'wiimote_msgs'
[0.307s] Level 1:colcon.colcon_core.package_identification:_identify(src/path_manager) by extensions ['ignore', 'ignore_ament_install']
[0.307s] Level 1:colcon.colcon_core.package_identification:_identify(src/path_manager) by extension 'ignore'
[0.308s] Level 1:colcon.colcon_core.package_identification:_identify(src/path_manager) by extension 'ignore_ament_install'
[0.308s] Level 1:colcon.colcon_core.package_identification:_identify(src/path_manager) by extensions ['colcon_pkg']
[0.308s] Level 1:colcon.colcon_core.package_identification:_identify(src/path_manager) by extension 'colcon_pkg'
[0.308s] Level 1:colcon.colcon_core.package_identification:_identify(src/path_manager) by extensions ['colcon_meta']
[0.308s] Level 1:colcon.colcon_core.package_identification:_identify(src/path_manager) by extension 'colcon_meta'
[0.308s] Level 1:colcon.colcon_core.package_identification:_identify(src/path_manager) by extensions ['ros']
[0.308s] Level 1:colcon.colcon_core.package_identification:_identify(src/path_manager) by extension 'ros'
[0.308s] Level 1:colcon.colcon_core.package_identification:_identify(src/path_manager) by extensions ['cmake', 'python']
[0.308s] Level 1:colcon.colcon_core.package_identification:_identify(src/path_manager) by extension 'cmake'
[0.308s] Level 1:colcon.colcon_core.package_identification:_identify(src/path_manager) by extension 'python'
[0.308s] Level 1:colcon.colcon_core.package_identification:_identify(src/path_manager) by extensions ['python_setup_py']
[0.308s] Level 1:colcon.colcon_core.package_identification:_identify(src/path_manager) by extension 'python_setup_py'
[0.308s] Level 1:colcon.colcon_core.package_identification:_identify(src/path_manager/path_manager) by extensions ['ignore', 'ignore_ament_install']
[0.309s] Level 1:colcon.colcon_core.package_identification:_identify(src/path_manager/path_manager) by extension 'ignore'
[0.309s] Level 1:colcon.colcon_core.package_identification:_identify(src/path_manager/path_manager) by extension 'ignore_ament_install'
[0.309s] Level 1:colcon.colcon_core.package_identification:_identify(src/path_manager/path_manager) by extensions ['colcon_pkg']
[0.309s] Level 1:colcon.colcon_core.package_identification:_identify(src/path_manager/path_manager) by extension 'colcon_pkg'
[0.309s] Level 1:colcon.colcon_core.package_identification:_identify(src/path_manager/path_manager) by extensions ['colcon_meta']
[0.309s] Level 1:colcon.colcon_core.package_identification:_identify(src/path_manager/path_manager) by extension 'colcon_meta'
[0.309s] Level 1:colcon.colcon_core.package_identification:_identify(src/path_manager/path_manager) by extensions ['ros']
[0.309s] Level 1:colcon.colcon_core.package_identification:_identify(src/path_manager/path_manager) by extension 'ros'
[0.310s] DEBUG:colcon.colcon_core.package_identification:Package 'src/path_manager/path_manager' with type 'ros.ament_cmake' and name 'path_manager'
[0.310s] Level 1:colcon.colcon_core.package_identification:_identify(src/path_manager/path_manager_interfaces) by extensions ['ignore', 'ignore_ament_install']
[0.310s] Level 1:colcon.colcon_core.package_identification:_identify(src/path_manager/path_manager_interfaces) by extension 'ignore'
[0.310s] Level 1:colcon.colcon_core.package_identification:_identify(src/path_manager/path_manager_interfaces) by extension 'ignore_ament_install'
[0.311s] Level 1:colcon.colcon_core.package_identification:_identify(src/path_manager/path_manager_interfaces) by extensions ['colcon_pkg']
[0.311s] Level 1:colcon.colcon_core.package_identification:_identify(src/path_manager/path_manager_interfaces) by extension 'colcon_pkg'
[0.311s] Level 1:colcon.colcon_core.package_identification:_identify(src/path_manager/path_manager_interfaces) by extensions ['colcon_meta']
[0.311s] Level 1:colcon.colcon_core.package_identification:_identify(src/path_manager/path_manager_interfaces) by extension 'colcon_meta'
[0.311s] Level 1:colcon.colcon_core.package_identification:_identify(src/path_manager/path_manager_interfaces) by extensions ['ros']
[0.311s] Level 1:colcon.colcon_core.package_identification:_identify(src/path_manager/path_manager_interfaces) by extension 'ros'
[0.311s] DEBUG:colcon.colcon_core.package_identification:Package 'src/path_manager/path_manager_interfaces' with type 'ros.ament_cmake' and name 'path_manager_interfaces'
[0.312s] Level 1:colcon.colcon_core.package_identification:_identify(src/security_check) by extensions ['ignore', 'ignore_ament_install']
[0.312s] Level 1:colcon.colcon_core.package_identification:_identify(src/security_check) by extension 'ignore'
[0.312s] Level 1:colcon.colcon_core.package_identification:_identify(src/security_check) by extension 'ignore_ament_install'
[0.312s] Level 1:colcon.colcon_core.package_identification:_identify(src/security_check) by extensions ['colcon_pkg']
[0.312s] Level 1:colcon.colcon_core.package_identification:_identify(src/security_check) by extension 'colcon_pkg'
[0.312s] Level 1:colcon.colcon_core.package_identification:_identify(src/security_check) by extensions ['colcon_meta']
[0.312s] Level 1:colcon.colcon_core.package_identification:_identify(src/security_check) by extension 'colcon_meta'
[0.312s] Level 1:colcon.colcon_core.package_identification:_identify(src/security_check) by extensions ['ros']
[0.312s] Level 1:colcon.colcon_core.package_identification:_identify(src/security_check) by extension 'ros'
[0.312s] Level 1:colcon.colcon_core.package_identification:_identify(src/security_check) by extensions ['cmake', 'python']
[0.312s] Level 1:colcon.colcon_core.package_identification:_identify(src/security_check) by extension 'cmake'
[0.312s] Level 1:colcon.colcon_core.package_identification:_identify(src/security_check) by extension 'python'
[0.312s] Level 1:colcon.colcon_core.package_identification:_identify(src/security_check) by extensions ['python_setup_py']
[0.312s] Level 1:colcon.colcon_core.package_identification:_identify(src/security_check) by extension 'python_setup_py'
[0.312s] Level 1:colcon.colcon_core.package_identification:_identify(src/security_check/security_check) by extensions ['ignore', 'ignore_ament_install']
[0.312s] Level 1:colcon.colcon_core.package_identification:_identify(src/security_check/security_check) by extension 'ignore'
[0.313s] Level 1:colcon.colcon_core.package_identification:_identify(src/security_check/security_check) by extension 'ignore_ament_install'
[0.313s] Level 1:colcon.colcon_core.package_identification:_identify(src/security_check/security_check) by extensions ['colcon_pkg']
[0.313s] Level 1:colcon.colcon_core.package_identification:_identify(src/security_check/security_check) by extension 'colcon_pkg'
[0.313s] Level 1:colcon.colcon_core.package_identification:_identify(src/security_check/security_check) by extensions ['colcon_meta']
[0.313s] Level 1:colcon.colcon_core.package_identification:_identify(src/security_check/security_check) by extension 'colcon_meta'
[0.313s] Level 1:colcon.colcon_core.package_identification:_identify(src/security_check/security_check) by extensions ['ros']
[0.313s] Level 1:colcon.colcon_core.package_identification:_identify(src/security_check/security_check) by extension 'ros'
[0.314s] DEBUG:colcon.colcon_core.package_identification:Package 'src/security_check/security_check' with type 'ros.ament_cmake' and name 'security_check'
[0.314s] Level 1:colcon.colcon_core.package_identification:_identify(src/security_check/security_check_interfaces) by extensions ['ignore', 'ignore_ament_install']
[0.314s] Level 1:colcon.colcon_core.package_identification:_identify(src/security_check/security_check_interfaces) by extension 'ignore'
[0.314s] Level 1:colcon.colcon_core.package_identification:_identify(src/security_check/security_check_interfaces) by extension 'ignore_ament_install'
[0.314s] Level 1:colcon.colcon_core.package_identification:_identify(src/security_check/security_check_interfaces) by extensions ['colcon_pkg']
[0.314s] Level 1:colcon.colcon_core.package_identification:_identify(src/security_check/security_check_interfaces) by extension 'colcon_pkg'
[0.314s] Level 1:colcon.colcon_core.package_identification:_identify(src/security_check/security_check_interfaces) by extensions ['colcon_meta']
[0.314s] Level 1:colcon.colcon_core.package_identification:_identify(src/security_check/security_check_interfaces) by extension 'colcon_meta'
[0.314s] Level 1:colcon.colcon_core.package_identification:_identify(src/security_check/security_check_interfaces) by extensions ['ros']
[0.314s] Level 1:colcon.colcon_core.package_identification:_identify(src/security_check/security_check_interfaces) by extension 'ros'
[0.315s] DEBUG:colcon.colcon_core.package_identification:Package 'src/security_check/security_check_interfaces' with type 'ros.ament_cmake' and name 'security_check_interfaces'
[0.315s] Level 1:colcon.colcon_core.package_identification:_identify(src/test_gui_j8) by extensions ['ignore', 'ignore_ament_install']
[0.315s] Level 1:colcon.colcon_core.package_identification:_identify(src/test_gui_j8) by extension 'ignore'
[0.315s] Level 1:colcon.colcon_core.package_identification:_identify(src/test_gui_j8) by extension 'ignore_ament_install'
[0.315s] Level 1:colcon.colcon_core.package_identification:_identify(src/test_gui_j8) by extensions ['colcon_pkg']
[0.315s] Level 1:colcon.colcon_core.package_identification:_identify(src/test_gui_j8) by extension 'colcon_pkg'
[0.315s] Level 1:colcon.colcon_core.package_identification:_identify(src/test_gui_j8) by extensions ['colcon_meta']
[0.316s] Level 1:colcon.colcon_core.package_identification:_identify(src/test_gui_j8) by extension 'colcon_meta'
[0.316s] Level 1:colcon.colcon_core.package_identification:_identify(src/test_gui_j8) by extensions ['ros']
[0.316s] Level 1:colcon.colcon_core.package_identification:_identify(src/test_gui_j8) by extension 'ros'
[0.316s] Level 1:colcon.colcon_core.package_identification:_identify(src/test_gui_j8) by extensions ['cmake', 'python']
[0.316s] Level 1:colcon.colcon_core.package_identification:_identify(src/test_gui_j8) by extension 'cmake'
[0.316s] Level 1:colcon.colcon_core.package_identification:_identify(src/test_gui_j8) by extension 'python'
[0.316s] Level 1:colcon.colcon_core.package_identification:_identify(src/test_gui_j8) by extensions ['python_setup_py']
[0.316s] Level 1:colcon.colcon_core.package_identification:_identify(src/test_gui_j8) by extension 'python_setup_py'
[0.316s] Level 1:colcon.colcon_core.package_identification:_identify(src/test_gui_j8/src) by extensions ['ignore', 'ignore_ament_install']
[0.317s] Level 1:colcon.colcon_core.package_identification:_identify(src/test_gui_j8/src) by extension 'ignore'
[0.317s] Level 1:colcon.colcon_core.package_identification:_identify(src/test_gui_j8/src) by extension 'ignore_ament_install'
[0.317s] Level 1:colcon.colcon_core.package_identification:_identify(src/test_gui_j8/src) by extensions ['colcon_pkg']
[0.317s] Level 1:colcon.colcon_core.package_identification:_identify(src/test_gui_j8/src) by extension 'colcon_pkg'
[0.317s] Level 1:colcon.colcon_core.package_identification:_identify(src/test_gui_j8/src) by extensions ['colcon_meta']
[0.317s] Level 1:colcon.colcon_core.package_identification:_identify(src/test_gui_j8/src) by extension 'colcon_meta'
[0.317s] Level 1:colcon.colcon_core.package_identification:_identify(src/test_gui_j8/src) by extensions ['ros']
[0.317s] Level 1:colcon.colcon_core.package_identification:_identify(src/test_gui_j8/src) by extension 'ros'
[0.317s] Level 1:colcon.colcon_core.package_identification:_identify(src/test_gui_j8/src) by extensions ['cmake', 'python']
[0.317s] Level 1:colcon.colcon_core.package_identification:_identify(src/test_gui_j8/src) by extension 'cmake'
[0.317s] Level 1:colcon.colcon_core.package_identification:_identify(src/test_gui_j8/src) by extension 'python'
[0.317s] Level 1:colcon.colcon_core.package_identification:_identify(src/test_gui_j8/src) by extensions ['python_setup_py']
[0.317s] Level 1:colcon.colcon_core.package_identification:_identify(src/test_gui_j8/src) by extension 'python_setup_py'
[0.317s] Level 1:colcon.colcon_core.package_identification:_identify(src/test_gui_j8/src/cuadriga_gui) by extensions ['ignore', 'ignore_ament_install']
[0.318s] Level 1:colcon.colcon_core.package_identification:_identify(src/test_gui_j8/src/cuadriga_gui) by extension 'ignore'
[0.318s] Level 1:colcon.colcon_core.package_identification:_identify(src/test_gui_j8/src/cuadriga_gui) by extension 'ignore_ament_install'
[0.318s] Level 1:colcon.colcon_core.package_identification:_identify(src/test_gui_j8/src/cuadriga_gui) by extensions ['colcon_pkg']
[0.318s] Level 1:colcon.colcon_core.package_identification:_identify(src/test_gui_j8/src/cuadriga_gui) by extension 'colcon_pkg'
[0.318s] Level 1:colcon.colcon_core.package_identification:_identify(src/test_gui_j8/src/cuadriga_gui) by extensions ['colcon_meta']
[0.318s] Level 1:colcon.colcon_core.package_identification:_identify(src/test_gui_j8/src/cuadriga_gui) by extension 'colcon_meta'
[0.318s] Level 1:colcon.colcon_core.package_identification:_identify(src/test_gui_j8/src/cuadriga_gui) by extensions ['ros']
[0.318s] Level 1:colcon.colcon_core.package_identification:_identify(src/test_gui_j8/src/cuadriga_gui) by extension 'ros'
[0.318s] DEBUG:colcon.colcon_core.package_identification:Package 'src/test_gui_j8/src/cuadriga_gui' with type 'ros.ament_python' and name 'cuadriga_gui'
[0.318s] Level 1:colcon.colcon_core.package_discovery:discover_packages(recursive) using defaults
[0.318s] Level 1:colcon.colcon_core.package_discovery:discover_packages(ignore) discover
[0.318s] Level 1:colcon.colcon_core.package_discovery:discover_packages(ignore) using defaults
[0.318s] Level 1:colcon.colcon_core.package_discovery:discover_packages(path) discover
[0.318s] Level 1:colcon.colcon_core.package_discovery:discover_packages(path) using defaults
[0.346s] INFO:colcon.colcon_core.package_selection:Skipping package 'fixposition_odometry_converter_ros2' in 'src/argo_drivers_pkgs/Fixposition_driver_pkg/fixposition_driver-main/fixposition_odometry_converter_ros2'
[0.346s] INFO:colcon.colcon_core.package_selection:Skipping package 'security_check' in 'src/security_check/security_check'
[0.346s] INFO:colcon.colcon_core.package_selection:Skipping package 'fixposition_driver_ros2' in 'src/argo_drivers_pkgs/Fixposition_driver_pkg/fixposition_driver-main/fixposition_driver_ros2'
[0.346s] INFO:colcon.colcon_core.package_selection:Skipping package 'path_manager' in 'src/path_manager/path_manager'
[0.346s] INFO:colcon.colcon_core.package_selection:Skipping package 'joy' in 'src/j8_joystick/joy'
[0.346s] INFO:colcon.colcon_core.package_selection:Skipping package 'fixposition_driver_lib' in 'src/argo_drivers_pkgs/Fixposition_driver_pkg/fixposition_driver-main/fixposition_driver_lib'
[0.346s] INFO:colcon.colcon_core.package_selection:Skipping package 'wiimote_msgs' in 'src/j8_joystick/wiimote_msgs'
[0.346s] INFO:colcon.colcon_core.package_selection:Skipping package 'spacenav' in 'src/j8_joystick/spacenav'
[0.346s] INFO:colcon.colcon_core.package_selection:Skipping package 'security_check_interfaces' in 'src/security_check/security_check_interfaces'
[0.346s] INFO:colcon.colcon_core.package_selection:Skipping package 'sdl2_vendor' in 'src/j8_joystick/sdl2_vendor'
[0.347s] INFO:colcon.colcon_core.package_selection:Skipping package 'joy_linux' in 'src/j8_joystick/joy_linux'
[0.347s] INFO:colcon.colcon_core.package_selection:Skipping package 'hikmicro_thermal_camera' in 'src/hikmicro_thermal_camera'
[0.347s] INFO:colcon.colcon_core.package_selection:Skipping package 'fixposition_gnss_tf' in 'src/argo_drivers_pkgs/Fixposition_driver_pkg/fixposition_gnss_tf-main'
[0.347s] INFO:colcon.colcon_core.package_selection:Skipping package 'cuadriga_setup' in 'src/argj801_setup'
[0.347s] INFO:colcon.colcon_core.package_selection:Skipping package 'cuadriga_gui' in 'src/test_gui_j8/src/cuadriga_gui'
[0.347s] INFO:colcon.colcon_core.package_selection:Skipping package 'cuadriga_actuator' in 'src/cuadriga_actuator'
[0.347s] Level 1:colcon.colcon_core.package_discovery:discover_packages(prefix_path) check parameters
[0.347s] Level 1:colcon.colcon_core.package_discovery:discover_packages(prefix_path) discover
[0.349s] DEBUG:colcon.colcon_installed_package_information.package_discovery:Found 12 installed packages in /home/cuadriga/tfgcuadriga/install
[0.351s] DEBUG:colcon.colcon_installed_package_information.package_discovery:Found 273 installed packages in /opt/ros/humble
[0.352s] Level 1:colcon.colcon_core.package_discovery:discover_packages(prefix_path) using defaults
[0.389s] Level 5:colcon.colcon_core.verb:set package 'ctl_mission_interfaces' build argument 'cmake_args' from command line to 'None'
[0.390s] Level 5:colcon.colcon_core.verb:set package 'ctl_mission_interfaces' build argument 'cmake_target' from command line to 'None'
[0.390s] Level 5:colcon.colcon_core.verb:set package 'ctl_mission_interfaces' build argument 'cmake_target_skip_unavailable' from command line to 'False'
[0.390s] Level 5:colcon.colcon_core.verb:set package 'ctl_mission_interfaces' build argument 'cmake_clean_cache' from command line to 'False'
[0.390s] Level 5:colcon.colcon_core.verb:set package 'ctl_mission_interfaces' build argument 'cmake_clean_first' from command line to 'False'
[0.390s] Level 5:colcon.colcon_core.verb:set package 'ctl_mission_interfaces' build argument 'cmake_force_configure' from command line to 'False'
[0.390s] Level 5:colcon.colcon_core.verb:set package 'ctl_mission_interfaces' build argument 'ament_cmake_args' from command line to 'None'
[0.390s] Level 5:colcon.colcon_core.verb:set package 'ctl_mission_interfaces' build argument 'catkin_cmake_args' from command line to 'None'
[0.390s] Level 5:colcon.colcon_core.verb:set package 'ctl_mission_interfaces' build argument 'catkin_skip_building_tests' from command line to 'False'
[0.390s] DEBUG:colcon.colcon_core.verb:Building package 'ctl_mission_interfaces' with the following arguments: {'ament_cmake_args': None, 'build_base': '/home/cuadriga/cuadriga_ws/Cuadriga/src/Cuadriga_IA_/build/ctl_mission_interfaces', 'catkin_cmake_args': None, 'catkin_skip_building_tests': False, 'cmake_args': None, 'cmake_clean_cache': False, 'cmake_clean_first': False, 'cmake_force_configure': False, 'cmake_target': None, 'cmake_target_skip_unavailable': False, 'install_base': '/home/cuadriga/cuadriga_ws/Cuadriga/src/Cuadriga_IA_/install/ctl_mission_interfaces', 'merge_install': False, 'path': '/home/cuadriga/cuadriga_ws/Cuadriga/src/Cuadriga_IA_/src/ctl_mission/ctl_mission_interfaces', 'symlink_install': True, 'test_result_base': None}
[0.391s] Level 5:colcon.colcon_core.verb:set package 'path_manager_interfaces' build argument 'cmake_args' from command line to 'None'
[0.391s] Level 5:colcon.colcon_core.verb:set package 'path_manager_interfaces' build argument 'cmake_target' from command line to 'None'
[0.391s] Level 5:colcon.colcon_core.verb:set package 'path_manager_interfaces' build argument 'cmake_target_skip_unavailable' from command line to 'False'
[0.391s] Level 5:colcon.colcon_core.verb:set package 'path_manager_interfaces' build argument 'cmake_clean_cache' from command line to 'False'
[0.391s] Level 5:colcon.colcon_core.verb:set package 'path_manager_interfaces' build argument 'cmake_clean_first' from command line to 'False'
[0.391s] Level 5:colcon.colcon_core.verb:set package 'path_manager_interfaces' build argument 'cmake_force_configure' from command line to 'False'
[0.391s] Level 5:colcon.colcon_core.verb:set package 'path_manager_interfaces' build argument 'ament_cmake_args' from command line to 'None'
[0.391s] Level 5:colcon.colcon_core.verb:set package 'path_manager_interfaces' build argument 'catkin_cmake_args' from command line to 'None'
[0.391s] Level 5:colcon.colcon_core.verb:set package 'path_manager_interfaces' build argument 'catkin_skip_building_tests' from command line to 'False'
[0.391s] DEBUG:colcon.colcon_core.verb:Building package 'path_manager_interfaces' with the following arguments: {'ament_cmake_args': None, 'build_base': '/home/cuadriga/cuadriga_ws/Cuadriga/src/Cuadriga_IA_/build/path_manager_interfaces', 'catkin_cmake_args': None, 'catkin_skip_building_tests': False, 'cmake_args': None, 'cmake_clean_cache': False, 'cmake_clean_first': False, 'cmake_force_configure': False, 'cmake_target': None, 'cmake_target_skip_unavailable': False, 'install_base': '/home/cuadriga/cuadriga_ws/Cuadriga/src/Cuadriga_IA_/install/path_manager_interfaces', 'merge_install': False, 'path': '/home/cuadriga/cuadriga_ws/Cuadriga/src/Cuadriga_IA_/src/path_manager/path_manager_interfaces', 'symlink_install': True, 'test_result_base': None}
[0.392s] Level 5:colcon.colcon_core.verb:set package 'ctl_mission' build argument 'cmake_args' from command line to 'None'
[0.392s] Level 5:colcon.colcon_core.verb:set package 'ctl_mission' build argument 'cmake_target' from command line to 'None'
[0.392s] Level 5:colcon.colcon_core.verb:set package 'ctl_mission' build argument 'cmake_target_skip_unavailable' from command line to 'False'
[0.392s] Level 5:colcon.colcon_core.verb:set package 'ctl_mission' build argument 'cmake_clean_cache' from command line to 'False'
[0.392s] Level 5:colcon.colcon_core.verb:set package 'ctl_mission' build argument 'cmake_clean_first' from command line to 'False'
[0.392s] Level 5:colcon.colcon_core.verb:set package 'ctl_mission' build argument 'cmake_force_configure' from command line to 'False'
[0.392s] Level 5:colcon.colcon_core.verb:set package 'ctl_mission' build argument 'ament_cmake_args' from command line to 'None'
[0.392s] Level 5:colcon.colcon_core.verb:set package 'ctl_mission' build argument 'catkin_cmake_args' from command line to 'None'
[0.392s] Level 5:colcon.colcon_core.verb:set package 'ctl_mission' build argument 'catkin_skip_building_tests' from command line to 'False'
[0.392s] DEBUG:colcon.colcon_core.verb:Building package 'ctl_mission' with the following arguments: {'ament_cmake_args': None, 'build_base': '/home/cuadriga/cuadriga_ws/Cuadriga/src/Cuadriga_IA_/build/ctl_mission', 'catkin_cmake_args': None, 'catkin_skip_building_tests': False, 'cmake_args': None, 'cmake_clean_cache': False, 'cmake_clean_first': False, 'cmake_force_configure': False, 'cmake_target': None, 'cmake_target_skip_unavailable': False, 'install_base': '/home/cuadriga/cuadriga_ws/Cuadriga/src/Cuadriga_IA_/install/ctl_mission', 'merge_install': False, 'path': '/home/cuadriga/cuadriga_ws/Cuadriga/src/Cuadriga_IA_/src/ctl_mission/ctl_mission', 'symlink_install': True, 'test_result_base': None}
[0.392s] INFO:colcon.colcon_core.executor:Executing jobs using 'parallel' executor
[0.393s] DEBUG:colcon.colcon_parallel_executor.executor.parallel:run_until_complete
[0.394s] INFO:colcon.colcon_ros.task.ament_cmake.build:Building ROS package in '/home/cuadriga/cuadriga_ws/Cuadriga/src/Cuadriga_IA_/src/ctl_mission/ctl_mission_interfaces' with build type 'ament_cmake'
[0.394s] INFO:colcon.colcon_cmake.task.cmake.build:Building CMake package in '/home/cuadriga/cuadriga_ws/Cuadriga/src/Cuadriga_IA_/src/ctl_mission/ctl_mission_interfaces'
[0.397s] INFO:colcon.colcon_core.plugin_system:Skipping extension 'colcon_core.shell.bat': Not used on non-Windows systems
[0.397s] INFO:colcon.colcon_core.shell:Skip shell extension 'powershell' for command environment: Not usable outside of PowerShell
[0.397s] DEBUG:colcon.colcon_core.shell:Skip shell extension 'dsv' for command environment
[0.401s] INFO:colcon.colcon_ros.task.ament_cmake.build:Building ROS package in '/home/cuadriga/cuadriga_ws/Cuadriga/src/Cuadriga_IA_/src/path_manager/path_manager_interfaces' with build type 'ament_cmake'
[0.402s] INFO:colcon.colcon_cmake.task.cmake.build:Building CMake package in '/home/cuadriga/cuadriga_ws/Cuadriga/src/Cuadriga_IA_/src/path_manager/path_manager_interfaces'
[0.402s] INFO:colcon.colcon_core.shell:Skip shell extension 'powershell' for command environment: Not usable outside of PowerShell
[0.402s] DEBUG:colcon.colcon_core.shell:Skip shell extension 'dsv' for command environment
[0.408s] DEBUG:colcon.colcon_core.event_handler.log_command:Invoking command in '/home/cuadriga/cuadriga_ws/Cuadriga/src/Cuadriga_IA_/build/ctl_mission_interfaces': CMAKE_PREFIX_PATH=${CMAKE_PREFIX_PATH}:/home/cuadriga/tfgcuadriga/install/gpx_loader:/opt/ros/humble /usr/bin/cmake /home/cuadriga/cuadriga_ws/Cuadriga/src/Cuadriga_IA_/src/ctl_mission/ctl_mission_interfaces -DAMENT_CMAKE_SYMLINK_INSTALL=1 -DCMAKE_INSTALL_PREFIX=/home/cuadriga/cuadriga_ws/Cuadriga/src/Cuadriga_IA_/install/ctl_mission_interfaces
[0.414s] DEBUG:colcon.colcon_core.event_handler.log_command:Invoking command in '/home/cuadriga/cuadriga_ws/Cuadriga/src/Cuadriga_IA_/build/path_manager_interfaces': CMAKE_PREFIX_PATH=${CMAKE_PREFIX_PATH}:/home/cuadriga/tfgcuadriga/install/gpx_loader:/opt/ros/humble /usr/bin/cmake /home/cuadriga/cuadriga_ws/Cuadriga/src/Cuadriga_IA_/src/path_manager/path_manager_interfaces -DAMENT_CMAKE_SYMLINK_INSTALL=1 -DCMAKE_INSTALL_PREFIX=/home/cuadriga/cuadriga_ws/Cuadriga/src/Cuadriga_IA_/install/path_manager_interfaces
[2.877s] DEBUG:colcon.colcon_core.event_handler.log_command:Invoked command in '/home/cuadriga/cuadriga_ws/Cuadriga/src/Cuadriga_IA_/build/path_manager_interfaces' returned '0': CMAKE_PREFIX_PATH=${CMAKE_PREFIX_PATH}:/home/cuadriga/tfgcuadriga/install/gpx_loader:/opt/ros/humble /usr/bin/cmake /home/cuadriga/cuadriga_ws/Cuadriga/src/Cuadriga_IA_/src/path_manager/path_manager_interfaces -DAMENT_CMAKE_SYMLINK_INSTALL=1 -DCMAKE_INSTALL_PREFIX=/home/cuadriga/cuadriga_ws/Cuadriga/src/Cuadriga_IA_/install/path_manager_interfaces
[2.879s] DEBUG:colcon.colcon_core.event_handler.log_command:Invoking command in '/home/cuadriga/cuadriga_ws/Cuadriga/src/Cuadriga_IA_/build/path_manager_interfaces': CMAKE_PREFIX_PATH=${CMAKE_PREFIX_PATH}:/home/cuadriga/tfgcuadriga/install/gpx_loader:/opt/ros/humble /usr/bin/cmake --build /home/cuadriga/cuadriga_ws/Cuadriga/src/Cuadriga_IA_/build/path_manager_interfaces -- -j8 -l8
[2.884s] DEBUG:colcon.colcon_core.event_handler.log_command:Invoked command in '/home/cuadriga/cuadriga_ws/Cuadriga/src/Cuadriga_IA_/build/ctl_mission_interfaces' returned '0': CMAKE_PREFIX_PATH=${CMAKE_PREFIX_PATH}:/home/cuadriga/tfgcuadriga/install/gpx_loader:/opt/ros/humble /usr/bin/cmake /home/cuadriga/cuadriga_ws/Cuadriga/src/Cuadriga_IA_/src/ctl_mission/ctl_mission_interfaces -DAMENT_CMAKE_SYMLINK_INSTALL=1 -DCMAKE_INSTALL_PREFIX=/home/cuadriga/cuadriga_ws/Cuadriga/src/Cuadriga_IA_/install/ctl_mission_interfaces
[2.886s] DEBUG:colcon.colcon_core.event_handler.log_command:Invoking command in '/home/cuadriga/cuadriga_ws/Cuadriga/src/Cuadriga_IA_/build/ctl_mission_interfaces': CMAKE_PREFIX_PATH=${CMAKE_PREFIX_PATH}:/home/cuadriga/tfgcuadriga/install/gpx_loader:/opt/ros/humble /usr/bin/cmake --build /home/cuadriga/cuadriga_ws/Cuadriga/src/Cuadriga_IA_/build/ctl_mission_interfaces -- -j8 -l8
[17.005s] DEBUG:colcon.colcon_core.event_handler.log_command:Invoked command in '/home/cuadriga/cuadriga_ws/Cuadriga/src/Cuadriga_IA_/build/path_manager_interfaces' returned '0': CMAKE_PREFIX_PATH=${CMAKE_PREFIX_PATH}:/home/cuadriga/tfgcuadriga/install/gpx_loader:/opt/ros/humble /usr/bin/cmake --build /home/cuadriga/cuadriga_ws/Cuadriga/src/Cuadriga_IA_/build/path_manager_interfaces -- -j8 -l8
[17.021s] DEBUG:colcon.colcon_core.event_handler.log_command:Invoking command in '/home/cuadriga/cuadriga_ws/Cuadriga/src/Cuadriga_IA_/build/path_manager_interfaces': CMAKE_PREFIX_PATH=${CMAKE_PREFIX_PATH}:/home/cuadriga/tfgcuadriga/install/gpx_loader:/opt/ros/humble /usr/bin/cmake --install /home/cuadriga/cuadriga_ws/Cuadriga/src/Cuadriga_IA_/build/path_manager_interfaces
[17.933s] DEBUG:colcon.colcon_core.event_handler.log_command:Invoked command in '/home/cuadriga/cuadriga_ws/Cuadriga/src/Cuadriga_IA_/build/ctl_mission_interfaces' returned '0': CMAKE_PREFIX_PATH=${CMAKE_PREFIX_PATH}:/home/cuadriga/tfgcuadriga/install/gpx_loader:/opt/ros/humble /usr/bin/cmake --build /home/cuadriga/cuadriga_ws/Cuadriga/src/Cuadriga_IA_/build/ctl_mission_interfaces -- -j8 -l8
[17.935s] DEBUG:colcon.colcon_core.event_handler.log_command:Invoking command in '/home/cuadriga/cuadriga_ws/Cuadriga/src/Cuadriga_IA_/build/ctl_mission_interfaces': CMAKE_PREFIX_PATH=${CMAKE_PREFIX_PATH}:/home/cuadriga/tfgcuadriga/install/gpx_loader:/opt/ros/humble /usr/bin/cmake --install /home/cuadriga/cuadriga_ws/Cuadriga/src/Cuadriga_IA_/build/ctl_mission_interfaces
[19.120s] Level 1:colcon.colcon_core.environment:create_environment_scripts_only(path_manager_interfaces)
[19.121s] DEBUG:colcon.colcon_core.event_handler.log_command:Invoked command in '/home/cuadriga/cuadriga_ws/Cuadriga/src/Cuadriga_IA_/build/path_manager_interfaces' returned '0': CMAKE_PREFIX_PATH=${CMAKE_PREFIX_PATH}:/home/cuadriga/tfgcuadriga/install/gpx_loader:/opt/ros/humble /usr/bin/cmake --install /home/cuadriga/cuadriga_ws/Cuadriga/src/Cuadriga_IA_/build/path_manager_interfaces
[19.122s] Level 1:colcon.colcon_core.environment:checking '/home/cuadriga/cuadriga_ws/Cuadriga/src/Cuadriga_IA_/install/path_manager_interfaces' for CMake module files
[19.123s] Level 1:colcon.colcon_core.environment:checking '/home/cuadriga/cuadriga_ws/Cuadriga/src/Cuadriga_IA_/install/path_manager_interfaces' for CMake config files
[19.124s] Level 1:colcon.colcon_core.shell:create_environment_hook('path_manager_interfaces', 'cmake_prefix_path')
[19.125s] INFO:colcon.colcon_core.shell:Creating environment hook '/home/cuadriga/cuadriga_ws/Cuadriga/src/Cuadriga_IA_/install/path_manager_interfaces/share/path_manager_interfaces/hook/cmake_prefix_path.ps1'
[19.126s] INFO:colcon.colcon_core.shell:Creating environment descriptor '/home/cuadriga/cuadriga_ws/Cuadriga/src/Cuadriga_IA_/install/path_manager_interfaces/share/path_manager_interfaces/hook/cmake_prefix_path.dsv'
[19.126s] INFO:colcon.colcon_core.shell:Creating environment hook '/home/cuadriga/cuadriga_ws/Cuadriga/src/Cuadriga_IA_/install/path_manager_interfaces/share/path_manager_interfaces/hook/cmake_prefix_path.sh'
[19.127s] Level 1:colcon.colcon_core.environment:checking '/home/cuadriga/cuadriga_ws/Cuadriga/src/Cuadriga_IA_/install/path_manager_interfaces/lib'
[19.127s] Level 1:colcon.colcon_core.shell:create_environment_hook('path_manager_interfaces', 'ld_library_path_lib')
[19.128s] INFO:colcon.colcon_core.shell:Creating environment hook '/home/cuadriga/cuadriga_ws/Cuadriga/src/Cuadriga_IA_/install/path_manager_interfaces/share/path_manager_interfaces/hook/ld_library_path_lib.ps1'
[19.128s] INFO:colcon.colcon_core.shell:Creating environment descriptor '/home/cuadriga/cuadriga_ws/Cuadriga/src/Cuadriga_IA_/install/path_manager_interfaces/share/path_manager_interfaces/hook/ld_library_path_lib.dsv'
[19.128s] INFO:colcon.colcon_core.shell:Creating environment hook '/home/cuadriga/cuadriga_ws/Cuadriga/src/Cuadriga_IA_/install/path_manager_interfaces/share/path_manager_interfaces/hook/ld_library_path_lib.sh'
[19.128s] Level 1:colcon.colcon_core.environment:checking '/home/cuadriga/cuadriga_ws/Cuadriga/src/Cuadriga_IA_/install/path_manager_interfaces/bin'
[19.128s] Level 1:colcon.colcon_core.environment:checking '/home/cuadriga/cuadriga_ws/Cuadriga/src/Cuadriga_IA_/install/path_manager_interfaces/lib/pkgconfig/path_manager_interfaces.pc'
[19.129s] Level 1:colcon.colcon_core.environment:checking '/home/cuadriga/cuadriga_ws/Cuadriga/src/Cuadriga_IA_/install/path_manager_interfaces/lib/python3.10/site-packages'
[19.129s] Level 1:colcon.colcon_core.environment:checking '/home/cuadriga/cuadriga_ws/Cuadriga/src/Cuadriga_IA_/install/path_manager_interfaces/bin'
[19.129s] INFO:colcon.colcon_core.shell:Creating package script '/home/cuadriga/cuadriga_ws/Cuadriga/src/Cuadriga_IA_/install/path_manager_interfaces/share/path_manager_interfaces/package.ps1'
[19.130s] INFO:colcon.colcon_core.shell:Creating package descriptor '/home/cuadriga/cuadriga_ws/Cuadriga/src/Cuadriga_IA_/install/path_manager_interfaces/share/path_manager_interfaces/package.dsv'
[19.130s] INFO:colcon.colcon_core.shell:Creating package script '/home/cuadriga/cuadriga_ws/Cuadriga/src/Cuadriga_IA_/install/path_manager_interfaces/share/path_manager_interfaces/package.sh'
[19.131s] INFO:colcon.colcon_core.shell:Creating package script '/home/cuadriga/cuadriga_ws/Cuadriga/src/Cuadriga_IA_/install/path_manager_interfaces/share/path_manager_interfaces/package.bash'
[19.132s] INFO:colcon.colcon_core.shell:Creating package script '/home/cuadriga/cuadriga_ws/Cuadriga/src/Cuadriga_IA_/install/path_manager_interfaces/share/path_manager_interfaces/package.zsh'
[19.133s] Level 1:colcon.colcon_core.environment:create_file_with_runtime_dependencies(/home/cuadriga/cuadriga_ws/Cuadriga/src/Cuadriga_IA_/install/path_manager_interfaces/share/colcon-core/packages/path_manager_interfaces)
[19.133s] Level 1:colcon.colcon_core.environment:create_environment_scripts_only(path_manager_interfaces)
[19.133s] Level 1:colcon.colcon_core.environment:checking '/home/cuadriga/cuadriga_ws/Cuadriga/src/Cuadriga_IA_/install/path_manager_interfaces' for CMake module files
[19.134s] Level 1:colcon.colcon_core.environment:checking '/home/cuadriga/cuadriga_ws/Cuadriga/src/Cuadriga_IA_/install/path_manager_interfaces' for CMake config files
[19.136s] Level 1:colcon.colcon_core.shell:create_environment_hook('path_manager_interfaces', 'cmake_prefix_path')
[19.136s] INFO:colcon.colcon_core.shell:Creating environment hook '/home/cuadriga/cuadriga_ws/Cuadriga/src/Cuadriga_IA_/install/path_manager_interfaces/share/path_manager_interfaces/hook/cmake_prefix_path.ps1'
[19.137s] INFO:colcon.colcon_core.shell:Creating environment descriptor '/home/cuadriga/cuadriga_ws/Cuadriga/src/Cuadriga_IA_/install/path_manager_interfaces/share/path_manager_interfaces/hook/cmake_prefix_path.dsv'
[19.137s] INFO:colcon.colcon_core.shell:Creating environment hook '/home/cuadriga/cuadriga_ws/Cuadriga/src/Cuadriga_IA_/install/path_manager_interfaces/share/path_manager_interfaces/hook/cmake_prefix_path.sh'
[19.137s] Level 1:colcon.colcon_core.environment:checking '/home/cuadriga/cuadriga_ws/Cuadriga/src/Cuadriga_IA_/install/path_manager_interfaces/lib'
[19.137s] Level 1:colcon.colcon_core.shell:create_environment_hook('path_manager_interfaces', 'ld_library_path_lib')
[19.138s] INFO:colcon.colcon_core.shell:Creating environment hook '/home/cuadriga/cuadriga_ws/Cuadriga/src/Cuadriga_IA_/install/path_manager_interfaces/share/path_manager_interfaces/hook/ld_library_path_lib.ps1'
[19.138s] INFO:colcon.colcon_core.shell:Creating environment descriptor '/home/cuadriga/cuadriga_ws/Cuadriga/src/Cuadriga_IA_/install/path_manager_interfaces/share/path_manager_interfaces/hook/ld_library_path_lib.dsv'
[19.138s] INFO:colcon.colcon_core.shell:Creating environment hook '/home/cuadriga/cuadriga_ws/Cuadriga/src/Cuadriga_IA_/install/path_manager_interfaces/share/path_manager_interfaces/hook/ld_library_path_lib.sh'
[19.139s] Level 1:colcon.colcon_core.environment:checking '/home/cuadriga/cuadriga_ws/Cuadriga/src/Cuadriga_IA_/install/path_manager_interfaces/bin'
[19.139s] Level 1:colcon.colcon_core.environment:checking '/home/cuadriga/cuadriga_ws/Cuadriga/src/Cuadriga_IA_/install/path_manager_interfaces/lib/pkgconfig/path_manager_interfaces.pc'
[19.139s] Level 1:colcon.colcon_core.environment:checking '/home/cuadriga/cuadriga_ws/Cuadriga/src/Cuadriga_IA_/install/path_manager_interfaces/lib/python3.10/site-packages'
[19.140s] Level 1:colcon.colcon_core.environment:checking '/home/cuadriga/cuadriga_ws/Cuadriga/src/Cuadriga_IA_/install/path_manager_interfaces/bin'
[19.140s] INFO:colcon.colcon_core.shell:Creating package script '/home/cuadriga/cuadriga_ws/Cuadriga/src/Cuadriga_IA_/install/path_manager_interfaces/share/path_manager_interfaces/package.ps1'
[19.141s] INFO:colcon.colcon_core.shell:Creating package descriptor '/home/cuadriga/cuadriga_ws/Cuadriga/src/Cuadriga_IA_/install/path_manager_interfaces/share/path_manager_interfaces/package.dsv'
[19.141s] INFO:colcon.colcon_core.shell:Creating package script '/home/cuadriga/cuadriga_ws/Cuadriga/src/Cuadriga_IA_/install/path_manager_interfaces/share/path_manager_interfaces/package.sh'
[19.141s] INFO:colcon.colcon_core.shell:Creating package script '/home/cuadriga/cuadriga_ws/Cuadriga/src/Cuadriga_IA_/install/path_manager_interfaces/share/path_manager_interfaces/package.bash'
[19.142s] INFO:colcon.colcon_core.shell:Creating package script '/home/cuadriga/cuadriga_ws/Cuadriga/src/Cuadriga_IA_/install/path_manager_interfaces/share/path_manager_interfaces/package.zsh'
[19.142s] Level 1:colcon.colcon_core.environment:create_file_with_runtime_dependencies(/home/cuadriga/cuadriga_ws/Cuadriga/src/Cuadriga_IA_/install/path_manager_interfaces/share/colcon-core/packages/path_manager_interfaces)
[20.278s] Level 1:colcon.colcon_core.environment:create_environment_scripts_only(ctl_mission_interfaces)
[20.279s] Level 1:colcon.colcon_core.environment:checking '/home/cuadriga/cuadriga_ws/Cuadriga/src/Cuadriga_IA_/install/ctl_mission_interfaces' for CMake module files
[20.279s] DEBUG:colcon.colcon_core.event_handler.log_command:Invoked command in '/home/cuadriga/cuadriga_ws/Cuadriga/src/Cuadriga_IA_/build/ctl_mission_interfaces' returned '0': CMAKE_PREFIX_PATH=${CMAKE_PREFIX_PATH}:/home/cuadriga/tfgcuadriga/install/gpx_loader:/opt/ros/humble /usr/bin/cmake --install /home/cuadriga/cuadriga_ws/Cuadriga/src/Cuadriga_IA_/build/ctl_mission_interfaces
[20.280s] Level 1:colcon.colcon_core.environment:checking '/home/cuadriga/cuadriga_ws/Cuadriga/src/Cuadriga_IA_/install/ctl_mission_interfaces' for CMake config files
[20.281s] Level 1:colcon.colcon_core.shell:create_environment_hook('ctl_mission_interfaces', 'cmake_prefix_path')
[20.282s] INFO:colcon.colcon_core.shell:Creating environment hook '/home/cuadriga/cuadriga_ws/Cuadriga/src/Cuadriga_IA_/install/ctl_mission_interfaces/share/ctl_mission_interfaces/hook/cmake_prefix_path.ps1'
[20.282s] INFO:colcon.colcon_core.shell:Creating environment descriptor '/home/cuadriga/cuadriga_ws/Cuadriga/src/Cuadriga_IA_/install/ctl_mission_interfaces/share/ctl_mission_interfaces/hook/cmake_prefix_path.dsv'
[20.282s] INFO:colcon.colcon_core.shell:Creating environment hook '/home/cuadriga/cuadriga_ws/Cuadriga/src/Cuadriga_IA_/install/ctl_mission_interfaces/share/ctl_mission_interfaces/hook/cmake_prefix_path.sh'
[20.283s] Level 1:colcon.colcon_core.environment:checking '/home/cuadriga/cuadriga_ws/Cuadriga/src/Cuadriga_IA_/install/ctl_mission_interfaces/lib'
[20.283s] Level 1:colcon.colcon_core.shell:create_environment_hook('ctl_mission_interfaces', 'ld_library_path_lib')
[20.283s] INFO:colcon.colcon_core.shell:Creating environment hook '/home/cuadriga/cuadriga_ws/Cuadriga/src/Cuadriga_IA_/install/ctl_mission_interfaces/share/ctl_mission_interfaces/hook/ld_library_path_lib.ps1'
[20.284s] INFO:colcon.colcon_core.shell:Creating environment descriptor '/home/cuadriga/cuadriga_ws/Cuadriga/src/Cuadriga_IA_/install/ctl_mission_interfaces/share/ctl_mission_interfaces/hook/ld_library_path_lib.dsv'
[20.284s] INFO:colcon.colcon_core.shell:Creating environment hook '/home/cuadriga/cuadriga_ws/Cuadriga/src/Cuadriga_IA_/install/ctl_mission_interfaces/share/ctl_mission_interfaces/hook/ld_library_path_lib.sh'
[20.285s] Level 1:colcon.colcon_core.environment:checking '/home/cuadriga/cuadriga_ws/Cuadriga/src/Cuadriga_IA_/install/ctl_mission_interfaces/bin'
[20.285s] Level 1:colcon.colcon_core.environment:checking '/home/cuadriga/cuadriga_ws/Cuadriga/src/Cuadriga_IA_/install/ctl_mission_interfaces/lib/pkgconfig/ctl_mission_interfaces.pc'
[20.285s] Level 1:colcon.colcon_core.environment:checking '/home/cuadriga/cuadriga_ws/Cuadriga/src/Cuadriga_IA_/install/ctl_mission_interfaces/lib/python3.10/site-packages'
[20.285s] Level 1:colcon.colcon_core.environment:checking '/home/cuadriga/cuadriga_ws/Cuadriga/src/Cuadriga_IA_/install/ctl_mission_interfaces/bin'
[20.286s] INFO:colcon.colcon_core.shell:Creating package script '/home/cuadriga/cuadriga_ws/Cuadriga/src/Cuadriga_IA_/install/ctl_mission_interfaces/share/ctl_mission_interfaces/package.ps1'
[20.286s] INFO:colcon.colcon_core.shell:Creating package descriptor '/home/cuadriga/cuadriga_ws/Cuadriga/src/Cuadriga_IA_/install/ctl_mission_interfaces/share/ctl_mission_interfaces/package.dsv'
[20.287s] INFO:colcon.colcon_core.shell:Creating package script '/home/cuadriga/cuadriga_ws/Cuadriga/src/Cuadriga_IA_/install/ctl_mission_interfaces/share/ctl_mission_interfaces/package.sh'
[20.287s] INFO:colcon.colcon_core.shell:Creating package script '/home/cuadriga/cuadriga_ws/Cuadriga/src/Cuadriga_IA_/install/ctl_mission_interfaces/share/ctl_mission_interfaces/package.bash'
[20.287s] INFO:colcon.colcon_core.shell:Creating package script '/home/cuadriga/cuadriga_ws/Cuadriga/src/Cuadriga_IA_/install/ctl_mission_interfaces/share/ctl_mission_interfaces/package.zsh'
[20.288s] Level 1:colcon.colcon_core.environment:create_file_with_runtime_dependencies(/home/cuadriga/cuadriga_ws/Cuadriga/src/Cuadriga_IA_/install/ctl_mission_interfaces/share/colcon-core/packages/ctl_mission_interfaces)
[20.289s] Level 1:colcon.colcon_core.environment:create_environment_scripts_only(ctl_mission_interfaces)
[20.289s] Level 1:colcon.colcon_core.environment:checking '/home/cuadriga/cuadriga_ws/Cuadriga/src/Cuadriga_IA_/install/ctl_mission_interfaces' for CMake module files
[20.290s] Level 1:colcon.colcon_core.environment:checking '/home/cuadriga/cuadriga_ws/Cuadriga/src/Cuadriga_IA_/install/ctl_mission_interfaces' for CMake config files
[20.291s] Level 1:colcon.colcon_core.shell:create_environment_hook('ctl_mission_interfaces', 'cmake_prefix_path')
[20.291s] INFO:colcon.colcon_core.shell:Creating environment hook '/home/cuadriga/cuadriga_ws/Cuadriga/src/Cuadriga_IA_/install/ctl_mission_interfaces/share/ctl_mission_interfaces/hook/cmake_prefix_path.ps1'
[20.292s] INFO:colcon.colcon_core.shell:Creating environment descriptor '/home/cuadriga/cuadriga_ws/Cuadriga/src/Cuadriga_IA_/install/ctl_mission_interfaces/share/ctl_mission_interfaces/hook/cmake_prefix_path.dsv'
[20.292s] INFO:colcon.colcon_core.shell:Creating environment hook '/home/cuadriga/cuadriga_ws/Cuadriga/src/Cuadriga_IA_/install/ctl_mission_interfaces/share/ctl_mission_interfaces/hook/cmake_prefix_path.sh'
[20.293s] Level 1:colcon.colcon_core.environment:checking '/home/cuadriga/cuadriga_ws/Cuadriga/src/Cuadriga_IA_/install/ctl_mission_interfaces/lib'
[20.293s] Level 1:colcon.colcon_core.shell:create_environment_hook('ctl_mission_interfaces', 'ld_library_path_lib')
[20.293s] INFO:colcon.colcon_core.shell:Creating environment hook '/home/cuadriga/cuadriga_ws/Cuadriga/src/Cuadriga_IA_/install/ctl_mission_interfaces/share/ctl_mission_interfaces/hook/ld_library_path_lib.ps1'
[20.293s] INFO:colcon.colcon_core.shell:Creating environment descriptor '/home/cuadriga/cuadriga_ws/Cuadriga/src/Cuadriga_IA_/install/ctl_mission_interfaces/share/ctl_mission_interfaces/hook/ld_library_path_lib.dsv'
[20.294s] INFO:colcon.colcon_core.shell:Creating environment hook '/home/cuadriga/cuadriga_ws/Cuadriga/src/Cuadriga_IA_/install/ctl_mission_interfaces/share/ctl_mission_interfaces/hook/ld_library_path_lib.sh'
[20.294s] Level 1:colcon.colcon_core.environment:checking '/home/cuadriga/cuadriga_ws/Cuadriga/src/Cuadriga_IA_/install/ctl_mission_interfaces/bin'
[20.294s] Level 1:colcon.colcon_core.environment:checking '/home/cuadriga/cuadriga_ws/Cuadriga/src/Cuadriga_IA_/install/ctl_mission_interfaces/lib/pkgconfig/ctl_mission_interfaces.pc'
[20.295s] Level 1:colcon.colcon_core.environment:checking '/home/cuadriga/cuadriga_ws/Cuadriga/src/Cuadriga_IA_/install/ctl_mission_interfaces/lib/python3.10/site-packages'
[20.295s] Level 1:colcon.colcon_core.environment:checking '/home/cuadriga/cuadriga_ws/Cuadriga/src/Cuadriga_IA_/install/ctl_mission_interfaces/bin'
[20.295s] INFO:colcon.colcon_core.shell:Creating package script '/home/cuadriga/cuadriga_ws/Cuadriga/src/Cuadriga_IA_/install/ctl_mission_interfaces/share/ctl_mission_interfaces/package.ps1'
[20.296s] INFO:colcon.colcon_core.shell:Creating package descriptor '/home/cuadriga/cuadriga_ws/Cuadriga/src/Cuadriga_IA_/install/ctl_mission_interfaces/share/ctl_mission_interfaces/package.dsv'
[20.296s] INFO:colcon.colcon_core.shell:Creating package script '/home/cuadriga/cuadriga_ws/Cuadriga/src/Cuadriga_IA_/install/ctl_mission_interfaces/share/ctl_mission_interfaces/package.sh'
[20.297s] INFO:colcon.colcon_core.shell:Creating package script '/home/cuadriga/cuadriga_ws/Cuadriga/src/Cuadriga_IA_/install/ctl_mission_interfaces/share/ctl_mission_interfaces/package.bash'
[20.297s] INFO:colcon.colcon_core.shell:Creating package script '/home/cuadriga/cuadriga_ws/Cuadriga/src/Cuadriga_IA_/install/ctl_mission_interfaces/share/ctl_mission_interfaces/package.zsh'
[20.298s] Level 1:colcon.colcon_core.environment:create_file_with_runtime_dependencies(/home/cuadriga/cuadriga_ws/Cuadriga/src/Cuadriga_IA_/install/ctl_mission_interfaces/share/colcon-core/packages/ctl_mission_interfaces)
[20.298s] INFO:colcon.colcon_ros.task.ament_cmake.build:Building ROS package in '/home/cuadriga/cuadriga_ws/Cuadriga/src/Cuadriga_IA_/src/ctl_mission/ctl_mission' with build type 'ament_cmake'
[20.298s] INFO:colcon.colcon_cmake.task.cmake.build:Building CMake package in '/home/cuadriga/cuadriga_ws/Cuadriga/src/Cuadriga_IA_/src/ctl_mission/ctl_mission'
[20.299s] INFO:colcon.colcon_core.shell:Skip shell extension 'powershell' for command environment: Not usable outside of PowerShell
[20.299s] DEBUG:colcon.colcon_core.shell:Skip shell extension 'dsv' for command environment
[20.312s] DEBUG:colcon.colcon_core.event_handler.log_command:Invoking command in '/home/cuadriga/cuadriga_ws/Cuadriga/src/Cuadriga_IA_/build/ctl_mission': AMENT_PREFIX_PATH=/home/cuadriga/cuadriga_ws/Cuadriga/src/Cuadriga_IA_/install/path_manager_interfaces:/home/cuadriga/cuadriga_ws/Cuadriga/src/Cuadriga_IA_/install/ctl_mission_interfaces:${AMENT_PREFIX_PATH} CMAKE_PREFIX_PATH=/home/cuadriga/cuadriga_ws/Cuadriga/src/Cuadriga_IA_/install/path_manager_interfaces:/home/cuadriga/cuadriga_ws/Cuadriga/src/Cuadriga_IA_/install/ctl_mission_interfaces:/home/cuadriga/tfgcuadriga/install/udp_driver:/home/cuadriga/tfgcuadriga/install/serial_driver:/home/cuadriga/tfgcuadriga/install/joy:/home/cuadriga/tfgcuadriga/install/io_context:/home/cuadriga/tfgcuadriga/install/fixposition_odometry_converter_ros2:/home/cuadriga/tfgcuadriga/install/fixposition_driver_ros2:/home/cuadriga/tfgcuadriga/install/fixposition_driver_lib:/home/cuadriga/tfgcuadriga/install/fixposition_gnss_tf:/home/cuadriga/tfgcuadriga/install/cuadriga:/home/cuadriga/tfgcuadriga/install/cuadriga_interfaces:/home/cuadriga/tfgcuadriga/install/asio_cmake_module:/home/cuadriga/tfgcuadriga/install/gpx_loader:/opt/ros/humble LD_LIBRARY_PATH=/home/cuadriga/cuadriga_ws/Cuadriga/src/Cuadriga_IA_/install/path_manager_interfaces/lib:/home/cuadriga/cuadriga_ws/Cuadriga/src/Cuadriga_IA_/install/ctl_mission_interfaces/lib:${LD_LIBRARY_PATH} PYTHONPATH=/home/cuadriga/cuadriga_ws/Cuadriga/src/Cuadriga_IA_/install/path_manager_interfaces/local/lib/python3.10/dist-packages:/home/cuadriga/cuadriga_ws/Cuadriga/src/Cuadriga_IA_/install/ctl_mission_interfaces/local/lib/python3.10/dist-packages:${PYTHONPATH} /usr/bin/cmake /home/cuadriga/cuadriga_ws/Cuadriga/src/Cuadriga_IA_/src/ctl_mission/ctl_mission -DAMENT_CMAKE_SYMLINK_INSTALL=1 -DCMAKE_INSTALL_PREFIX=/home/cuadriga/cuadriga_ws/Cuadriga/src/Cuadriga_IA_/install/ctl_mission
[22.073s] DEBUG:colcon.colcon_core.event_handler.log_command:Invoked command in '/home/cuadriga/cuadriga_ws/Cuadriga/src/Cuadriga_IA_/build/ctl_mission' returned '1': AMENT_PREFIX_PATH=/home/cuadriga/cuadriga_ws/Cuadriga/src/Cuadriga_IA_/install/path_manager_interfaces:/home/cuadriga/cuadriga_ws/Cuadriga/src/Cuadriga_IA_/install/ctl_mission_interfaces:${AMENT_PREFIX_PATH} CMAKE_PREFIX_PATH=/home/cuadriga/cuadriga_ws/Cuadriga/src/Cuadriga_IA_/install/path_manager_interfaces:/home/cuadriga/cuadriga_ws/Cuadriga/src/Cuadriga_IA_/install/ctl_mission_interfaces:/home/cuadriga/tfgcuadriga/install/udp_driver:/home/cuadriga/tfgcuadriga/install/serial_driver:/home/cuadriga/tfgcuadriga/install/joy:/home/cuadriga/tfgcuadriga/install/io_context:/home/cuadriga/tfgcuadriga/install/fixposition_odometry_converter_ros2:/home/cuadriga/tfgcuadriga/install/fixposition_driver_ros2:/home/cuadriga/tfgcuadriga/install/fixposition_driver_lib:/home/cuadriga/tfgcuadriga/install/fixposition_gnss_tf:/home/cuadriga/tfgcuadriga/install/cuadriga:/home/cuadriga/tfgcuadriga/install/cuadriga_interfaces:/home/cuadriga/tfgcuadriga/install/asio_cmake_module:/home/cuadriga/tfgcuadriga/install/gpx_loader:/opt/ros/humble LD_LIBRARY_PATH=/home/cuadriga/cuadriga_ws/Cuadriga/src/Cuadriga_IA_/install/path_manager_interfaces/lib:/home/cuadriga/cuadriga_ws/Cuadriga/src/Cuadriga_IA_/install/ctl_mission_interfaces/lib:${LD_LIBRARY_PATH} PYTHONPATH=/home/cuadriga/cuadriga_ws/Cuadriga/src/Cuadriga_IA_/install/path_manager_interfaces/local/lib/python3.10/dist-packages:/home/cuadriga/cuadriga_ws/Cuadriga/src/Cuadriga_IA_/install/ctl_mission_interfaces/local/lib/python3.10/dist-packages:${PYTHONPATH} /usr/bin/cmake /home/cuadriga/cuadriga_ws/Cuadriga/src/Cuadriga_IA_/src/ctl_mission/ctl_mission -DAMENT_CMAKE_SYMLINK_INSTALL=1 -DCMAKE_INSTALL_PREFIX=/home/cuadriga/cuadriga_ws/Cuadriga/src/Cuadriga_IA_/install/ctl_mission
[22.083s] Level 1:colcon.colcon_core.environment:create_environment_scripts_only(ctl_mission)
[22.084s] Level 1:colcon.colcon_core.environment:checking '/home/cuadriga/cuadriga_ws/Cuadriga/src/Cuadriga_IA_/install/ctl_mission' for CMake module files
[22.084s] Level 1:colcon.colcon_core.environment:checking '/home/cuadriga/cuadriga_ws/Cuadriga/src/Cuadriga_IA_/install/ctl_mission' for CMake config files
[22.084s] Level 1:colcon.colcon_core.environment:checking '/home/cuadriga/cuadriga_ws/Cuadriga/src/Cuadriga_IA_/install/ctl_mission/bin'
[22.085s] Level 1:colcon.colcon_core.environment:checking '/home/cuadriga/cuadriga_ws/Cuadriga/src/Cuadriga_IA_/install/ctl_mission/lib/pkgconfig/ctl_mission.pc'
[22.085s] Level 1:colcon.colcon_core.environment:checking '/home/cuadriga/cuadriga_ws/Cuadriga/src/Cuadriga_IA_/install/ctl_mission/lib/python3.10/site-packages'
[22.085s] Level 1:colcon.colcon_core.environment:checking '/home/cuadriga/cuadriga_ws/Cuadriga/src/Cuadriga_IA_/install/ctl_mission/bin'
[22.085s] INFO:colcon.colcon_core.shell:Creating package script '/home/cuadriga/cuadriga_ws/Cuadriga/src/Cuadriga_IA_/install/ctl_mission/share/ctl_mission/package.ps1'
[22.086s] INFO:colcon.colcon_core.shell:Creating package descriptor '/home/cuadriga/cuadriga_ws/Cuadriga/src/Cuadriga_IA_/install/ctl_mission/share/ctl_mission/package.dsv'
[22.086s] INFO:colcon.colcon_core.shell:Creating package script '/home/cuadriga/cuadriga_ws/Cuadriga/src/Cuadriga_IA_/install/ctl_mission/share/ctl_mission/package.sh'
[22.087s] INFO:colcon.colcon_core.shell:Creating package script '/home/cuadriga/cuadriga_ws/Cuadriga/src/Cuadriga_IA_/install/ctl_mission/share/ctl_mission/package.bash'
[22.087s] INFO:colcon.colcon_core.shell:Creating package script '/home/cuadriga/cuadriga_ws/Cuadriga/src/Cuadriga_IA_/install/ctl_mission/share/ctl_mission/package.zsh'
[22.087s] Level 1:colcon.colcon_core.environment:create_file_with_runtime_dependencies(/home/cuadriga/cuadriga_ws/Cuadriga/src/Cuadriga_IA_/install/ctl_mission/share/colcon-core/packages/ctl_mission)
[22.098s] DEBUG:colcon.colcon_parallel_executor.executor.parallel:closing loop
[22.098s] DEBUG:colcon.colcon_parallel_executor.executor.parallel:loop closed
[22.098s] DEBUG:colcon.colcon_parallel_executor.executor.parallel:run_until_complete finished with '1'
[22.098s] DEBUG:colcon.colcon_core.event_reactor:joining thread
[22.103s] INFO:colcon.colcon_core.plugin_system:Skipping extension 'colcon_notification.desktop_notification.terminal_notifier': Not used on non-Darwin systems
[22.103s] INFO:colcon.colcon_core.plugin_system:Skipping extension 'colcon_notification.desktop_notification.win32': Not used on non-Windows systems
[22.103s] INFO:colcon.colcon_notification.desktop_notification:Sending desktop notification using 'notify2'
[22.111s] DEBUG:colcon.colcon_core.event_reactor:joined thread
[22.112s] INFO:colcon.colcon_core.shell:Creating prefix script '/home/cuadriga/cuadriga_ws/Cuadriga/src/Cuadriga_IA_/install/local_setup.ps1'
[22.113s] INFO:colcon.colcon_core.shell:Creating prefix util module '/home/cuadriga/cuadriga_ws/Cuadriga/src/Cuadriga_IA_/install/_local_setup_util_ps1.py'
[22.114s] INFO:colcon.colcon_core.shell:Creating prefix chain script '/home/cuadriga/cuadriga_ws/Cuadriga/src/Cuadriga_IA_/install/setup.ps1'
[22.115s] INFO:colcon.colcon_core.shell:Creating prefix script '/home/cuadriga/cuadriga_ws/Cuadriga/src/Cuadriga_IA_/install/local_setup.sh'
[22.116s] INFO:colcon.colcon_core.shell:Creating prefix util module '/home/cuadriga/cuadriga_ws/Cuadriga/src/Cuadriga_IA_/install/_local_setup_util_sh.py'
[22.116s] INFO:colcon.colcon_core.shell:Creating prefix chain script '/home/cuadriga/cuadriga_ws/Cuadriga/src/Cuadriga_IA_/install/setup.sh'
[22.118s] INFO:colcon.colcon_core.shell:Creating prefix script '/home/cuadriga/cuadriga_ws/Cuadriga/src/Cuadriga_IA_/install/local_setup.bash'
[22.118s] INFO:colcon.colcon_core.shell:Creating prefix chain script '/home/cuadriga/cuadriga_ws/Cuadriga/src/Cuadriga_IA_/install/setup.bash'
[22.119s] INFO:colcon.colcon_core.shell:Creating prefix script '/home/cuadriga/cuadriga_ws/Cuadriga/src/Cuadriga_IA_/install/local_setup.zsh'
[22.120s] INFO:colcon.colcon_core.shell:Creating prefix chain script '/home/cuadriga/cuadriga_ws/Cuadriga/src/Cuadriga_IA_/install/setup.zsh'
