/home/rhobtor/.local/lib/python3.10/site-packages/setuptools/_distutils/dist.py:289: UserWarning: Unknown distribution option: 'tests_require'
  warnings.warn(msg)
running egg_info
creating ../../../../build/cuadriga_gui/cuadriga_gui.egg-info
writing ../../../../build/cuadriga_gui/cuadriga_gui.egg-info/PKG-INFO
writing dependency_links to ../../../../build/cuadriga_gui/cuadriga_gui.egg-info/dependency_links.txt
writing entry points to ../../../../build/cuadriga_gui/cuadriga_gui.egg-info/entry_points.txt
writing requirements to ../../../../build/cuadriga_gui/cuadriga_gui.egg-info/requires.txt
writing top-level names to ../../../../build/cuadriga_gui/cuadriga_gui.egg-info/top_level.txt
writing manifest file '../../../../build/cuadriga_gui/cuadriga_gui.egg-info/SOURCES.txt'
reading manifest file '../../../../build/cuadriga_gui/cuadriga_gui.egg-info/SOURCES.txt'
writing manifest file '../../../../build/cuadriga_gui/cuadriga_gui.egg-info/SOURCES.txt'
running build
running build_py
creating /home/rhobtor/PHD/Cuadriga_j8/src/Cuadriga/src/ARGOSJ8_IA_/build/cuadriga_gui/build/lib/cuadriga_gui
copying cuadriga_gui/__init__.py -> /home/rhobtor/PHD/Cuadriga_j8/src/Cuadriga/src/ARGOSJ8_IA_/build/cuadriga_gui/build/lib/cuadriga_gui
copying cuadriga_gui/ros_api.py -> /home/rhobtor/PHD/Cuadriga_j8/src/Cuadriga/src/ARGOSJ8_IA_/build/cuadriga_gui/build/lib/cuadriga_gui
copying cuadriga_gui/gui_node.py -> /home/rhobtor/PHD/Cuadriga_j8/src/Cuadriga/src/ARGOSJ8_IA_/build/cuadriga_gui/build/lib/cuadriga_gui
creating /home/rhobtor/PHD/Cuadriga_j8/src/Cuadriga/src/ARGOSJ8_IA_/build/cuadriga_gui/build/lib/cuadriga_gui/app
copying cuadriga_gui/app/state_widget.py -> /home/rhobtor/PHD/Cuadriga_j8/src/Cuadriga/src/ARGOSJ8_IA_/build/cuadriga_gui/build/lib/cuadriga_gui/app
copying cuadriga_gui/app/followzed_widget.py -> /home/rhobtor/PHD/Cuadriga_j8/src/Cuadriga/src/ARGOSJ8_IA_/build/cuadriga_gui/build/lib/cuadriga_gui/app
copying cuadriga_gui/app/__init__.py -> /home/rhobtor/PHD/Cuadriga_j8/src/Cuadriga/src/ARGOSJ8_IA_/build/cuadriga_gui/build/lib/cuadriga_gui/app
copying cuadriga_gui/app/person_manager_widget.py -> /home/rhobtor/PHD/Cuadriga_j8/src/Cuadriga/src/ARGOSJ8_IA_/build/cuadriga_gui/build/lib/cuadriga_gui/app
copying cuadriga_gui/app/map_bridge.py -> /home/rhobtor/PHD/Cuadriga_j8/src/Cuadriga/src/ARGOSJ8_IA_/build/cuadriga_gui/build/lib/cuadriga_gui/app
copying cuadriga_gui/app/geo_local.py -> /home/rhobtor/PHD/Cuadriga_j8/src/Cuadriga/src/ARGOSJ8_IA_/build/cuadriga_gui/build/lib/cuadriga_gui/app
copying cuadriga_gui/app/control_widget.py -> /home/rhobtor/PHD/Cuadriga_j8/src/Cuadriga/src/ARGOSJ8_IA_/build/cuadriga_gui/build/lib/cuadriga_gui/app
copying cuadriga_gui/app/main_window.py -> /home/rhobtor/PHD/Cuadriga_j8/src/Cuadriga/src/ARGOSJ8_IA_/build/cuadriga_gui/build/lib/cuadriga_gui/app
running install
running install_lib
creating /home/rhobtor/PHD/Cuadriga_j8/src/Cuadriga/src/ARGOSJ8_IA_/install/cuadriga_gui/lib/python3.10/site-packages/cuadriga_gui
copying /home/rhobtor/PHD/Cuadriga_j8/src/Cuadriga/src/ARGOSJ8_IA_/build/cuadriga_gui/build/lib/cuadriga_gui/__init__.py -> /home/rhobtor/PHD/Cuadriga_j8/src/Cuadriga/src/ARGOSJ8_IA_/install/cuadriga_gui/lib/python3.10/site-packages/cuadriga_gui
copying /home/rhobtor/PHD/Cuadriga_j8/src/Cuadriga/src/ARGOSJ8_IA_/build/cuadriga_gui/build/lib/cuadriga_gui/ros_api.py -> /home/rhobtor/PHD/Cuadriga_j8/src/Cuadriga/src/ARGOSJ8_IA_/install/cuadriga_gui/lib/python3.10/site-packages/cuadriga_gui
creating /home/rhobtor/PHD/Cuadriga_j8/src/Cuadriga/src/ARGOSJ8_IA_/install/cuadriga_gui/lib/python3.10/site-packages/cuadriga_gui/app
copying /home/rhobtor/PHD/Cuadriga_j8/src/Cuadriga/src/ARGOSJ8_IA_/build/cuadriga_gui/build/lib/cuadriga_gui/app/state_widget.py -> /home/rhobtor/PHD/Cuadriga_j8/src/Cuadriga/src/ARGOSJ8_IA_/install/cuadriga_gui/lib/python3.10/site-packages/cuadriga_gui/app
copying /home/rhobtor/PHD/Cuadriga_j8/src/Cuadriga/src/ARGOSJ8_IA_/build/cuadriga_gui/build/lib/cuadriga_gui/app/followzed_widget.py -> /home/rhobtor/PHD/Cuadriga_j8/src/Cuadriga/src/ARGOSJ8_IA_/install/cuadriga_gui/lib/python3.10/site-packages/cuadriga_gui/app
copying /home/rhobtor/PHD/Cuadriga_j8/src/Cuadriga/src/ARGOSJ8_IA_/build/cuadriga_gui/build/lib/cuadriga_gui/app/__init__.py -> /home/rhobtor/PHD/Cuadriga_j8/src/Cuadriga/src/ARGOSJ8_IA_/install/cuadriga_gui/lib/python3.10/site-packages/cuadriga_gui/app
copying /home/rhobtor/PHD/Cuadriga_j8/src/Cuadriga/src/ARGOSJ8_IA_/build/cuadriga_gui/build/lib/cuadriga_gui/app/person_manager_widget.py -> /home/rhobtor/PHD/Cuadriga_j8/src/Cuadriga/src/ARGOSJ8_IA_/install/cuadriga_gui/lib/python3.10/site-packages/cuadriga_gui/app
copying /home/rhobtor/PHD/Cuadriga_j8/src/Cuadriga/src/ARGOSJ8_IA_/build/cuadriga_gui/build/lib/cuadriga_gui/app/map_bridge.py -> /home/rhobtor/PHD/Cuadriga_j8/src/Cuadriga/src/ARGOSJ8_IA_/install/cuadriga_gui/lib/python3.10/site-packages/cuadriga_gui/app
copying /home/rhobtor/PHD/Cuadriga_j8/src/Cuadriga/src/ARGOSJ8_IA_/build/cuadriga_gui/build/lib/cuadriga_gui/app/geo_local.py -> /home/rhobtor/PHD/Cuadriga_j8/src/Cuadriga/src/ARGOSJ8_IA_/install/cuadriga_gui/lib/python3.10/site-packages/cuadriga_gui/app
copying /home/rhobtor/PHD/Cuadriga_j8/src/Cuadriga/src/ARGOSJ8_IA_/build/cuadriga_gui/build/lib/cuadriga_gui/app/control_widget.py -> /home/rhobtor/PHD/Cuadriga_j8/src/Cuadriga/src/ARGOSJ8_IA_/install/cuadriga_gui/lib/python3.10/site-packages/cuadriga_gui/app
copying /home/rhobtor/PHD/Cuadriga_j8/src/Cuadriga/src/ARGOSJ8_IA_/build/cuadriga_gui/build/lib/cuadriga_gui/app/main_window.py -> /home/rhobtor/PHD/Cuadriga_j8/src/Cuadriga/src/ARGOSJ8_IA_/install/cuadriga_gui/lib/python3.10/site-packages/cuadriga_gui/app
copying /home/rhobtor/PHD/Cuadriga_j8/src/Cuadriga/src/ARGOSJ8_IA_/build/cuadriga_gui/build/lib/cuadriga_gui/gui_node.py -> /home/rhobtor/PHD/Cuadriga_j8/src/Cuadriga/src/ARGOSJ8_IA_/install/cuadriga_gui/lib/python3.10/site-packages/cuadriga_gui
byte-compiling /home/rhobtor/PHD/Cuadriga_j8/src/Cuadriga/src/ARGOSJ8_IA_/install/cuadriga_gui/lib/python3.10/site-packages/cuadriga_gui/__init__.py to __init__.cpython-310.pyc
byte-compiling /home/rhobtor/PHD/Cuadriga_j8/src/Cuadriga/src/ARGOSJ8_IA_/install/cuadriga_gui/lib/python3.10/site-packages/cuadriga_gui/ros_api.py to ros_api.cpython-310.pyc
byte-compiling /home/rhobtor/PHD/Cuadriga_j8/src/Cuadriga/src/ARGOSJ8_IA_/install/cuadriga_gui/lib/python3.10/site-packages/cuadriga_gui/app/state_widget.py to state_widget.cpython-310.pyc
byte-compiling /home/rhobtor/PHD/Cuadriga_j8/src/Cuadriga/src/ARGOSJ8_IA_/install/cuadriga_gui/lib/python3.10/site-packages/cuadriga_gui/app/followzed_widget.py to followzed_widget.cpython-310.pyc
byte-compiling /home/rhobtor/PHD/Cuadriga_j8/src/Cuadriga/src/ARGOSJ8_IA_/install/cuadriga_gui/lib/python3.10/site-packages/cuadriga_gui/app/__init__.py to __init__.cpython-310.pyc
byte-compiling /home/rhobtor/PHD/Cuadriga_j8/src/Cuadriga/src/ARGOSJ8_IA_/install/cuadriga_gui/lib/python3.10/site-packages/cuadriga_gui/app/person_manager_widget.py to person_manager_widget.cpython-310.pyc
byte-compiling /home/rhobtor/PHD/Cuadriga_j8/src/Cuadriga/src/ARGOSJ8_IA_/install/cuadriga_gui/lib/python3.10/site-packages/cuadriga_gui/app/map_bridge.py to map_bridge.cpython-310.pyc
byte-compiling /home/rhobtor/PHD/Cuadriga_j8/src/Cuadriga/src/ARGOSJ8_IA_/install/cuadriga_gui/lib/python3.10/site-packages/cuadriga_gui/app/geo_local.py to geo_local.cpython-310.pyc
byte-compiling /home/rhobtor/PHD/Cuadriga_j8/src/Cuadriga/src/ARGOSJ8_IA_/install/cuadriga_gui/lib/python3.10/site-packages/cuadriga_gui/app/control_widget.py to control_widget.cpython-310.pyc
byte-compiling /home/rhobtor/PHD/Cuadriga_j8/src/Cuadriga/src/ARGOSJ8_IA_/install/cuadriga_gui/lib/python3.10/site-packages/cuadriga_gui/app/main_window.py to main_window.cpython-310.pyc
byte-compiling /home/rhobtor/PHD/Cuadriga_j8/src/Cuadriga/src/ARGOSJ8_IA_/install/cuadriga_gui/lib/python3.10/site-packages/cuadriga_gui/gui_node.py to gui_node.cpython-310.pyc
running install_data
creating /home/rhobtor/PHD/Cuadriga_j8/src/Cuadriga/src/ARGOSJ8_IA_/install/cuadriga_gui/share/ament_index/resource_index/packages
error: can't copy 'resource/cuadriga_gui': doesn't exist or not a regular file
