[100%] Built target cuadriga_actuator_node
-- Install configuration: ""
-- Up-to-date: /home/rhobtor/PHD/Cuadriga_j8/src/Cuadriga/src/ARGOSJ8_IA_/install/cuadriga_actuator/lib/cuadriga_actuator/cuadriga_actuator_node
-- Up-to-date: /home/rhobtor/PHD/Cuadriga_j8/src/Cuadriga/src/ARGOSJ8_IA_/install/cuadriga_actuator/include
-- Up-to-date: /home/rhobtor/PHD/Cuadriga_j8/src/Cuadriga/src/ARGOSJ8_IA_/install/cuadriga_actuator/include/cuadriga_actuator
-- Up-to-date: /home/rhobtor/PHD/Cuadriga_j8/src/Cuadriga/src/ARGOSJ8_IA_/install/cuadriga_actuator/include/cuadriga_actuator/cuadriga_actuator_node.hpp
-- Up-to-date: /home/rhobtor/PHD/Cuadriga_j8/src/Cuadriga/src/ARGOSJ8_IA_/install/cuadriga_actuator/share/ament_index/resource_index/package_run_dependencies/cuadriga_actuator
-- Up-to-date: /home/rhobtor/PHD/Cuadriga_j8/src/Cuadriga/src/ARGOSJ8_IA_/install/cuadriga_actuator/share/ament_index/resource_index/parent_prefix_path/cuadriga_actuator
-- Up-to-date: /home/rhobtor/PHD/Cuadriga_j8/src/Cuadriga/src/ARGOSJ8_IA_/install/cuadriga_actuator/share/cuadriga_actuator/environment/ament_prefix_path.sh
-- Up-to-date: /home/rhobtor/PHD/Cuadriga_j8/src/Cuadriga/src/ARGOSJ8_IA_/install/cuadriga_actuator/share/cuadriga_actuator/environment/ament_prefix_path.dsv
-- Up-to-date: /home/rhobtor/PHD/Cuadriga_j8/src/Cuadriga/src/ARGOSJ8_IA_/install/cuadriga_actuator/share/cuadriga_actuator/environment/path.sh
-- Up-to-date: /home/rhobtor/PHD/Cuadriga_j8/src/Cuadriga/src/ARGOSJ8_IA_/install/cuadriga_actuator/share/cuadriga_actuator/environment/path.dsv
-- Up-to-date: /home/rhobtor/PHD/Cuadriga_j8/src/Cuadriga/src/ARGOSJ8_IA_/install/cuadriga_actuator/share/cuadriga_actuator/local_setup.bash
-- Up-to-date: /home/rhobtor/PHD/Cuadriga_j8/src/Cuadriga/src/ARGOSJ8_IA_/install/cuadriga_actuator/share/cuadriga_actuator/local_setup.sh
-- Up-to-date: /home/rhobtor/PHD/Cuadriga_j8/src/Cuadriga/src/ARGOSJ8_IA_/install/cuadriga_actuator/share/cuadriga_actuator/local_setup.zsh
-- Up-to-date: /home/rhobtor/PHD/Cuadriga_j8/src/Cuadriga/src/ARGOSJ8_IA_/install/cuadriga_actuator/share/cuadriga_actuator/local_setup.dsv
-- Installing: /home/rhobtor/PHD/Cuadriga_j8/src/Cuadriga/src/ARGOSJ8_IA_/install/cuadriga_actuator/share/cuadriga_actuator/package.dsv
-- Up-to-date: /home/rhobtor/PHD/Cuadriga_j8/src/Cuadriga/src/ARGOSJ8_IA_/install/cuadriga_actuator/share/ament_index/resource_index/packages/cuadriga_actuator
-- Up-to-date: /home/rhobtor/PHD/Cuadriga_j8/src/Cuadriga/src/ARGOSJ8_IA_/install/cuadriga_actuator/share/cuadriga_actuator/cmake/cuadriga_actuatorConfig.cmake
-- Up-to-date: /home/rhobtor/PHD/Cuadriga_j8/src/Cuadriga/src/ARGOSJ8_IA_/install/cuadriga_actuator/share/cuadriga_actuator/cmake/cuadriga_actuatorConfig-version.cmake
-- Up-to-date: /home/rhobtor/PHD/Cuadriga_j8/src/Cuadriga/src/ARGOSJ8_IA_/install/cuadriga_actuator/share/cuadriga_actuator/package.xml
