-- Found ament_cmake: 1.3.14 (/opt/ros/humble/share/ament_cmake/cmake)
-- Found rclcpp: 16.0.18 (/opt/ros/humble/share/rclcpp/cmake)
-- Found rosidl_generator_c: 3.1.8 (/opt/ros/humble/share/rosidl_generator_c/cmake)
-- Found rosidl_adapter: 3.1.8 (/opt/ros/humble/share/rosidl_adapter/cmake)
-- Found rosidl_generator_cpp: 3.1.8 (/opt/ros/humble/share/rosidl_generator_cpp/cmake)
-- Using all available rosidl_typesupport_c: rosidl_typesupport_fastrtps_c;rosidl_typesupport_introspection_c
-- Using all available rosidl_typesupport_cpp: rosidl_typesupport_fastrtps_cpp;rosidl_typesupport_introspection_cpp
-- Found rmw_implementation_cmake: 6.1.2 (/opt/ros/humble/share/rmw_implementation_cmake/cmake)
-- Found rmw_fastrtps_cpp: 6.2.10 (/opt/ros/humble/share/rmw_fastrtps_cpp/cmake)
-- Using RMW implementation 'rmw_fastrtps_cpp' as default
-- Found rclcpp_lifecycle: 16.0.18 (/opt/ros/humble/share/rclcpp_lifecycle/cmake)
-- Found std_srvs: 4.9.1 (/opt/ros/humble/share/std_srvs/cmake)
-- Found sensor_msgs: 4.9.1 (/opt/ros/humble/share/sensor_msgs/cmake)
-- Found tf2: 0.25.19 (/opt/ros/humble/share/tf2/cmake)
-- Found tf2_ros: 0.25.19 (/opt/ros/humble/share/tf2_ros/cmake)
-- Found tf2_geometry_msgs: 0.25.19 (/opt/ros/humble/share/tf2_geometry_msgs/cmake)
-- Found eigen3_cmake_module: 0.1.1 (/opt/ros/humble/share/eigen3_cmake_module/cmake)
-- Ensuring Eigen3 include directory is part of orocos-kdl CMake target
-- Found nav_msgs: 4.9.1 (/opt/ros/humble/share/nav_msgs/cmake)
-- Found trajectory_msgs: 4.9.1 (/opt/ros/humble/share/trajectory_msgs/cmake)
-- Found ctl_mission_interfaces: 0.0.0 (/home/rhobtor/PHD/Cuadriga_j8/src/Cuadriga/src/ARGOSJ8_IA_/install/ctl_mission_interfaces/share/ctl_mission_interfaces/cmake)
-- Found path_manager_interfaces: 0.0.0 (/home/rhobtor/PHD/Cuadriga_j8/src/Cuadriga/src/ARGOSJ8_IA_/install/path_manager_interfaces/share/path_manager_interfaces/cmake)
-- Found rosidl_default_generators: 1.2.1 (/opt/ros/humble/share/rosidl_default_generators/cmake)
-- Found ament_lint_auto: 0.12.15 (/opt/ros/humble/share/ament_lint_auto/cmake)
-- Found launch_testing_ament_cmake: 1.0.14 (/opt/ros/humble/share/launch_testing_ament_cmake/cmake)
-- Found python_cmake_module: 0.10.0 (/opt/ros/humble/share/python_cmake_module/cmake)
-- Using PYTHON_EXECUTABLE: /usr/bin/python3
-- Using PYTHON_INCLUDE_DIRS: /usr/include/python3.10
-- Using PYTHON_LIBRARIES: /usr/lib/x86_64-linux-gnu/libpython3.10.so
-- Added test 'copyright' to check source files copyright and LICENSE
-- Added test 'cppcheck' to perform static code analysis on C / C++ code
-- Configured cppcheck include dirs: $<BUILD_INTERFACE:/home/rhobtor/PHD/Cuadriga_j8/src/Cuadriga/src/ARGOSJ8_IA_/src/ctl_mission/ctl_mission/include>
-- Configured cppcheck exclude dirs and/or files: 
-- Added test 'cpplint' to check C / C++ code against the Google style
-- Configured cpplint exclude dirs and/or files: 
-- Added test 'flake8' to check Python code syntax and style conventions
-- Added test 'lint_cmake' to check CMake code style
-- Added test 'pep257' to check Python code against some of the docstring style conventions in PEP 257
-- Added test 'uncrustify' to check C / C++ code style
-- Configured uncrustify additional arguments: 
-- Added test 'xmllint' to check XML markup files
-- Configuring done (1.1s)
-- Generating done (0.1s)
-- Build files have been written to: /home/rhobtor/PHD/Cuadriga_j8/src/Cuadriga/src/ARGOSJ8_IA_/build/ctl_mission
[  0%] Built target ament_cmake_python_copy_ctl_mission
[  2%] [32mBuilding CXX object CMakeFiles/ctl_mission.dir/src/cuadriga_FSM.cpp.o[0m
[  5%] [32mBuilding CXX object CMakeFiles/ctl_mission.dir/src/argj08_ctl_node.cpp.o[0m
[  8%] [32mBuilding CXX object CMakeFiles/estop_node.dir/src/FSM_states/estop_node.cpp.o[0m
[ 11%] [32mBuilding CXX object CMakeFiles/path_record_node.dir/src/FSM_states/path_record_node.cpp.o[0m
[ 17%] Built target back_home_node
[ 20%] [32mBuilding CXX object CMakeFiles/teleoperation_node.dir/src/FSM_states/teleoperation_node.cpp.o[0m
[ 23%] [32mBuilding CXX object CMakeFiles/path_following.dir/src/FSM_states/path_following_node.cpp.o[0m
[ 32%] Built target mppi_sac_relay_node
[ 35%] [32mBuilding CXX object CMakeFiles/ready_node.dir/src/FSM_states/ready_node.cpp.o[0m
[ 38%] [32mBuilding CXX object CMakeFiles/follow_zed_node.dir/src/FSM_states/follow_zed_node.cpp.o[0m
[ 41%] [32mBuilding CXX object CMakeFiles/controller_node.dir/src/FSM_states/Ctrl_node.cpp.o[0m
running egg_info
writing ctl_mission.egg-info/PKG-INFO
writing dependency_links to ctl_mission.egg-info/dependency_links.txt
writing top-level names to ctl_mission.egg-info/top_level.txt
reading manifest file 'ctl_mission.egg-info/SOURCES.txt'
writing manifest file 'ctl_mission.egg-info/SOURCES.txt'
[ 41%] Built target ament_cmake_python_build_ctl_mission_egg
[ 44%] [32m[1mLinking CXX executable ready_node[0m
[ 47%] Built target ready_node
[ 50%] [32m[1mLinking CXX executable estop_node[0m
[ 52%] Built target estop_node
[ 55%] [32m[1mLinking CXX executable teleoperation_node[0m
[ 58%] Built target teleoperation_node
[ 61%] [32m[1mLinking CXX executable path_record_node[0m
[ 64%] Built target path_record_node
[ 67%] [32m[1mLinking CXX executable path_following[0m
[ 70%] Built target path_following
[ 73%] [32m[1mLinking CXX executable controller_node[0m
[ 91%] Built target controller_node
[ 94%] [32m[1mLinking CXX executable follow_zed_node[0m
[ 97%] Built target follow_zed_node
