[0.010s] Invoking command in '/home/cuadriga/cuadriga_ws/Cuadriga/src/Cuadriga_IA_/build/cuadriga_actuator': CMAKE_PREFIX_PATH=${CMAKE_PREFIX_PATH}:/home/cuadriga/tfgcuadriga/install/gpx_loader:/opt/ros/humble /usr/bin/cmake --build /home/cuadriga/cuadriga_ws/Cuadriga/src/Cuadriga_IA_/build/cuadriga_actuator -- -j8 -l8
[0.054s] [35m[1mConsolidate compiler generated dependencies of target cuadriga_actuator_node[0m
[0.075s] [ 66%] [32mBuilding CXX object CMakeFiles/cuadriga_actuator_node.dir/src/cuadriga_actuator_node_main.cpp.o[0m
[0.075s] [ 66%] [32mBuilding CXX object CMakeFiles/cuadriga_actuator_node.dir/src/cuadriga_actuator_node.cpp.o[0m
[8.464s] [100%] [32m[1mLinking CXX executable cuadriga_actuator_node[0m
[8.867s] [100%] Built target cuadriga_actuator_node
[8.879s] Invoked command in '/home/cuadriga/cuadriga_ws/Cuadriga/src/Cuadriga_IA_/build/cuadriga_actuator' returned '0': CMAKE_PREFIX_PATH=${CMAKE_PREFIX_PATH}:/home/cuadriga/tfgcuadriga/install/gpx_loader:/opt/ros/humble /usr/bin/cmake --build /home/cuadriga/cuadriga_ws/Cuadriga/src/Cuadriga_IA_/build/cuadriga_actuator -- -j8 -l8
[8.889s] Invoking command in '/home/cuadriga/cuadriga_ws/Cuadriga/src/Cuadriga_IA_/build/cuadriga_actuator': CMAKE_PREFIX_PATH=${CMAKE_PREFIX_PATH}:/home/cuadriga/tfgcuadriga/install/gpx_loader:/opt/ros/humble /usr/bin/cmake --install /home/cuadriga/cuadriga_ws/Cuadriga/src/Cuadriga_IA_/build/cuadriga_actuator
[8.897s] -- Install configuration: ""
[8.897s] -- Execute custom install script
[8.898s] -- Up-to-date symlink: /home/cuadriga/cuadriga_ws/Cuadriga/src/Cuadriga_IA_/install/cuadriga_actuator/lib/cuadriga_actuator/cuadriga_actuator_node
[8.898s] -- Up-to-date symlink: /home/cuadriga/cuadriga_ws/Cuadriga/src/Cuadriga_IA_/install/cuadriga_actuator/include/cuadriga_actuator/cuadriga_actuator_node.hpp
[8.898s] -- Up-to-date symlink: /home/cuadriga/cuadriga_ws/Cuadriga/src/Cuadriga_IA_/install/cuadriga_actuator/share/ament_index/resource_index/package_run_dependencies/cuadriga_actuator
[8.898s] -- Up-to-date symlink: /home/cuadriga/cuadriga_ws/Cuadriga/src/Cuadriga_IA_/install/cuadriga_actuator/share/ament_index/resource_index/parent_prefix_path/cuadriga_actuator
[8.898s] -- Up-to-date symlink: /home/cuadriga/cuadriga_ws/Cuadriga/src/Cuadriga_IA_/install/cuadriga_actuator/share/cuadriga_actuator/environment/ament_prefix_path.sh
[8.899s] -- Up-to-date symlink: /home/cuadriga/cuadriga_ws/Cuadriga/src/Cuadriga_IA_/install/cuadriga_actuator/share/cuadriga_actuator/environment/ament_prefix_path.dsv
[8.899s] -- Up-to-date symlink: /home/cuadriga/cuadriga_ws/Cuadriga/src/Cuadriga_IA_/install/cuadriga_actuator/share/cuadriga_actuator/environment/path.sh
[8.899s] -- Up-to-date symlink: /home/cuadriga/cuadriga_ws/Cuadriga/src/Cuadriga_IA_/install/cuadriga_actuator/share/cuadriga_actuator/environment/path.dsv
[8.899s] -- Up-to-date symlink: /home/cuadriga/cuadriga_ws/Cuadriga/src/Cuadriga_IA_/install/cuadriga_actuator/share/cuadriga_actuator/local_setup.bash
[8.899s] -- Up-to-date symlink: /home/cuadriga/cuadriga_ws/Cuadriga/src/Cuadriga_IA_/install/cuadriga_actuator/share/cuadriga_actuator/local_setup.sh
[8.899s] -- Up-to-date symlink: /home/cuadriga/cuadriga_ws/Cuadriga/src/Cuadriga_IA_/install/cuadriga_actuator/share/cuadriga_actuator/local_setup.zsh
[8.899s] -- Up-to-date symlink: /home/cuadriga/cuadriga_ws/Cuadriga/src/Cuadriga_IA_/install/cuadriga_actuator/share/cuadriga_actuator/local_setup.dsv
[8.900s] -- Symlinking: /home/cuadriga/cuadriga_ws/Cuadriga/src/Cuadriga_IA_/install/cuadriga_actuator/share/cuadriga_actuator/package.dsv
[8.910s] -- Up-to-date symlink: /home/cuadriga/cuadriga_ws/Cuadriga/src/Cuadriga_IA_/install/cuadriga_actuator/share/ament_index/resource_index/packages/cuadriga_actuator
[8.910s] -- Up-to-date symlink: /home/cuadriga/cuadriga_ws/Cuadriga/src/Cuadriga_IA_/install/cuadriga_actuator/share/cuadriga_actuator/cmake/cuadriga_actuatorConfig.cmake
[8.910s] -- Up-to-date symlink: /home/cuadriga/cuadriga_ws/Cuadriga/src/Cuadriga_IA_/install/cuadriga_actuator/share/cuadriga_actuator/cmake/cuadriga_actuatorConfig-version.cmake
[8.910s] -- Up-to-date symlink: /home/cuadriga/cuadriga_ws/Cuadriga/src/Cuadriga_IA_/install/cuadriga_actuator/share/cuadriga_actuator/package.xml
[8.912s] Invoked command in '/home/cuadriga/cuadriga_ws/Cuadriga/src/Cuadriga_IA_/build/cuadriga_actuator' returned '0': CMAKE_PREFIX_PATH=${CMAKE_PREFIX_PATH}:/home/cuadriga/tfgcuadriga/install/gpx_loader:/opt/ros/humble /usr/bin/cmake --install /home/cuadriga/cuadriga_ws/Cuadriga/src/Cuadriga_IA_/build/cuadriga_actuator
