[0.898s] Invoking command in '/home/rhobtor/PHD/Cuadriga_j8/src/Cuadriga/src/ARGOSJ8_IA_/src/test_gui_j8/src/cuadriga_gui': PYTHONPATH=/home/rhobtor/PHD/Cuadriga_j8/src/Cuadriga/src/ARGOSJ8_IA_/build/cuadriga_gui/prefix_override:/usr/lib/python3/dist-packages/colcon_core/task/python/colcon_distutils_commands:/home/rhobtor/PHD/Cuadriga_j8/src/Cuadriga/src/ARGOSJ8_IA_/install/cuadriga_gui/lib/python3.10/site-packages:${PYTHONPATH} /usr/bin/python3 -W ignore:setup.py install is deprecated -W ignore:easy_install command is deprecated setup.py egg_info --egg-base ../../../../build/cuadriga_gui build --build-base /home/rhobtor/PHD/Cuadriga_j8/src/Cuadriga/src/ARGOSJ8_IA_/build/cuadriga_gui/build install --record /home/rhobtor/PHD/Cuadriga_j8/src/Cuadriga/src/ARGOSJ8_IA_/build/cuadriga_gui/install.log --single-version-externally-managed install_data
[1.015s] /home/rhobtor/.local/lib/python3.10/site-packages/setuptools/_distutils/dist.py:289: UserWarning: Unknown distribution option: 'tests_require'
[1.015s]   warnings.warn(msg)
[1.080s] running egg_info
[1.091s] writing ../../../../build/cuadriga_gui/cuadriga_gui.egg-info/PKG-INFO
[1.092s] writing dependency_links to ../../../../build/cuadriga_gui/cuadriga_gui.egg-info/dependency_links.txt
[1.092s] writing entry points to ../../../../build/cuadriga_gui/cuadriga_gui.egg-info/entry_points.txt
[1.092s] writing requirements to ../../../../build/cuadriga_gui/cuadriga_gui.egg-info/requires.txt
[1.092s] writing top-level names to ../../../../build/cuadriga_gui/cuadriga_gui.egg-info/top_level.txt
[1.116s] reading manifest file '../../../../build/cuadriga_gui/cuadriga_gui.egg-info/SOURCES.txt'
[1.117s] writing manifest file '../../../../build/cuadriga_gui/cuadriga_gui.egg-info/SOURCES.txt'
[1.117s] running build
[1.118s] running build_py
[1.118s] copying cuadriga_gui/__init__.py -> /home/rhobtor/PHD/Cuadriga_j8/src/Cuadriga/src/ARGOSJ8_IA_/build/cuadriga_gui/build/lib/cuadriga_gui
[1.118s] copying cuadriga_gui/ros_api.py -> /home/rhobtor/PHD/Cuadriga_j8/src/Cuadriga/src/ARGOSJ8_IA_/build/cuadriga_gui/build/lib/cuadriga_gui
[1.118s] copying cuadriga_gui/gui_node.py -> /home/rhobtor/PHD/Cuadriga_j8/src/Cuadriga/src/ARGOSJ8_IA_/build/cuadriga_gui/build/lib/cuadriga_gui
[1.118s] copying cuadriga_gui/app/state_widget.py -> /home/rhobtor/PHD/Cuadriga_j8/src/Cuadriga/src/ARGOSJ8_IA_/build/cuadriga_gui/build/lib/cuadriga_gui/app
[1.119s] copying cuadriga_gui/app/followzed_widget.py -> /home/rhobtor/PHD/Cuadriga_j8/src/Cuadriga/src/ARGOSJ8_IA_/build/cuadriga_gui/build/lib/cuadriga_gui/app
[1.119s] copying cuadriga_gui/app/__init__.py -> /home/rhobtor/PHD/Cuadriga_j8/src/Cuadriga/src/ARGOSJ8_IA_/build/cuadriga_gui/build/lib/cuadriga_gui/app
[1.119s] copying cuadriga_gui/app/person_manager_widget.py -> /home/rhobtor/PHD/Cuadriga_j8/src/Cuadriga/src/ARGOSJ8_IA_/build/cuadriga_gui/build/lib/cuadriga_gui/app
[1.119s] copying cuadriga_gui/app/map_bridge.py -> /home/rhobtor/PHD/Cuadriga_j8/src/Cuadriga/src/ARGOSJ8_IA_/build/cuadriga_gui/build/lib/cuadriga_gui/app
[1.119s] copying cuadriga_gui/app/geo_local.py -> /home/rhobtor/PHD/Cuadriga_j8/src/Cuadriga/src/ARGOSJ8_IA_/build/cuadriga_gui/build/lib/cuadriga_gui/app
[1.119s] copying cuadriga_gui/app/control_widget.py -> /home/rhobtor/PHD/Cuadriga_j8/src/Cuadriga/src/ARGOSJ8_IA_/build/cuadriga_gui/build/lib/cuadriga_gui/app
[1.119s] copying cuadriga_gui/app/main_window.py -> /home/rhobtor/PHD/Cuadriga_j8/src/Cuadriga/src/ARGOSJ8_IA_/build/cuadriga_gui/build/lib/cuadriga_gui/app
[1.120s] running install
[1.123s] running install_lib
[1.134s] running install_data
[1.134s] error: can't copy 'resource/cuadriga_gui': doesn't exist or not a regular file
[1.150s] Invoked command in '/home/rhobtor/PHD/Cuadriga_j8/src/Cuadriga/src/ARGOSJ8_IA_/src/test_gui_j8/src/cuadriga_gui' returned '1': PYTHONPATH=/home/rhobtor/PHD/Cuadriga_j8/src/Cuadriga/src/ARGOSJ8_IA_/build/cuadriga_gui/prefix_override:/usr/lib/python3/dist-packages/colcon_core/task/python/colcon_distutils_commands:/home/rhobtor/PHD/Cuadriga_j8/src/Cuadriga/src/ARGOSJ8_IA_/install/cuadriga_gui/lib/python3.10/site-packages:${PYTHONPATH} /usr/bin/python3 -W ignore:setup.py install is deprecated -W ignore:easy_install command is deprecated setup.py egg_info --egg-base ../../../../build/cuadriga_gui build --build-base /home/rhobtor/PHD/Cuadriga_j8/src/Cuadriga/src/ARGOSJ8_IA_/build/cuadriga_gui/build install --record /home/rhobtor/PHD/Cuadriga_j8/src/Cuadriga/src/ARGOSJ8_IA_/build/cuadriga_gui/install.log --single-version-externally-managed install_data
