[0.016s] Invoking command in '/workspaces/Cuadriga_IA_/build/ctl_mission_interfaces': CMAKE_PREFIX_PATH=${CMAKE_PREFIX_PATH}:/ros2_ws/install/cuadriga_gui:/opt/ros/humble /usr/bin/cmake /workspaces/Cuadriga_IA_/src/ctl_mission/ctl_mission_interfaces -DAMENT_CMAKE_SYMLINK_INSTALL=1 -DCMAKE_INSTALL_PREFIX=/workspaces/Cuadriga_IA_/install/ctl_mission_interfaces
[0.228s] -- The C compiler identification is GNU 11.4.0
[0.400s] -- The CXX compiler identification is GNU 11.4.0
[0.413s] -- Detecting C compiler ABI info
[0.491s] -- Detecting C compiler ABI info - done
[0.498s] -- Check for working C compiler: /usr/bin/cc - skipped
[0.499s] -- Detecting C compile features
[0.500s] -- Detecting C compile features - done
[0.503s] -- Detecting CXX compiler ABI info
[0.587s] -- Detecting CXX compiler ABI info - done
[0.595s] -- Check for working CXX compiler: /usr/bin/c++ - skipped
[0.595s] -- Detecting CXX compile features
[0.595s] -- Detecting CXX compile features - done
[0.602s] -- Found ament_cmake: 1.3.14 (/opt/ros/humble/share/ament_cmake/cmake)
[0.764s] -- Found Python3: /usr/bin/python3 (found version "3.10.12") found components: Interpreter 
[0.835s] -- Override CMake install command with custom implementation using symlinks instead of copying resources
[0.924s] -- Found rosidl_default_generators: 1.2.1 (/opt/ros/humble/share/rosidl_default_generators/cmake)
[0.933s] -- Using all available rosidl_typesupport_c: rosidl_typesupport_fastrtps_c;rosidl_typesupport_introspection_c
[0.950s] -- Found rosidl_adapter: 3.1.8 (/opt/ros/humble/share/rosidl_adapter/cmake)
[1.037s] -- Using all available rosidl_typesupport_cpp: rosidl_typesupport_fastrtps_cpp;rosidl_typesupport_introspection_cpp
[1.113s] -- Found std_msgs: 4.9.1 (/opt/ros/humble/share/std_msgs/cmake)
[1.163s] -- Found nav_msgs: 4.9.1 (/opt/ros/humble/share/nav_msgs/cmake)
[1.573s] -- Found ament_cmake_ros: 0.10.0 (/opt/ros/humble/share/ament_cmake_ros/cmake)
[1.859s] -- Using all available rosidl_typesupport_c: rosidl_typesupport_fastrtps_c;rosidl_typesupport_introspection_c
[2.232s] -- Using all available rosidl_typesupport_cpp: rosidl_typesupport_fastrtps_cpp;rosidl_typesupport_introspection_cpp
[2.255s] -- Found PythonInterp: /usr/bin/python3 (found suitable version "3.10.12", minimum required is "3.6") 
[2.259s] -- Found python_cmake_module: 0.10.0 (/opt/ros/humble/share/python_cmake_module/cmake)
[2.284s] -- Found PythonLibs: /usr/lib/x86_64-linux-gnu/libpython3.10.so (found suitable version "3.10.12", minimum required is "3.5") 
[2.284s] -- Using PYTHON_EXECUTABLE: /usr/bin/python3
[2.285s] -- Using PYTHON_INCLUDE_DIRS: /usr/include/python3.10
[2.285s] -- Using PYTHON_LIBRARIES: /usr/lib/x86_64-linux-gnu/libpython3.10.so
[2.306s] -- Found PythonExtra: .so  
[2.567s] -- Using numpy include directory: /usr/local/lib/python3.10/dist-packages/numpy/core/include
[2.704s] -- Configuring done
[2.761s] -- Generating done
[2.774s] -- Build files have been written to: /workspaces/Cuadriga_IA_/build/ctl_mission_interfaces
[2.783s] Invoked command in '/workspaces/Cuadriga_IA_/build/ctl_mission_interfaces' returned '0': CMAKE_PREFIX_PATH=${CMAKE_PREFIX_PATH}:/ros2_ws/install/cuadriga_gui:/opt/ros/humble /usr/bin/cmake /workspaces/Cuadriga_IA_/src/ctl_mission/ctl_mission_interfaces -DAMENT_CMAKE_SYMLINK_INSTALL=1 -DCMAKE_INSTALL_PREFIX=/workspaces/Cuadriga_IA_/install/ctl_mission_interfaces
[2.785s] Invoking command in '/workspaces/Cuadriga_IA_/build/ctl_mission_interfaces': CMAKE_PREFIX_PATH=${CMAKE_PREFIX_PATH}:/ros2_ws/install/cuadriga_gui:/opt/ros/humble /usr/bin/cmake --build /workspaces/Cuadriga_IA_/build/ctl_mission_interfaces -- -j8 -l8
[2.837s] [  1%] [34m[1mGenerating C code for ROS interfaces[0m
[2.853s] [  2%] [34m[1mGenerating Rust code for ROS interfaces[0m
[2.856s] [  2%] [34m[1mGenerating C++ code for ROS interfaces[0m
[2.871s] [  2%] Built target ament_cmake_python_symlink_ctl_mission_interfaces
[3.260s] running egg_info
[3.262s] creating ctl_mission_interfaces.egg-info
[3.284s] writing ctl_mission_interfaces.egg-info/PKG-INFO
[3.285s] writing dependency_links to ctl_mission_interfaces.egg-info/dependency_links.txt
[3.285s] writing top-level names to ctl_mission_interfaces.egg-info/top_level.txt
[3.285s] writing manifest file 'ctl_mission_interfaces.egg-info/SOURCES.txt'
[3.354s] reading manifest file 'ctl_mission_interfaces.egg-info/SOURCES.txt'
[3.355s] writing manifest file 'ctl_mission_interfaces.egg-info/SOURCES.txt'
[3.394s] [  2%] Built target ament_cmake_python_build_ctl_mission_interfaces_egg
[3.512s] [  2%] Built target ctl_mission_interfaces__rs
[4.462s] [  3%] [32mBuilding C object CMakeFiles/ctl_mission_interfaces__rosidl_generator_c.dir/rosidl_generator_c/ctl_mission_interfaces/srv/detail/change_mode__functions.c.o[0m
[4.491s] [  4%] [32mBuilding C object CMakeFiles/ctl_mission_interfaces__rosidl_generator_c.dir/rosidl_generator_c/ctl_mission_interfaces/srv/detail/get_mode__functions.c.o[0m
[4.500s] [  5%] [32mBuilding C object CMakeFiles/ctl_mission_interfaces__rosidl_generator_c.dir/rosidl_generator_c/ctl_mission_interfaces/srv/detail/change_speed__functions.c.o[0m
[4.500s] [  6%] [32mBuilding C object CMakeFiles/ctl_mission_interfaces__rosidl_generator_c.dir/rosidl_generator_c/ctl_mission_interfaces/srv/detail/get_possible_transitions__functions.c.o[0m
[4.502s] [  7%] [32mBuilding C object CMakeFiles/ctl_mission_interfaces__rosidl_generator_c.dir/rosidl_generator_c/ctl_mission_interfaces/srv/detail/config_simple_ctl__functions.c.o[0m
[4.524s] [  8%] [32mBuilding C object CMakeFiles/ctl_mission_interfaces__rosidl_generator_c.dir/rosidl_generator_c/ctl_mission_interfaces/srv/detail/change_controller__functions.c.o[0m
[4.554s] [  8%] [32mBuilding C object CMakeFiles/ctl_mission_interfaces__rosidl_generator_c.dir/rosidl_generator_c/ctl_mission_interfaces/srv/detail/config_pure_pursuit_ctrl__functions.c.o[0m
[4.663s] [  9%] [32mBuilding C object CMakeFiles/ctl_mission_interfaces__rosidl_generator_c.dir/rosidl_generator_c/ctl_mission_interfaces/srv/detail/config_stanley_ctrl__functions.c.o[0m
[4.676s] [ 10%] [32mBuilding C object CMakeFiles/ctl_mission_interfaces__rosidl_generator_c.dir/rosidl_generator_c/ctl_mission_interfaces/srv/detail/config_dynamic_la_pure_ctrl__functions.c.o[0m
[4.682s] [ 11%] [32mBuilding C object CMakeFiles/ctl_mission_interfaces__rosidl_generator_c.dir/rosidl_generator_c/ctl_mission_interfaces/srv/detail/config_dynamic_pure_ctrl__functions.c.o[0m
[4.688s] [ 12%] [32mBuilding C object CMakeFiles/ctl_mission_interfaces__rosidl_generator_c.dir/rosidl_generator_c/ctl_mission_interfaces/srv/detail/config_regulated_pure_ctrl__functions.c.o[0m
[4.749s] [ 12%] Built target ctl_mission_interfaces__cpp
[4.779s] [ 13%] [34m[1mGenerating C++ type support dispatch for ROS interfaces[0m
[4.782s] [ 15%] [34m[1mGenerating C++ introspection for ROS interfaces[0m
[4.783s] [ 15%] [34m[1mGenerating C++ type support for eProsima Fast-RTPS[0m
[4.825s] [ 16%] [32m[1mLinking C shared library libctl_mission_interfaces__rosidl_generator_c.so[0m
[4.896s] [ 16%] Built target ctl_mission_interfaces__rosidl_generator_c
[4.935s] [ 17%] [34m[1mGenerating C type support for eProsima Fast-RTPS[0m
[4.937s] [ 18%] [34m[1mGenerating C introspection for ROS interfaces[0m
[4.944s] [ 19%] [34m[1mGenerating C type support dispatch for ROS interfaces[0m
[6.399s] [ 20%] [32mBuilding CXX object CMakeFiles/ctl_mission_interfaces__rosidl_typesupport_cpp.dir/rosidl_typesupport_cpp/ctl_mission_interfaces/srv/get_mode__type_support.cpp.o[0m
[6.404s] [ 21%] [32mBuilding CXX object CMakeFiles/ctl_mission_interfaces__rosidl_typesupport_cpp.dir/rosidl_typesupport_cpp/ctl_mission_interfaces/srv/change_mode__type_support.cpp.o[0m
[6.414s] [ 22%] [32mBuilding CXX object CMakeFiles/ctl_mission_interfaces__rosidl_typesupport_cpp.dir/rosidl_typesupport_cpp/ctl_mission_interfaces/srv/change_speed__type_support.cpp.o[0m
[6.427s] [ 22%] [32mBuilding CXX object CMakeFiles/ctl_mission_interfaces__rosidl_typesupport_c.dir/rosidl_typesupport_c/ctl_mission_interfaces/srv/change_mode__type_support.cpp.o[0m
[6.571s] [ 23%] [32mBuilding CXX object CMakeFiles/ctl_mission_interfaces__rosidl_typesupport_c.dir/rosidl_typesupport_c/ctl_mission_interfaces/srv/get_mode__type_support.cpp.o[0m
[6.689s] [ 24%] [32mBuilding CXX object CMakeFiles/ctl_mission_interfaces__rosidl_typesupport_c.dir/rosidl_typesupport_c/ctl_mission_interfaces/srv/change_speed__type_support.cpp.o[0m
[6.789s] [ 25%] [32mBuilding CXX object CMakeFiles/ctl_mission_interfaces__rosidl_typesupport_c.dir/rosidl_typesupport_c/ctl_mission_interfaces/srv/config_simple_ctl__type_support.cpp.o[0m
[6.902s] [ 26%] [32mBuilding CXX object CMakeFiles/ctl_mission_interfaces__rosidl_typesupport_c.dir/rosidl_typesupport_c/ctl_mission_interfaces/srv/get_possible_transitions__type_support.cpp.o[0m
[7.013s] [ 27%] [32mBuilding CXX object CMakeFiles/ctl_mission_interfaces__rosidl_typesupport_c.dir/rosidl_typesupport_c/ctl_mission_interfaces/srv/change_controller__type_support.cpp.o[0m
[7.095s] [ 28%] [32mBuilding CXX object CMakeFiles/ctl_mission_interfaces__rosidl_typesupport_c.dir/rosidl_typesupport_c/ctl_mission_interfaces/srv/config_pure_pursuit_ctrl__type_support.cpp.o[0m
[7.126s] [ 29%] [32mBuilding CXX object CMakeFiles/ctl_mission_interfaces__rosidl_typesupport_c.dir/rosidl_typesupport_c/ctl_mission_interfaces/srv/config_dynamic_pure_ctrl__type_support.cpp.o[0m
[7.128s] [ 30%] [32mBuilding CXX object CMakeFiles/ctl_mission_interfaces__rosidl_typesupport_c.dir/rosidl_typesupport_c/ctl_mission_interfaces/srv/config_stanley_ctrl__type_support.cpp.o[0m
[7.209s] [ 32%] [32mBuilding CXX object CMakeFiles/ctl_mission_interfaces__rosidl_typesupport_introspection_cpp.dir/rosidl_typesupport_introspection_cpp/ctl_mission_interfaces/srv/detail/get_mode__type_support.cpp.o[0m
[7.213s] [ 32%] [32mBuilding CXX object CMakeFiles/ctl_mission_interfaces__rosidl_typesupport_introspection_cpp.dir/rosidl_typesupport_introspection_cpp/ctl_mission_interfaces/srv/detail/change_mode__type_support.cpp.o[0m
[7.231s] [ 33%] [32mBuilding CXX object CMakeFiles/ctl_mission_interfaces__rosidl_typesupport_introspection_cpp.dir/rosidl_typesupport_introspection_cpp/ctl_mission_interfaces/srv/detail/change_speed__type_support.cpp.o[0m
[7.241s] [ 33%] [32mBuilding CXX object CMakeFiles/ctl_mission_interfaces__rosidl_typesupport_c.dir/rosidl_typesupport_c/ctl_mission_interfaces/srv/config_dynamic_la_pure_ctrl__type_support.cpp.o[0m
[7.247s] [ 33%] [32mBuilding CXX object CMakeFiles/ctl_mission_interfaces__rosidl_typesupport_cpp.dir/rosidl_typesupport_cpp/ctl_mission_interfaces/srv/config_simple_ctl__type_support.cpp.o[0m
[7.355s] [ 34%] [32mBuilding CXX object CMakeFiles/ctl_mission_interfaces__rosidl_typesupport_c.dir/rosidl_typesupport_c/ctl_mission_interfaces/srv/config_regulated_pure_ctrl__type_support.cpp.o[0m
[7.428s] [ 35%] [32m[1mLinking CXX shared library libctl_mission_interfaces__rosidl_typesupport_c.so[0m
[7.558s] [ 35%] Built target ctl_mission_interfaces__rosidl_typesupport_c
[7.587s] [ 36%] [32mBuilding CXX object CMakeFiles/ctl_mission_interfaces__rosidl_typesupport_cpp.dir/rosidl_typesupport_cpp/ctl_mission_interfaces/srv/get_possible_transitions__type_support.cpp.o[0m
[7.888s] [ 36%] [32mBuilding CXX object CMakeFiles/ctl_mission_interfaces__rosidl_typesupport_introspection_cpp.dir/rosidl_typesupport_introspection_cpp/ctl_mission_interfaces/srv/detail/config_simple_ctl__type_support.cpp.o[0m
[8.057s] [ 36%] [32mBuilding C object CMakeFiles/ctl_mission_interfaces__rosidl_typesupport_introspection_c.dir/rosidl_typesupport_introspection_c/ctl_mission_interfaces/srv/detail/change_mode__type_support.c.o[0m
[8.062s] [ 37%] [32mBuilding CXX object CMakeFiles/ctl_mission_interfaces__rosidl_typesupport_fastrtps_cpp.dir/rosidl_typesupport_fastrtps_cpp/ctl_mission_interfaces/srv/detail/dds_fastrtps/change_mode__type_support.cpp.o[0m
[8.204s] [ 38%] [32mBuilding C object CMakeFiles/ctl_mission_interfaces__rosidl_typesupport_introspection_c.dir/rosidl_typesupport_introspection_c/ctl_mission_interfaces/srv/detail/get_mode__type_support.c.o[0m
[8.229s] [ 39%] [32mBuilding CXX object CMakeFiles/ctl_mission_interfaces__rosidl_typesupport_fastrtps_cpp.dir/rosidl_typesupport_fastrtps_cpp/ctl_mission_interfaces/srv/detail/dds_fastrtps/get_mode__type_support.cpp.o[0m
[8.238s] [ 40%] [32mBuilding CXX object CMakeFiles/ctl_mission_interfaces__rosidl_typesupport_cpp.dir/rosidl_typesupport_cpp/ctl_mission_interfaces/srv/change_controller__type_support.cpp.o[0m
[8.304s] [ 41%] [32mBuilding C object CMakeFiles/ctl_mission_interfaces__rosidl_typesupport_introspection_c.dir/rosidl_typesupport_introspection_c/ctl_mission_interfaces/srv/detail/change_speed__type_support.c.o[0m
[8.425s] [ 42%] [32mBuilding C object CMakeFiles/ctl_mission_interfaces__rosidl_typesupport_introspection_c.dir/rosidl_typesupport_introspection_c/ctl_mission_interfaces/srv/detail/config_simple_ctl__type_support.c.o[0m
[8.542s] [ 43%] [32mBuilding C object CMakeFiles/ctl_mission_interfaces__rosidl_typesupport_introspection_c.dir/rosidl_typesupport_introspection_c/ctl_mission_interfaces/srv/detail/get_possible_transitions__type_support.c.o[0m
[8.576s] [ 44%] [32mBuilding C object CMakeFiles/ctl_mission_interfaces__rosidl_typesupport_introspection_c.dir/rosidl_typesupport_introspection_c/ctl_mission_interfaces/srv/detail/change_controller__type_support.c.o[0m
[8.644s] [ 45%] [32mBuilding C object CMakeFiles/ctl_mission_interfaces__rosidl_typesupport_introspection_c.dir/rosidl_typesupport_introspection_c/ctl_mission_interfaces/srv/detail/config_pure_pursuit_ctrl__type_support.c.o[0m
[8.652s] [ 45%] [32mBuilding CXX object CMakeFiles/ctl_mission_interfaces__rosidl_typesupport_fastrtps_c.dir/rosidl_typesupport_fastrtps_c/ctl_mission_interfaces/srv/detail/change_mode__type_support_c.cpp.o[0m
[8.673s] [ 46%] [32mBuilding CXX object CMakeFiles/ctl_mission_interfaces__rosidl_typesupport_fastrtps_c.dir/rosidl_typesupport_fastrtps_c/ctl_mission_interfaces/srv/detail/get_mode__type_support_c.cpp.o[0m
[8.739s] [ 47%] [32mBuilding CXX object CMakeFiles/ctl_mission_interfaces__rosidl_typesupport_fastrtps_c.dir/rosidl_typesupport_fastrtps_c/ctl_mission_interfaces/srv/detail/change_speed__type_support_c.cpp.o[0m
[8.750s] [ 48%] [32mBuilding CXX object CMakeFiles/ctl_mission_interfaces__rosidl_typesupport_introspection_cpp.dir/rosidl_typesupport_introspection_cpp/ctl_mission_interfaces/srv/detail/get_possible_transitions__type_support.cpp.o[0m
[8.757s] [ 49%] [32mBuilding C object CMakeFiles/ctl_mission_interfaces__rosidl_typesupport_introspection_c.dir/rosidl_typesupport_introspection_c/ctl_mission_interfaces/srv/detail/config_stanley_ctrl__type_support.c.o[0m
[8.892s] [ 50%] [32mBuilding C object CMakeFiles/ctl_mission_interfaces__rosidl_typesupport_introspection_c.dir/rosidl_typesupport_introspection_c/ctl_mission_interfaces/srv/detail/config_dynamic_pure_ctrl__type_support.c.o[0m
[9.017s] [ 50%] [32mBuilding C object CMakeFiles/ctl_mission_interfaces__rosidl_typesupport_introspection_c.dir/rosidl_typesupport_introspection_c/ctl_mission_interfaces/srv/detail/config_dynamic_la_pure_ctrl__type_support.c.o[0m
[9.142s] [ 52%] [32mBuilding C object CMakeFiles/ctl_mission_interfaces__rosidl_typesupport_introspection_c.dir/rosidl_typesupport_introspection_c/ctl_mission_interfaces/srv/detail/config_regulated_pure_ctrl__type_support.c.o[0m
[9.142s] [ 52%] [32mBuilding CXX object CMakeFiles/ctl_mission_interfaces__rosidl_typesupport_cpp.dir/rosidl_typesupport_cpp/ctl_mission_interfaces/srv/config_pure_pursuit_ctrl__type_support.cpp.o[0m
[9.280s] [ 53%] [32m[1mLinking C shared library libctl_mission_interfaces__rosidl_typesupport_introspection_c.so[0m
[9.423s] [ 54%] [32mBuilding CXX object CMakeFiles/ctl_mission_interfaces__rosidl_typesupport_fastrtps_c.dir/rosidl_typesupport_fastrtps_c/ctl_mission_interfaces/srv/detail/config_simple_ctl__type_support_c.cpp.o[0m
[9.452s] [ 54%] Built target ctl_mission_interfaces__rosidl_typesupport_introspection_c
[9.489s] [ 55%] [32mBuilding CXX object CMakeFiles/ctl_mission_interfaces__rosidl_typesupport_fastrtps_c.dir/rosidl_typesupport_fastrtps_c/ctl_mission_interfaces/srv/detail/get_possible_transitions__type_support_c.cpp.o[0m
[9.586s] [ 56%] [32mBuilding CXX object CMakeFiles/ctl_mission_interfaces__rosidl_typesupport_fastrtps_cpp.dir/rosidl_typesupport_fastrtps_cpp/ctl_mission_interfaces/srv/detail/dds_fastrtps/change_speed__type_support.cpp.o[0m
[9.674s] [ 57%] [32mBuilding CXX object CMakeFiles/ctl_mission_interfaces__rosidl_typesupport_introspection_cpp.dir/rosidl_typesupport_introspection_cpp/ctl_mission_interfaces/srv/detail/change_controller__type_support.cpp.o[0m
[9.774s] [ 58%] [32mBuilding CXX object CMakeFiles/ctl_mission_interfaces__rosidl_typesupport_cpp.dir/rosidl_typesupport_cpp/ctl_mission_interfaces/srv/config_stanley_ctrl__type_support.cpp.o[0m
[9.785s] [ 58%] [32mBuilding CXX object CMakeFiles/ctl_mission_interfaces__rosidl_typesupport_fastrtps_cpp.dir/rosidl_typesupport_fastrtps_cpp/ctl_mission_interfaces/srv/detail/dds_fastrtps/config_simple_ctl__type_support.cpp.o[0m
[10.004s] [ 59%] [32mBuilding CXX object CMakeFiles/ctl_mission_interfaces__rosidl_typesupport_fastrtps_cpp.dir/rosidl_typesupport_fastrtps_cpp/ctl_mission_interfaces/srv/detail/dds_fastrtps/get_possible_transitions__type_support.cpp.o[0m
[10.069s] [ 60%] [32mBuilding CXX object CMakeFiles/ctl_mission_interfaces__rosidl_typesupport_cpp.dir/rosidl_typesupport_cpp/ctl_mission_interfaces/srv/config_dynamic_pure_ctrl__type_support.cpp.o[0m
[10.435s] [ 61%] [32mBuilding CXX object CMakeFiles/ctl_mission_interfaces__rosidl_typesupport_fastrtps_c.dir/rosidl_typesupport_fastrtps_c/ctl_mission_interfaces/srv/detail/change_controller__type_support_c.cpp.o[0m
[10.625s] [ 62%] [32mBuilding CXX object CMakeFiles/ctl_mission_interfaces__rosidl_typesupport_fastrtps_cpp.dir/rosidl_typesupport_fastrtps_cpp/ctl_mission_interfaces/srv/detail/dds_fastrtps/change_controller__type_support.cpp.o[0m
[10.642s] [ 63%] [32mBuilding CXX object CMakeFiles/ctl_mission_interfaces__rosidl_typesupport_cpp.dir/rosidl_typesupport_cpp/ctl_mission_interfaces/srv/config_dynamic_la_pure_ctrl__type_support.cpp.o[0m
[10.712s] [ 64%] [32mBuilding CXX object CMakeFiles/ctl_mission_interfaces__rosidl_typesupport_cpp.dir/rosidl_typesupport_cpp/ctl_mission_interfaces/srv/config_regulated_pure_ctrl__type_support.cpp.o[0m
[10.862s] [ 65%] [32mBuilding CXX object CMakeFiles/ctl_mission_interfaces__rosidl_typesupport_introspection_cpp.dir/rosidl_typesupport_introspection_cpp/ctl_mission_interfaces/srv/detail/config_pure_pursuit_ctrl__type_support.cpp.o[0m
[10.960s] [ 66%] [32mBuilding CXX object CMakeFiles/ctl_mission_interfaces__rosidl_typesupport_fastrtps_cpp.dir/rosidl_typesupport_fastrtps_cpp/ctl_mission_interfaces/srv/detail/dds_fastrtps/config_pure_pursuit_ctrl__type_support.cpp.o[0m
[11.036s] [ 67%] [32mBuilding CXX object CMakeFiles/ctl_mission_interfaces__rosidl_typesupport_fastrtps_c.dir/rosidl_typesupport_fastrtps_c/ctl_mission_interfaces/srv/detail/config_pure_pursuit_ctrl__type_support_c.cpp.o[0m
[11.366s] [ 68%] [32mBuilding CXX object CMakeFiles/ctl_mission_interfaces__rosidl_typesupport_fastrtps_c.dir/rosidl_typesupport_fastrtps_c/ctl_mission_interfaces/srv/detail/config_stanley_ctrl__type_support_c.cpp.o[0m
[11.422s] [ 69%] [32mBuilding CXX object CMakeFiles/ctl_mission_interfaces__rosidl_typesupport_introspection_cpp.dir/rosidl_typesupport_introspection_cpp/ctl_mission_interfaces/srv/detail/config_stanley_ctrl__type_support.cpp.o[0m
[11.443s] [ 70%] [32m[1mLinking CXX shared library libctl_mission_interfaces__rosidl_typesupport_cpp.so[0m
[11.470s] [ 71%] [32mBuilding CXX object CMakeFiles/ctl_mission_interfaces__rosidl_typesupport_fastrtps_c.dir/rosidl_typesupport_fastrtps_c/ctl_mission_interfaces/srv/detail/config_dynamic_pure_ctrl__type_support_c.cpp.o[0m
[11.549s] [ 71%] Built target ctl_mission_interfaces__rosidl_typesupport_cpp
[11.570s] [ 72%] [32mBuilding CXX object CMakeFiles/ctl_mission_interfaces__rosidl_typesupport_introspection_cpp.dir/rosidl_typesupport_introspection_cpp/ctl_mission_interfaces/srv/detail/config_dynamic_pure_ctrl__type_support.cpp.o[0m
[11.571s] [ 73%] [32mBuilding CXX object CMakeFiles/ctl_mission_interfaces__rosidl_typesupport_fastrtps_cpp.dir/rosidl_typesupport_fastrtps_cpp/ctl_mission_interfaces/srv/detail/dds_fastrtps/config_stanley_ctrl__type_support.cpp.o[0m
[11.662s] [ 74%] [32mBuilding CXX object CMakeFiles/ctl_mission_interfaces__rosidl_typesupport_introspection_cpp.dir/rosidl_typesupport_introspection_cpp/ctl_mission_interfaces/srv/detail/config_regulated_pure_ctrl__type_support.cpp.o[0m
[11.668s] [ 75%] [32mBuilding CXX object CMakeFiles/ctl_mission_interfaces__rosidl_typesupport_introspection_cpp.dir/rosidl_typesupport_introspection_cpp/ctl_mission_interfaces/srv/detail/config_dynamic_la_pure_ctrl__type_support.cpp.o[0m
[11.883s] [ 75%] [32mBuilding CXX object CMakeFiles/ctl_mission_interfaces__rosidl_typesupport_fastrtps_c.dir/rosidl_typesupport_fastrtps_c/ctl_mission_interfaces/srv/detail/config_dynamic_la_pure_ctrl__type_support_c.cpp.o[0m
[11.923s] [ 76%] [32mBuilding CXX object CMakeFiles/ctl_mission_interfaces__rosidl_typesupport_fastrtps_cpp.dir/rosidl_typesupport_fastrtps_cpp/ctl_mission_interfaces/srv/detail/dds_fastrtps/config_dynamic_pure_ctrl__type_support.cpp.o[0m
[12.061s] [ 77%] [32mBuilding CXX object CMakeFiles/ctl_mission_interfaces__rosidl_typesupport_fastrtps_cpp.dir/rosidl_typesupport_fastrtps_cpp/ctl_mission_interfaces/srv/detail/dds_fastrtps/config_dynamic_la_pure_ctrl__type_support.cpp.o[0m
[12.179s] [ 78%] [32mBuilding CXX object CMakeFiles/ctl_mission_interfaces__rosidl_typesupport_fastrtps_c.dir/rosidl_typesupport_fastrtps_c/ctl_mission_interfaces/srv/detail/config_regulated_pure_ctrl__type_support_c.cpp.o[0m
[12.186s] [ 79%] [32mBuilding CXX object CMakeFiles/ctl_mission_interfaces__rosidl_typesupport_fastrtps_cpp.dir/rosidl_typesupport_fastrtps_cpp/ctl_mission_interfaces/srv/detail/dds_fastrtps/config_regulated_pure_ctrl__type_support.cpp.o[0m
[12.264s] [ 80%] [32m[1mLinking CXX shared library libctl_mission_interfaces__rosidl_typesupport_introspection_cpp.so[0m
[12.387s] [ 80%] Built target ctl_mission_interfaces__rosidl_typesupport_introspection_cpp
[12.538s] [ 81%] [32m[1mLinking CXX shared library libctl_mission_interfaces__rosidl_typesupport_fastrtps_c.so[0m
[12.617s] [ 81%] Built target ctl_mission_interfaces__rosidl_typesupport_fastrtps_c
[12.702s] [ 82%] [32m[1mLinking CXX shared library libctl_mission_interfaces__rosidl_typesupport_fastrtps_cpp.so[0m
[12.779s] [ 82%] Built target ctl_mission_interfaces__rosidl_typesupport_fastrtps_cpp
[12.802s] [ 82%] Built target ctl_mission_interfaces
[12.825s] [ 83%] [34m[1mGenerating Python code for ROS interfaces[0m
[14.741s] [ 83%] Built target ctl_mission_interfaces__py
[14.768s] [ 84%] [32mBuilding C object CMakeFiles/ctl_mission_interfaces__rosidl_generator_py.dir/rosidl_generator_py/ctl_mission_interfaces/srv/_change_speed_s.c.o[0m
[14.768s] [ 85%] [32mBuilding C object CMakeFiles/ctl_mission_interfaces__rosidl_generator_py.dir/rosidl_generator_py/ctl_mission_interfaces/srv/_get_mode_s.c.o[0m
[14.768s] [ 86%] [32mBuilding C object CMakeFiles/ctl_mission_interfaces__rosidl_generator_py.dir/rosidl_generator_py/ctl_mission_interfaces/srv/_get_possible_transitions_s.c.o[0m
[14.770s] [ 87%] [32mBuilding C object CMakeFiles/ctl_mission_interfaces__rosidl_generator_py.dir/rosidl_generator_py/ctl_mission_interfaces/srv/_config_simple_ctl_s.c.o[0m
[14.770s] [ 87%] [32mBuilding C object CMakeFiles/ctl_mission_interfaces__rosidl_generator_py.dir/rosidl_generator_py/ctl_mission_interfaces/srv/_change_controller_s.c.o[0m
[14.771s] [ 88%] [32mBuilding C object CMakeFiles/ctl_mission_interfaces__rosidl_generator_py.dir/rosidl_generator_py/ctl_mission_interfaces/srv/_change_mode_s.c.o[0m
[14.771s] [ 89%] [32mBuilding C object CMakeFiles/ctl_mission_interfaces__rosidl_generator_py.dir/rosidl_generator_py/ctl_mission_interfaces/srv/_config_pure_pursuit_ctrl_s.c.o[0m
[14.778s] [ 90%] [32mBuilding C object CMakeFiles/ctl_mission_interfaces__rosidl_generator_py.dir/rosidl_generator_py/ctl_mission_interfaces/srv/_config_stanley_ctrl_s.c.o[0m
[14.954s] [ 91%] [32mBuilding C object CMakeFiles/ctl_mission_interfaces__rosidl_generator_py.dir/rosidl_generator_py/ctl_mission_interfaces/srv/_config_dynamic_pure_ctrl_s.c.o[0m
[14.955s] [ 92%] [32mBuilding C object CMakeFiles/ctl_mission_interfaces__rosidl_generator_py.dir/rosidl_generator_py/ctl_mission_interfaces/srv/_config_dynamic_la_pure_ctrl_s.c.o[0m
[14.965s] [ 93%] [32mBuilding C object CMakeFiles/ctl_mission_interfaces__rosidl_generator_py.dir/rosidl_generator_py/ctl_mission_interfaces/srv/_config_regulated_pure_ctrl_s.c.o[0m
[15.104s] [ 94%] [32m[1mLinking C shared library rosidl_generator_py/ctl_mission_interfaces/libctl_mission_interfaces__rosidl_generator_py.so[0m
[15.156s] [ 94%] Built target ctl_mission_interfaces__rosidl_generator_py
[15.179s] [ 97%] [32mBuilding C object CMakeFiles/ctl_mission_interfaces__rosidl_typesupport_c__pyext.dir/rosidl_generator_py/ctl_mission_interfaces/_ctl_mission_interfaces_s.ep.rosidl_typesupport_c.c.o[0m
[15.180s] [ 97%] [32mBuilding C object CMakeFiles/ctl_mission_interfaces__rosidl_typesupport_fastrtps_c__pyext.dir/rosidl_generator_py/ctl_mission_interfaces/_ctl_mission_interfaces_s.ep.rosidl_typesupport_fastrtps_c.c.o[0m
[15.180s] [ 97%] [32mBuilding C object CMakeFiles/ctl_mission_interfaces__rosidl_typesupport_introspection_c__pyext.dir/rosidl_generator_py/ctl_mission_interfaces/_ctl_mission_interfaces_s.ep.rosidl_typesupport_introspection_c.c.o[0m
[15.364s] [ 98%] [32m[1mLinking C shared library rosidl_generator_py/ctl_mission_interfaces/ctl_mission_interfaces_s__rosidl_typesupport_c.cpython-310-x86_64-linux-gnu.so[0m
[15.365s] [100%] [32m[1mLinking C shared library rosidl_generator_py/ctl_mission_interfaces/ctl_mission_interfaces_s__rosidl_typesupport_introspection_c.cpython-310-x86_64-linux-gnu.so[0m
[15.365s] [100%] [32m[1mLinking C shared library rosidl_generator_py/ctl_mission_interfaces/ctl_mission_interfaces_s__rosidl_typesupport_fastrtps_c.cpython-310-x86_64-linux-gnu.so[0m
[15.416s] [100%] Built target ctl_mission_interfaces__rosidl_typesupport_c__pyext
[15.416s] [100%] Built target ctl_mission_interfaces__rosidl_typesupport_fastrtps_c__pyext
[15.417s] [100%] Built target ctl_mission_interfaces__rosidl_typesupport_introspection_c__pyext
[15.432s] Invoked command in '/workspaces/Cuadriga_IA_/build/ctl_mission_interfaces' returned '0': CMAKE_PREFIX_PATH=${CMAKE_PREFIX_PATH}:/ros2_ws/install/cuadriga_gui:/opt/ros/humble /usr/bin/cmake --build /workspaces/Cuadriga_IA_/build/ctl_mission_interfaces -- -j8 -l8
[15.433s] Invoking command in '/workspaces/Cuadriga_IA_/build/ctl_mission_interfaces': CMAKE_PREFIX_PATH=${CMAKE_PREFIX_PATH}:/ros2_ws/install/cuadriga_gui:/opt/ros/humble /usr/bin/cmake --install /workspaces/Cuadriga_IA_/build/ctl_mission_interfaces
[15.442s] -- Install configuration: ""
[15.443s] -- Execute custom install script
[15.444s] -- Symlinking: /workspaces/Cuadriga_IA_/install/ctl_mission_interfaces/share/ament_index/resource_index/rosidl_interfaces/ctl_mission_interfaces
[15.455s] -- Symlinking: /workspaces/Cuadriga_IA_/install/ctl_mission_interfaces/include/ctl_mission_interfaces/ctl_mission_interfaces/msg/rosidl_generator_c__visibility_control.h
[15.464s] -- Symlinking: /workspaces/Cuadriga_IA_/install/ctl_mission_interfaces/include/ctl_mission_interfaces/ctl_mission_interfaces/srv/change_controller.h
[15.475s] -- Symlinking: /workspaces/Cuadriga_IA_/install/ctl_mission_interfaces/include/ctl_mission_interfaces/ctl_mission_interfaces/srv/change_mode.h
[15.485s] -- Symlinking: /workspaces/Cuadriga_IA_/install/ctl_mission_interfaces/include/ctl_mission_interfaces/ctl_mission_interfaces/srv/change_speed.h
[15.495s] -- Symlinking: /workspaces/Cuadriga_IA_/install/ctl_mission_interfaces/include/ctl_mission_interfaces/ctl_mission_interfaces/srv/config_dynamic_la_pure_ctrl.h
[15.506s] -- Symlinking: /workspaces/Cuadriga_IA_/install/ctl_mission_interfaces/include/ctl_mission_interfaces/ctl_mission_interfaces/srv/config_dynamic_pure_ctrl.h
[15.516s] -- Symlinking: /workspaces/Cuadriga_IA_/install/ctl_mission_interfaces/include/ctl_mission_interfaces/ctl_mission_interfaces/srv/config_pure_pursuit_ctrl.h
[15.527s] -- Symlinking: /workspaces/Cuadriga_IA_/install/ctl_mission_interfaces/include/ctl_mission_interfaces/ctl_mission_interfaces/srv/config_regulated_pure_ctrl.h
[15.537s] -- Symlinking: /workspaces/Cuadriga_IA_/install/ctl_mission_interfaces/include/ctl_mission_interfaces/ctl_mission_interfaces/srv/config_simple_ctl.h
[15.547s] -- Symlinking: /workspaces/Cuadriga_IA_/install/ctl_mission_interfaces/include/ctl_mission_interfaces/ctl_mission_interfaces/srv/config_stanley_ctrl.h
[15.556s] -- Symlinking: /workspaces/Cuadriga_IA_/install/ctl_mission_interfaces/include/ctl_mission_interfaces/ctl_mission_interfaces/srv/detail/change_controller__functions.h
[15.566s] -- Symlinking: /workspaces/Cuadriga_IA_/install/ctl_mission_interfaces/include/ctl_mission_interfaces/ctl_mission_interfaces/srv/detail/change_controller__struct.h
[15.576s] -- Symlinking: /workspaces/Cuadriga_IA_/install/ctl_mission_interfaces/include/ctl_mission_interfaces/ctl_mission_interfaces/srv/detail/change_controller__type_support.h
[15.586s] -- Symlinking: /workspaces/Cuadriga_IA_/install/ctl_mission_interfaces/include/ctl_mission_interfaces/ctl_mission_interfaces/srv/detail/change_mode__functions.h
[15.596s] -- Symlinking: /workspaces/Cuadriga_IA_/install/ctl_mission_interfaces/include/ctl_mission_interfaces/ctl_mission_interfaces/srv/detail/change_mode__struct.h
[15.605s] -- Symlinking: /workspaces/Cuadriga_IA_/install/ctl_mission_interfaces/include/ctl_mission_interfaces/ctl_mission_interfaces/srv/detail/change_mode__type_support.h
[15.615s] -- Symlinking: /workspaces/Cuadriga_IA_/install/ctl_mission_interfaces/include/ctl_mission_interfaces/ctl_mission_interfaces/srv/detail/change_speed__functions.h
[15.625s] -- Symlinking: /workspaces/Cuadriga_IA_/install/ctl_mission_interfaces/include/ctl_mission_interfaces/ctl_mission_interfaces/srv/detail/change_speed__struct.h
[15.635s] -- Symlinking: /workspaces/Cuadriga_IA_/install/ctl_mission_interfaces/include/ctl_mission_interfaces/ctl_mission_interfaces/srv/detail/change_speed__type_support.h
[15.645s] -- Symlinking: /workspaces/Cuadriga_IA_/install/ctl_mission_interfaces/include/ctl_mission_interfaces/ctl_mission_interfaces/srv/detail/config_dynamic_la_pure_ctrl__functions.h
[15.655s] -- Symlinking: /workspaces/Cuadriga_IA_/install/ctl_mission_interfaces/include/ctl_mission_interfaces/ctl_mission_interfaces/srv/detail/config_dynamic_la_pure_ctrl__struct.h
[15.665s] -- Symlinking: /workspaces/Cuadriga_IA_/install/ctl_mission_interfaces/include/ctl_mission_interfaces/ctl_mission_interfaces/srv/detail/config_dynamic_la_pure_ctrl__type_support.h
[15.675s] -- Symlinking: /workspaces/Cuadriga_IA_/install/ctl_mission_interfaces/include/ctl_mission_interfaces/ctl_mission_interfaces/srv/detail/config_dynamic_pure_ctrl__functions.h
[15.685s] -- Symlinking: /workspaces/Cuadriga_IA_/install/ctl_mission_interfaces/include/ctl_mission_interfaces/ctl_mission_interfaces/srv/detail/config_dynamic_pure_ctrl__struct.h
[15.695s] -- Symlinking: /workspaces/Cuadriga_IA_/install/ctl_mission_interfaces/include/ctl_mission_interfaces/ctl_mission_interfaces/srv/detail/config_dynamic_pure_ctrl__type_support.h
[15.704s] -- Symlinking: /workspaces/Cuadriga_IA_/install/ctl_mission_interfaces/include/ctl_mission_interfaces/ctl_mission_interfaces/srv/detail/config_pure_pursuit_ctrl__functions.h
[15.714s] -- Symlinking: /workspaces/Cuadriga_IA_/install/ctl_mission_interfaces/include/ctl_mission_interfaces/ctl_mission_interfaces/srv/detail/config_pure_pursuit_ctrl__struct.h
[15.723s] -- Symlinking: /workspaces/Cuadriga_IA_/install/ctl_mission_interfaces/include/ctl_mission_interfaces/ctl_mission_interfaces/srv/detail/config_pure_pursuit_ctrl__type_support.h
[15.733s] -- Symlinking: /workspaces/Cuadriga_IA_/install/ctl_mission_interfaces/include/ctl_mission_interfaces/ctl_mission_interfaces/srv/detail/config_regulated_pure_ctrl__functions.h
[15.742s] -- Symlinking: /workspaces/Cuadriga_IA_/install/ctl_mission_interfaces/include/ctl_mission_interfaces/ctl_mission_interfaces/srv/detail/config_regulated_pure_ctrl__struct.h
[15.751s] -- Symlinking: /workspaces/Cuadriga_IA_/install/ctl_mission_interfaces/include/ctl_mission_interfaces/ctl_mission_interfaces/srv/detail/config_regulated_pure_ctrl__type_support.h
[15.760s] -- Symlinking: /workspaces/Cuadriga_IA_/install/ctl_mission_interfaces/include/ctl_mission_interfaces/ctl_mission_interfaces/srv/detail/config_simple_ctl__functions.h
[15.770s] -- Symlinking: /workspaces/Cuadriga_IA_/install/ctl_mission_interfaces/include/ctl_mission_interfaces/ctl_mission_interfaces/srv/detail/config_simple_ctl__struct.h
[15.779s] -- Symlinking: /workspaces/Cuadriga_IA_/install/ctl_mission_interfaces/include/ctl_mission_interfaces/ctl_mission_interfaces/srv/detail/config_simple_ctl__type_support.h
[15.788s] -- Symlinking: /workspaces/Cuadriga_IA_/install/ctl_mission_interfaces/include/ctl_mission_interfaces/ctl_mission_interfaces/srv/detail/config_stanley_ctrl__functions.h
[15.797s] -- Symlinking: /workspaces/Cuadriga_IA_/install/ctl_mission_interfaces/include/ctl_mission_interfaces/ctl_mission_interfaces/srv/detail/config_stanley_ctrl__struct.h
[15.806s] -- Symlinking: /workspaces/Cuadriga_IA_/install/ctl_mission_interfaces/include/ctl_mission_interfaces/ctl_mission_interfaces/srv/detail/config_stanley_ctrl__type_support.h
[15.816s] -- Symlinking: /workspaces/Cuadriga_IA_/install/ctl_mission_interfaces/include/ctl_mission_interfaces/ctl_mission_interfaces/srv/detail/get_mode__functions.h
[15.825s] -- Symlinking: /workspaces/Cuadriga_IA_/install/ctl_mission_interfaces/include/ctl_mission_interfaces/ctl_mission_interfaces/srv/detail/get_mode__struct.h
[15.834s] -- Symlinking: /workspaces/Cuadriga_IA_/install/ctl_mission_interfaces/include/ctl_mission_interfaces/ctl_mission_interfaces/srv/detail/get_mode__type_support.h
[15.844s] -- Symlinking: /workspaces/Cuadriga_IA_/install/ctl_mission_interfaces/include/ctl_mission_interfaces/ctl_mission_interfaces/srv/detail/get_possible_transitions__functions.h
[15.853s] -- Symlinking: /workspaces/Cuadriga_IA_/install/ctl_mission_interfaces/include/ctl_mission_interfaces/ctl_mission_interfaces/srv/detail/get_possible_transitions__struct.h
[15.862s] -- Symlinking: /workspaces/Cuadriga_IA_/install/ctl_mission_interfaces/include/ctl_mission_interfaces/ctl_mission_interfaces/srv/detail/get_possible_transitions__type_support.h
[15.872s] -- Symlinking: /workspaces/Cuadriga_IA_/install/ctl_mission_interfaces/include/ctl_mission_interfaces/ctl_mission_interfaces/srv/get_mode.h
[15.881s] -- Symlinking: /workspaces/Cuadriga_IA_/install/ctl_mission_interfaces/include/ctl_mission_interfaces/ctl_mission_interfaces/srv/get_possible_transitions.h
[15.891s] -- Symlinking: /workspaces/Cuadriga_IA_/install/ctl_mission_interfaces/share/ctl_mission_interfaces/environment/library_path.sh
[15.900s] -- Symlinking: /workspaces/Cuadriga_IA_/install/ctl_mission_interfaces/share/ctl_mission_interfaces/environment/library_path.dsv
[15.911s] -- Symlinking: /workspaces/Cuadriga_IA_/install/ctl_mission_interfaces/include/ctl_mission_interfaces/ctl_mission_interfaces/msg/rosidl_typesupport_fastrtps_c__visibility_control.h
[15.919s] -- Symlinking: /workspaces/Cuadriga_IA_/install/ctl_mission_interfaces/include/ctl_mission_interfaces/ctl_mission_interfaces/srv/detail/change_controller__rosidl_typesupport_fastrtps_c.h
[15.929s] -- Symlinking: /workspaces/Cuadriga_IA_/install/ctl_mission_interfaces/include/ctl_mission_interfaces/ctl_mission_interfaces/srv/detail/change_mode__rosidl_typesupport_fastrtps_c.h
[15.938s] -- Symlinking: /workspaces/Cuadriga_IA_/install/ctl_mission_interfaces/include/ctl_mission_interfaces/ctl_mission_interfaces/srv/detail/change_speed__rosidl_typesupport_fastrtps_c.h
[15.947s] -- Symlinking: /workspaces/Cuadriga_IA_/install/ctl_mission_interfaces/include/ctl_mission_interfaces/ctl_mission_interfaces/srv/detail/config_dynamic_la_pure_ctrl__rosidl_typesupport_fastrtps_c.h
[15.957s] -- Symlinking: /workspaces/Cuadriga_IA_/install/ctl_mission_interfaces/include/ctl_mission_interfaces/ctl_mission_interfaces/srv/detail/config_dynamic_pure_ctrl__rosidl_typesupport_fastrtps_c.h
[15.966s] -- Symlinking: /workspaces/Cuadriga_IA_/install/ctl_mission_interfaces/include/ctl_mission_interfaces/ctl_mission_interfaces/srv/detail/config_pure_pursuit_ctrl__rosidl_typesupport_fastrtps_c.h
[15.975s] -- Symlinking: /workspaces/Cuadriga_IA_/install/ctl_mission_interfaces/include/ctl_mission_interfaces/ctl_mission_interfaces/srv/detail/config_regulated_pure_ctrl__rosidl_typesupport_fastrtps_c.h
[15.985s] -- Symlinking: /workspaces/Cuadriga_IA_/install/ctl_mission_interfaces/include/ctl_mission_interfaces/ctl_mission_interfaces/srv/detail/config_simple_ctl__rosidl_typesupport_fastrtps_c.h
[15.994s] -- Symlinking: /workspaces/Cuadriga_IA_/install/ctl_mission_interfaces/include/ctl_mission_interfaces/ctl_mission_interfaces/srv/detail/config_stanley_ctrl__rosidl_typesupport_fastrtps_c.h
[16.004s] -- Symlinking: /workspaces/Cuadriga_IA_/install/ctl_mission_interfaces/include/ctl_mission_interfaces/ctl_mission_interfaces/srv/detail/get_mode__rosidl_typesupport_fastrtps_c.h
[16.013s] -- Symlinking: /workspaces/Cuadriga_IA_/install/ctl_mission_interfaces/include/ctl_mission_interfaces/ctl_mission_interfaces/srv/detail/get_possible_transitions__rosidl_typesupport_fastrtps_c.h
[16.024s] -- Symlinking: /workspaces/Cuadriga_IA_/install/ctl_mission_interfaces/include/ctl_mission_interfaces/ctl_mission_interfaces/msg/rosidl_typesupport_introspection_c__visibility_control.h
[16.033s] -- Symlinking: /workspaces/Cuadriga_IA_/install/ctl_mission_interfaces/include/ctl_mission_interfaces/ctl_mission_interfaces/srv/detail/change_controller__rosidl_typesupport_introspection_c.h
[16.042s] -- Symlinking: /workspaces/Cuadriga_IA_/install/ctl_mission_interfaces/include/ctl_mission_interfaces/ctl_mission_interfaces/srv/detail/change_mode__rosidl_typesupport_introspection_c.h
[16.052s] -- Symlinking: /workspaces/Cuadriga_IA_/install/ctl_mission_interfaces/include/ctl_mission_interfaces/ctl_mission_interfaces/srv/detail/change_speed__rosidl_typesupport_introspection_c.h
[16.063s] -- Symlinking: /workspaces/Cuadriga_IA_/install/ctl_mission_interfaces/include/ctl_mission_interfaces/ctl_mission_interfaces/srv/detail/config_dynamic_la_pure_ctrl__rosidl_typesupport_introspection_c.h
[16.073s] -- Symlinking: /workspaces/Cuadriga_IA_/install/ctl_mission_interfaces/include/ctl_mission_interfaces/ctl_mission_interfaces/srv/detail/config_dynamic_pure_ctrl__rosidl_typesupport_introspection_c.h
[16.083s] -- Symlinking: /workspaces/Cuadriga_IA_/install/ctl_mission_interfaces/include/ctl_mission_interfaces/ctl_mission_interfaces/srv/detail/config_pure_pursuit_ctrl__rosidl_typesupport_introspection_c.h
[16.092s] -- Symlinking: /workspaces/Cuadriga_IA_/install/ctl_mission_interfaces/include/ctl_mission_interfaces/ctl_mission_interfaces/srv/detail/config_regulated_pure_ctrl__rosidl_typesupport_introspection_c.h
[16.102s] -- Symlinking: /workspaces/Cuadriga_IA_/install/ctl_mission_interfaces/include/ctl_mission_interfaces/ctl_mission_interfaces/srv/detail/config_simple_ctl__rosidl_typesupport_introspection_c.h
[16.111s] -- Symlinking: /workspaces/Cuadriga_IA_/install/ctl_mission_interfaces/include/ctl_mission_interfaces/ctl_mission_interfaces/srv/detail/config_stanley_ctrl__rosidl_typesupport_introspection_c.h
[16.121s] -- Symlinking: /workspaces/Cuadriga_IA_/install/ctl_mission_interfaces/include/ctl_mission_interfaces/ctl_mission_interfaces/srv/detail/get_mode__rosidl_typesupport_introspection_c.h
[16.130s] -- Symlinking: /workspaces/Cuadriga_IA_/install/ctl_mission_interfaces/include/ctl_mission_interfaces/ctl_mission_interfaces/srv/detail/get_possible_transitions__rosidl_typesupport_introspection_c.h
[16.141s] -- Symlinking: /workspaces/Cuadriga_IA_/install/ctl_mission_interfaces/include/ctl_mission_interfaces/ctl_mission_interfaces/msg/rosidl_generator_cpp__visibility_control.hpp
[16.149s] -- Symlinking: /workspaces/Cuadriga_IA_/install/ctl_mission_interfaces/include/ctl_mission_interfaces/ctl_mission_interfaces/srv/change_controller.hpp
[16.159s] -- Symlinking: /workspaces/Cuadriga_IA_/install/ctl_mission_interfaces/include/ctl_mission_interfaces/ctl_mission_interfaces/srv/change_mode.hpp
[16.168s] -- Symlinking: /workspaces/Cuadriga_IA_/install/ctl_mission_interfaces/include/ctl_mission_interfaces/ctl_mission_interfaces/srv/change_speed.hpp
[16.179s] -- Symlinking: /workspaces/Cuadriga_IA_/install/ctl_mission_interfaces/include/ctl_mission_interfaces/ctl_mission_interfaces/srv/config_dynamic_la_pure_ctrl.hpp
[16.188s] -- Symlinking: /workspaces/Cuadriga_IA_/install/ctl_mission_interfaces/include/ctl_mission_interfaces/ctl_mission_interfaces/srv/config_dynamic_pure_ctrl.hpp
[16.198s] -- Symlinking: /workspaces/Cuadriga_IA_/install/ctl_mission_interfaces/include/ctl_mission_interfaces/ctl_mission_interfaces/srv/config_pure_pursuit_ctrl.hpp
[16.208s] -- Symlinking: /workspaces/Cuadriga_IA_/install/ctl_mission_interfaces/include/ctl_mission_interfaces/ctl_mission_interfaces/srv/config_regulated_pure_ctrl.hpp
[16.217s] -- Symlinking: /workspaces/Cuadriga_IA_/install/ctl_mission_interfaces/include/ctl_mission_interfaces/ctl_mission_interfaces/srv/config_simple_ctl.hpp
[16.227s] -- Symlinking: /workspaces/Cuadriga_IA_/install/ctl_mission_interfaces/include/ctl_mission_interfaces/ctl_mission_interfaces/srv/config_stanley_ctrl.hpp
[16.236s] -- Symlinking: /workspaces/Cuadriga_IA_/install/ctl_mission_interfaces/include/ctl_mission_interfaces/ctl_mission_interfaces/srv/detail/change_controller__builder.hpp
[16.246s] -- Symlinking: /workspaces/Cuadriga_IA_/install/ctl_mission_interfaces/include/ctl_mission_interfaces/ctl_mission_interfaces/srv/detail/change_controller__struct.hpp
[16.256s] -- Symlinking: /workspaces/Cuadriga_IA_/install/ctl_mission_interfaces/include/ctl_mission_interfaces/ctl_mission_interfaces/srv/detail/change_controller__traits.hpp
[16.265s] -- Symlinking: /workspaces/Cuadriga_IA_/install/ctl_mission_interfaces/include/ctl_mission_interfaces/ctl_mission_interfaces/srv/detail/change_controller__type_support.hpp
[16.275s] -- Symlinking: /workspaces/Cuadriga_IA_/install/ctl_mission_interfaces/include/ctl_mission_interfaces/ctl_mission_interfaces/srv/detail/change_mode__builder.hpp
[16.284s] -- Symlinking: /workspaces/Cuadriga_IA_/install/ctl_mission_interfaces/include/ctl_mission_interfaces/ctl_mission_interfaces/srv/detail/change_mode__struct.hpp
[16.294s] -- Symlinking: /workspaces/Cuadriga_IA_/install/ctl_mission_interfaces/include/ctl_mission_interfaces/ctl_mission_interfaces/srv/detail/change_mode__traits.hpp
[16.304s] -- Symlinking: /workspaces/Cuadriga_IA_/install/ctl_mission_interfaces/include/ctl_mission_interfaces/ctl_mission_interfaces/srv/detail/change_mode__type_support.hpp
[16.313s] -- Symlinking: /workspaces/Cuadriga_IA_/install/ctl_mission_interfaces/include/ctl_mission_interfaces/ctl_mission_interfaces/srv/detail/change_speed__builder.hpp
[16.323s] -- Symlinking: /workspaces/Cuadriga_IA_/install/ctl_mission_interfaces/include/ctl_mission_interfaces/ctl_mission_interfaces/srv/detail/change_speed__struct.hpp
[16.332s] -- Symlinking: /workspaces/Cuadriga_IA_/install/ctl_mission_interfaces/include/ctl_mission_interfaces/ctl_mission_interfaces/srv/detail/change_speed__traits.hpp
[16.341s] -- Symlinking: /workspaces/Cuadriga_IA_/install/ctl_mission_interfaces/include/ctl_mission_interfaces/ctl_mission_interfaces/srv/detail/change_speed__type_support.hpp
[16.351s] -- Symlinking: /workspaces/Cuadriga_IA_/install/ctl_mission_interfaces/include/ctl_mission_interfaces/ctl_mission_interfaces/srv/detail/config_dynamic_la_pure_ctrl__builder.hpp
[16.360s] -- Symlinking: /workspaces/Cuadriga_IA_/install/ctl_mission_interfaces/include/ctl_mission_interfaces/ctl_mission_interfaces/srv/detail/config_dynamic_la_pure_ctrl__struct.hpp
[16.370s] -- Symlinking: /workspaces/Cuadriga_IA_/install/ctl_mission_interfaces/include/ctl_mission_interfaces/ctl_mission_interfaces/srv/detail/config_dynamic_la_pure_ctrl__traits.hpp
[16.379s] -- Symlinking: /workspaces/Cuadriga_IA_/install/ctl_mission_interfaces/include/ctl_mission_interfaces/ctl_mission_interfaces/srv/detail/config_dynamic_la_pure_ctrl__type_support.hpp
[16.389s] -- Symlinking: /workspaces/Cuadriga_IA_/install/ctl_mission_interfaces/include/ctl_mission_interfaces/ctl_mission_interfaces/srv/detail/config_dynamic_pure_ctrl__builder.hpp
[16.398s] -- Symlinking: /workspaces/Cuadriga_IA_/install/ctl_mission_interfaces/include/ctl_mission_interfaces/ctl_mission_interfaces/srv/detail/config_dynamic_pure_ctrl__struct.hpp
[16.408s] -- Symlinking: /workspaces/Cuadriga_IA_/install/ctl_mission_interfaces/include/ctl_mission_interfaces/ctl_mission_interfaces/srv/detail/config_dynamic_pure_ctrl__traits.hpp
[16.417s] -- Symlinking: /workspaces/Cuadriga_IA_/install/ctl_mission_interfaces/include/ctl_mission_interfaces/ctl_mission_interfaces/srv/detail/config_dynamic_pure_ctrl__type_support.hpp
[16.427s] -- Symlinking: /workspaces/Cuadriga_IA_/install/ctl_mission_interfaces/include/ctl_mission_interfaces/ctl_mission_interfaces/srv/detail/config_pure_pursuit_ctrl__builder.hpp
[16.436s] -- Symlinking: /workspaces/Cuadriga_IA_/install/ctl_mission_interfaces/include/ctl_mission_interfaces/ctl_mission_interfaces/srv/detail/config_pure_pursuit_ctrl__struct.hpp
[16.445s] -- Symlinking: /workspaces/Cuadriga_IA_/install/ctl_mission_interfaces/include/ctl_mission_interfaces/ctl_mission_interfaces/srv/detail/config_pure_pursuit_ctrl__traits.hpp
[16.455s] -- Symlinking: /workspaces/Cuadriga_IA_/install/ctl_mission_interfaces/include/ctl_mission_interfaces/ctl_mission_interfaces/srv/detail/config_pure_pursuit_ctrl__type_support.hpp
[16.465s] -- Symlinking: /workspaces/Cuadriga_IA_/install/ctl_mission_interfaces/include/ctl_mission_interfaces/ctl_mission_interfaces/srv/detail/config_regulated_pure_ctrl__builder.hpp
[16.474s] -- Symlinking: /workspaces/Cuadriga_IA_/install/ctl_mission_interfaces/include/ctl_mission_interfaces/ctl_mission_interfaces/srv/detail/config_regulated_pure_ctrl__struct.hpp
[16.484s] -- Symlinking: /workspaces/Cuadriga_IA_/install/ctl_mission_interfaces/include/ctl_mission_interfaces/ctl_mission_interfaces/srv/detail/config_regulated_pure_ctrl__traits.hpp
[16.493s] -- Symlinking: /workspaces/Cuadriga_IA_/install/ctl_mission_interfaces/include/ctl_mission_interfaces/ctl_mission_interfaces/srv/detail/config_regulated_pure_ctrl__type_support.hpp
[16.503s] -- Symlinking: /workspaces/Cuadriga_IA_/install/ctl_mission_interfaces/include/ctl_mission_interfaces/ctl_mission_interfaces/srv/detail/config_simple_ctl__builder.hpp
[16.513s] -- Symlinking: /workspaces/Cuadriga_IA_/install/ctl_mission_interfaces/include/ctl_mission_interfaces/ctl_mission_interfaces/srv/detail/config_simple_ctl__struct.hpp
[16.522s] -- Symlinking: /workspaces/Cuadriga_IA_/install/ctl_mission_interfaces/include/ctl_mission_interfaces/ctl_mission_interfaces/srv/detail/config_simple_ctl__traits.hpp
[16.531s] -- Symlinking: /workspaces/Cuadriga_IA_/install/ctl_mission_interfaces/include/ctl_mission_interfaces/ctl_mission_interfaces/srv/detail/config_simple_ctl__type_support.hpp
[16.541s] -- Symlinking: /workspaces/Cuadriga_IA_/install/ctl_mission_interfaces/include/ctl_mission_interfaces/ctl_mission_interfaces/srv/detail/config_stanley_ctrl__builder.hpp
[16.550s] -- Symlinking: /workspaces/Cuadriga_IA_/install/ctl_mission_interfaces/include/ctl_mission_interfaces/ctl_mission_interfaces/srv/detail/config_stanley_ctrl__struct.hpp
[16.561s] -- Symlinking: /workspaces/Cuadriga_IA_/install/ctl_mission_interfaces/include/ctl_mission_interfaces/ctl_mission_interfaces/srv/detail/config_stanley_ctrl__traits.hpp
[16.571s] -- Symlinking: /workspaces/Cuadriga_IA_/install/ctl_mission_interfaces/include/ctl_mission_interfaces/ctl_mission_interfaces/srv/detail/config_stanley_ctrl__type_support.hpp
[16.580s] -- Symlinking: /workspaces/Cuadriga_IA_/install/ctl_mission_interfaces/include/ctl_mission_interfaces/ctl_mission_interfaces/srv/detail/get_mode__builder.hpp
[16.589s] -- Symlinking: /workspaces/Cuadriga_IA_/install/ctl_mission_interfaces/include/ctl_mission_interfaces/ctl_mission_interfaces/srv/detail/get_mode__struct.hpp
[16.599s] -- Symlinking: /workspaces/Cuadriga_IA_/install/ctl_mission_interfaces/include/ctl_mission_interfaces/ctl_mission_interfaces/srv/detail/get_mode__traits.hpp
[16.608s] -- Symlinking: /workspaces/Cuadriga_IA_/install/ctl_mission_interfaces/include/ctl_mission_interfaces/ctl_mission_interfaces/srv/detail/get_mode__type_support.hpp
[16.618s] -- Symlinking: /workspaces/Cuadriga_IA_/install/ctl_mission_interfaces/include/ctl_mission_interfaces/ctl_mission_interfaces/srv/detail/get_possible_transitions__builder.hpp
[16.627s] -- Symlinking: /workspaces/Cuadriga_IA_/install/ctl_mission_interfaces/include/ctl_mission_interfaces/ctl_mission_interfaces/srv/detail/get_possible_transitions__struct.hpp
[16.636s] -- Symlinking: /workspaces/Cuadriga_IA_/install/ctl_mission_interfaces/include/ctl_mission_interfaces/ctl_mission_interfaces/srv/detail/get_possible_transitions__traits.hpp
[16.645s] -- Symlinking: /workspaces/Cuadriga_IA_/install/ctl_mission_interfaces/include/ctl_mission_interfaces/ctl_mission_interfaces/srv/detail/get_possible_transitions__type_support.hpp
[16.654s] -- Symlinking: /workspaces/Cuadriga_IA_/install/ctl_mission_interfaces/include/ctl_mission_interfaces/ctl_mission_interfaces/srv/get_mode.hpp
[16.663s] -- Symlinking: /workspaces/Cuadriga_IA_/install/ctl_mission_interfaces/include/ctl_mission_interfaces/ctl_mission_interfaces/srv/get_possible_transitions.hpp
[16.673s] -- Symlinking: /workspaces/Cuadriga_IA_/install/ctl_mission_interfaces/include/ctl_mission_interfaces/ctl_mission_interfaces/msg/rosidl_typesupport_fastrtps_cpp__visibility_control.h
[16.682s] -- Symlinking: /workspaces/Cuadriga_IA_/install/ctl_mission_interfaces/include/ctl_mission_interfaces/ctl_mission_interfaces/srv/detail/change_controller__rosidl_typesupport_fastrtps_cpp.hpp
[16.692s] -- Symlinking: /workspaces/Cuadriga_IA_/install/ctl_mission_interfaces/include/ctl_mission_interfaces/ctl_mission_interfaces/srv/detail/change_mode__rosidl_typesupport_fastrtps_cpp.hpp
[16.701s] -- Symlinking: /workspaces/Cuadriga_IA_/install/ctl_mission_interfaces/include/ctl_mission_interfaces/ctl_mission_interfaces/srv/detail/change_speed__rosidl_typesupport_fastrtps_cpp.hpp
[16.710s] -- Symlinking: /workspaces/Cuadriga_IA_/install/ctl_mission_interfaces/include/ctl_mission_interfaces/ctl_mission_interfaces/srv/detail/config_dynamic_la_pure_ctrl__rosidl_typesupport_fastrtps_cpp.hpp
[16.719s] -- Symlinking: /workspaces/Cuadriga_IA_/install/ctl_mission_interfaces/include/ctl_mission_interfaces/ctl_mission_interfaces/srv/detail/config_dynamic_pure_ctrl__rosidl_typesupport_fastrtps_cpp.hpp
[16.728s] -- Symlinking: /workspaces/Cuadriga_IA_/install/ctl_mission_interfaces/include/ctl_mission_interfaces/ctl_mission_interfaces/srv/detail/config_pure_pursuit_ctrl__rosidl_typesupport_fastrtps_cpp.hpp
[16.736s] -- Symlinking: /workspaces/Cuadriga_IA_/install/ctl_mission_interfaces/include/ctl_mission_interfaces/ctl_mission_interfaces/srv/detail/config_regulated_pure_ctrl__rosidl_typesupport_fastrtps_cpp.hpp
[16.746s] -- Symlinking: /workspaces/Cuadriga_IA_/install/ctl_mission_interfaces/include/ctl_mission_interfaces/ctl_mission_interfaces/srv/detail/config_simple_ctl__rosidl_typesupport_fastrtps_cpp.hpp
[16.755s] -- Symlinking: /workspaces/Cuadriga_IA_/install/ctl_mission_interfaces/include/ctl_mission_interfaces/ctl_mission_interfaces/srv/detail/config_stanley_ctrl__rosidl_typesupport_fastrtps_cpp.hpp
[16.764s] -- Symlinking: /workspaces/Cuadriga_IA_/install/ctl_mission_interfaces/include/ctl_mission_interfaces/ctl_mission_interfaces/srv/detail/get_mode__rosidl_typesupport_fastrtps_cpp.hpp
[16.774s] -- Symlinking: /workspaces/Cuadriga_IA_/install/ctl_mission_interfaces/include/ctl_mission_interfaces/ctl_mission_interfaces/srv/detail/get_possible_transitions__rosidl_typesupport_fastrtps_cpp.hpp
[16.783s] -- Symlinking: /workspaces/Cuadriga_IA_/install/ctl_mission_interfaces/include/ctl_mission_interfaces/ctl_mission_interfaces/srv/detail/change_controller__rosidl_typesupport_introspection_cpp.hpp
[16.793s] -- Symlinking: /workspaces/Cuadriga_IA_/install/ctl_mission_interfaces/include/ctl_mission_interfaces/ctl_mission_interfaces/srv/detail/change_mode__rosidl_typesupport_introspection_cpp.hpp
[16.801s] -- Symlinking: /workspaces/Cuadriga_IA_/install/ctl_mission_interfaces/include/ctl_mission_interfaces/ctl_mission_interfaces/srv/detail/change_speed__rosidl_typesupport_introspection_cpp.hpp
[16.810s] -- Symlinking: /workspaces/Cuadriga_IA_/install/ctl_mission_interfaces/include/ctl_mission_interfaces/ctl_mission_interfaces/srv/detail/config_dynamic_la_pure_ctrl__rosidl_typesupport_introspection_cpp.hpp
[16.819s] -- Symlinking: /workspaces/Cuadriga_IA_/install/ctl_mission_interfaces/include/ctl_mission_interfaces/ctl_mission_interfaces/srv/detail/config_dynamic_pure_ctrl__rosidl_typesupport_introspection_cpp.hpp
[16.828s] -- Symlinking: /workspaces/Cuadriga_IA_/install/ctl_mission_interfaces/include/ctl_mission_interfaces/ctl_mission_interfaces/srv/detail/config_pure_pursuit_ctrl__rosidl_typesupport_introspection_cpp.hpp
[16.837s] -- Symlinking: /workspaces/Cuadriga_IA_/install/ctl_mission_interfaces/include/ctl_mission_interfaces/ctl_mission_interfaces/srv/detail/config_regulated_pure_ctrl__rosidl_typesupport_introspection_cpp.hpp
[16.846s] -- Symlinking: /workspaces/Cuadriga_IA_/install/ctl_mission_interfaces/include/ctl_mission_interfaces/ctl_mission_interfaces/srv/detail/config_simple_ctl__rosidl_typesupport_introspection_cpp.hpp
[16.855s] -- Symlinking: /workspaces/Cuadriga_IA_/install/ctl_mission_interfaces/include/ctl_mission_interfaces/ctl_mission_interfaces/srv/detail/config_stanley_ctrl__rosidl_typesupport_introspection_cpp.hpp
[16.864s] -- Symlinking: /workspaces/Cuadriga_IA_/install/ctl_mission_interfaces/include/ctl_mission_interfaces/ctl_mission_interfaces/srv/detail/get_mode__rosidl_typesupport_introspection_cpp.hpp
[16.873s] -- Symlinking: /workspaces/Cuadriga_IA_/install/ctl_mission_interfaces/include/ctl_mission_interfaces/ctl_mission_interfaces/srv/detail/get_possible_transitions__rosidl_typesupport_introspection_cpp.hpp
[16.882s] -- Symlinking: /workspaces/Cuadriga_IA_/install/ctl_mission_interfaces/share/ctl_mission_interfaces/environment/pythonpath.sh
[16.891s] -- Symlinking: /workspaces/Cuadriga_IA_/install/ctl_mission_interfaces/share/ctl_mission_interfaces/environment/pythonpath.dsv
[16.900s] -- Symlinking: /workspaces/Cuadriga_IA_/install/ctl_mission_interfaces/local/lib/python3.10/dist-packages/ctl_mission_interfaces-0.0.0-py3.10.egg-info/PKG-INFO
[16.909s] -- Symlinking: /workspaces/Cuadriga_IA_/install/ctl_mission_interfaces/local/lib/python3.10/dist-packages/ctl_mission_interfaces-0.0.0-py3.10.egg-info/SOURCES.txt
[16.918s] -- Symlinking: /workspaces/Cuadriga_IA_/install/ctl_mission_interfaces/local/lib/python3.10/dist-packages/ctl_mission_interfaces-0.0.0-py3.10.egg-info/dependency_links.txt
[16.927s] -- Symlinking: /workspaces/Cuadriga_IA_/install/ctl_mission_interfaces/local/lib/python3.10/dist-packages/ctl_mission_interfaces-0.0.0-py3.10.egg-info/top_level.txt
[16.937s] -- Symlinking: /workspaces/Cuadriga_IA_/install/ctl_mission_interfaces/local/lib/python3.10/dist-packages/ctl_mission_interfaces/__init__.py
[16.946s] -- Symlinking: /workspaces/Cuadriga_IA_/install/ctl_mission_interfaces/local/lib/python3.10/dist-packages/ctl_mission_interfaces/_ctl_mission_interfaces_s.ep.rosidl_typesupport_c.c
[16.956s] -- Symlinking: /workspaces/Cuadriga_IA_/install/ctl_mission_interfaces/local/lib/python3.10/dist-packages/ctl_mission_interfaces/_ctl_mission_interfaces_s.ep.rosidl_typesupport_fastrtps_c.c
[16.965s] -- Symlinking: /workspaces/Cuadriga_IA_/install/ctl_mission_interfaces/local/lib/python3.10/dist-packages/ctl_mission_interfaces/_ctl_mission_interfaces_s.ep.rosidl_typesupport_introspection_c.c
[16.974s] -- Symlinking: /workspaces/Cuadriga_IA_/install/ctl_mission_interfaces/local/lib/python3.10/dist-packages/ctl_mission_interfaces/ctl_mission_interfaces_s__rosidl_typesupport_c.cpython-310-x86_64-linux-gnu.so
[16.983s] -- Symlinking: /workspaces/Cuadriga_IA_/install/ctl_mission_interfaces/local/lib/python3.10/dist-packages/ctl_mission_interfaces/ctl_mission_interfaces_s__rosidl_typesupport_fastrtps_c.cpython-310-x86_64-linux-gnu.so
[16.993s] -- Symlinking: /workspaces/Cuadriga_IA_/install/ctl_mission_interfaces/local/lib/python3.10/dist-packages/ctl_mission_interfaces/ctl_mission_interfaces_s__rosidl_typesupport_introspection_c.cpython-310-x86_64-linux-gnu.so
[17.002s] -- Symlinking: /workspaces/Cuadriga_IA_/install/ctl_mission_interfaces/local/lib/python3.10/dist-packages/ctl_mission_interfaces/libctl_mission_interfaces__rosidl_generator_py.so
[17.011s] -- Symlinking: /workspaces/Cuadriga_IA_/install/ctl_mission_interfaces/local/lib/python3.10/dist-packages/ctl_mission_interfaces/srv/__init__.py
[17.020s] -- Symlinking: /workspaces/Cuadriga_IA_/install/ctl_mission_interfaces/local/lib/python3.10/dist-packages/ctl_mission_interfaces/srv/_change_controller.py
[17.029s] -- Symlinking: /workspaces/Cuadriga_IA_/install/ctl_mission_interfaces/local/lib/python3.10/dist-packages/ctl_mission_interfaces/srv/_change_controller_s.c
[17.038s] -- Symlinking: /workspaces/Cuadriga_IA_/install/ctl_mission_interfaces/local/lib/python3.10/dist-packages/ctl_mission_interfaces/srv/_change_mode.py
[17.047s] -- Symlinking: /workspaces/Cuadriga_IA_/install/ctl_mission_interfaces/local/lib/python3.10/dist-packages/ctl_mission_interfaces/srv/_change_mode_s.c
[17.056s] -- Symlinking: /workspaces/Cuadriga_IA_/install/ctl_mission_interfaces/local/lib/python3.10/dist-packages/ctl_mission_interfaces/srv/_change_speed.py
[17.065s] -- Symlinking: /workspaces/Cuadriga_IA_/install/ctl_mission_interfaces/local/lib/python3.10/dist-packages/ctl_mission_interfaces/srv/_change_speed_s.c
[17.074s] -- Symlinking: /workspaces/Cuadriga_IA_/install/ctl_mission_interfaces/local/lib/python3.10/dist-packages/ctl_mission_interfaces/srv/_config_dynamic_la_pure_ctrl.py
[17.083s] -- Symlinking: /workspaces/Cuadriga_IA_/install/ctl_mission_interfaces/local/lib/python3.10/dist-packages/ctl_mission_interfaces/srv/_config_dynamic_la_pure_ctrl_s.c
[17.092s] -- Symlinking: /workspaces/Cuadriga_IA_/install/ctl_mission_interfaces/local/lib/python3.10/dist-packages/ctl_mission_interfaces/srv/_config_dynamic_pure_ctrl.py
[17.101s] -- Symlinking: /workspaces/Cuadriga_IA_/install/ctl_mission_interfaces/local/lib/python3.10/dist-packages/ctl_mission_interfaces/srv/_config_dynamic_pure_ctrl_s.c
[17.109s] -- Symlinking: /workspaces/Cuadriga_IA_/install/ctl_mission_interfaces/local/lib/python3.10/dist-packages/ctl_mission_interfaces/srv/_config_pure_pursuit_ctrl.py
[17.118s] -- Symlinking: /workspaces/Cuadriga_IA_/install/ctl_mission_interfaces/local/lib/python3.10/dist-packages/ctl_mission_interfaces/srv/_config_pure_pursuit_ctrl_s.c
[17.127s] -- Symlinking: /workspaces/Cuadriga_IA_/install/ctl_mission_interfaces/local/lib/python3.10/dist-packages/ctl_mission_interfaces/srv/_config_regulated_pure_ctrl.py
[17.136s] -- Symlinking: /workspaces/Cuadriga_IA_/install/ctl_mission_interfaces/local/lib/python3.10/dist-packages/ctl_mission_interfaces/srv/_config_regulated_pure_ctrl_s.c
[17.145s] -- Symlinking: /workspaces/Cuadriga_IA_/install/ctl_mission_interfaces/local/lib/python3.10/dist-packages/ctl_mission_interfaces/srv/_config_simple_ctl.py
[17.155s] -- Symlinking: /workspaces/Cuadriga_IA_/install/ctl_mission_interfaces/local/lib/python3.10/dist-packages/ctl_mission_interfaces/srv/_config_simple_ctl_s.c
[17.164s] -- Symlinking: /workspaces/Cuadriga_IA_/install/ctl_mission_interfaces/local/lib/python3.10/dist-packages/ctl_mission_interfaces/srv/_config_stanley_ctrl.py
[17.173s] -- Symlinking: /workspaces/Cuadriga_IA_/install/ctl_mission_interfaces/local/lib/python3.10/dist-packages/ctl_mission_interfaces/srv/_config_stanley_ctrl_s.c
[17.182s] -- Symlinking: /workspaces/Cuadriga_IA_/install/ctl_mission_interfaces/local/lib/python3.10/dist-packages/ctl_mission_interfaces/srv/_get_mode.py
[17.190s] -- Symlinking: /workspaces/Cuadriga_IA_/install/ctl_mission_interfaces/local/lib/python3.10/dist-packages/ctl_mission_interfaces/srv/_get_mode_s.c
[17.199s] -- Symlinking: /workspaces/Cuadriga_IA_/install/ctl_mission_interfaces/local/lib/python3.10/dist-packages/ctl_mission_interfaces/srv/_get_possible_transitions.py
[17.209s] -- Symlinking: /workspaces/Cuadriga_IA_/install/ctl_mission_interfaces/local/lib/python3.10/dist-packages/ctl_mission_interfaces/srv/_get_possible_transitions_s.c
[17.218s] -- Up-to-date symlink: /workspaces/Cuadriga_IA_/install/ctl_mission_interfaces/local/lib/python3.10/dist-packages/ctl_mission_interfaces/ctl_mission_interfaces_s__rosidl_typesupport_fastrtps_c.cpython-310-x86_64-linux-gnu.so
[17.218s] -- Up-to-date symlink: /workspaces/Cuadriga_IA_/install/ctl_mission_interfaces/local/lib/python3.10/dist-packages/ctl_mission_interfaces/ctl_mission_interfaces_s__rosidl_typesupport_introspection_c.cpython-310-x86_64-linux-gnu.so
[17.218s] -- Up-to-date symlink: /workspaces/Cuadriga_IA_/install/ctl_mission_interfaces/local/lib/python3.10/dist-packages/ctl_mission_interfaces/ctl_mission_interfaces_s__rosidl_typesupport_c.cpython-310-x86_64-linux-gnu.so
[17.219s] -- Symlinking: /workspaces/Cuadriga_IA_/install/ctl_mission_interfaces/share/ament_index/resource_index/rust_packages/ctl_mission_interfaces
[17.228s] -- Symlinking: /workspaces/Cuadriga_IA_/install/ctl_mission_interfaces/share/ctl_mission_interfaces/rust/Cargo.toml
[17.236s] -- Symlinking: /workspaces/Cuadriga_IA_/install/ctl_mission_interfaces/share/ctl_mission_interfaces/rust/build.rs
[17.246s] -- Symlinking: /workspaces/Cuadriga_IA_/install/ctl_mission_interfaces/share/ctl_mission_interfaces/rust/src/lib.rs
[17.255s] -- Symlinking: /workspaces/Cuadriga_IA_/install/ctl_mission_interfaces/share/ctl_mission_interfaces/rust/src/srv.rs
[17.264s] -- Symlinking: /workspaces/Cuadriga_IA_/install/ctl_mission_interfaces/share/ctl_mission_interfaces/rust/src/srv/rmw.rs
[17.274s] -- Symlinking: /workspaces/Cuadriga_IA_/install/ctl_mission_interfaces/share/ctl_mission_interfaces/srv/ChangeMode.idl
[17.283s] -- Symlinking: /workspaces/Cuadriga_IA_/install/ctl_mission_interfaces/share/ctl_mission_interfaces/srv/GetMode.idl
[17.293s] -- Symlinking: /workspaces/Cuadriga_IA_/install/ctl_mission_interfaces/share/ctl_mission_interfaces/srv/ChangeSpeed.idl
[17.302s] -- Symlinking: /workspaces/Cuadriga_IA_/install/ctl_mission_interfaces/share/ctl_mission_interfaces/srv/ConfigSimpleCtl.idl
[17.311s] -- Symlinking: /workspaces/Cuadriga_IA_/install/ctl_mission_interfaces/share/ctl_mission_interfaces/srv/GetPossibleTransitions.idl
[17.320s] -- Symlinking: /workspaces/Cuadriga_IA_/install/ctl_mission_interfaces/share/ctl_mission_interfaces/srv/ChangeController.idl
[17.329s] -- Symlinking: /workspaces/Cuadriga_IA_/install/ctl_mission_interfaces/share/ctl_mission_interfaces/srv/ConfigPurePursuitCtrl.idl
[17.338s] -- Symlinking: /workspaces/Cuadriga_IA_/install/ctl_mission_interfaces/share/ctl_mission_interfaces/srv/ConfigStanleyCtrl.idl
[17.347s] -- Symlinking: /workspaces/Cuadriga_IA_/install/ctl_mission_interfaces/share/ctl_mission_interfaces/srv/ConfigDynamicPureCtrl.idl
[17.356s] -- Symlinking: /workspaces/Cuadriga_IA_/install/ctl_mission_interfaces/share/ctl_mission_interfaces/srv/ConfigDynamicLAPureCtrl.idl
[17.365s] -- Symlinking: /workspaces/Cuadriga_IA_/install/ctl_mission_interfaces/share/ctl_mission_interfaces/srv/ConfigRegulatedPureCtrl.idl
[17.375s] -- Symlinking: /workspaces/Cuadriga_IA_/install/ctl_mission_interfaces/share/ctl_mission_interfaces/srv/ChangeMode.srv
[17.384s] -- Symlinking: /workspaces/Cuadriga_IA_/install/ctl_mission_interfaces/share/ctl_mission_interfaces/srv/ChangeMode_Request.msg
[17.393s] -- Symlinking: /workspaces/Cuadriga_IA_/install/ctl_mission_interfaces/share/ctl_mission_interfaces/srv/ChangeMode_Response.msg
[17.402s] -- Symlinking: /workspaces/Cuadriga_IA_/install/ctl_mission_interfaces/share/ctl_mission_interfaces/srv/GetMode.srv
[17.411s] -- Symlinking: /workspaces/Cuadriga_IA_/install/ctl_mission_interfaces/share/ctl_mission_interfaces/srv/GetMode_Request.msg
[17.420s] -- Symlinking: /workspaces/Cuadriga_IA_/install/ctl_mission_interfaces/share/ctl_mission_interfaces/srv/GetMode_Response.msg
[17.429s] -- Symlinking: /workspaces/Cuadriga_IA_/install/ctl_mission_interfaces/share/ctl_mission_interfaces/srv/ChangeSpeed.srv
[17.438s] -- Symlinking: /workspaces/Cuadriga_IA_/install/ctl_mission_interfaces/share/ctl_mission_interfaces/srv/ChangeSpeed_Request.msg
[17.447s] -- Symlinking: /workspaces/Cuadriga_IA_/install/ctl_mission_interfaces/share/ctl_mission_interfaces/srv/ChangeSpeed_Response.msg
[17.457s] -- Symlinking: /workspaces/Cuadriga_IA_/install/ctl_mission_interfaces/share/ctl_mission_interfaces/srv/ConfigSimpleCtl.srv
[17.466s] -- Symlinking: /workspaces/Cuadriga_IA_/install/ctl_mission_interfaces/share/ctl_mission_interfaces/srv/ConfigSimpleCtl_Request.msg
[17.475s] -- Symlinking: /workspaces/Cuadriga_IA_/install/ctl_mission_interfaces/share/ctl_mission_interfaces/srv/ConfigSimpleCtl_Response.msg
[17.485s] -- Symlinking: /workspaces/Cuadriga_IA_/install/ctl_mission_interfaces/share/ctl_mission_interfaces/srv/GetPossibleTransitions.srv
[17.494s] -- Symlinking: /workspaces/Cuadriga_IA_/install/ctl_mission_interfaces/share/ctl_mission_interfaces/srv/GetPossibleTransitions_Request.msg
[17.503s] -- Symlinking: /workspaces/Cuadriga_IA_/install/ctl_mission_interfaces/share/ctl_mission_interfaces/srv/GetPossibleTransitions_Response.msg
[17.512s] -- Symlinking: /workspaces/Cuadriga_IA_/install/ctl_mission_interfaces/share/ctl_mission_interfaces/srv/ChangeController.srv
[17.521s] -- Symlinking: /workspaces/Cuadriga_IA_/install/ctl_mission_interfaces/share/ctl_mission_interfaces/srv/ChangeController_Request.msg
[17.530s] -- Symlinking: /workspaces/Cuadriga_IA_/install/ctl_mission_interfaces/share/ctl_mission_interfaces/srv/ChangeController_Response.msg
[17.539s] -- Symlinking: /workspaces/Cuadriga_IA_/install/ctl_mission_interfaces/share/ctl_mission_interfaces/srv/ConfigPurePursuitCtrl.srv
[17.548s] -- Symlinking: /workspaces/Cuadriga_IA_/install/ctl_mission_interfaces/share/ctl_mission_interfaces/srv/ConfigPurePursuitCtrl_Request.msg
[17.557s] -- Symlinking: /workspaces/Cuadriga_IA_/install/ctl_mission_interfaces/share/ctl_mission_interfaces/srv/ConfigPurePursuitCtrl_Response.msg
[17.566s] -- Symlinking: /workspaces/Cuadriga_IA_/install/ctl_mission_interfaces/share/ctl_mission_interfaces/srv/ConfigStanleyCtrl.srv
[17.575s] -- Symlinking: /workspaces/Cuadriga_IA_/install/ctl_mission_interfaces/share/ctl_mission_interfaces/srv/ConfigStanleyCtrl_Request.msg
[17.585s] -- Symlinking: /workspaces/Cuadriga_IA_/install/ctl_mission_interfaces/share/ctl_mission_interfaces/srv/ConfigStanleyCtrl_Response.msg
[17.593s] -- Symlinking: /workspaces/Cuadriga_IA_/install/ctl_mission_interfaces/share/ctl_mission_interfaces/srv/ConfigDynamicPureCtrl.srv
[17.603s] -- Symlinking: /workspaces/Cuadriga_IA_/install/ctl_mission_interfaces/share/ctl_mission_interfaces/srv/ConfigDynamicPureCtrl_Request.msg
[17.612s] -- Symlinking: /workspaces/Cuadriga_IA_/install/ctl_mission_interfaces/share/ctl_mission_interfaces/srv/ConfigDynamicPureCtrl_Response.msg
[17.621s] -- Symlinking: /workspaces/Cuadriga_IA_/install/ctl_mission_interfaces/share/ctl_mission_interfaces/srv/ConfigDynamicLAPureCtrl.srv
[17.629s] -- Symlinking: /workspaces/Cuadriga_IA_/install/ctl_mission_interfaces/share/ctl_mission_interfaces/srv/ConfigDynamicLAPureCtrl_Request.msg
[17.639s] -- Symlinking: /workspaces/Cuadriga_IA_/install/ctl_mission_interfaces/share/ctl_mission_interfaces/srv/ConfigDynamicLAPureCtrl_Response.msg
[17.648s] -- Symlinking: /workspaces/Cuadriga_IA_/install/ctl_mission_interfaces/share/ctl_mission_interfaces/srv/ConfigRegulatedPureCtrl.srv
[17.657s] -- Symlinking: /workspaces/Cuadriga_IA_/install/ctl_mission_interfaces/share/ctl_mission_interfaces/srv/ConfigRegulatedPureCtrl_Request.msg
[17.667s] -- Symlinking: /workspaces/Cuadriga_IA_/install/ctl_mission_interfaces/share/ctl_mission_interfaces/srv/ConfigRegulatedPureCtrl_Response.msg
[17.676s] -- Symlinking: /workspaces/Cuadriga_IA_/install/ctl_mission_interfaces/share/ament_index/resource_index/package_run_dependencies/ctl_mission_interfaces
[17.686s] -- Symlinking: /workspaces/Cuadriga_IA_/install/ctl_mission_interfaces/share/ament_index/resource_index/parent_prefix_path/ctl_mission_interfaces
[17.694s] -- Symlinking: /workspaces/Cuadriga_IA_/install/ctl_mission_interfaces/share/ctl_mission_interfaces/environment/ament_prefix_path.sh
[17.704s] -- Symlinking: /workspaces/Cuadriga_IA_/install/ctl_mission_interfaces/share/ctl_mission_interfaces/environment/ament_prefix_path.dsv
[17.713s] -- Symlinking: /workspaces/Cuadriga_IA_/install/ctl_mission_interfaces/share/ctl_mission_interfaces/environment/path.sh
[17.722s] -- Symlinking: /workspaces/Cuadriga_IA_/install/ctl_mission_interfaces/share/ctl_mission_interfaces/environment/path.dsv
[17.731s] -- Symlinking: /workspaces/Cuadriga_IA_/install/ctl_mission_interfaces/share/ctl_mission_interfaces/local_setup.bash
[17.740s] -- Symlinking: /workspaces/Cuadriga_IA_/install/ctl_mission_interfaces/share/ctl_mission_interfaces/local_setup.sh
[17.749s] -- Symlinking: /workspaces/Cuadriga_IA_/install/ctl_mission_interfaces/share/ctl_mission_interfaces/local_setup.zsh
[17.758s] -- Symlinking: /workspaces/Cuadriga_IA_/install/ctl_mission_interfaces/share/ctl_mission_interfaces/local_setup.dsv
[17.768s] -- Symlinking: /workspaces/Cuadriga_IA_/install/ctl_mission_interfaces/share/ctl_mission_interfaces/package.dsv
[17.777s] -- Symlinking: /workspaces/Cuadriga_IA_/install/ctl_mission_interfaces/share/ament_index/resource_index/packages/ctl_mission_interfaces
[17.786s] -- Symlinking: /workspaces/Cuadriga_IA_/install/ctl_mission_interfaces/share/ctl_mission_interfaces/cmake/rosidl_cmake-extras.cmake
[17.795s] -- Symlinking: /workspaces/Cuadriga_IA_/install/ctl_mission_interfaces/share/ctl_mission_interfaces/cmake/ament_cmake_export_dependencies-extras.cmake
[17.804s] -- Symlinking: /workspaces/Cuadriga_IA_/install/ctl_mission_interfaces/share/ctl_mission_interfaces/cmake/ament_cmake_export_include_directories-extras.cmake
[17.813s] -- Symlinking: /workspaces/Cuadriga_IA_/install/ctl_mission_interfaces/share/ctl_mission_interfaces/cmake/ament_cmake_export_libraries-extras.cmake
[17.822s] -- Symlinking: /workspaces/Cuadriga_IA_/install/ctl_mission_interfaces/share/ctl_mission_interfaces/cmake/ament_cmake_export_targets-extras.cmake
[17.831s] -- Symlinking: /workspaces/Cuadriga_IA_/install/ctl_mission_interfaces/share/ctl_mission_interfaces/cmake/rosidl_cmake_export_typesupport_targets-extras.cmake
[17.840s] -- Symlinking: /workspaces/Cuadriga_IA_/install/ctl_mission_interfaces/share/ctl_mission_interfaces/cmake/rosidl_cmake_export_typesupport_libraries-extras.cmake
[17.849s] -- Symlinking: /workspaces/Cuadriga_IA_/install/ctl_mission_interfaces/share/ctl_mission_interfaces/cmake/ctl_mission_interfacesConfig.cmake
[17.858s] -- Symlinking: /workspaces/Cuadriga_IA_/install/ctl_mission_interfaces/share/ctl_mission_interfaces/cmake/ctl_mission_interfacesConfig-version.cmake
[17.867s] -- Symlinking: /workspaces/Cuadriga_IA_/install/ctl_mission_interfaces/share/ctl_mission_interfaces/package.xml
[17.876s] -- Installing: /workspaces/Cuadriga_IA_/install/ctl_mission_interfaces/lib/libctl_mission_interfaces__rosidl_generator_c.so
[17.877s] -- Set runtime path of "/workspaces/Cuadriga_IA_/install/ctl_mission_interfaces/lib/libctl_mission_interfaces__rosidl_generator_c.so" to ""
[17.877s] -- Installing: /workspaces/Cuadriga_IA_/install/ctl_mission_interfaces/lib/libctl_mission_interfaces__rosidl_typesupport_fastrtps_c.so
[17.877s] -- Set runtime path of "/workspaces/Cuadriga_IA_/install/ctl_mission_interfaces/lib/libctl_mission_interfaces__rosidl_typesupport_fastrtps_c.so" to ""
[17.878s] -- Installing: /workspaces/Cuadriga_IA_/install/ctl_mission_interfaces/lib/libctl_mission_interfaces__rosidl_typesupport_introspection_c.so
[17.878s] -- Set runtime path of "/workspaces/Cuadriga_IA_/install/ctl_mission_interfaces/lib/libctl_mission_interfaces__rosidl_typesupport_introspection_c.so" to ""
[17.878s] -- Installing: /workspaces/Cuadriga_IA_/install/ctl_mission_interfaces/lib/libctl_mission_interfaces__rosidl_typesupport_c.so
[17.879s] -- Set runtime path of "/workspaces/Cuadriga_IA_/install/ctl_mission_interfaces/lib/libctl_mission_interfaces__rosidl_typesupport_c.so" to ""
[17.879s] -- Installing: /workspaces/Cuadriga_IA_/install/ctl_mission_interfaces/lib/libctl_mission_interfaces__rosidl_typesupport_fastrtps_cpp.so
[17.880s] -- Set runtime path of "/workspaces/Cuadriga_IA_/install/ctl_mission_interfaces/lib/libctl_mission_interfaces__rosidl_typesupport_fastrtps_cpp.so" to ""
[17.880s] -- Installing: /workspaces/Cuadriga_IA_/install/ctl_mission_interfaces/lib/libctl_mission_interfaces__rosidl_typesupport_introspection_cpp.so
[17.881s] -- Set runtime path of "/workspaces/Cuadriga_IA_/install/ctl_mission_interfaces/lib/libctl_mission_interfaces__rosidl_typesupport_introspection_cpp.so" to ""
[17.881s] -- Installing: /workspaces/Cuadriga_IA_/install/ctl_mission_interfaces/lib/libctl_mission_interfaces__rosidl_typesupport_cpp.so
[17.881s] -- Set runtime path of "/workspaces/Cuadriga_IA_/install/ctl_mission_interfaces/lib/libctl_mission_interfaces__rosidl_typesupport_cpp.so" to ""
[17.928s] Listing '/workspaces/Cuadriga_IA_/install/ctl_mission_interfaces/local/lib/python3.10/dist-packages/ctl_mission_interfaces'...
[17.928s] Compiling '/workspaces/Cuadriga_IA_/install/ctl_mission_interfaces/local/lib/python3.10/dist-packages/ctl_mission_interfaces/__init__.py'...
[17.928s] Listing '/workspaces/Cuadriga_IA_/install/ctl_mission_interfaces/local/lib/python3.10/dist-packages/ctl_mission_interfaces/srv'...
[17.928s] Compiling '/workspaces/Cuadriga_IA_/install/ctl_mission_interfaces/local/lib/python3.10/dist-packages/ctl_mission_interfaces/srv/__init__.py'...
[17.928s] Compiling '/workspaces/Cuadriga_IA_/install/ctl_mission_interfaces/local/lib/python3.10/dist-packages/ctl_mission_interfaces/srv/_change_controller.py'...
[17.929s] Compiling '/workspaces/Cuadriga_IA_/install/ctl_mission_interfaces/local/lib/python3.10/dist-packages/ctl_mission_interfaces/srv/_change_mode.py'...
[17.929s] Compiling '/workspaces/Cuadriga_IA_/install/ctl_mission_interfaces/local/lib/python3.10/dist-packages/ctl_mission_interfaces/srv/_change_speed.py'...
[17.929s] Compiling '/workspaces/Cuadriga_IA_/install/ctl_mission_interfaces/local/lib/python3.10/dist-packages/ctl_mission_interfaces/srv/_config_dynamic_la_pure_ctrl.py'...
[17.929s] Compiling '/workspaces/Cuadriga_IA_/install/ctl_mission_interfaces/local/lib/python3.10/dist-packages/ctl_mission_interfaces/srv/_config_dynamic_pure_ctrl.py'...
[17.929s] Compiling '/workspaces/Cuadriga_IA_/install/ctl_mission_interfaces/local/lib/python3.10/dist-packages/ctl_mission_interfaces/srv/_config_pure_pursuit_ctrl.py'...
[17.929s] Compiling '/workspaces/Cuadriga_IA_/install/ctl_mission_interfaces/local/lib/python3.10/dist-packages/ctl_mission_interfaces/srv/_config_regulated_pure_ctrl.py'...
[17.929s] Compiling '/workspaces/Cuadriga_IA_/install/ctl_mission_interfaces/local/lib/python3.10/dist-packages/ctl_mission_interfaces/srv/_config_simple_ctl.py'...
[17.929s] Compiling '/workspaces/Cuadriga_IA_/install/ctl_mission_interfaces/local/lib/python3.10/dist-packages/ctl_mission_interfaces/srv/_config_stanley_ctrl.py'...
[17.929s] Compiling '/workspaces/Cuadriga_IA_/install/ctl_mission_interfaces/local/lib/python3.10/dist-packages/ctl_mission_interfaces/srv/_get_mode.py'...
[17.929s] Compiling '/workspaces/Cuadriga_IA_/install/ctl_mission_interfaces/local/lib/python3.10/dist-packages/ctl_mission_interfaces/srv/_get_possible_transitions.py'...
[17.932s] -- Installing: /workspaces/Cuadriga_IA_/install/ctl_mission_interfaces/lib/libctl_mission_interfaces__rosidl_generator_py.so
[17.933s] -- Set runtime path of "/workspaces/Cuadriga_IA_/install/ctl_mission_interfaces/lib/libctl_mission_interfaces__rosidl_generator_py.so" to ""
[17.933s] -- Installing: /workspaces/Cuadriga_IA_/install/ctl_mission_interfaces/share/ctl_mission_interfaces/cmake/export_ctl_mission_interfaces__rosidl_generator_cExport.cmake
[17.933s] -- Installing: /workspaces/Cuadriga_IA_/install/ctl_mission_interfaces/share/ctl_mission_interfaces/cmake/export_ctl_mission_interfaces__rosidl_generator_cExport-noconfig.cmake
[17.934s] -- Installing: /workspaces/Cuadriga_IA_/install/ctl_mission_interfaces/share/ctl_mission_interfaces/cmake/export_ctl_mission_interfaces__rosidl_typesupport_fastrtps_cExport.cmake
[17.934s] -- Installing: /workspaces/Cuadriga_IA_/install/ctl_mission_interfaces/share/ctl_mission_interfaces/cmake/export_ctl_mission_interfaces__rosidl_typesupport_fastrtps_cExport-noconfig.cmake
[17.934s] -- Installing: /workspaces/Cuadriga_IA_/install/ctl_mission_interfaces/share/ctl_mission_interfaces/cmake/ctl_mission_interfaces__rosidl_typesupport_introspection_cExport.cmake
[17.934s] -- Installing: /workspaces/Cuadriga_IA_/install/ctl_mission_interfaces/share/ctl_mission_interfaces/cmake/ctl_mission_interfaces__rosidl_typesupport_introspection_cExport-noconfig.cmake
[17.934s] -- Installing: /workspaces/Cuadriga_IA_/install/ctl_mission_interfaces/share/ctl_mission_interfaces/cmake/ctl_mission_interfaces__rosidl_typesupport_cExport.cmake
[17.935s] -- Installing: /workspaces/Cuadriga_IA_/install/ctl_mission_interfaces/share/ctl_mission_interfaces/cmake/ctl_mission_interfaces__rosidl_typesupport_cExport-noconfig.cmake
[17.935s] -- Installing: /workspaces/Cuadriga_IA_/install/ctl_mission_interfaces/share/ctl_mission_interfaces/cmake/export_ctl_mission_interfaces__rosidl_generator_cppExport.cmake
[17.935s] -- Installing: /workspaces/Cuadriga_IA_/install/ctl_mission_interfaces/share/ctl_mission_interfaces/cmake/export_ctl_mission_interfaces__rosidl_typesupport_fastrtps_cppExport.cmake
[17.935s] -- Installing: /workspaces/Cuadriga_IA_/install/ctl_mission_interfaces/share/ctl_mission_interfaces/cmake/export_ctl_mission_interfaces__rosidl_typesupport_fastrtps_cppExport-noconfig.cmake
[17.936s] -- Installing: /workspaces/Cuadriga_IA_/install/ctl_mission_interfaces/share/ctl_mission_interfaces/cmake/ctl_mission_interfaces__rosidl_typesupport_introspection_cppExport.cmake
[17.936s] -- Installing: /workspaces/Cuadriga_IA_/install/ctl_mission_interfaces/share/ctl_mission_interfaces/cmake/ctl_mission_interfaces__rosidl_typesupport_introspection_cppExport-noconfig.cmake
[17.936s] -- Installing: /workspaces/Cuadriga_IA_/install/ctl_mission_interfaces/share/ctl_mission_interfaces/cmake/ctl_mission_interfaces__rosidl_typesupport_cppExport.cmake
[17.936s] -- Installing: /workspaces/Cuadriga_IA_/install/ctl_mission_interfaces/share/ctl_mission_interfaces/cmake/ctl_mission_interfaces__rosidl_typesupport_cppExport-noconfig.cmake
[17.936s] -- Installing: /workspaces/Cuadriga_IA_/install/ctl_mission_interfaces/share/ctl_mission_interfaces/cmake/export_ctl_mission_interfaces__rosidl_generator_pyExport.cmake
[17.937s] -- Installing: /workspaces/Cuadriga_IA_/install/ctl_mission_interfaces/share/ctl_mission_interfaces/cmake/export_ctl_mission_interfaces__rosidl_generator_pyExport-noconfig.cmake
[17.939s] Invoked command in '/workspaces/Cuadriga_IA_/build/ctl_mission_interfaces' returned '0': CMAKE_PREFIX_PATH=${CMAKE_PREFIX_PATH}:/ros2_ws/install/cuadriga_gui:/opt/ros/humble /usr/bin/cmake --install /workspaces/Cuadriga_IA_/build/ctl_mission_interfaces
