running develop
running egg_info
creating cuadriga_gui.egg-info
writing cuadriga_gui.egg-info/PKG-INFO
writing dependency_links to cuadriga_gui.egg-info/dependency_links.txt
writing entry points to cuadriga_gui.egg-info/entry_points.txt
writing requirements to cuadriga_gui.egg-info/requires.txt
writing top-level names to cuadriga_gui.egg-info/top_level.txt
writing manifest file 'cuadriga_gui.egg-info/SOURCES.txt'
reading manifest file 'cuadriga_gui.egg-info/SOURCES.txt'
writing manifest file 'cuadriga_gui.egg-info/SOURCES.txt'
running build_ext
Creating /home/cuadriga/cuadriga_ws/Cuadriga/src/Cuadriga_IA_/install/cuadriga_gui/lib/python3.10/site-packages/cuadriga-gui.egg-link (link to .)
Installing gui script to /home/cuadriga/cuadriga_ws/Cuadriga/src/Cuadriga_IA_/install/cuadriga_gui/lib/cuadriga_gui

Installed /home/cuadriga/cuadriga_ws/Cuadriga/src/Cuadriga_IA_/build/cuadriga_gui
running symlink_data
creating /home/cuadriga/cuadriga_ws/Cuadriga/src/Cuadriga_IA_/install/cuadriga_gui/share/ament_index
creating /home/cuadriga/cuadriga_ws/Cuadriga/src/Cuadriga_IA_/install/cuadriga_gui/share/ament_index/resource_index
creating /home/cuadriga/cuadriga_ws/Cuadriga/src/Cuadriga_IA_/install/cuadriga_gui/share/ament_index/resource_index/packages
symbolically linking /home/cuadriga/cuadriga_ws/Cuadriga/src/Cuadriga_IA_/build/cuadriga_gui/resource/cuadriga_gui -> /home/cuadriga/cuadriga_ws/Cuadriga/src/Cuadriga_IA_/install/cuadriga_gui/share/ament_index/resource_index/packages
symbolically linking /home/cuadriga/cuadriga_ws/Cuadriga/src/Cuadriga_IA_/build/cuadriga_gui/package.xml -> /home/cuadriga/cuadriga_ws/Cuadriga/src/Cuadriga_IA_/install/cuadriga_gui/share/cuadriga_gui
creating /home/cuadriga/cuadriga_ws/Cuadriga/src/Cuadriga_IA_/install/cuadriga_gui/share/cuadriga_gui/resources
symbolically linking /home/cuadriga/cuadriga_ws/Cuadriga/src/Cuadriga_IA_/build/cuadriga_gui/cuadriga_gui/resources/map.html -> /home/cuadriga/cuadriga_ws/Cuadriga/src/Cuadriga_IA_/install/cuadriga_gui/share/cuadriga_gui/resources
creating /home/cuadriga/cuadriga_ws/Cuadriga/src/Cuadriga_IA_/install/cuadriga_gui/share/cuadriga_gui/resources/vendor
creating /home/cuadriga/cuadriga_ws/Cuadriga/src/Cuadriga_IA_/install/cuadriga_gui/share/cuadriga_gui/resources/vendor/leaflet
symbolically linking /home/cuadriga/cuadriga_ws/Cuadriga/src/Cuadriga_IA_/build/cuadriga_gui/cuadriga_gui/resources/vendor/leaflet/leaflet.js -> /home/cuadriga/cuadriga_ws/Cuadriga/src/Cuadriga_IA_/install/cuadriga_gui/share/cuadriga_gui/resources/vendor/leaflet
symbolically linking /home/cuadriga/cuadriga_ws/Cuadriga/src/Cuadriga_IA_/build/cuadriga_gui/cuadriga_gui/resources/vendor/leaflet/leaflet.css -> /home/cuadriga/cuadriga_ws/Cuadriga/src/Cuadriga_IA_/install/cuadriga_gui/share/cuadriga_gui/resources/vendor/leaflet
creating /home/cuadriga/cuadriga_ws/Cuadriga/src/Cuadriga_IA_/install/cuadriga_gui/share/cuadriga_gui/resources/vendor/leaflet/images
symbolically linking /home/cuadriga/cuadriga_ws/Cuadriga/src/Cuadriga_IA_/build/cuadriga_gui/cuadriga_gui/resources/vendor/leaflet/images/marker-icon.png -> /home/cuadriga/cuadriga_ws/Cuadriga/src/Cuadriga_IA_/install/cuadriga_gui/share/cuadriga_gui/resources/vendor/leaflet/images
symbolically linking /home/cuadriga/cuadriga_ws/Cuadriga/src/Cuadriga_IA_/build/cuadriga_gui/cuadriga_gui/resources/vendor/leaflet/images/marker-icon-2x.png -> /home/cuadriga/cuadriga_ws/Cuadriga/src/Cuadriga_IA_/install/cuadriga_gui/share/cuadriga_gui/resources/vendor/leaflet/images
symbolically linking /home/cuadriga/cuadriga_ws/Cuadriga/src/Cuadriga_IA_/build/cuadriga_gui/cuadriga_gui/resources/vendor/leaflet/images/marker-shadow.png -> /home/cuadriga/cuadriga_ws/Cuadriga/src/Cuadriga_IA_/install/cuadriga_gui/share/cuadriga_gui/resources/vendor/leaflet/images
