[0.835s] Invoking command in '/home/cuadriga/cuadriga_ws/Cuadriga/src/Cuadriga_IA_/build/cuadriga_gui': PYTHONPATH=/home/cuadriga/cuadriga_ws/Cuadriga/src/Cuadriga_IA_/build/cuadriga_gui/prefix_override:/usr/lib/python3/dist-packages/colcon_core/task/python/colcon_distutils_commands:/home/cuadriga/cuadriga_ws/Cuadriga/src/Cuadriga_IA_/install/cuadriga_gui/lib/python3.10/site-packages:${PYTHONPATH} /usr/bin/python3 -W ignore:setup.py install is deprecated -W ignore:easy_install command is deprecated setup.py develop --editable --build-directory /home/cuadriga/cuadriga_ws/Cuadriga/src/Cuadriga_IA_/build/cuadriga_gui/build --no-deps symlink_data
[1.253s] running develop
[1.412s] running egg_info
[1.412s] creating cuadriga_gui.egg-info
[1.413s] writing cuadriga_gui.egg-info/PKG-INFO
[1.413s] writing dependency_links to cuadriga_gui.egg-info/dependency_links.txt
[1.413s] writing entry points to cuadriga_gui.egg-info/entry_points.txt
[1.413s] writing requirements to cuadriga_gui.egg-info/requires.txt
[1.413s] writing top-level names to cuadriga_gui.egg-info/top_level.txt
[1.414s] writing manifest file 'cuadriga_gui.egg-info/SOURCES.txt'
[1.416s] reading manifest file 'cuadriga_gui.egg-info/SOURCES.txt'
[1.417s] writing manifest file 'cuadriga_gui.egg-info/SOURCES.txt'
[1.418s] running build_ext
[1.419s] Creating /home/cuadriga/cuadriga_ws/Cuadriga/src/Cuadriga_IA_/install/cuadriga_gui/lib/python3.10/site-packages/cuadriga-gui.egg-link (link to .)
[1.420s] Installing gui script to /home/cuadriga/cuadriga_ws/Cuadriga/src/Cuadriga_IA_/install/cuadriga_gui/lib/cuadriga_gui
[1.420s] 
[1.420s] Installed /home/cuadriga/cuadriga_ws/Cuadriga/src/Cuadriga_IA_/build/cuadriga_gui
[1.420s] running symlink_data
[1.421s] creating /home/cuadriga/cuadriga_ws/Cuadriga/src/Cuadriga_IA_/install/cuadriga_gui/share/ament_index
[1.421s] creating /home/cuadriga/cuadriga_ws/Cuadriga/src/Cuadriga_IA_/install/cuadriga_gui/share/ament_index/resource_index
[1.421s] creating /home/cuadriga/cuadriga_ws/Cuadriga/src/Cuadriga_IA_/install/cuadriga_gui/share/ament_index/resource_index/packages
[1.421s] symbolically linking /home/cuadriga/cuadriga_ws/Cuadriga/src/Cuadriga_IA_/build/cuadriga_gui/resource/cuadriga_gui -> /home/cuadriga/cuadriga_ws/Cuadriga/src/Cuadriga_IA_/install/cuadriga_gui/share/ament_index/resource_index/packages
[1.421s] symbolically linking /home/cuadriga/cuadriga_ws/Cuadriga/src/Cuadriga_IA_/build/cuadriga_gui/package.xml -> /home/cuadriga/cuadriga_ws/Cuadriga/src/Cuadriga_IA_/install/cuadriga_gui/share/cuadriga_gui
[1.421s] creating /home/cuadriga/cuadriga_ws/Cuadriga/src/Cuadriga_IA_/install/cuadriga_gui/share/cuadriga_gui/resources
[1.421s] symbolically linking /home/cuadriga/cuadriga_ws/Cuadriga/src/Cuadriga_IA_/build/cuadriga_gui/cuadriga_gui/resources/map.html -> /home/cuadriga/cuadriga_ws/Cuadriga/src/Cuadriga_IA_/install/cuadriga_gui/share/cuadriga_gui/resources
[1.422s] creating /home/cuadriga/cuadriga_ws/Cuadriga/src/Cuadriga_IA_/install/cuadriga_gui/share/cuadriga_gui/resources/vendor
[1.422s] creating /home/cuadriga/cuadriga_ws/Cuadriga/src/Cuadriga_IA_/install/cuadriga_gui/share/cuadriga_gui/resources/vendor/leaflet
[1.422s] symbolically linking /home/cuadriga/cuadriga_ws/Cuadriga/src/Cuadriga_IA_/build/cuadriga_gui/cuadriga_gui/resources/vendor/leaflet/leaflet.js -> /home/cuadriga/cuadriga_ws/Cuadriga/src/Cuadriga_IA_/install/cuadriga_gui/share/cuadriga_gui/resources/vendor/leaflet
[1.422s] symbolically linking /home/cuadriga/cuadriga_ws/Cuadriga/src/Cuadriga_IA_/build/cuadriga_gui/cuadriga_gui/resources/vendor/leaflet/leaflet.css -> /home/cuadriga/cuadriga_ws/Cuadriga/src/Cuadriga_IA_/install/cuadriga_gui/share/cuadriga_gui/resources/vendor/leaflet
[1.422s] creating /home/cuadriga/cuadriga_ws/Cuadriga/src/Cuadriga_IA_/install/cuadriga_gui/share/cuadriga_gui/resources/vendor/leaflet/images
[1.422s] symbolically linking /home/cuadriga/cuadriga_ws/Cuadriga/src/Cuadriga_IA_/build/cuadriga_gui/cuadriga_gui/resources/vendor/leaflet/images/marker-icon.png -> /home/cuadriga/cuadriga_ws/Cuadriga/src/Cuadriga_IA_/install/cuadriga_gui/share/cuadriga_gui/resources/vendor/leaflet/images
[1.422s] symbolically linking /home/cuadriga/cuadriga_ws/Cuadriga/src/Cuadriga_IA_/build/cuadriga_gui/cuadriga_gui/resources/vendor/leaflet/images/marker-icon-2x.png -> /home/cuadriga/cuadriga_ws/Cuadriga/src/Cuadriga_IA_/install/cuadriga_gui/share/cuadriga_gui/resources/vendor/leaflet/images
[1.422s] symbolically linking /home/cuadriga/cuadriga_ws/Cuadriga/src/Cuadriga_IA_/build/cuadriga_gui/cuadriga_gui/resources/vendor/leaflet/images/marker-shadow.png -> /home/cuadriga/cuadriga_ws/Cuadriga/src/Cuadriga_IA_/install/cuadriga_gui/share/cuadriga_gui/resources/vendor/leaflet/images
[1.448s] Invoked command in '/home/cuadriga/cuadriga_ws/Cuadriga/src/Cuadriga_IA_/build/cuadriga_gui' returned '0': PYTHONPATH=/home/cuadriga/cuadriga_ws/Cuadriga/src/Cuadriga_IA_/build/cuadriga_gui/prefix_override:/usr/lib/python3/dist-packages/colcon_core/task/python/colcon_distutils_commands:/home/cuadriga/cuadriga_ws/Cuadriga/src/Cuadriga_IA_/install/cuadriga_gui/lib/python3.10/site-packages:${PYTHONPATH} /usr/bin/python3 -W ignore:setup.py install is deprecated -W ignore:easy_install command is deprecated setup.py develop --editable --build-directory /home/cuadriga/cuadriga_ws/Cuadriga/src/Cuadriga_IA_/build/cuadriga_gui/build --no-deps symlink_data
