-- The C compiler identification is GNU 11.4.0
-- The CXX compiler identification is GNU 11.4.0
-- Detecting C compiler ABI info
-- Detecting C compiler ABI info - done
-- Check for working C compiler: /usr/bin/cc - skipped
-- Detecting C compile features
-- Detecting C compile features - done
-- Detecting CXX compiler ABI info
-- Detecting CXX compiler ABI info - done
-- Check for working CXX compiler: /usr/bin/c++ - skipped
-- Detecting CXX compile features
-- Detecting CXX compile features - done
-- Found ament_cmake: 1.3.12 (/opt/ros/humble/share/ament_cmake/cmake)
-- Found Python3: /usr/bin/python3 (found version "3.10.12") found components: Interpreter 
-- Override CMake install command with custom implementation using symlinks instead of copying resources
-- Found rosidl_default_generators: 1.2.0 (/opt/ros/humble/share/rosidl_default_generators/cmake)
-- Using all available rosidl_typesupport_c: rosidl_typesupport_fastrtps_c;rosidl_typesupport_introspection_c
-- Found rosidl_adapter: 3.1.7 (/opt/ros/humble/share/rosidl_adapter/cmake)
-- Using all available rosidl_typesupport_cpp: rosidl_typesupport_fastrtps_cpp;rosidl_typesupport_introspection_cpp
-- Found std_msgs: 4.9.0 (/opt/ros/humble/share/std_msgs/cmake)
-- Found ament_cmake_ros: 0.10.0 (/opt/ros/humble/share/ament_cmake_ros/cmake)
-- Using all available rosidl_typesupport_c: rosidl_typesupport_fastrtps_c;rosidl_typesupport_introspection_c
-- Using all available rosidl_typesupport_cpp: rosidl_typesupport_fastrtps_cpp;rosidl_typesupport_introspection_cpp
-- Found PythonInterp: /usr/bin/python3 (found suitable version "3.10.12", minimum required is "3.6") 
-- Found python_cmake_module: 0.10.0 (/opt/ros/humble/share/python_cmake_module/cmake)
-- Found PythonLibs: /usr/lib/x86_64-linux-gnu/libpython3.10.so (found suitable version "3.10.12", minimum required is "3.5") 
-- Using PYTHON_EXECUTABLE: /usr/bin/python3
-- Using PYTHON_INCLUDE_DIRS: /usr/include/python3.10
-- Using PYTHON_LIBRARIES: /usr/lib/x86_64-linux-gnu/libpython3.10.so
-- Found PythonExtra: .so  
-- Configuring done
-- Generating done
-- Build files have been written to: /home/cuadriga/cuadriga_ws/Cuadriga/src/Cuadriga_IA_/build/security_check_interfaces
[  2%] [34m[1mGenerating C code for ROS interfaces[0m
[  5%] [34m[1mGenerating C++ code for ROS interfaces[0m
[  5%] Built target ament_cmake_python_symlink_security_check_interfaces
running egg_info
creating security_check_interfaces.egg-info
writing security_check_interfaces.egg-info/PKG-INFO
writing dependency_links to security_check_interfaces.egg-info/dependency_links.txt
writing top-level names to security_check_interfaces.egg-info/top_level.txt
writing manifest file 'security_check_interfaces.egg-info/SOURCES.txt'
reading manifest file 'security_check_interfaces.egg-info/SOURCES.txt'
writing manifest file 'security_check_interfaces.egg-info/SOURCES.txt'
[  5%] Built target ament_cmake_python_build_security_check_interfaces_egg
[  7%] [32mBuilding C object CMakeFiles/security_check_interfaces__rosidl_generator_c.dir/rosidl_generator_c/security_check_interfaces/srv/detail/password_check__functions.c.o[0m
[ 10%] [32mBuilding C object CMakeFiles/security_check_interfaces__rosidl_generator_c.dir/rosidl_generator_c/security_check_interfaces/srv/detail/get_security_check_status__functions.c.o[0m
[ 10%] Built target security_check_interfaces__cpp
[ 15%] [34m[1mGenerating C++ type support dispatch for ROS interfaces[0m
[ 15%] [34m[1mGenerating C++ type support for eProsima Fast-RTPS[0m
[ 17%] [34m[1mGenerating C++ introspection for ROS interfaces[0m
[ 20%] [32m[1mLinking C shared library libsecurity_check_interfaces__rosidl_generator_c.so[0m
[ 20%] Built target security_check_interfaces__rosidl_generator_c
[ 23%] [34m[1mGenerating C introspection for ROS interfaces[0m
[ 28%] [34m[1mGenerating C type support for eProsima Fast-RTPS[0m
[ 28%] [34m[1mGenerating C type support dispatch for ROS interfaces[0m
[ 30%] [32mBuilding CXX object CMakeFiles/security_check_interfaces__rosidl_typesupport_cpp.dir/rosidl_typesupport_cpp/security_check_interfaces/srv/password_check__type_support.cpp.o[0m
[ 33%] [32mBuilding CXX object CMakeFiles/security_check_interfaces__rosidl_typesupport_cpp.dir/rosidl_typesupport_cpp/security_check_interfaces/srv/get_security_check_status__type_support.cpp.o[0m
[ 35%] [32mBuilding CXX object CMakeFiles/security_check_interfaces__rosidl_typesupport_introspection_cpp.dir/rosidl_typesupport_introspection_cpp/security_check_interfaces/srv/detail/password_check__type_support.cpp.o[0m
[ 38%] [32mBuilding CXX object CMakeFiles/security_check_interfaces__rosidl_typesupport_fastrtps_cpp.dir/rosidl_typesupport_fastrtps_cpp/security_check_interfaces/srv/detail/dds_fastrtps/password_check__type_support.cpp.o[0m
[ 41%] [32mBuilding CXX object CMakeFiles/security_check_interfaces__rosidl_typesupport_introspection_cpp.dir/rosidl_typesupport_introspection_cpp/security_check_interfaces/srv/detail/get_security_check_status__type_support.cpp.o[0m
[ 43%] [32mBuilding CXX object CMakeFiles/security_check_interfaces__rosidl_typesupport_c.dir/rosidl_typesupport_c/security_check_interfaces/srv/password_check__type_support.cpp.o[0m
[ 46%] [32mBuilding C object CMakeFiles/security_check_interfaces__rosidl_typesupport_introspection_c.dir/rosidl_typesupport_introspection_c/security_check_interfaces/srv/detail/password_check__type_support.c.o[0m
[ 48%] [32mBuilding CXX object CMakeFiles/security_check_interfaces__rosidl_typesupport_fastrtps_c.dir/rosidl_typesupport_fastrtps_c/security_check_interfaces/srv/detail/password_check__type_support_c.cpp.o[0m
[ 51%] [32mBuilding CXX object CMakeFiles/security_check_interfaces__rosidl_typesupport_c.dir/rosidl_typesupport_c/security_check_interfaces/srv/get_security_check_status__type_support.cpp.o[0m
[ 53%] [32mBuilding CXX object CMakeFiles/security_check_interfaces__rosidl_typesupport_fastrtps_cpp.dir/rosidl_typesupport_fastrtps_cpp/security_check_interfaces/srv/detail/dds_fastrtps/get_security_check_status__type_support.cpp.o[0m
[ 56%] [32mBuilding C object CMakeFiles/security_check_interfaces__rosidl_typesupport_introspection_c.dir/rosidl_typesupport_introspection_c/security_check_interfaces/srv/detail/get_security_check_status__type_support.c.o[0m
[ 58%] [32m[1mLinking CXX shared library libsecurity_check_interfaces__rosidl_typesupport_c.so[0m
[ 61%] [32m[1mLinking C shared library libsecurity_check_interfaces__rosidl_typesupport_introspection_c.so[0m
[ 64%] [32m[1mLinking CXX shared library libsecurity_check_interfaces__rosidl_typesupport_cpp.so[0m
[ 64%] Built target security_check_interfaces__rosidl_typesupport_c
[ 66%] [32mBuilding CXX object CMakeFiles/security_check_interfaces__rosidl_typesupport_fastrtps_c.dir/rosidl_typesupport_fastrtps_c/security_check_interfaces/srv/detail/get_security_check_status__type_support_c.cpp.o[0m
[ 66%] Built target security_check_interfaces__rosidl_typesupport_cpp
[ 66%] Built target security_check_interfaces__rosidl_typesupport_introspection_c
[ 69%] [32m[1mLinking CXX shared library libsecurity_check_interfaces__rosidl_typesupport_introspection_cpp.so[0m
[ 69%] Built target security_check_interfaces__rosidl_typesupport_introspection_cpp
[ 71%] [32m[1mLinking CXX shared library libsecurity_check_interfaces__rosidl_typesupport_fastrtps_cpp.so[0m
[ 74%] [32m[1mLinking CXX shared library libsecurity_check_interfaces__rosidl_typesupport_fastrtps_c.so[0m
[ 74%] Built target security_check_interfaces__rosidl_typesupport_fastrtps_cpp
[ 74%] Built target security_check_interfaces__rosidl_typesupport_fastrtps_c
[ 74%] Built target security_check_interfaces
[ 76%] [34m[1mGenerating Python code for ROS interfaces[0m
[ 76%] Built target security_check_interfaces__py
[ 82%] [32mBuilding C object CMakeFiles/security_check_interfaces__rosidl_generator_py.dir/rosidl_generator_py/security_check_interfaces/srv/_get_security_check_status_s.c.o[0m
[ 82%] [32mBuilding C object CMakeFiles/security_check_interfaces__rosidl_generator_py.dir/rosidl_generator_py/security_check_interfaces/srv/_password_check_s.c.o[0m
[ 84%] [32m[1mLinking C shared library rosidl_generator_py/security_check_interfaces/libsecurity_check_interfaces__rosidl_generator_py.so[0m
[ 84%] Built target security_check_interfaces__rosidl_generator_py
[ 89%] [32mBuilding C object CMakeFiles/security_check_interfaces__rosidl_typesupport_introspection_c__pyext.dir/rosidl_generator_py/security_check_interfaces/_security_check_interfaces_s.ep.rosidl_typesupport_introspection_c.c.o[0m
[ 89%] [32mBuilding C object CMakeFiles/security_check_interfaces__rosidl_typesupport_c__pyext.dir/rosidl_generator_py/security_check_interfaces/_security_check_interfaces_s.ep.rosidl_typesupport_c.c.o[0m
[ 92%] [32mBuilding C object CMakeFiles/security_check_interfaces__rosidl_typesupport_fastrtps_c__pyext.dir/rosidl_generator_py/security_check_interfaces/_security_check_interfaces_s.ep.rosidl_typesupport_fastrtps_c.c.o[0m
[ 94%] [32m[1mLinking C shared library rosidl_generator_py/security_check_interfaces/security_check_interfaces_s__rosidl_typesupport_fastrtps_c.cpython-310-x86_64-linux-gnu.so[0m
[ 97%] [32m[1mLinking C shared library rosidl_generator_py/security_check_interfaces/security_check_interfaces_s__rosidl_typesupport_introspection_c.cpython-310-x86_64-linux-gnu.so[0m
[100%] [32m[1mLinking C shared library rosidl_generator_py/security_check_interfaces/security_check_interfaces_s__rosidl_typesupport_c.cpython-310-x86_64-linux-gnu.so[0m
[100%] Built target security_check_interfaces__rosidl_typesupport_introspection_c__pyext
[100%] Built target security_check_interfaces__rosidl_typesupport_fastrtps_c__pyext
[100%] Built target security_check_interfaces__rosidl_typesupport_c__pyext
-- Install configuration: ""
-- Execute custom install script
-- Symlinking: /home/cuadriga/cuadriga_ws/Cuadriga/src/Cuadriga_IA_/install/security_check_interfaces/share/ament_index/resource_index/rosidl_interfaces/security_check_interfaces
-- Symlinking: /home/cuadriga/cuadriga_ws/Cuadriga/src/Cuadriga_IA_/install/security_check_interfaces/include/security_check_interfaces/security_check_interfaces/msg/rosidl_generator_c__visibility_control.h
-- Symlinking: /home/cuadriga/cuadriga_ws/Cuadriga/src/Cuadriga_IA_/install/security_check_interfaces/include/security_check_interfaces/security_check_interfaces/srv/detail/get_security_check_status__functions.h
-- Symlinking: /home/cuadriga/cuadriga_ws/Cuadriga/src/Cuadriga_IA_/install/security_check_interfaces/include/security_check_interfaces/security_check_interfaces/srv/detail/get_security_check_status__struct.h
-- Symlinking: /home/cuadriga/cuadriga_ws/Cuadriga/src/Cuadriga_IA_/install/security_check_interfaces/include/security_check_interfaces/security_check_interfaces/srv/detail/get_security_check_status__type_support.h
-- Symlinking: /home/cuadriga/cuadriga_ws/Cuadriga/src/Cuadriga_IA_/install/security_check_interfaces/include/security_check_interfaces/security_check_interfaces/srv/detail/password_check__functions.h
-- Symlinking: /home/cuadriga/cuadriga_ws/Cuadriga/src/Cuadriga_IA_/install/security_check_interfaces/include/security_check_interfaces/security_check_interfaces/srv/detail/password_check__struct.h
-- Symlinking: /home/cuadriga/cuadriga_ws/Cuadriga/src/Cuadriga_IA_/install/security_check_interfaces/include/security_check_interfaces/security_check_interfaces/srv/detail/password_check__type_support.h
-- Symlinking: /home/cuadriga/cuadriga_ws/Cuadriga/src/Cuadriga_IA_/install/security_check_interfaces/include/security_check_interfaces/security_check_interfaces/srv/get_security_check_status.h
-- Symlinking: /home/cuadriga/cuadriga_ws/Cuadriga/src/Cuadriga_IA_/install/security_check_interfaces/include/security_check_interfaces/security_check_interfaces/srv/password_check.h
-- Symlinking: /home/cuadriga/cuadriga_ws/Cuadriga/src/Cuadriga_IA_/install/security_check_interfaces/share/security_check_interfaces/environment/library_path.sh
-- Symlinking: /home/cuadriga/cuadriga_ws/Cuadriga/src/Cuadriga_IA_/install/security_check_interfaces/share/security_check_interfaces/environment/library_path.dsv
-- Symlinking: /home/cuadriga/cuadriga_ws/Cuadriga/src/Cuadriga_IA_/install/security_check_interfaces/include/security_check_interfaces/security_check_interfaces/msg/rosidl_typesupport_fastrtps_c__visibility_control.h
-- Symlinking: /home/cuadriga/cuadriga_ws/Cuadriga/src/Cuadriga_IA_/install/security_check_interfaces/include/security_check_interfaces/security_check_interfaces/srv/detail/get_security_check_status__rosidl_typesupport_fastrtps_c.h
-- Symlinking: /home/cuadriga/cuadriga_ws/Cuadriga/src/Cuadriga_IA_/install/security_check_interfaces/include/security_check_interfaces/security_check_interfaces/srv/detail/password_check__rosidl_typesupport_fastrtps_c.h
-- Symlinking: /home/cuadriga/cuadriga_ws/Cuadriga/src/Cuadriga_IA_/install/security_check_interfaces/include/security_check_interfaces/security_check_interfaces/msg/rosidl_typesupport_introspection_c__visibility_control.h
-- Symlinking: /home/cuadriga/cuadriga_ws/Cuadriga/src/Cuadriga_IA_/install/security_check_interfaces/include/security_check_interfaces/security_check_interfaces/srv/detail/get_security_check_status__rosidl_typesupport_introspection_c.h
-- Symlinking: /home/cuadriga/cuadriga_ws/Cuadriga/src/Cuadriga_IA_/install/security_check_interfaces/include/security_check_interfaces/security_check_interfaces/srv/detail/password_check__rosidl_typesupport_introspection_c.h
-- Symlinking: /home/cuadriga/cuadriga_ws/Cuadriga/src/Cuadriga_IA_/install/security_check_interfaces/include/security_check_interfaces/security_check_interfaces/msg/rosidl_generator_cpp__visibility_control.hpp
-- Symlinking: /home/cuadriga/cuadriga_ws/Cuadriga/src/Cuadriga_IA_/install/security_check_interfaces/include/security_check_interfaces/security_check_interfaces/srv/detail/get_security_check_status__builder.hpp
-- Symlinking: /home/cuadriga/cuadriga_ws/Cuadriga/src/Cuadriga_IA_/install/security_check_interfaces/include/security_check_interfaces/security_check_interfaces/srv/detail/get_security_check_status__struct.hpp
-- Symlinking: /home/cuadriga/cuadriga_ws/Cuadriga/src/Cuadriga_IA_/install/security_check_interfaces/include/security_check_interfaces/security_check_interfaces/srv/detail/get_security_check_status__traits.hpp
-- Symlinking: /home/cuadriga/cuadriga_ws/Cuadriga/src/Cuadriga_IA_/install/security_check_interfaces/include/security_check_interfaces/security_check_interfaces/srv/detail/get_security_check_status__type_support.hpp
-- Symlinking: /home/cuadriga/cuadriga_ws/Cuadriga/src/Cuadriga_IA_/install/security_check_interfaces/include/security_check_interfaces/security_check_interfaces/srv/detail/password_check__builder.hpp
-- Symlinking: /home/cuadriga/cuadriga_ws/Cuadriga/src/Cuadriga_IA_/install/security_check_interfaces/include/security_check_interfaces/security_check_interfaces/srv/detail/password_check__struct.hpp
-- Symlinking: /home/cuadriga/cuadriga_ws/Cuadriga/src/Cuadriga_IA_/install/security_check_interfaces/include/security_check_interfaces/security_check_interfaces/srv/detail/password_check__traits.hpp
-- Symlinking: /home/cuadriga/cuadriga_ws/Cuadriga/src/Cuadriga_IA_/install/security_check_interfaces/include/security_check_interfaces/security_check_interfaces/srv/detail/password_check__type_support.hpp
-- Symlinking: /home/cuadriga/cuadriga_ws/Cuadriga/src/Cuadriga_IA_/install/security_check_interfaces/include/security_check_interfaces/security_check_interfaces/srv/get_security_check_status.hpp
-- Symlinking: /home/cuadriga/cuadriga_ws/Cuadriga/src/Cuadriga_IA_/install/security_check_interfaces/include/security_check_interfaces/security_check_interfaces/srv/password_check.hpp
-- Symlinking: /home/cuadriga/cuadriga_ws/Cuadriga/src/Cuadriga_IA_/install/security_check_interfaces/include/security_check_interfaces/security_check_interfaces/msg/rosidl_typesupport_fastrtps_cpp__visibility_control.h
-- Symlinking: /home/cuadriga/cuadriga_ws/Cuadriga/src/Cuadriga_IA_/install/security_check_interfaces/include/security_check_interfaces/security_check_interfaces/srv/detail/get_security_check_status__rosidl_typesupport_fastrtps_cpp.hpp
-- Symlinking: /home/cuadriga/cuadriga_ws/Cuadriga/src/Cuadriga_IA_/install/security_check_interfaces/include/security_check_interfaces/security_check_interfaces/srv/detail/password_check__rosidl_typesupport_fastrtps_cpp.hpp
-- Symlinking: /home/cuadriga/cuadriga_ws/Cuadriga/src/Cuadriga_IA_/install/security_check_interfaces/include/security_check_interfaces/security_check_interfaces/srv/detail/get_security_check_status__rosidl_typesupport_introspection_cpp.hpp
-- Symlinking: /home/cuadriga/cuadriga_ws/Cuadriga/src/Cuadriga_IA_/install/security_check_interfaces/include/security_check_interfaces/security_check_interfaces/srv/detail/password_check__rosidl_typesupport_introspection_cpp.hpp
-- Symlinking: /home/cuadriga/cuadriga_ws/Cuadriga/src/Cuadriga_IA_/install/security_check_interfaces/share/security_check_interfaces/environment/pythonpath.sh
-- Symlinking: /home/cuadriga/cuadriga_ws/Cuadriga/src/Cuadriga_IA_/install/security_check_interfaces/share/security_check_interfaces/environment/pythonpath.dsv
-- Symlinking: /home/cuadriga/cuadriga_ws/Cuadriga/src/Cuadriga_IA_/install/security_check_interfaces/local/lib/python3.10/dist-packages/security_check_interfaces-0.0.0-py3.10.egg-info/PKG-INFO
-- Symlinking: /home/cuadriga/cuadriga_ws/Cuadriga/src/Cuadriga_IA_/install/security_check_interfaces/local/lib/python3.10/dist-packages/security_check_interfaces-0.0.0-py3.10.egg-info/SOURCES.txt
-- Symlinking: /home/cuadriga/cuadriga_ws/Cuadriga/src/Cuadriga_IA_/install/security_check_interfaces/local/lib/python3.10/dist-packages/security_check_interfaces-0.0.0-py3.10.egg-info/dependency_links.txt
-- Symlinking: /home/cuadriga/cuadriga_ws/Cuadriga/src/Cuadriga_IA_/install/security_check_interfaces/local/lib/python3.10/dist-packages/security_check_interfaces-0.0.0-py3.10.egg-info/top_level.txt
-- Symlinking: /home/cuadriga/cuadriga_ws/Cuadriga/src/Cuadriga_IA_/install/security_check_interfaces/local/lib/python3.10/dist-packages/security_check_interfaces/__init__.py
-- Symlinking: /home/cuadriga/cuadriga_ws/Cuadriga/src/Cuadriga_IA_/install/security_check_interfaces/local/lib/python3.10/dist-packages/security_check_interfaces/_security_check_interfaces_s.ep.rosidl_typesupport_c.c
-- Symlinking: /home/cuadriga/cuadriga_ws/Cuadriga/src/Cuadriga_IA_/install/security_check_interfaces/local/lib/python3.10/dist-packages/security_check_interfaces/_security_check_interfaces_s.ep.rosidl_typesupport_fastrtps_c.c
-- Symlinking: /home/cuadriga/cuadriga_ws/Cuadriga/src/Cuadriga_IA_/install/security_check_interfaces/local/lib/python3.10/dist-packages/security_check_interfaces/_security_check_interfaces_s.ep.rosidl_typesupport_introspection_c.c
-- Symlinking: /home/cuadriga/cuadriga_ws/Cuadriga/src/Cuadriga_IA_/install/security_check_interfaces/local/lib/python3.10/dist-packages/security_check_interfaces/libsecurity_check_interfaces__rosidl_generator_py.so
-- Symlinking: /home/cuadriga/cuadriga_ws/Cuadriga/src/Cuadriga_IA_/install/security_check_interfaces/local/lib/python3.10/dist-packages/security_check_interfaces/security_check_interfaces_s__rosidl_typesupport_c.cpython-310-x86_64-linux-gnu.so
-- Symlinking: /home/cuadriga/cuadriga_ws/Cuadriga/src/Cuadriga_IA_/install/security_check_interfaces/local/lib/python3.10/dist-packages/security_check_interfaces/security_check_interfaces_s__rosidl_typesupport_fastrtps_c.cpython-310-x86_64-linux-gnu.so
-- Symlinking: /home/cuadriga/cuadriga_ws/Cuadriga/src/Cuadriga_IA_/install/security_check_interfaces/local/lib/python3.10/dist-packages/security_check_interfaces/security_check_interfaces_s__rosidl_typesupport_introspection_c.cpython-310-x86_64-linux-gnu.so
-- Symlinking: /home/cuadriga/cuadriga_ws/Cuadriga/src/Cuadriga_IA_/install/security_check_interfaces/local/lib/python3.10/dist-packages/security_check_interfaces/srv/__init__.py
-- Symlinking: /home/cuadriga/cuadriga_ws/Cuadriga/src/Cuadriga_IA_/install/security_check_interfaces/local/lib/python3.10/dist-packages/security_check_interfaces/srv/_get_security_check_status.py
-- Symlinking: /home/cuadriga/cuadriga_ws/Cuadriga/src/Cuadriga_IA_/install/security_check_interfaces/local/lib/python3.10/dist-packages/security_check_interfaces/srv/_get_security_check_status_s.c
-- Symlinking: /home/cuadriga/cuadriga_ws/Cuadriga/src/Cuadriga_IA_/install/security_check_interfaces/local/lib/python3.10/dist-packages/security_check_interfaces/srv/_password_check.py
-- Symlinking: /home/cuadriga/cuadriga_ws/Cuadriga/src/Cuadriga_IA_/install/security_check_interfaces/local/lib/python3.10/dist-packages/security_check_interfaces/srv/_password_check_s.c
-- Up-to-date symlink: /home/cuadriga/cuadriga_ws/Cuadriga/src/Cuadriga_IA_/install/security_check_interfaces/local/lib/python3.10/dist-packages/security_check_interfaces/security_check_interfaces_s__rosidl_typesupport_fastrtps_c.cpython-310-x86_64-linux-gnu.so
-- Up-to-date symlink: /home/cuadriga/cuadriga_ws/Cuadriga/src/Cuadriga_IA_/install/security_check_interfaces/local/lib/python3.10/dist-packages/security_check_interfaces/security_check_interfaces_s__rosidl_typesupport_introspection_c.cpython-310-x86_64-linux-gnu.so
-- Up-to-date symlink: /home/cuadriga/cuadriga_ws/Cuadriga/src/Cuadriga_IA_/install/security_check_interfaces/local/lib/python3.10/dist-packages/security_check_interfaces/security_check_interfaces_s__rosidl_typesupport_c.cpython-310-x86_64-linux-gnu.so
-- Symlinking: /home/cuadriga/cuadriga_ws/Cuadriga/src/Cuadriga_IA_/install/security_check_interfaces/share/security_check_interfaces/srv/PasswordCheck.idl
-- Symlinking: /home/cuadriga/cuadriga_ws/Cuadriga/src/Cuadriga_IA_/install/security_check_interfaces/share/security_check_interfaces/srv/GetSecurityCheckStatus.idl
-- Symlinking: /home/cuadriga/cuadriga_ws/Cuadriga/src/Cuadriga_IA_/install/security_check_interfaces/share/security_check_interfaces/srv/PasswordCheck.srv
-- Symlinking: /home/cuadriga/cuadriga_ws/Cuadriga/src/Cuadriga_IA_/install/security_check_interfaces/share/security_check_interfaces/srv/PasswordCheck_Request.msg
-- Symlinking: /home/cuadriga/cuadriga_ws/Cuadriga/src/Cuadriga_IA_/install/security_check_interfaces/share/security_check_interfaces/srv/PasswordCheck_Response.msg
-- Symlinking: /home/cuadriga/cuadriga_ws/Cuadriga/src/Cuadriga_IA_/install/security_check_interfaces/share/security_check_interfaces/srv/GetSecurityCheckStatus.srv
-- Symlinking: /home/cuadriga/cuadriga_ws/Cuadriga/src/Cuadriga_IA_/install/security_check_interfaces/share/security_check_interfaces/srv/GetSecurityCheckStatus_Request.msg
-- Symlinking: /home/cuadriga/cuadriga_ws/Cuadriga/src/Cuadriga_IA_/install/security_check_interfaces/share/security_check_interfaces/srv/GetSecurityCheckStatus_Response.msg
-- Symlinking: /home/cuadriga/cuadriga_ws/Cuadriga/src/Cuadriga_IA_/install/security_check_interfaces/share/ament_index/resource_index/package_run_dependencies/security_check_interfaces
-- Symlinking: /home/cuadriga/cuadriga_ws/Cuadriga/src/Cuadriga_IA_/install/security_check_interfaces/share/ament_index/resource_index/parent_prefix_path/security_check_interfaces
-- Symlinking: /home/cuadriga/cuadriga_ws/Cuadriga/src/Cuadriga_IA_/install/security_check_interfaces/share/security_check_interfaces/environment/ament_prefix_path.sh
-- Symlinking: /home/cuadriga/cuadriga_ws/Cuadriga/src/Cuadriga_IA_/install/security_check_interfaces/share/security_check_interfaces/environment/ament_prefix_path.dsv
-- Symlinking: /home/cuadriga/cuadriga_ws/Cuadriga/src/Cuadriga_IA_/install/security_check_interfaces/share/security_check_interfaces/environment/path.sh
-- Symlinking: /home/cuadriga/cuadriga_ws/Cuadriga/src/Cuadriga_IA_/install/security_check_interfaces/share/security_check_interfaces/environment/path.dsv
-- Symlinking: /home/cuadriga/cuadriga_ws/Cuadriga/src/Cuadriga_IA_/install/security_check_interfaces/share/security_check_interfaces/local_setup.bash
-- Symlinking: /home/cuadriga/cuadriga_ws/Cuadriga/src/Cuadriga_IA_/install/security_check_interfaces/share/security_check_interfaces/local_setup.sh
-- Symlinking: /home/cuadriga/cuadriga_ws/Cuadriga/src/Cuadriga_IA_/install/security_check_interfaces/share/security_check_interfaces/local_setup.zsh
-- Symlinking: /home/cuadriga/cuadriga_ws/Cuadriga/src/Cuadriga_IA_/install/security_check_interfaces/share/security_check_interfaces/local_setup.dsv
-- Symlinking: /home/cuadriga/cuadriga_ws/Cuadriga/src/Cuadriga_IA_/install/security_check_interfaces/share/security_check_interfaces/package.dsv
-- Symlinking: /home/cuadriga/cuadriga_ws/Cuadriga/src/Cuadriga_IA_/install/security_check_interfaces/share/ament_index/resource_index/packages/security_check_interfaces
-- Symlinking: /home/cuadriga/cuadriga_ws/Cuadriga/src/Cuadriga_IA_/install/security_check_interfaces/share/security_check_interfaces/cmake/rosidl_cmake-extras.cmake
-- Symlinking: /home/cuadriga/cuadriga_ws/Cuadriga/src/Cuadriga_IA_/install/security_check_interfaces/share/security_check_interfaces/cmake/ament_cmake_export_dependencies-extras.cmake
-- Symlinking: /home/cuadriga/cuadriga_ws/Cuadriga/src/Cuadriga_IA_/install/security_check_interfaces/share/security_check_interfaces/cmake/ament_cmake_export_include_directories-extras.cmake
-- Symlinking: /home/cuadriga/cuadriga_ws/Cuadriga/src/Cuadriga_IA_/install/security_check_interfaces/share/security_check_interfaces/cmake/ament_cmake_export_libraries-extras.cmake
-- Symlinking: /home/cuadriga/cuadriga_ws/Cuadriga/src/Cuadriga_IA_/install/security_check_interfaces/share/security_check_interfaces/cmake/ament_cmake_export_targets-extras.cmake
-- Symlinking: /home/cuadriga/cuadriga_ws/Cuadriga/src/Cuadriga_IA_/install/security_check_interfaces/share/security_check_interfaces/cmake/rosidl_cmake_export_typesupport_targets-extras.cmake
-- Symlinking: /home/cuadriga/cuadriga_ws/Cuadriga/src/Cuadriga_IA_/install/security_check_interfaces/share/security_check_interfaces/cmake/rosidl_cmake_export_typesupport_libraries-extras.cmake
-- Symlinking: /home/cuadriga/cuadriga_ws/Cuadriga/src/Cuadriga_IA_/install/security_check_interfaces/share/security_check_interfaces/cmake/security_check_interfacesConfig.cmake
-- Symlinking: /home/cuadriga/cuadriga_ws/Cuadriga/src/Cuadriga_IA_/install/security_check_interfaces/share/security_check_interfaces/cmake/security_check_interfacesConfig-version.cmake
-- Symlinking: /home/cuadriga/cuadriga_ws/Cuadriga/src/Cuadriga_IA_/install/security_check_interfaces/share/security_check_interfaces/package.xml
-- Installing: /home/cuadriga/cuadriga_ws/Cuadriga/src/Cuadriga_IA_/install/security_check_interfaces/lib/libsecurity_check_interfaces__rosidl_generator_c.so
-- Set runtime path of "/home/cuadriga/cuadriga_ws/Cuadriga/src/Cuadriga_IA_/install/security_check_interfaces/lib/libsecurity_check_interfaces__rosidl_generator_c.so" to ""
-- Installing: /home/cuadriga/cuadriga_ws/Cuadriga/src/Cuadriga_IA_/install/security_check_interfaces/lib/libsecurity_check_interfaces__rosidl_typesupport_fastrtps_c.so
-- Set runtime path of "/home/cuadriga/cuadriga_ws/Cuadriga/src/Cuadriga_IA_/install/security_check_interfaces/lib/libsecurity_check_interfaces__rosidl_typesupport_fastrtps_c.so" to ""
-- Installing: /home/cuadriga/cuadriga_ws/Cuadriga/src/Cuadriga_IA_/install/security_check_interfaces/lib/libsecurity_check_interfaces__rosidl_typesupport_introspection_c.so
-- Set runtime path of "/home/cuadriga/cuadriga_ws/Cuadriga/src/Cuadriga_IA_/install/security_check_interfaces/lib/libsecurity_check_interfaces__rosidl_typesupport_introspection_c.so" to ""
-- Installing: /home/cuadriga/cuadriga_ws/Cuadriga/src/Cuadriga_IA_/install/security_check_interfaces/lib/libsecurity_check_interfaces__rosidl_typesupport_c.so
-- Set runtime path of "/home/cuadriga/cuadriga_ws/Cuadriga/src/Cuadriga_IA_/install/security_check_interfaces/lib/libsecurity_check_interfaces__rosidl_typesupport_c.so" to ""
-- Installing: /home/cuadriga/cuadriga_ws/Cuadriga/src/Cuadriga_IA_/install/security_check_interfaces/lib/libsecurity_check_interfaces__rosidl_typesupport_fastrtps_cpp.so
-- Set runtime path of "/home/cuadriga/cuadriga_ws/Cuadriga/src/Cuadriga_IA_/install/security_check_interfaces/lib/libsecurity_check_interfaces__rosidl_typesupport_fastrtps_cpp.so" to ""
-- Installing: /home/cuadriga/cuadriga_ws/Cuadriga/src/Cuadriga_IA_/install/security_check_interfaces/lib/libsecurity_check_interfaces__rosidl_typesupport_introspection_cpp.so
-- Set runtime path of "/home/cuadriga/cuadriga_ws/Cuadriga/src/Cuadriga_IA_/install/security_check_interfaces/lib/libsecurity_check_interfaces__rosidl_typesupport_introspection_cpp.so" to ""
-- Installing: /home/cuadriga/cuadriga_ws/Cuadriga/src/Cuadriga_IA_/install/security_check_interfaces/lib/libsecurity_check_interfaces__rosidl_typesupport_cpp.so
-- Set runtime path of "/home/cuadriga/cuadriga_ws/Cuadriga/src/Cuadriga_IA_/install/security_check_interfaces/lib/libsecurity_check_interfaces__rosidl_typesupport_cpp.so" to ""
Listing '/home/cuadriga/cuadriga_ws/Cuadriga/src/Cuadriga_IA_/install/security_check_interfaces/local/lib/python3.10/dist-packages/security_check_interfaces'...
Compiling '/home/cuadriga/cuadriga_ws/Cuadriga/src/Cuadriga_IA_/install/security_check_interfaces/local/lib/python3.10/dist-packages/security_check_interfaces/__init__.py'...
Listing '/home/cuadriga/cuadriga_ws/Cuadriga/src/Cuadriga_IA_/install/security_check_interfaces/local/lib/python3.10/dist-packages/security_check_interfaces/srv'...
Compiling '/home/cuadriga/cuadriga_ws/Cuadriga/src/Cuadriga_IA_/install/security_check_interfaces/local/lib/python3.10/dist-packages/security_check_interfaces/srv/__init__.py'...
Compiling '/home/cuadriga/cuadriga_ws/Cuadriga/src/Cuadriga_IA_/install/security_check_interfaces/local/lib/python3.10/dist-packages/security_check_interfaces/srv/_get_security_check_status.py'...
Compiling '/home/cuadriga/cuadriga_ws/Cuadriga/src/Cuadriga_IA_/install/security_check_interfaces/local/lib/python3.10/dist-packages/security_check_interfaces/srv/_password_check.py'...
-- Installing: /home/cuadriga/cuadriga_ws/Cuadriga/src/Cuadriga_IA_/install/security_check_interfaces/lib/libsecurity_check_interfaces__rosidl_generator_py.so
-- Set runtime path of "/home/cuadriga/cuadriga_ws/Cuadriga/src/Cuadriga_IA_/install/security_check_interfaces/lib/libsecurity_check_interfaces__rosidl_generator_py.so" to ""
-- Installing: /home/cuadriga/cuadriga_ws/Cuadriga/src/Cuadriga_IA_/install/security_check_interfaces/share/security_check_interfaces/cmake/export_security_check_interfaces__rosidl_generator_cExport.cmake
-- Installing: /home/cuadriga/cuadriga_ws/Cuadriga/src/Cuadriga_IA_/install/security_check_interfaces/share/security_check_interfaces/cmake/export_security_check_interfaces__rosidl_generator_cExport-noconfig.cmake
-- Installing: /home/cuadriga/cuadriga_ws/Cuadriga/src/Cuadriga_IA_/install/security_check_interfaces/share/security_check_interfaces/cmake/export_security_check_interfaces__rosidl_typesupport_fastrtps_cExport.cmake
-- Installing: /home/cuadriga/cuadriga_ws/Cuadriga/src/Cuadriga_IA_/install/security_check_interfaces/share/security_check_interfaces/cmake/export_security_check_interfaces__rosidl_typesupport_fastrtps_cExport-noconfig.cmake
-- Installing: /home/cuadriga/cuadriga_ws/Cuadriga/src/Cuadriga_IA_/install/security_check_interfaces/share/security_check_interfaces/cmake/security_check_interfaces__rosidl_typesupport_introspection_cExport.cmake
-- Installing: /home/cuadriga/cuadriga_ws/Cuadriga/src/Cuadriga_IA_/install/security_check_interfaces/share/security_check_interfaces/cmake/security_check_interfaces__rosidl_typesupport_introspection_cExport-noconfig.cmake
-- Installing: /home/cuadriga/cuadriga_ws/Cuadriga/src/Cuadriga_IA_/install/security_check_interfaces/share/security_check_interfaces/cmake/security_check_interfaces__rosidl_typesupport_cExport.cmake
-- Installing: /home/cuadriga/cuadriga_ws/Cuadriga/src/Cuadriga_IA_/install/security_check_interfaces/share/security_check_interfaces/cmake/security_check_interfaces__rosidl_typesupport_cExport-noconfig.cmake
-- Installing: /home/cuadriga/cuadriga_ws/Cuadriga/src/Cuadriga_IA_/install/security_check_interfaces/share/security_check_interfaces/cmake/export_security_check_interfaces__rosidl_generator_cppExport.cmake
-- Installing: /home/cuadriga/cuadriga_ws/Cuadriga/src/Cuadriga_IA_/install/security_check_interfaces/share/security_check_interfaces/cmake/export_security_check_interfaces__rosidl_typesupport_fastrtps_cppExport.cmake
-- Installing: /home/cuadriga/cuadriga_ws/Cuadriga/src/Cuadriga_IA_/install/security_check_interfaces/share/security_check_interfaces/cmake/export_security_check_interfaces__rosidl_typesupport_fastrtps_cppExport-noconfig.cmake
-- Installing: /home/cuadriga/cuadriga_ws/Cuadriga/src/Cuadriga_IA_/install/security_check_interfaces/share/security_check_interfaces/cmake/security_check_interfaces__rosidl_typesupport_introspection_cppExport.cmake
-- Installing: /home/cuadriga/cuadriga_ws/Cuadriga/src/Cuadriga_IA_/install/security_check_interfaces/share/security_check_interfaces/cmake/security_check_interfaces__rosidl_typesupport_introspection_cppExport-noconfig.cmake
-- Installing: /home/cuadriga/cuadriga_ws/Cuadriga/src/Cuadriga_IA_/install/security_check_interfaces/share/security_check_interfaces/cmake/security_check_interfaces__rosidl_typesupport_cppExport.cmake
-- Installing: /home/cuadriga/cuadriga_ws/Cuadriga/src/Cuadriga_IA_/install/security_check_interfaces/share/security_check_interfaces/cmake/security_check_interfaces__rosidl_typesupport_cppExport-noconfig.cmake
-- Installing: /home/cuadriga/cuadriga_ws/Cuadriga/src/Cuadriga_IA_/install/security_check_interfaces/share/security_check_interfaces/cmake/export_security_check_interfaces__rosidl_generator_pyExport.cmake
-- Installing: /home/cuadriga/cuadriga_ws/Cuadriga/src/Cuadriga_IA_/install/security_check_interfaces/share/security_check_interfaces/cmake/export_security_check_interfaces__rosidl_generator_pyExport-noconfig.cmake
