[0.015s] Invoking command in '/home/cuadriga/cuadriga_ws/Cuadriga/src/Cuadriga_IA_/build/security_check_interfaces': CMAKE_PREFIX_PATH=${CMAKE_PREFIX_PATH}:/home/cuadriga/tfgcuadriga/install/gpx_loader:/opt/ros/humble /usr/bin/cmake /home/cuadriga/cuadriga_ws/Cuadriga/src/Cuadriga_IA_/src/security_check/security_check_interfaces -DBUILD_TESTING=OFF -DAMENT_CMAKE_SYMLINK_INSTALL=1 -DCMAKE_INSTALL_PREFIX=/home/cuadriga/cuadriga_ws/Cuadriga/src/Cuadriga_IA_/install/security_check_interfaces
[0.077s] -- The C compiler identification is GNU 11.4.0
[0.188s] -- The CXX compiler identification is GNU 11.4.0
[0.197s] -- Detecting C compiler ABI info
[0.287s] -- Detecting C compiler ABI info - done
[0.294s] -- Check for working C compiler: /usr/bin/cc - skipped
[0.295s] -- Detecting C compile features
[0.295s] -- Detecting C compile features - done
[0.298s] -- Detecting CXX compiler ABI info
[0.378s] -- Detecting CXX compiler ABI info - done
[0.385s] -- Check for working CXX compiler: /usr/bin/c++ - skipped
[0.385s] -- Detecting CXX compile features
[0.386s] -- Detecting CXX compile features - done
[0.390s] -- Found ament_cmake: 1.3.12 (/opt/ros/humble/share/ament_cmake/cmake)
[0.569s] -- Found Python3: /usr/bin/python3 (found version "3.10.12") found components: Interpreter 
[0.629s] -- Override CMake install command with custom implementation using symlinks instead of copying resources
[0.680s] -- Found rosidl_default_generators: 1.2.0 (/opt/ros/humble/share/rosidl_default_generators/cmake)
[0.693s] -- Using all available rosidl_typesupport_c: rosidl_typesupport_fastrtps_c;rosidl_typesupport_introspection_c
[0.705s] -- Found rosidl_adapter: 3.1.7 (/opt/ros/humble/share/rosidl_adapter/cmake)
[0.752s] -- Using all available rosidl_typesupport_cpp: rosidl_typesupport_fastrtps_cpp;rosidl_typesupport_introspection_cpp
[0.787s] -- Found std_msgs: 4.9.0 (/opt/ros/humble/share/std_msgs/cmake)
[1.105s] -- Found ament_cmake_ros: 0.10.0 (/opt/ros/humble/share/ament_cmake_ros/cmake)
[1.398s] -- Using all available rosidl_typesupport_c: rosidl_typesupport_fastrtps_c;rosidl_typesupport_introspection_c
[1.694s] -- Using all available rosidl_typesupport_cpp: rosidl_typesupport_fastrtps_cpp;rosidl_typesupport_introspection_cpp
[1.715s] -- Found PythonInterp: /usr/bin/python3 (found suitable version "3.10.12", minimum required is "3.6") 
[1.717s] -- Found python_cmake_module: 0.10.0 (/opt/ros/humble/share/python_cmake_module/cmake)
[1.740s] -- Found PythonLibs: /usr/lib/x86_64-linux-gnu/libpython3.10.so (found suitable version "3.10.12", minimum required is "3.5") 
[1.740s] -- Using PYTHON_EXECUTABLE: /usr/bin/python3
[1.740s] -- Using PYTHON_INCLUDE_DIRS: /usr/include/python3.10
[1.740s] -- Using PYTHON_LIBRARIES: /usr/lib/x86_64-linux-gnu/libpython3.10.so
[1.760s] -- Found PythonExtra: .so  
[1.819s] -- Configuring done
[1.857s] -- Generating done
[1.868s] -- Build files have been written to: /home/cuadriga/cuadriga_ws/Cuadriga/src/Cuadriga_IA_/build/security_check_interfaces
[1.875s] Invoked command in '/home/cuadriga/cuadriga_ws/Cuadriga/src/Cuadriga_IA_/build/security_check_interfaces' returned '0': CMAKE_PREFIX_PATH=${CMAKE_PREFIX_PATH}:/home/cuadriga/tfgcuadriga/install/gpx_loader:/opt/ros/humble /usr/bin/cmake /home/cuadriga/cuadriga_ws/Cuadriga/src/Cuadriga_IA_/src/security_check/security_check_interfaces -DBUILD_TESTING=OFF -DAMENT_CMAKE_SYMLINK_INSTALL=1 -DCMAKE_INSTALL_PREFIX=/home/cuadriga/cuadriga_ws/Cuadriga/src/Cuadriga_IA_/install/security_check_interfaces
[1.876s] Invoking command in '/home/cuadriga/cuadriga_ws/Cuadriga/src/Cuadriga_IA_/build/security_check_interfaces': CMAKE_PREFIX_PATH=${CMAKE_PREFIX_PATH}:/home/cuadriga/tfgcuadriga/install/gpx_loader:/opt/ros/humble /usr/bin/cmake --build /home/cuadriga/cuadriga_ws/Cuadriga/src/Cuadriga_IA_/build/security_check_interfaces -- -j8 -l8
[1.914s] [  2%] [34m[1mGenerating C code for ROS interfaces[0m
[1.924s] [  5%] [34m[1mGenerating C++ code for ROS interfaces[0m
[1.933s] [  5%] Built target ament_cmake_python_symlink_security_check_interfaces
[2.145s] running egg_info
[2.146s] creating security_check_interfaces.egg-info
[2.146s] writing security_check_interfaces.egg-info/PKG-INFO
[2.146s] writing dependency_links to security_check_interfaces.egg-info/dependency_links.txt
[2.147s] writing top-level names to security_check_interfaces.egg-info/top_level.txt
[2.147s] writing manifest file 'security_check_interfaces.egg-info/SOURCES.txt'
[2.149s] reading manifest file 'security_check_interfaces.egg-info/SOURCES.txt'
[2.150s] writing manifest file 'security_check_interfaces.egg-info/SOURCES.txt'
[2.172s] [  5%] Built target ament_cmake_python_build_security_check_interfaces_egg
[2.250s] [  7%] [32mBuilding C object CMakeFiles/security_check_interfaces__rosidl_generator_c.dir/rosidl_generator_c/security_check_interfaces/srv/detail/password_check__functions.c.o[0m
[2.251s] [ 10%] [32mBuilding C object CMakeFiles/security_check_interfaces__rosidl_generator_c.dir/rosidl_generator_c/security_check_interfaces/srv/detail/get_security_check_status__functions.c.o[0m
[2.260s] [ 10%] Built target security_check_interfaces__cpp
[2.270s] [ 15%] [34m[1mGenerating C++ type support dispatch for ROS interfaces[0m
[2.270s] [ 15%] [34m[1mGenerating C++ type support for eProsima Fast-RTPS[0m
[2.274s] [ 17%] [34m[1mGenerating C++ introspection for ROS interfaces[0m
[2.310s] [ 20%] [32m[1mLinking C shared library libsecurity_check_interfaces__rosidl_generator_c.so[0m
[2.345s] [ 20%] Built target security_check_interfaces__rosidl_generator_c
[2.356s] [ 23%] [34m[1mGenerating C introspection for ROS interfaces[0m
[2.359s] [ 28%] [34m[1mGenerating C type support for eProsima Fast-RTPS[0m
[2.359s] [ 28%] [34m[1mGenerating C type support dispatch for ROS interfaces[0m
[2.618s] [ 30%] [32mBuilding CXX object CMakeFiles/security_check_interfaces__rosidl_typesupport_cpp.dir/rosidl_typesupport_cpp/security_check_interfaces/srv/password_check__type_support.cpp.o[0m
[2.628s] [ 33%] [32mBuilding CXX object CMakeFiles/security_check_interfaces__rosidl_typesupport_cpp.dir/rosidl_typesupport_cpp/security_check_interfaces/srv/get_security_check_status__type_support.cpp.o[0m
[2.801s] [ 35%] [32mBuilding CXX object CMakeFiles/security_check_interfaces__rosidl_typesupport_introspection_cpp.dir/rosidl_typesupport_introspection_cpp/security_check_interfaces/srv/detail/password_check__type_support.cpp.o[0m
[2.824s] [ 38%] [32mBuilding CXX object CMakeFiles/security_check_interfaces__rosidl_typesupport_fastrtps_cpp.dir/rosidl_typesupport_fastrtps_cpp/security_check_interfaces/srv/detail/dds_fastrtps/password_check__type_support.cpp.o[0m
[2.825s] [ 41%] [32mBuilding CXX object CMakeFiles/security_check_interfaces__rosidl_typesupport_introspection_cpp.dir/rosidl_typesupport_introspection_cpp/security_check_interfaces/srv/detail/get_security_check_status__type_support.cpp.o[0m
[2.892s] [ 43%] [32mBuilding CXX object CMakeFiles/security_check_interfaces__rosidl_typesupport_c.dir/rosidl_typesupport_c/security_check_interfaces/srv/password_check__type_support.cpp.o[0m
[2.954s] [ 46%] [32mBuilding C object CMakeFiles/security_check_interfaces__rosidl_typesupport_introspection_c.dir/rosidl_typesupport_introspection_c/security_check_interfaces/srv/detail/password_check__type_support.c.o[0m
[2.974s] [ 48%] [32mBuilding CXX object CMakeFiles/security_check_interfaces__rosidl_typesupport_fastrtps_c.dir/rosidl_typesupport_fastrtps_c/security_check_interfaces/srv/detail/password_check__type_support_c.cpp.o[0m
[2.988s] [ 51%] [32mBuilding CXX object CMakeFiles/security_check_interfaces__rosidl_typesupport_c.dir/rosidl_typesupport_c/security_check_interfaces/srv/get_security_check_status__type_support.cpp.o[0m
[3.031s] [ 53%] [32mBuilding CXX object CMakeFiles/security_check_interfaces__rosidl_typesupport_fastrtps_cpp.dir/rosidl_typesupport_fastrtps_cpp/security_check_interfaces/srv/detail/dds_fastrtps/get_security_check_status__type_support.cpp.o[0m
[3.031s] [ 56%] [32mBuilding C object CMakeFiles/security_check_interfaces__rosidl_typesupport_introspection_c.dir/rosidl_typesupport_introspection_c/security_check_interfaces/srv/detail/get_security_check_status__type_support.c.o[0m
[3.053s] [ 58%] [32m[1mLinking CXX shared library libsecurity_check_interfaces__rosidl_typesupport_c.so[0m
[3.112s] [ 61%] [32m[1mLinking C shared library libsecurity_check_interfaces__rosidl_typesupport_introspection_c.so[0m
[3.139s] [ 64%] [32m[1mLinking CXX shared library libsecurity_check_interfaces__rosidl_typesupport_cpp.so[0m
[3.160s] [ 64%] Built target security_check_interfaces__rosidl_typesupport_c
[3.171s] [ 66%] [32mBuilding CXX object CMakeFiles/security_check_interfaces__rosidl_typesupport_fastrtps_c.dir/rosidl_typesupport_fastrtps_c/security_check_interfaces/srv/detail/get_security_check_status__type_support_c.cpp.o[0m
[3.212s] [ 66%] Built target security_check_interfaces__rosidl_typesupport_cpp
[3.228s] [ 66%] Built target security_check_interfaces__rosidl_typesupport_introspection_c
[3.420s] [ 69%] [32m[1mLinking CXX shared library libsecurity_check_interfaces__rosidl_typesupport_introspection_cpp.so[0m
[3.520s] [ 69%] Built target security_check_interfaces__rosidl_typesupport_introspection_cpp
[3.639s] [ 71%] [32m[1mLinking CXX shared library libsecurity_check_interfaces__rosidl_typesupport_fastrtps_cpp.so[0m
[3.783s] [ 74%] [32m[1mLinking CXX shared library libsecurity_check_interfaces__rosidl_typesupport_fastrtps_c.so[0m
[3.843s] [ 74%] Built target security_check_interfaces__rosidl_typesupport_fastrtps_cpp
[3.934s] [ 74%] Built target security_check_interfaces__rosidl_typesupport_fastrtps_c
[3.965s] [ 74%] Built target security_check_interfaces
[3.995s] [ 76%] [34m[1mGenerating Python code for ROS interfaces[0m
[4.563s] [ 76%] Built target security_check_interfaces__py
[4.583s] [ 82%] [32mBuilding C object CMakeFiles/security_check_interfaces__rosidl_generator_py.dir/rosidl_generator_py/security_check_interfaces/srv/_get_security_check_status_s.c.o[0m
[4.583s] [ 82%] [32mBuilding C object CMakeFiles/security_check_interfaces__rosidl_generator_py.dir/rosidl_generator_py/security_check_interfaces/srv/_password_check_s.c.o[0m
[4.683s] [ 84%] [32m[1mLinking C shared library rosidl_generator_py/security_check_interfaces/libsecurity_check_interfaces__rosidl_generator_py.so[0m
[4.723s] [ 84%] Built target security_check_interfaces__rosidl_generator_py
[4.744s] [ 89%] [32mBuilding C object CMakeFiles/security_check_interfaces__rosidl_typesupport_introspection_c__pyext.dir/rosidl_generator_py/security_check_interfaces/_security_check_interfaces_s.ep.rosidl_typesupport_introspection_c.c.o[0m
[4.744s] [ 89%] [32mBuilding C object CMakeFiles/security_check_interfaces__rosidl_typesupport_c__pyext.dir/rosidl_generator_py/security_check_interfaces/_security_check_interfaces_s.ep.rosidl_typesupport_c.c.o[0m
[4.744s] [ 92%] [32mBuilding C object CMakeFiles/security_check_interfaces__rosidl_typesupport_fastrtps_c__pyext.dir/rosidl_generator_py/security_check_interfaces/_security_check_interfaces_s.ep.rosidl_typesupport_fastrtps_c.c.o[0m
[4.849s] [ 94%] [32m[1mLinking C shared library rosidl_generator_py/security_check_interfaces/security_check_interfaces_s__rosidl_typesupport_fastrtps_c.cpython-310-x86_64-linux-gnu.so[0m
[4.849s] [ 97%] [32m[1mLinking C shared library rosidl_generator_py/security_check_interfaces/security_check_interfaces_s__rosidl_typesupport_introspection_c.cpython-310-x86_64-linux-gnu.so[0m
[4.856s] [100%] [32m[1mLinking C shared library rosidl_generator_py/security_check_interfaces/security_check_interfaces_s__rosidl_typesupport_c.cpython-310-x86_64-linux-gnu.so[0m
[4.892s] [100%] Built target security_check_interfaces__rosidl_typesupport_introspection_c__pyext
[4.894s] [100%] Built target security_check_interfaces__rosidl_typesupport_fastrtps_c__pyext
[4.897s] [100%] Built target security_check_interfaces__rosidl_typesupport_c__pyext
[4.910s] Invoked command in '/home/cuadriga/cuadriga_ws/Cuadriga/src/Cuadriga_IA_/build/security_check_interfaces' returned '0': CMAKE_PREFIX_PATH=${CMAKE_PREFIX_PATH}:/home/cuadriga/tfgcuadriga/install/gpx_loader:/opt/ros/humble /usr/bin/cmake --build /home/cuadriga/cuadriga_ws/Cuadriga/src/Cuadriga_IA_/build/security_check_interfaces -- -j8 -l8
[4.911s] Invoking command in '/home/cuadriga/cuadriga_ws/Cuadriga/src/Cuadriga_IA_/build/security_check_interfaces': CMAKE_PREFIX_PATH=${CMAKE_PREFIX_PATH}:/home/cuadriga/tfgcuadriga/install/gpx_loader:/opt/ros/humble /usr/bin/cmake --install /home/cuadriga/cuadriga_ws/Cuadriga/src/Cuadriga_IA_/build/security_check_interfaces
[4.919s] -- Install configuration: ""
[4.919s] -- Execute custom install script
[4.920s] -- Symlinking: /home/cuadriga/cuadriga_ws/Cuadriga/src/Cuadriga_IA_/install/security_check_interfaces/share/ament_index/resource_index/rosidl_interfaces/security_check_interfaces
[4.929s] -- Symlinking: /home/cuadriga/cuadriga_ws/Cuadriga/src/Cuadriga_IA_/install/security_check_interfaces/include/security_check_interfaces/security_check_interfaces/msg/rosidl_generator_c__visibility_control.h
[4.938s] -- Symlinking: /home/cuadriga/cuadriga_ws/Cuadriga/src/Cuadriga_IA_/install/security_check_interfaces/include/security_check_interfaces/security_check_interfaces/srv/detail/get_security_check_status__functions.h
[4.947s] -- Symlinking: /home/cuadriga/cuadriga_ws/Cuadriga/src/Cuadriga_IA_/install/security_check_interfaces/include/security_check_interfaces/security_check_interfaces/srv/detail/get_security_check_status__struct.h
[4.956s] -- Symlinking: /home/cuadriga/cuadriga_ws/Cuadriga/src/Cuadriga_IA_/install/security_check_interfaces/include/security_check_interfaces/security_check_interfaces/srv/detail/get_security_check_status__type_support.h
[4.964s] -- Symlinking: /home/cuadriga/cuadriga_ws/Cuadriga/src/Cuadriga_IA_/install/security_check_interfaces/include/security_check_interfaces/security_check_interfaces/srv/detail/password_check__functions.h
[4.973s] -- Symlinking: /home/cuadriga/cuadriga_ws/Cuadriga/src/Cuadriga_IA_/install/security_check_interfaces/include/security_check_interfaces/security_check_interfaces/srv/detail/password_check__struct.h
[4.982s] -- Symlinking: /home/cuadriga/cuadriga_ws/Cuadriga/src/Cuadriga_IA_/install/security_check_interfaces/include/security_check_interfaces/security_check_interfaces/srv/detail/password_check__type_support.h
[4.990s] -- Symlinking: /home/cuadriga/cuadriga_ws/Cuadriga/src/Cuadriga_IA_/install/security_check_interfaces/include/security_check_interfaces/security_check_interfaces/srv/get_security_check_status.h
[4.999s] -- Symlinking: /home/cuadriga/cuadriga_ws/Cuadriga/src/Cuadriga_IA_/install/security_check_interfaces/include/security_check_interfaces/security_check_interfaces/srv/password_check.h
[5.008s] -- Symlinking: /home/cuadriga/cuadriga_ws/Cuadriga/src/Cuadriga_IA_/install/security_check_interfaces/share/security_check_interfaces/environment/library_path.sh
[5.016s] -- Symlinking: /home/cuadriga/cuadriga_ws/Cuadriga/src/Cuadriga_IA_/install/security_check_interfaces/share/security_check_interfaces/environment/library_path.dsv
[5.025s] -- Symlinking: /home/cuadriga/cuadriga_ws/Cuadriga/src/Cuadriga_IA_/install/security_check_interfaces/include/security_check_interfaces/security_check_interfaces/msg/rosidl_typesupport_fastrtps_c__visibility_control.h
[5.035s] -- Symlinking: /home/cuadriga/cuadriga_ws/Cuadriga/src/Cuadriga_IA_/install/security_check_interfaces/include/security_check_interfaces/security_check_interfaces/srv/detail/get_security_check_status__rosidl_typesupport_fastrtps_c.h
[5.044s] -- Symlinking: /home/cuadriga/cuadriga_ws/Cuadriga/src/Cuadriga_IA_/install/security_check_interfaces/include/security_check_interfaces/security_check_interfaces/srv/detail/password_check__rosidl_typesupport_fastrtps_c.h
[5.053s] -- Symlinking: /home/cuadriga/cuadriga_ws/Cuadriga/src/Cuadriga_IA_/install/security_check_interfaces/include/security_check_interfaces/security_check_interfaces/msg/rosidl_typesupport_introspection_c__visibility_control.h
[5.064s] -- Symlinking: /home/cuadriga/cuadriga_ws/Cuadriga/src/Cuadriga_IA_/install/security_check_interfaces/include/security_check_interfaces/security_check_interfaces/srv/detail/get_security_check_status__rosidl_typesupport_introspection_c.h
[5.073s] -- Symlinking: /home/cuadriga/cuadriga_ws/Cuadriga/src/Cuadriga_IA_/install/security_check_interfaces/include/security_check_interfaces/security_check_interfaces/srv/detail/password_check__rosidl_typesupport_introspection_c.h
[5.081s] -- Symlinking: /home/cuadriga/cuadriga_ws/Cuadriga/src/Cuadriga_IA_/install/security_check_interfaces/include/security_check_interfaces/security_check_interfaces/msg/rosidl_generator_cpp__visibility_control.hpp
[5.090s] -- Symlinking: /home/cuadriga/cuadriga_ws/Cuadriga/src/Cuadriga_IA_/install/security_check_interfaces/include/security_check_interfaces/security_check_interfaces/srv/detail/get_security_check_status__builder.hpp
[5.098s] -- Symlinking: /home/cuadriga/cuadriga_ws/Cuadriga/src/Cuadriga_IA_/install/security_check_interfaces/include/security_check_interfaces/security_check_interfaces/srv/detail/get_security_check_status__struct.hpp
[5.107s] -- Symlinking: /home/cuadriga/cuadriga_ws/Cuadriga/src/Cuadriga_IA_/install/security_check_interfaces/include/security_check_interfaces/security_check_interfaces/srv/detail/get_security_check_status__traits.hpp
[5.115s] -- Symlinking: /home/cuadriga/cuadriga_ws/Cuadriga/src/Cuadriga_IA_/install/security_check_interfaces/include/security_check_interfaces/security_check_interfaces/srv/detail/get_security_check_status__type_support.hpp
[5.125s] -- Symlinking: /home/cuadriga/cuadriga_ws/Cuadriga/src/Cuadriga_IA_/install/security_check_interfaces/include/security_check_interfaces/security_check_interfaces/srv/detail/password_check__builder.hpp
[5.133s] -- Symlinking: /home/cuadriga/cuadriga_ws/Cuadriga/src/Cuadriga_IA_/install/security_check_interfaces/include/security_check_interfaces/security_check_interfaces/srv/detail/password_check__struct.hpp
[5.142s] -- Symlinking: /home/cuadriga/cuadriga_ws/Cuadriga/src/Cuadriga_IA_/install/security_check_interfaces/include/security_check_interfaces/security_check_interfaces/srv/detail/password_check__traits.hpp
[5.150s] -- Symlinking: /home/cuadriga/cuadriga_ws/Cuadriga/src/Cuadriga_IA_/install/security_check_interfaces/include/security_check_interfaces/security_check_interfaces/srv/detail/password_check__type_support.hpp
[5.159s] -- Symlinking: /home/cuadriga/cuadriga_ws/Cuadriga/src/Cuadriga_IA_/install/security_check_interfaces/include/security_check_interfaces/security_check_interfaces/srv/get_security_check_status.hpp
[5.167s] -- Symlinking: /home/cuadriga/cuadriga_ws/Cuadriga/src/Cuadriga_IA_/install/security_check_interfaces/include/security_check_interfaces/security_check_interfaces/srv/password_check.hpp
[5.177s] -- Symlinking: /home/cuadriga/cuadriga_ws/Cuadriga/src/Cuadriga_IA_/install/security_check_interfaces/include/security_check_interfaces/security_check_interfaces/msg/rosidl_typesupport_fastrtps_cpp__visibility_control.h
[5.186s] -- Symlinking: /home/cuadriga/cuadriga_ws/Cuadriga/src/Cuadriga_IA_/install/security_check_interfaces/include/security_check_interfaces/security_check_interfaces/srv/detail/get_security_check_status__rosidl_typesupport_fastrtps_cpp.hpp
[5.195s] -- Symlinking: /home/cuadriga/cuadriga_ws/Cuadriga/src/Cuadriga_IA_/install/security_check_interfaces/include/security_check_interfaces/security_check_interfaces/srv/detail/password_check__rosidl_typesupport_fastrtps_cpp.hpp
[5.205s] -- Symlinking: /home/cuadriga/cuadriga_ws/Cuadriga/src/Cuadriga_IA_/install/security_check_interfaces/include/security_check_interfaces/security_check_interfaces/srv/detail/get_security_check_status__rosidl_typesupport_introspection_cpp.hpp
[5.214s] -- Symlinking: /home/cuadriga/cuadriga_ws/Cuadriga/src/Cuadriga_IA_/install/security_check_interfaces/include/security_check_interfaces/security_check_interfaces/srv/detail/password_check__rosidl_typesupport_introspection_cpp.hpp
[5.223s] -- Symlinking: /home/cuadriga/cuadriga_ws/Cuadriga/src/Cuadriga_IA_/install/security_check_interfaces/share/security_check_interfaces/environment/pythonpath.sh
[5.231s] -- Symlinking: /home/cuadriga/cuadriga_ws/Cuadriga/src/Cuadriga_IA_/install/security_check_interfaces/share/security_check_interfaces/environment/pythonpath.dsv
[5.241s] -- Symlinking: /home/cuadriga/cuadriga_ws/Cuadriga/src/Cuadriga_IA_/install/security_check_interfaces/local/lib/python3.10/dist-packages/security_check_interfaces-0.0.0-py3.10.egg-info/PKG-INFO
[5.249s] -- Symlinking: /home/cuadriga/cuadriga_ws/Cuadriga/src/Cuadriga_IA_/install/security_check_interfaces/local/lib/python3.10/dist-packages/security_check_interfaces-0.0.0-py3.10.egg-info/SOURCES.txt
[5.258s] -- Symlinking: /home/cuadriga/cuadriga_ws/Cuadriga/src/Cuadriga_IA_/install/security_check_interfaces/local/lib/python3.10/dist-packages/security_check_interfaces-0.0.0-py3.10.egg-info/dependency_links.txt
[5.266s] -- Symlinking: /home/cuadriga/cuadriga_ws/Cuadriga/src/Cuadriga_IA_/install/security_check_interfaces/local/lib/python3.10/dist-packages/security_check_interfaces-0.0.0-py3.10.egg-info/top_level.txt
[5.276s] -- Symlinking: /home/cuadriga/cuadriga_ws/Cuadriga/src/Cuadriga_IA_/install/security_check_interfaces/local/lib/python3.10/dist-packages/security_check_interfaces/__init__.py
[5.286s] -- Symlinking: /home/cuadriga/cuadriga_ws/Cuadriga/src/Cuadriga_IA_/install/security_check_interfaces/local/lib/python3.10/dist-packages/security_check_interfaces/_security_check_interfaces_s.ep.rosidl_typesupport_c.c
[5.295s] -- Symlinking: /home/cuadriga/cuadriga_ws/Cuadriga/src/Cuadriga_IA_/install/security_check_interfaces/local/lib/python3.10/dist-packages/security_check_interfaces/_security_check_interfaces_s.ep.rosidl_typesupport_fastrtps_c.c
[5.304s] -- Symlinking: /home/cuadriga/cuadriga_ws/Cuadriga/src/Cuadriga_IA_/install/security_check_interfaces/local/lib/python3.10/dist-packages/security_check_interfaces/_security_check_interfaces_s.ep.rosidl_typesupport_introspection_c.c
[5.312s] -- Symlinking: /home/cuadriga/cuadriga_ws/Cuadriga/src/Cuadriga_IA_/install/security_check_interfaces/local/lib/python3.10/dist-packages/security_check_interfaces/libsecurity_check_interfaces__rosidl_generator_py.so
[5.320s] -- Symlinking: /home/cuadriga/cuadriga_ws/Cuadriga/src/Cuadriga_IA_/install/security_check_interfaces/local/lib/python3.10/dist-packages/security_check_interfaces/security_check_interfaces_s__rosidl_typesupport_c.cpython-310-x86_64-linux-gnu.so
[5.328s] -- Symlinking: /home/cuadriga/cuadriga_ws/Cuadriga/src/Cuadriga_IA_/install/security_check_interfaces/local/lib/python3.10/dist-packages/security_check_interfaces/security_check_interfaces_s__rosidl_typesupport_fastrtps_c.cpython-310-x86_64-linux-gnu.so
[5.337s] -- Symlinking: /home/cuadriga/cuadriga_ws/Cuadriga/src/Cuadriga_IA_/install/security_check_interfaces/local/lib/python3.10/dist-packages/security_check_interfaces/security_check_interfaces_s__rosidl_typesupport_introspection_c.cpython-310-x86_64-linux-gnu.so
[5.346s] -- Symlinking: /home/cuadriga/cuadriga_ws/Cuadriga/src/Cuadriga_IA_/install/security_check_interfaces/local/lib/python3.10/dist-packages/security_check_interfaces/srv/__init__.py
[5.355s] -- Symlinking: /home/cuadriga/cuadriga_ws/Cuadriga/src/Cuadriga_IA_/install/security_check_interfaces/local/lib/python3.10/dist-packages/security_check_interfaces/srv/_get_security_check_status.py
[5.364s] -- Symlinking: /home/cuadriga/cuadriga_ws/Cuadriga/src/Cuadriga_IA_/install/security_check_interfaces/local/lib/python3.10/dist-packages/security_check_interfaces/srv/_get_security_check_status_s.c
[5.373s] -- Symlinking: /home/cuadriga/cuadriga_ws/Cuadriga/src/Cuadriga_IA_/install/security_check_interfaces/local/lib/python3.10/dist-packages/security_check_interfaces/srv/_password_check.py
[5.383s] -- Symlinking: /home/cuadriga/cuadriga_ws/Cuadriga/src/Cuadriga_IA_/install/security_check_interfaces/local/lib/python3.10/dist-packages/security_check_interfaces/srv/_password_check_s.c
[5.391s] -- Up-to-date symlink: /home/cuadriga/cuadriga_ws/Cuadriga/src/Cuadriga_IA_/install/security_check_interfaces/local/lib/python3.10/dist-packages/security_check_interfaces/security_check_interfaces_s__rosidl_typesupport_fastrtps_c.cpython-310-x86_64-linux-gnu.so
[5.392s] -- Up-to-date symlink: /home/cuadriga/cuadriga_ws/Cuadriga/src/Cuadriga_IA_/install/security_check_interfaces/local/lib/python3.10/dist-packages/security_check_interfaces/security_check_interfaces_s__rosidl_typesupport_introspection_c.cpython-310-x86_64-linux-gnu.so
[5.392s] -- Up-to-date symlink: /home/cuadriga/cuadriga_ws/Cuadriga/src/Cuadriga_IA_/install/security_check_interfaces/local/lib/python3.10/dist-packages/security_check_interfaces/security_check_interfaces_s__rosidl_typesupport_c.cpython-310-x86_64-linux-gnu.so
[5.392s] -- Symlinking: /home/cuadriga/cuadriga_ws/Cuadriga/src/Cuadriga_IA_/install/security_check_interfaces/share/security_check_interfaces/srv/PasswordCheck.idl
[5.401s] -- Symlinking: /home/cuadriga/cuadriga_ws/Cuadriga/src/Cuadriga_IA_/install/security_check_interfaces/share/security_check_interfaces/srv/GetSecurityCheckStatus.idl
[5.410s] -- Symlinking: /home/cuadriga/cuadriga_ws/Cuadriga/src/Cuadriga_IA_/install/security_check_interfaces/share/security_check_interfaces/srv/PasswordCheck.srv
[5.419s] -- Symlinking: /home/cuadriga/cuadriga_ws/Cuadriga/src/Cuadriga_IA_/install/security_check_interfaces/share/security_check_interfaces/srv/PasswordCheck_Request.msg
[5.429s] -- Symlinking: /home/cuadriga/cuadriga_ws/Cuadriga/src/Cuadriga_IA_/install/security_check_interfaces/share/security_check_interfaces/srv/PasswordCheck_Response.msg
[5.437s] -- Symlinking: /home/cuadriga/cuadriga_ws/Cuadriga/src/Cuadriga_IA_/install/security_check_interfaces/share/security_check_interfaces/srv/GetSecurityCheckStatus.srv
[5.445s] -- Symlinking: /home/cuadriga/cuadriga_ws/Cuadriga/src/Cuadriga_IA_/install/security_check_interfaces/share/security_check_interfaces/srv/GetSecurityCheckStatus_Request.msg
[5.453s] -- Symlinking: /home/cuadriga/cuadriga_ws/Cuadriga/src/Cuadriga_IA_/install/security_check_interfaces/share/security_check_interfaces/srv/GetSecurityCheckStatus_Response.msg
[5.461s] -- Symlinking: /home/cuadriga/cuadriga_ws/Cuadriga/src/Cuadriga_IA_/install/security_check_interfaces/share/ament_index/resource_index/package_run_dependencies/security_check_interfaces
[5.470s] -- Symlinking: /home/cuadriga/cuadriga_ws/Cuadriga/src/Cuadriga_IA_/install/security_check_interfaces/share/ament_index/resource_index/parent_prefix_path/security_check_interfaces
[5.479s] -- Symlinking: /home/cuadriga/cuadriga_ws/Cuadriga/src/Cuadriga_IA_/install/security_check_interfaces/share/security_check_interfaces/environment/ament_prefix_path.sh
[5.487s] -- Symlinking: /home/cuadriga/cuadriga_ws/Cuadriga/src/Cuadriga_IA_/install/security_check_interfaces/share/security_check_interfaces/environment/ament_prefix_path.dsv
[5.495s] -- Symlinking: /home/cuadriga/cuadriga_ws/Cuadriga/src/Cuadriga_IA_/install/security_check_interfaces/share/security_check_interfaces/environment/path.sh
[5.504s] -- Symlinking: /home/cuadriga/cuadriga_ws/Cuadriga/src/Cuadriga_IA_/install/security_check_interfaces/share/security_check_interfaces/environment/path.dsv
[5.512s] -- Symlinking: /home/cuadriga/cuadriga_ws/Cuadriga/src/Cuadriga_IA_/install/security_check_interfaces/share/security_check_interfaces/local_setup.bash
[5.520s] -- Symlinking: /home/cuadriga/cuadriga_ws/Cuadriga/src/Cuadriga_IA_/install/security_check_interfaces/share/security_check_interfaces/local_setup.sh
[5.530s] -- Symlinking: /home/cuadriga/cuadriga_ws/Cuadriga/src/Cuadriga_IA_/install/security_check_interfaces/share/security_check_interfaces/local_setup.zsh
[5.539s] -- Symlinking: /home/cuadriga/cuadriga_ws/Cuadriga/src/Cuadriga_IA_/install/security_check_interfaces/share/security_check_interfaces/local_setup.dsv
[5.547s] -- Symlinking: /home/cuadriga/cuadriga_ws/Cuadriga/src/Cuadriga_IA_/install/security_check_interfaces/share/security_check_interfaces/package.dsv
[5.555s] -- Symlinking: /home/cuadriga/cuadriga_ws/Cuadriga/src/Cuadriga_IA_/install/security_check_interfaces/share/ament_index/resource_index/packages/security_check_interfaces
[5.562s] -- Symlinking: /home/cuadriga/cuadriga_ws/Cuadriga/src/Cuadriga_IA_/install/security_check_interfaces/share/security_check_interfaces/cmake/rosidl_cmake-extras.cmake
[5.571s] -- Symlinking: /home/cuadriga/cuadriga_ws/Cuadriga/src/Cuadriga_IA_/install/security_check_interfaces/share/security_check_interfaces/cmake/ament_cmake_export_dependencies-extras.cmake
[5.580s] -- Symlinking: /home/cuadriga/cuadriga_ws/Cuadriga/src/Cuadriga_IA_/install/security_check_interfaces/share/security_check_interfaces/cmake/ament_cmake_export_include_directories-extras.cmake
[5.590s] -- Symlinking: /home/cuadriga/cuadriga_ws/Cuadriga/src/Cuadriga_IA_/install/security_check_interfaces/share/security_check_interfaces/cmake/ament_cmake_export_libraries-extras.cmake
[5.601s] -- Symlinking: /home/cuadriga/cuadriga_ws/Cuadriga/src/Cuadriga_IA_/install/security_check_interfaces/share/security_check_interfaces/cmake/ament_cmake_export_targets-extras.cmake
[5.612s] -- Symlinking: /home/cuadriga/cuadriga_ws/Cuadriga/src/Cuadriga_IA_/install/security_check_interfaces/share/security_check_interfaces/cmake/rosidl_cmake_export_typesupport_targets-extras.cmake
[5.621s] -- Symlinking: /home/cuadriga/cuadriga_ws/Cuadriga/src/Cuadriga_IA_/install/security_check_interfaces/share/security_check_interfaces/cmake/rosidl_cmake_export_typesupport_libraries-extras.cmake
[5.630s] -- Symlinking: /home/cuadriga/cuadriga_ws/Cuadriga/src/Cuadriga_IA_/install/security_check_interfaces/share/security_check_interfaces/cmake/security_check_interfacesConfig.cmake
[5.639s] -- Symlinking: /home/cuadriga/cuadriga_ws/Cuadriga/src/Cuadriga_IA_/install/security_check_interfaces/share/security_check_interfaces/cmake/security_check_interfacesConfig-version.cmake
[5.648s] -- Symlinking: /home/cuadriga/cuadriga_ws/Cuadriga/src/Cuadriga_IA_/install/security_check_interfaces/share/security_check_interfaces/package.xml
[5.657s] -- Installing: /home/cuadriga/cuadriga_ws/Cuadriga/src/Cuadriga_IA_/install/security_check_interfaces/lib/libsecurity_check_interfaces__rosidl_generator_c.so
[5.657s] -- Set runtime path of "/home/cuadriga/cuadriga_ws/Cuadriga/src/Cuadriga_IA_/install/security_check_interfaces/lib/libsecurity_check_interfaces__rosidl_generator_c.so" to ""
[5.657s] -- Installing: /home/cuadriga/cuadriga_ws/Cuadriga/src/Cuadriga_IA_/install/security_check_interfaces/lib/libsecurity_check_interfaces__rosidl_typesupport_fastrtps_c.so
[5.658s] -- Set runtime path of "/home/cuadriga/cuadriga_ws/Cuadriga/src/Cuadriga_IA_/install/security_check_interfaces/lib/libsecurity_check_interfaces__rosidl_typesupport_fastrtps_c.so" to ""
[5.658s] -- Installing: /home/cuadriga/cuadriga_ws/Cuadriga/src/Cuadriga_IA_/install/security_check_interfaces/lib/libsecurity_check_interfaces__rosidl_typesupport_introspection_c.so
[5.658s] -- Set runtime path of "/home/cuadriga/cuadriga_ws/Cuadriga/src/Cuadriga_IA_/install/security_check_interfaces/lib/libsecurity_check_interfaces__rosidl_typesupport_introspection_c.so" to ""
[5.659s] -- Installing: /home/cuadriga/cuadriga_ws/Cuadriga/src/Cuadriga_IA_/install/security_check_interfaces/lib/libsecurity_check_interfaces__rosidl_typesupport_c.so
[5.659s] -- Set runtime path of "/home/cuadriga/cuadriga_ws/Cuadriga/src/Cuadriga_IA_/install/security_check_interfaces/lib/libsecurity_check_interfaces__rosidl_typesupport_c.so" to ""
[5.659s] -- Installing: /home/cuadriga/cuadriga_ws/Cuadriga/src/Cuadriga_IA_/install/security_check_interfaces/lib/libsecurity_check_interfaces__rosidl_typesupport_fastrtps_cpp.so
[5.660s] -- Set runtime path of "/home/cuadriga/cuadriga_ws/Cuadriga/src/Cuadriga_IA_/install/security_check_interfaces/lib/libsecurity_check_interfaces__rosidl_typesupport_fastrtps_cpp.so" to ""
[5.660s] -- Installing: /home/cuadriga/cuadriga_ws/Cuadriga/src/Cuadriga_IA_/install/security_check_interfaces/lib/libsecurity_check_interfaces__rosidl_typesupport_introspection_cpp.so
[5.660s] -- Set runtime path of "/home/cuadriga/cuadriga_ws/Cuadriga/src/Cuadriga_IA_/install/security_check_interfaces/lib/libsecurity_check_interfaces__rosidl_typesupport_introspection_cpp.so" to ""
[5.660s] -- Installing: /home/cuadriga/cuadriga_ws/Cuadriga/src/Cuadriga_IA_/install/security_check_interfaces/lib/libsecurity_check_interfaces__rosidl_typesupport_cpp.so
[5.661s] -- Set runtime path of "/home/cuadriga/cuadriga_ws/Cuadriga/src/Cuadriga_IA_/install/security_check_interfaces/lib/libsecurity_check_interfaces__rosidl_typesupport_cpp.so" to ""
[5.696s] Listing '/home/cuadriga/cuadriga_ws/Cuadriga/src/Cuadriga_IA_/install/security_check_interfaces/local/lib/python3.10/dist-packages/security_check_interfaces'...
[5.696s] Compiling '/home/cuadriga/cuadriga_ws/Cuadriga/src/Cuadriga_IA_/install/security_check_interfaces/local/lib/python3.10/dist-packages/security_check_interfaces/__init__.py'...
[5.696s] Listing '/home/cuadriga/cuadriga_ws/Cuadriga/src/Cuadriga_IA_/install/security_check_interfaces/local/lib/python3.10/dist-packages/security_check_interfaces/srv'...
[5.696s] Compiling '/home/cuadriga/cuadriga_ws/Cuadriga/src/Cuadriga_IA_/install/security_check_interfaces/local/lib/python3.10/dist-packages/security_check_interfaces/srv/__init__.py'...
[5.696s] Compiling '/home/cuadriga/cuadriga_ws/Cuadriga/src/Cuadriga_IA_/install/security_check_interfaces/local/lib/python3.10/dist-packages/security_check_interfaces/srv/_get_security_check_status.py'...
[5.696s] Compiling '/home/cuadriga/cuadriga_ws/Cuadriga/src/Cuadriga_IA_/install/security_check_interfaces/local/lib/python3.10/dist-packages/security_check_interfaces/srv/_password_check.py'...
[5.702s] -- Installing: /home/cuadriga/cuadriga_ws/Cuadriga/src/Cuadriga_IA_/install/security_check_interfaces/lib/libsecurity_check_interfaces__rosidl_generator_py.so
[5.702s] -- Set runtime path of "/home/cuadriga/cuadriga_ws/Cuadriga/src/Cuadriga_IA_/install/security_check_interfaces/lib/libsecurity_check_interfaces__rosidl_generator_py.so" to ""
[5.702s] -- Installing: /home/cuadriga/cuadriga_ws/Cuadriga/src/Cuadriga_IA_/install/security_check_interfaces/share/security_check_interfaces/cmake/export_security_check_interfaces__rosidl_generator_cExport.cmake
[5.702s] -- Installing: /home/cuadriga/cuadriga_ws/Cuadriga/src/Cuadriga_IA_/install/security_check_interfaces/share/security_check_interfaces/cmake/export_security_check_interfaces__rosidl_generator_cExport-noconfig.cmake
[5.703s] -- Installing: /home/cuadriga/cuadriga_ws/Cuadriga/src/Cuadriga_IA_/install/security_check_interfaces/share/security_check_interfaces/cmake/export_security_check_interfaces__rosidl_typesupport_fastrtps_cExport.cmake
[5.703s] -- Installing: /home/cuadriga/cuadriga_ws/Cuadriga/src/Cuadriga_IA_/install/security_check_interfaces/share/security_check_interfaces/cmake/export_security_check_interfaces__rosidl_typesupport_fastrtps_cExport-noconfig.cmake
[5.703s] -- Installing: /home/cuadriga/cuadriga_ws/Cuadriga/src/Cuadriga_IA_/install/security_check_interfaces/share/security_check_interfaces/cmake/security_check_interfaces__rosidl_typesupport_introspection_cExport.cmake
[5.703s] -- Installing: /home/cuadriga/cuadriga_ws/Cuadriga/src/Cuadriga_IA_/install/security_check_interfaces/share/security_check_interfaces/cmake/security_check_interfaces__rosidl_typesupport_introspection_cExport-noconfig.cmake
[5.703s] -- Installing: /home/cuadriga/cuadriga_ws/Cuadriga/src/Cuadriga_IA_/install/security_check_interfaces/share/security_check_interfaces/cmake/security_check_interfaces__rosidl_typesupport_cExport.cmake
[5.703s] -- Installing: /home/cuadriga/cuadriga_ws/Cuadriga/src/Cuadriga_IA_/install/security_check_interfaces/share/security_check_interfaces/cmake/security_check_interfaces__rosidl_typesupport_cExport-noconfig.cmake
[5.704s] -- Installing: /home/cuadriga/cuadriga_ws/Cuadriga/src/Cuadriga_IA_/install/security_check_interfaces/share/security_check_interfaces/cmake/export_security_check_interfaces__rosidl_generator_cppExport.cmake
[5.704s] -- Installing: /home/cuadriga/cuadriga_ws/Cuadriga/src/Cuadriga_IA_/install/security_check_interfaces/share/security_check_interfaces/cmake/export_security_check_interfaces__rosidl_typesupport_fastrtps_cppExport.cmake
[5.704s] -- Installing: /home/cuadriga/cuadriga_ws/Cuadriga/src/Cuadriga_IA_/install/security_check_interfaces/share/security_check_interfaces/cmake/export_security_check_interfaces__rosidl_typesupport_fastrtps_cppExport-noconfig.cmake
[5.704s] -- Installing: /home/cuadriga/cuadriga_ws/Cuadriga/src/Cuadriga_IA_/install/security_check_interfaces/share/security_check_interfaces/cmake/security_check_interfaces__rosidl_typesupport_introspection_cppExport.cmake
[5.704s] -- Installing: /home/cuadriga/cuadriga_ws/Cuadriga/src/Cuadriga_IA_/install/security_check_interfaces/share/security_check_interfaces/cmake/security_check_interfaces__rosidl_typesupport_introspection_cppExport-noconfig.cmake
[5.705s] -- Installing: /home/cuadriga/cuadriga_ws/Cuadriga/src/Cuadriga_IA_/install/security_check_interfaces/share/security_check_interfaces/cmake/security_check_interfaces__rosidl_typesupport_cppExport.cmake
[5.705s] -- Installing: /home/cuadriga/cuadriga_ws/Cuadriga/src/Cuadriga_IA_/install/security_check_interfaces/share/security_check_interfaces/cmake/security_check_interfaces__rosidl_typesupport_cppExport-noconfig.cmake
[5.705s] -- Installing: /home/cuadriga/cuadriga_ws/Cuadriga/src/Cuadriga_IA_/install/security_check_interfaces/share/security_check_interfaces/cmake/export_security_check_interfaces__rosidl_generator_pyExport.cmake
[5.705s] -- Installing: /home/cuadriga/cuadriga_ws/Cuadriga/src/Cuadriga_IA_/install/security_check_interfaces/share/security_check_interfaces/cmake/export_security_check_interfaces__rosidl_generator_pyExport-noconfig.cmake
[5.708s] Invoked command in '/home/cuadriga/cuadriga_ws/Cuadriga/src/Cuadriga_IA_/build/security_check_interfaces' returned '0': CMAKE_PREFIX_PATH=${CMAKE_PREFIX_PATH}:/home/cuadriga/tfgcuadriga/install/gpx_loader:/opt/ros/humble /usr/bin/cmake --install /home/cuadriga/cuadriga_ws/Cuadriga/src/Cuadriga_IA_/build/security_check_interfaces
